"../../../Engine/Content/ArtTools/RenderToTexture/Enums/RenderToTexture_Enum.uasset" 0
"../../../Engine/Content/ArtTools/RenderToTexture/Enums/RenderToTexture_Flipbook_Enum.uasset" 1
"../../../Engine/Content/ArtTools/RenderToTexture/Enums/RenderToTexture_Imposter_Enum.uasset" 2
"../../../Engine/Content/EditorBlueprintResources/StandardMacros.uasset" 3
"../../../Engine/Content/ArtTools/RenderToTexture/Enums/EIntTypes.uasset" 4
"../../../Engine/Content/ArtTools/RenderToTexture/Macros/RenderToTextureFunctionLibrary.uasset" 5
"../../../Engine/Content/ArtTools/RenderToTexture/Enums/EFloatTypes.uasset" 6
"../../../Engine/Content/ArtTools/RenderToTexture/Macros/RenderToTextureMacros.uasset" 7
"../../../Engine/Content/Functions/Engine_MaterialFunctions01/Opacity/CameraDepthFade.uasset" 8
"../../../Engine/Content/EngineMaterials/T_Default_Material_Grid_M.uasset" 9
"../../../Engine/Content/EngineMaterials/T_Default_Material_Grid_N.uasset" 10
"../../../Engine/Content/EngineMaterials/WorldGridMaterial.uasset" 11
"../../../Engine/Content/ArtTools/RenderToTexture/Meshes/S_1_Unit_Plane.uasset" 12
"../../../Engine/Content/EngineMaterials/DefaultMaterial.uasset" 13
"../../../Engine/Content/BasicShapes/Cone.uasset" 14
"../../../Engine/Content/BasicShapes/Cylinder.uasset" 15
"../../../Engine/Content/BasicShapes/Plane.uasset" 16
"../../../Engine/Content/EngineMaterials/DefaultPhysicalMaterial.uasset" 17
"../../../Engine/Content/BufferVisualization/AmbientOcclusion.uasset" 18
"../../../Engine/Content/BufferVisualization/BaseColor.uasset" 19
"../../../Engine/Content/BufferVisualization/CustomDepth.uasset" 20
"../../../Engine/Content/Functions/Engine_MaterialFunctions02/Utility/VectorLength.uasset" 21
"../../../Engine/Content/BufferVisualization/CustomDepthWorldUnits.uasset" 22
"../../../Engine/Content/Functions/Engine_MaterialFunctions02/Utility/BreakOutFloat2Components.uasset" 23
"../../../Engine/Content/Functions/Engine_MaterialFunctions01/Texturing/ScaleUVsByCenter.uasset" 24
"../../../Engine/Content/Functions/Engine_MaterialFunctions02/ScreenResolution.uasset" 25
"../../../Engine/Content/Functions/Engine_MaterialFunctions02/Texturing/ScreenAlignedUVs.uasset" 26
"../../../Engine/Content/Functions/Engine_MaterialFunctions02/Utility/MakeFloat2.uasset" 27
"../../../Engine/Content/Functions/Engine_MaterialFunctions02/Utility/MakeFloat3.uasset" 28
"../../../Engine/Content/EngineMaterials/MiniFont.uasset" 29
"../../../Engine/Content/BufferVisualization/CustomStencil.uasset" 30
"../../../Engine/Content/BufferVisualization/FinalImage.uasset" 31
"../../../Engine/Content/BufferVisualization/LightingModel.uasset" 32
"../../../Engine/Content/BufferVisualization/MaterialAO.uasset" 33
"../../../Engine/Content/BufferVisualization/Metallic.uasset" 34
"../../../Engine/Content/BufferVisualization/Opacity.uasset" 35
"../../../Engine/Content/BufferVisualization/PostTonemapHDRColor.uasset" 36
"../../../Engine/Content/BufferVisualization/PreTonemapHDRColor.uasset" 37
"../../../Engine/Content/BufferVisualization/Roughness.uasset" 38
"../../../Engine/Content/BufferVisualization/SceneColor.uasset" 39
"../../../Engine/Content/BufferVisualization/SceneDepth.uasset" 40
"../../../Engine/Content/BufferVisualization/SceneDepthWorldUnits.uasset" 41
"../../../Engine/Content/BufferVisualization/SeparateTranslucencyA.uasset" 42
"../../../Engine/Content/BufferVisualization/SeparateTranslucencyRGB.uasset" 43
"../../../Engine/Content/BufferVisualization/Specular.uasset" 44
"../../../Engine/Content/BufferVisualization/SubsurfaceColor.uasset" 45
"../../../Engine/Content/BufferVisualization/WorldNormal.uasset" 46
"../../../Engine/Content/EditorBlueprintResources/ActorMacros.uasset" 47
"../../../Engine/Content/EditorLandscapeResources/DataLayer.uasset" 48
"../../../Engine/Content/EditorLandscapeResources/DefaultAlphaTexture.uasset" 49
"../../../Engine/Content/EditorLandscapeResources/LandscapeGizmoHeight_Mat.uasset" 50
"../../../Engine/Content/EditorLandscapeResources/LandscapeGizmo_Mat.uasset" 51
"../../../Engine/Content/EditorLandscapeResources/LandscapeGizmo_Mat_Copied.uasset" 52
"../../../Engine/Content/EditorLandscapeResources/SplineEditorMeshMat.uasset" 53
"../../../Engine/Content/EditorLandscapeResources/SplineEditorMesh.uasset" 54
"../../../Engine/Content/EditorMaterials/Cross.uasset" 55
"../../../Engine/Content/EditorMaterials/Cross_Mat.uasset" 56
"../../../Engine/Content/EditorMaterials/GizmoMaterial.uasset" 57
"../../../Engine/Content/Functions/Engine_MaterialFunctions02/Utility/Sign.uasset" 58
"../../../Engine/Content/Functions/Engine_MaterialFunctions02/Utility/Round.uasset" 59
"../../../Engine/Content/Functions/Engine_MaterialFunctions02/ExampleContent/Textures/flipbook.uasset" 60
"../../../Engine/Content/Functions/Engine_MaterialFunctions02/Texturing/FlipBook.uasset" 61
"../../../Engine/Content/EditorResources/T_EditorHelp.uasset" 62
"../../../Engine/Content/EditorMaterials/HelpActorMaterial.uasset" 63
"../../../Engine/Content/EditorMaterials/CompositeARGBLayer.uasset" 64
"../../../Engine/Content/EditorMaterials/TilingAALineIntegral.uasset" 65
"../../../Engine/Content/EditorMaterials/TilingAALineBoxFiltered.uasset" 66
"../../../Engine/Content/Functions/Engine_MaterialFunctions03/Procedurals/ComputeFilterWidth.uasset" 67
"../../../Engine/Content/EditorMaterials/TilingAADots.uasset" 68
"../../../Engine/Content/EngineMaterials/BlendFunc_DefBase.uasset" 69
"../../../Engine/Content/EngineMaterials/BlendFunc_DefBlend.uasset" 70
"../../../Engine/Content/Functions/Engine_MaterialFunctions03/Blends/Blend_Screen.uasset" 71
"../../../Engine/Content/EditorMaterials/TilingAAGrid.uasset" 72
"../../../Engine/Content/EditorMaterials/LevelGridMaterial.uasset" 73
"../../../Engine/Content/EditorMaterials/MakeCompositeARGBLayer.uasset" 74
"../../../Engine/Content/EditorResources/LevelGrid1DStripes.uasset" 75
"../../../Engine/Content/EditorMaterials/TextureGridCascaded1D.uasset" 76
"../../../Engine/Content/EditorMaterials/TextureGridCascaded2D.uasset" 77
"../../../Engine/Content/EditorMaterials/LevelGridMaterial2.uasset" 78
"../../../Engine/Content/EditorMaterials/MAT_Groups_Toggle.uasset" 79
"../../../Engine/Content/EditorMaterials/MAT_Groups_Visibility.uasset" 80
"../../../Engine/Content/EditorMaterials/AntialiasedGridFloor.uasset" 81
"../../../Engine/Content/EditorResources/TilePatine_D.uasset" 82
"../../../Engine/Content/EditorResources/TilePatine_N.uasset" 83
"../../../Engine/Content/EngineMaterials/Grid.uasset" 84
"../../../Engine/Content/EditorMaterials/PersonaFloorMat.uasset" 85
"../../../Engine/Content/EditorMaterials/PhAT_BoneSelectedMaterial.uasset" 86
"../../../Engine/Content/EditorMaterials/PhAT_ElemSelectedMaterial.uasset" 87
"../../../Engine/Content/EditorMaterials/PhAT_NoCollisionMaterial.uasset" 88
"../../../Engine/Content/EditorMaterials/PhAT_UnselectedMaterial.uasset" 89
"../../../Engine/Content/EditorMaterials/PreviewShadowIndicator.uasset" 90
"../../../Engine/Content/EditorMaterials/PreviewShadowIndicatorMaterial.uasset" 91
"../../../Engine/Content/EditorMaterials/TargetIcon.uasset" 92
"../../../Engine/Content/EditorMaterials/Tick.uasset" 93
"../../../Engine/Content/EditorMaterials/Tick_Mat.uasset" 94
"../../../Engine/Content/EditorMaterials/WidgetGridVertexColorMaterial.uasset" 95
"../../../Engine/Content/EditorMaterials/WidgetGridVertexColorMaterial_Ma.uasset" 96
"../../../Engine/Content/EditorMaterials/WidgetMaterial.uasset" 97
"../../../Engine/Content/EditorMaterials/WidgetMaterial_Current.uasset" 98
"../../../Engine/Content/EditorMaterials/WidgetMaterial_X.uasset" 99
"../../../Engine/Content/EditorMaterials/WidgetMaterial_Y.uasset" 100
"../../../Engine/Content/EditorMaterials/WidgetMaterial_Z.uasset" 101
"../../../Engine/Content/EditorMaterials/WidgetVertexColorMaterial.uasset" 102
"../../../Engine/Content/EditorMaterials/MatineeGroups/MAT_ColorTrack.uasset" 103
"../../../Engine/Content/EditorMaterials/MatineeGroups/MAT_Groups_Anim.uasset" 104
"../../../Engine/Content/EditorMaterials/MatineeGroups/MAT_Groups_AudioMaster.uasset" 105
"../../../Engine/Content/EditorMaterials/MatineeGroups/MAT_Groups_Director.uasset" 106
"../../../Engine/Content/EditorMaterials/MatineeGroups/MAT_Groups_Event.uasset" 107
"../../../Engine/Content/EditorMaterials/MatineeGroups/MAT_Groups_Fade.uasset" 108
"../../../Engine/Content/EditorMaterials/MatineeGroups/MAT_Groups_Float.uasset" 109
"../../../Engine/Content/EditorMaterials/MatineeGroups/MAT_Groups_Move.uasset" 110
"../../../Engine/Content/EditorMaterials/MatineeGroups/MAT_Groups_Slomo.uasset" 111
"../../../Engine/Content/EditorMaterials/MatineeGroups/MAT_Groups_Sound.uasset" 112
"../../../Engine/Content/EditorMaterials/MatineeGroups/MAT_Groups_Vector.uasset" 113
"../../../Engine/Content/EditorMaterials/ParticleSystems/PSysThumbnail_NoImage.uasset" 114
"../../../Engine/Content/EditorMaterials/ParticleSystems/PSysThumbnail_OOD.uasset" 115
"../../../Engine/Content/EditorMaterials/Thumbnails/FloorPlaneMaterial.uasset" 116
"../../../Engine/Content/EditorMeshes/EditorCube.uasset" 117
"../../../Engine/Content/EditorMeshes/EditorCylinder.uasset" 118
"../../../Engine/Content/EditorMeshes/EditorPlane.uasset" 119
"../../../Engine/Content/EditorMaterials/Thumbnails/SkySphereMaterial.uasset" 120
"../../../Engine/Content/EditorMeshes/EditorSkySphere.uasset" 121
"../../../Engine/Content/EditorMeshes/EditorSphere.uasset" 122
"../../../Engine/Content/EditorResources/MatineeCam_D.uasset" 123
"../../../Engine/Content/EditorMaterials/MatineeCam_mat.uasset" 124
"../../../Engine/Content/EditorMeshes/MatineeCam_SM.uasset" 125
"../../../Engine/Content/Functions/Engine_MaterialFunctions01/Shading/ConvertFromDiffSpec.uasset" 126
"../../../Engine/Content/EditorMaterials/GridMaterial.uasset" 127
"../../../Engine/Content/EditorMeshes/PhAT_FloorBox.uasset" 128
"../../../Engine/Content/EditorMaterials/Camera/CineMat.uasset" 129
"../../../Engine/Content/EditorMaterials/Camera/MI_CineMat_CameraBody.uasset" 130
"../../../Engine/Content/EngineDebugMaterials/M_SimpleOpaque.uasset" 131
"../../../Engine/Content/EditorMaterials/Camera/MI_CineMat_CamViewFinder.uasset" 132
"../../../Engine/Content/EditorMeshes/Camera/SM_CineCam.uasset" 133
"../../../Engine/Content/EditorMaterials/Camera/MI_CineMat_Rig.uasset" 134
"../../../Engine/Content/EditorMeshes/Camera/SM_CraneRig_Arm.uasset" 135
"../../../Engine/Content/EditorMeshes/Camera/SM_CraneRig_Base.uasset" 136
"../../../Engine/Content/EditorMeshes/Camera/SM_CraneRig_Body.uasset" 137
"../../../Engine/Content/EditorMeshes/Camera/SM_CraneRig_Mount.uasset" 138
"../../../Engine/Content/EditorMeshes/Camera/SM_RailRig_Mount.uasset" 139
"../../../Engine/Content/EditorMeshes/Camera/SM_RailRig_Track.uasset" 140
"../../../Engine/Content/EditorResources/Bad.uasset" 141
"../../../Engine/Content/EditorResources/BSPVertex.uasset" 142
"../../../Engine/Content/EditorResources/EmptyActor.uasset" 143
"../../../Engine/Content/EditorResources/MatInstActSprite.uasset" 144
"../../../Engine/Content/EditorResources/SceneManager.uasset" 145
"../../../Engine/Content/EditorResources/SmallFont.uasset" 146
"../../../Engine/Content/EditorResources/S_Actor.uasset" 147
"../../../Engine/Content/EditorResources/S_DecalActorIcon.uasset" 148
"../../../Engine/Content/EditorResources/S_Emitter.uasset" 149
"../../../Engine/Content/EditorResources/S_ExpoHeightFog.uasset" 150
"../../../Engine/Content/EditorResources/S_FTest.uasset" 151
"../../../Engine/Content/EditorResources/S_KBSJoint.uasset" 152
"../../../Engine/Content/EditorResources/S_KHinge.uasset" 153
"../../../Engine/Content/EditorResources/S_KPrismatic.uasset" 154
"../../../Engine/Content/EditorResources/S_LevelSequence.uasset" 155
"../../../Engine/Content/EditorResources/S_NavP.uasset" 156
"../../../Engine/Content/EditorResources/S_Note.uasset" 157
"../../../Engine/Content/EditorResources/S_Player.uasset" 158
"../../../Engine/Content/EditorResources/S_PortalActorIcon2.uasset" 159
"../../../Engine/Content/EditorResources/S_RadForce.uasset" 160
"../../../Engine/Content/EditorResources/S_ReflActorIcon.uasset" 161
"../../../Engine/Content/EditorResources/S_Terrain.uasset" 162
"../../../Engine/Content/EditorResources/S_TextRenderActorIcon.uasset" 163
"../../../Engine/Content/EditorResources/S_Thruster.uasset" 164
"../../../Engine/Content/EditorResources/S_Trigger.uasset" 165
"../../../Engine/Content/EditorResources/S_VectorFieldVol.uasset" 166
"../../../Engine/Content/EditorResources/S_WindDirectional.uasset" 167
"../../../Engine/Content/EditorResources/AI/S_NavLink.uasset" 168
"../../../Engine/Content/EditorResources/LightIcons/SkyLight.uasset" 169
"../../../Engine/Content/EditorResources/LightIcons/S_LightDirectional.uasset" 170
"../../../Engine/Content/EditorResources/LightIcons/S_LightDirectionalMove.uasset" 171
"../../../Engine/Content/EditorResources/LightIcons/S_LightError.uasset" 172
"../../../Engine/Content/EditorResources/LightIcons/S_LightPoint.uasset" 173
"../../../Engine/Content/EditorResources/LightIcons/S_LightPointMove.uasset" 174
"../../../Engine/Content/EditorResources/LightIcons/S_LightSpot.uasset" 175
"../../../Engine/Content/EditorResources/LightIcons/S_LightSpotMove.uasset" 176
"../../../Engine/Content/EditorResources/SequenceRecorder/Countdown.uasset" 177
"../../../Engine/Content/EditorResources/SequenceRecorder/RecordingIndicator.uasset" 178
"../../../Engine/Content/EditorResources/Spline/T_Loft_Spline.uasset" 179
"../../../Engine/Content/EditorSounds/Notifications/CompileFailed.uasset" 180
"../../../Engine/Content/EditorSounds/Notifications/CompileFailed_Cue.uasset" 181
"../../../Engine/Content/EditorSounds/Notifications/CompileSuccess.uasset" 182
"../../../Engine/Content/EditorSounds/Notifications/CompileStart_Cue.uasset" 183
"../../../Engine/Content/EditorSounds/Notifications/CompileSuccess_Cue.uasset" 184
"../../../Engine/Content/EngineDamageTypes/DmgTypeBP_Environmental.uasset" 185
"../../../Engine/Content/EngineDebugMaterials/HeatmapGradient.uasset" 186
"../../../Engine/Content/EngineDebugMaterials/BoneWeightMaterial.uasset" 187
"../../../Engine/Content/EngineDebugMaterials/ClothMaterial.uasset" 188
"../../../Engine/Content/EngineDebugMaterials/ClothMaterial_WF.uasset" 189
"../../../Engine/Content/EngineDebugMaterials/DebugEditorMaterial.uasset" 190
"../../../Engine/Content/EngineDebugMaterials/DebugMeshMaterial.uasset" 191
"../../../Engine/Content/EngineDebugMaterials/GeomMaterial.uasset" 192
"../../../Engine/Content/EngineDebugMaterials/LevelColorationLitMaterial.uasset" 193
"../../../Engine/Content/EngineDebugMaterials/LevelColorationUnlitMaterial.uasset" 194
"../../../Engine/Content/EngineMaterials/DefaultWhiteGrid.uasset" 195
"../../../Engine/Content/EngineDebugMaterials/MAT_LevelColorationLitLightmapUV.uasset" 196
"../../../Engine/Content/EngineDebugMaterials/M_SimpleTranslucent.uasset" 197
"../../../Engine/Content/EngineDebugMaterials/ShadedLevelColorationLitMaterial.uasset" 198
"../../../Engine/Content/EngineDebugMaterials/ShadedLevelColorationUnlitMateri.uasset" 199
"../../../Engine/Content/EngineDebugMaterials/VertexColorMaterial.uasset" 200
"../../../Engine/Content/EngineDebugMaterials/VertexColorViewMode_AlphaAsColor.uasset" 201
"../../../Engine/Content/EngineDebugMaterials/VertexColorViewMode_BlueOnly.uasset" 202
"../../../Engine/Content/EngineDebugMaterials/VertexColorViewMode_ColorOnly.uasset" 203
"../../../Engine/Content/EngineDebugMaterials/VertexColorViewMode_GreenOnly.uasset" 204
"../../../Engine/Content/EngineDebugMaterials/VertexColorViewMode_RedOnly.uasset" 205
"../../../Engine/Content/EngineDebugMaterials/WireframeMaterial.uasset" 206
"../../../Engine/Content/EngineFonts/Faces/RobotoBold.uasset" 207
"../../../Engine/Content/EngineFonts/Faces/RobotoBoldItalic.uasset" 208
"../../../Engine/Content/EngineFonts/Faces/RobotoItalic.uasset" 209
"../../../Engine/Content/EngineFonts/Faces/RobotoLight.uasset" 210
"../../../Engine/Content/EngineFonts/Faces/RobotoRegular.uasset" 211
"../../../Engine/Content/EngineFonts/Roboto.uasset" 212
"../../../Engine/Content/EngineFonts/Faces/RobotoTiny.uasset" 213
"../../../Engine/Content/EngineFonts/RobotoTiny.uasset" 214
"../../../Engine/Content/EngineFonts/SmallFont.uasset" 215
"../../../Engine/Content/EngineFonts/TinyFont.uasset" 216
"../../../Engine/Content/EngineMaterials/BaseFlattenDiffuseMap.uasset" 217
"../../../Engine/Content/EngineMaterials/BaseFlattenEmissiveMap.uasset" 218
"../../../Engine/Content/EngineMaterials/BaseFlattenGrayscaleMap.uasset" 219
"../../../Engine/Content/EngineMaterials/BaseFlattenNormalMap.uasset" 220
"../../../Engine/Content/EngineMaterials/BaseFlattenMaterial.uasset" 221
"../../../Engine/Content/EngineResources/WhiteSquareTexture.uasset" 222
"../../../Engine/Content/EngineMaterials/BlinkingCaret.uasset" 223
"../../../Engine/Content/EngineMaterials/DefaultBloomKernel.uasset" 224
"../../../Engine/Content/EngineMaterials/DefaultBokeh.uasset" 225
"../../../Engine/Content/EngineMaterials/DefaultDiffuse.uasset" 226
"../../../Engine/Content/EngineMaterials/DefaultDeferredDecalMaterial.uasset" 227
"../../../Engine/Content/EngineMaterials/DefaultLightFunctionMaterial.uasset" 228
"../../../Engine/Content/EngineMaterials/DefaultNormal.uasset" 229
"../../../Engine/Content/EngineMaterials/DefaultPostProcessMaterial.uasset" 230
"../../../Engine/Content/EngineFonts/RobotoDistanceField.uasset" 231
"../../../Engine/Content/EngineMaterials/DefaultTextMaterialOpaque.uasset" 232
"../../../Engine/Content/EngineMaterials/EditorBrushMaterial.uasset" 233
"../../../Engine/Content/EngineMaterials/Grid_N.uasset" 234
"../../../Engine/Content/EngineMaterials/HighResolutionScreenshotMaskFunction.uasset" 235
"../../../Engine/Content/EngineMaterials/HighResScreenshot.uasset" 236
"../../../Engine/Content/EngineMaterials/HighResScreenshotCaptureRegion.uasset" 237
"../../../Engine/Content/EngineMaterials/HighResScreenshotMask.uasset" 238
"../../../Engine/Content/EngineMaterials/LandscapeHolePhysicalMaterial.uasset" 239
"../../../Engine/Content/EngineMaterials/InvalidLightmapSettings.uasset" 240
"../../../Engine/Content/EngineMaterials/M_InvalidLightmapSettings.uasset" 241
"../../../Engine/Content/EngineMaterials/PaperDiffuse.uasset" 242
"../../../Engine/Content/EngineMaterials/PaperNormal.uasset" 243
"../../../Engine/Content/Functions/Engine_MaterialFunctions02/WorldPositionOffset/CameraOffset.uasset" 244
"../../../Engine/Content/EngineMaterials/PhAT_JointLimitMaterial.uasset" 245
"../../../Engine/Content/EngineMaterials/PhysMat_Rubber.uasset" 246
"../../../Engine/Content/EngineMaterials/PreintegratedSkinBRDF.uasset" 247
"../../../Engine/Content/EngineMaterials/RemoveSurfaceMaterial.uasset" 248
"../../../Engine/Content/EngineMaterials/WeightMapPlaceholderTexture.uasset" 249
"../../../Engine/Content/EngineMaterials/Widget3DPassThrough.uasset" 250
"../../../Engine/Content/EngineMaterials/Widget3DPassThrough_Masked.uasset" 251
"../../../Engine/Content/EngineMaterials/Widget3DPassThrough_Opaque.uasset" 252
"../../../Engine/Content/EngineMaterials/Widget3DPassThrough_Masked_OneSided.uasset" 253
"../../../Engine/Content/EngineMaterials/Widget3DPassThrough_Opaque_OneSided.uasset" 254
"../../../Engine/Content/EngineMaterials/Widget3DPassThrough_Translucent.uasset" 255
"../../../Engine/Content/EngineMaterials/Widget3DPassThrough_Translucent_OneSided.uasset" 256
"../../../Engine/Content/EngineMeshes/Cylinder.uasset" 257
"../../../Engine/Content/EngineMeshes/Sphere.uasset" 258
"../../../Engine/Content/EngineResources/Black.uasset" 259
"../../../Engine/Content/EngineResources/DefaultTexture.uasset" 260
"../../../Engine/Content/EngineResources/DefaultTextureCube.uasset" 261
"../../../Engine/Content/EngineResources/DefaultVolumeTexture2D.uasset" 262
"../../../Engine/Content/EngineResources/DefaultVolumeTexture.uasset" 263
"../../../Engine/Content/EngineResources/GradientTexture0.uasset" 264
"../../../Engine/Content/EngineResources/StreamingPauseIcon.uasset" 265
"../../../Engine/Content/EngineResources/M_StreamingPause.uasset" 266
"../../../Engine/Content/EngineSounds/Master.uasset" 267
"../../../Engine/Content/Functions/Engine_MaterialFunctions01/Shading/PowerToRoughness.uasset" 268
"../../../Engine/Content/Maps/Templates/Thumbnails/Default.uasset" 269
"../../../Engine/Content/Maps/Templates/Thumbnails/VR-Basic.uasset" 270
"../../../Engine/Content/MapTemplates/Sky/DaylightAmbientCubemap.uasset" 271
"../../../Engine/Content/MobileResources/T_MobileControls_texture.uasset" 272
"../../../Engine/Content/MobileResources/T_MobileMenu2.uasset" 273
"../../../Engine/Content/MobileResources/HUD/AnalogHat.uasset" 274
"../../../Engine/Content/MobileResources/HUD/VirtualJoystick_Background.uasset" 275
"../../../Engine/Content/MobileResources/HUD/VirtualJoystick_Thumb.uasset" 276
"../../../Engine/Content/MobileResources/HUD/DefaultVirtualJoysticks.uasset" 277
"../../../Engine/Content/MobileResources/HUD/LeftVirtualJoystickOnly.uasset" 278
"../../../Engine/Content/MobileResources/HUD/MobileHUDButton1_off.uasset" 279
"../../../Engine/Content/MobileResources/HUD/MobileHUDButton1_on.uasset" 280
"../../../Engine/Content/MobileResources/HUD/MobileHUDButton2_off.uasset" 281
"../../../Engine/Content/MobileResources/HUD/MobileHUDButton2_on.uasset" 282
"../../../Engine/Content/MobileResources/HUD/MobileHUDButton3.uasset" 283
"../../../Engine/Content/MobileResources/HUD/MobileHUDButtonFire.uasset" 284
"../../../Engine/Content/MobileResources/HUD/MobileHUDDirectionPad.uasset" 285
"../../../Engine/Content/MobileResources/HUD/MobileHUDDirectionPad2.uasset" 286
"../../../Engine/Content/MobileResources/HUD/MobileHUDDirectionPad3.uasset" 287
"../../../Engine/Content/MobileResources/HUD/MobileHUDDirectionStick.uasset" 288
"../../../Engine/Content/MobileResources/HUD/T_Castle_ThumbstickInner.uasset" 289
"../../../Engine/Content/MobileResources/HUD/T_Castle_ThumbstickOutter.uasset" 290
"../../../Engine/Content/Tutorial/ContentIntroCurve.uasset" 291
"../../../Engine/Content/Tutorial/Basics/TutorialAssets/icon_tab_Levels_40x.uasset" 292
"../../../Engine/Content/VREditor/Sounds/UI/Click_on_Button.uasset" 293
"../../../Engine/Content/VREditor/Sounds/UI/Click_on_Button_Cue.uasset" 294
"../../../Engine/Content/VREditor/LaserPointer/VR_LaserPower_01.uasset" 295
"../../../Engine/Content/VREditor/TransformGizmo/TransformGizmoMaterial.uasset" 296
"../../../Engine/Content/VREditor/TransformGizmo/TranslucentTransformGizmoMaterial.uasset" 297
"../../../Engine/Content/VREditor/TransformGizmo/BoundingBoxCorner.uasset" 298
"../../../Engine/Content/VREditor/TransformGizmo/BoundingBoxEdge.uasset" 299
"../../../Engine/Content/VREditor/TransformGizmo/PlaneTranslationHandle.uasset" 300
"../../../Engine/Content/VREditor/TransformGizmo/Main.uasset" 301
"../../../Engine/Content/VREditor/TransformGizmo/Xray.uasset" 302
"../../../Engine/Content/VREditor/TransformGizmo/SM_Sequencer_Key.uasset" 303
"../../../Engine/Content/VREditor/TransformGizmo/SM_Sequencer_Node.uasset" 304
"../../../../../E-artsup/B2/Unreal/PiscineUnreal/PiscnieUnreal/Donjon/Content/FirstPerson/Character/Mesh/SK_Mannequin_Arms_Skeleton.uasset" 305
"../../../../../E-artsup/B2/Unreal/PiscineUnreal/PiscnieUnreal/Donjon/Content/FirstPerson/Animations/FirstPerson_Idle.uasset" 306
"../../../../../E-artsup/B2/Unreal/PiscineUnreal/PiscnieUnreal/Donjon/Content/FirstPerson/Animations/FirstPerson_JumpEnd.uasset" 307
"../../../../../E-artsup/B2/Unreal/PiscineUnreal/PiscnieUnreal/Donjon/Content/FirstPerson/Animations/FirstPerson_JumpLoop.uasset" 308
"../../../../../E-artsup/B2/Unreal/PiscineUnreal/PiscnieUnreal/Donjon/Content/FirstPerson/Animations/FirstPerson_JumpStart.uasset" 309
"../../../../../E-artsup/B2/Unreal/PiscineUnreal/PiscnieUnreal/Donjon/Content/FirstPerson/Animations/FirstPerson_Run.uasset" 310
"../../../../../E-artsup/B2/Unreal/PiscineUnreal/PiscnieUnreal/Donjon/Content/FirstPerson/Animations/FirstPerson_AnimBP.uasset" 311
"../../../../../E-artsup/B2/Unreal/PiscineUnreal/PiscnieUnreal/Donjon/Content/FirstPerson/Animations/FirstPerson_Fire.uasset" 312
"../../../../../E-artsup/B2/Unreal/PiscineUnreal/PiscnieUnreal/Donjon/Content/FirstPerson/Animations/FirstPersonFire_Montage.uasset" 313
"../../../../../E-artsup/B2/Unreal/PiscineUnreal/PiscnieUnreal/Donjon/Content/FirstPerson/Meshes/BaseMaterial.uasset" 314
"../../../../../E-artsup/B2/Unreal/PiscineUnreal/PiscnieUnreal/Donjon/Content/FirstPerson/Meshes/FirstPersonProjectileMaterial.uasset" 315
"../../../../../E-artsup/B2/Unreal/PiscineUnreal/PiscnieUnreal/Donjon/Content/FirstPerson/Meshes/FirstPersonProjectileMesh.uasset" 316
"../../../../../E-artsup/B2/Unreal/PiscineUnreal/PiscnieUnreal/Donjon/Content/FirstPersonBP/Blueprints/FirstPersonProjectile.uasset" 317
"../../../Engine/Content/Tutorial/BlueprintTutorials/TutorialAssets/Blueprint_64x.uasset" 318
"../../../../../E-artsup/B2/Unreal/PiscineUnreal/PiscnieUnreal/Donjon/Content/FirstPersonBP/Blueprints/Boutton_interact.uasset" 319
"../../../../../E-artsup/B2/Unreal/PiscineUnreal/PiscnieUnreal/Donjon/Content/FirstPersonBP/Blueprints/MyBlueprints/InteractionUI_WBP.uasset" 320
"../../../../../E-artsup/B2/Unreal/PiscineUnreal/PiscnieUnreal/Donjon/Content/Geometry/Meshes/CubeMaterial.uasset" 321
"../../../../../E-artsup/B2/Unreal/PiscineUnreal/PiscnieUnreal/Donjon/Content/Geometry/Meshes/1M_Cube_Chamfer.uasset" 322
"../../../../../E-artsup/B2/Unreal/PiscineUnreal/PiscnieUnreal/Donjon/Content/FirstPersonBP/Blueprints/MyBlueprints/Interaction_BP.uasset" 323
"../../../../../E-artsup/B2/Unreal/PiscineUnreal/PiscnieUnreal/Donjon/Content/FirstPerson/Audio/FirstPersonTemplateWeaponFire02.uasset" 324
"../../../Engine/Content/Functions/Engine_MaterialFunctions02/Utility/BlendAngleCorrectedNormals.uasset" 325
"../../../Engine/Content/Functions/MaterialLayerFunctions/MatLayerBlend_NormalBlend.uasset" 326
"../../../Engine/Content/Functions/MaterialLayerFunctions/MatLayerBlend_Simple.uasset" 327
"../../../../../E-artsup/B2/Unreal/PiscineUnreal/PiscnieUnreal/Donjon/Content/FirstPerson/Character/Materials/MaterialLayers/T_ML_Rubber_Blue_01_D.uasset" 328
"../../../../../E-artsup/B2/Unreal/PiscineUnreal/PiscnieUnreal/Donjon/Content/FirstPerson/Character/Materials/MaterialLayers/T_ML_Rubber_Blue_01_N.uasset" 329
"../../../../../E-artsup/B2/Unreal/PiscineUnreal/PiscnieUnreal/Donjon/Content/FirstPerson/Character/Materials/MaterialLayers/ML_GlossyBlack_Latex_UE4.uasset" 330
"../../../../../E-artsup/B2/Unreal/PiscineUnreal/PiscnieUnreal/Donjon/Content/FirstPerson/Character/Materials/MaterialLayers/ML_Plastic_Shiny_Beige.uasset" 331
"../../../../../E-artsup/B2/Unreal/PiscineUnreal/PiscnieUnreal/Donjon/Content/FirstPerson/Character/Textures/UE4_LOGO_CARD.uasset" 332
"../../../../../E-artsup/B2/Unreal/PiscineUnreal/PiscnieUnreal/Donjon/Content/FirstPerson/Character/Materials/MaterialLayers/ML_Plastic_Shiny_Beige_LOGO.uasset" 333
"../../../../../E-artsup/B2/Unreal/PiscineUnreal/PiscnieUnreal/Donjon/Content/FirstPerson/Character/Materials/MaterialLayers/T_ML_Aluminum01.uasset" 334
"../../../../../E-artsup/B2/Unreal/PiscineUnreal/PiscnieUnreal/Donjon/Content/FirstPerson/Character/Materials/MaterialLayers/T_ML_Aluminum01_N.uasset" 335
"../../../../../E-artsup/B2/Unreal/PiscineUnreal/PiscnieUnreal/Donjon/Content/FirstPerson/Character/Materials/MaterialLayers/ML_SoftMetal_UE4.uasset" 336
"../../../../../E-artsup/B2/Unreal/PiscineUnreal/PiscnieUnreal/Donjon/Content/FirstPerson/Character/Textures/UE4_Mannequin__normals.uasset" 337
"../../../../../E-artsup/B2/Unreal/PiscineUnreal/PiscnieUnreal/Donjon/Content/FirstPerson/Character/Textures/UE4_Mannequin_MAT_MASKA.uasset" 338
"../../../../../E-artsup/B2/Unreal/PiscineUnreal/PiscnieUnreal/Donjon/Content/FirstPerson/Character/Materials/M_UE4Man_Body.uasset" 339
"../../../../../E-artsup/B2/Unreal/PiscineUnreal/PiscnieUnreal/Donjon/Content/FirstPerson/Character/Mesh/SK_Mannequin_Arms_PhysicsAsset.uasset" 340
"../../../../../E-artsup/B2/Unreal/PiscineUnreal/PiscnieUnreal/Donjon/Content/FirstPerson/Character/Mesh/SK_Mannequin_Arms.uasset" 341
"../../../../../E-artsup/B2/Unreal/PiscineUnreal/PiscnieUnreal/Donjon/Content/FirstPerson/FPWeapon/Materials/MaterialLayers/T_ML_Rubber_Blue_01_D.uasset" 342
"../../../../../E-artsup/B2/Unreal/PiscineUnreal/PiscnieUnreal/Donjon/Content/FirstPerson/FPWeapon/Materials/MaterialLayers/T_ML_Rubber_Blue_01_N.uasset" 343
"../../../../../E-artsup/B2/Unreal/PiscineUnreal/PiscnieUnreal/Donjon/Content/FirstPerson/FPWeapon/Materials/MaterialLayers/ML_GlossyBlack_Latex_UE4.uasset" 344
"../../../../../E-artsup/B2/Unreal/PiscineUnreal/PiscnieUnreal/Donjon/Content/FirstPerson/FPWeapon/Materials/MaterialLayers/ML_Plastic_Shiny_Beige.uasset" 345
"../../../../../E-artsup/B2/Unreal/PiscineUnreal/PiscnieUnreal/Donjon/Content/FirstPerson/FPWeapon/Materials/MaterialLayers/ML_Screen.uasset" 346
"../../../../../E-artsup/B2/Unreal/PiscineUnreal/PiscnieUnreal/Donjon/Content/FirstPerson/FPWeapon/Materials/MaterialLayers/T_ML_Aluminum01.uasset" 347
"../../../../../E-artsup/B2/Unreal/PiscineUnreal/PiscnieUnreal/Donjon/Content/FirstPerson/FPWeapon/Materials/MaterialLayers/T_ML_Aluminum01_N.uasset" 348
"../../../../../E-artsup/B2/Unreal/PiscineUnreal/PiscnieUnreal/Donjon/Content/FirstPerson/FPWeapon/Materials/MaterialLayers/ML_SoftMetal_UE4.uasset" 349
"../../../../../E-artsup/B2/Unreal/PiscineUnreal/PiscnieUnreal/Donjon/Content/FirstPerson/FPWeapon/Textures/T_FPGun_M.uasset" 350
"../../../../../E-artsup/B2/Unreal/PiscineUnreal/PiscnieUnreal/Donjon/Content/FirstPerson/FPWeapon/Textures/T_FPGun_N.uasset" 351
"../../../../../E-artsup/B2/Unreal/PiscineUnreal/PiscnieUnreal/Donjon/Content/FirstPerson/FPWeapon/Materials/M_FPGun.uasset" 352
"../../../../../E-artsup/B2/Unreal/PiscineUnreal/PiscnieUnreal/Donjon/Content/FirstPerson/FPWeapon/Mesh/SK_FPGun_Skeleton.uasset" 353
"../../../../../E-artsup/B2/Unreal/PiscineUnreal/PiscnieUnreal/Donjon/Content/FirstPerson/FPWeapon/Mesh/SK_FPGun.uasset" 354
"../../../../../E-artsup/B2/Unreal/PiscineUnreal/PiscnieUnreal/Donjon/Content/FirstPersonBP/Blueprints/FirstPersonCharacter.uasset" 355
"../../../../../E-artsup/B2/Unreal/PiscineUnreal/PiscnieUnreal/Donjon/Content/FirstPerson/Textures/FirstPersonCrosshair.uasset" 356
"../../../../../E-artsup/B2/Unreal/PiscineUnreal/PiscnieUnreal/Donjon/Content/FirstPersonBP/Blueprints/FirstPersonHUD.uasset" 357
"../../../../../E-artsup/B2/Unreal/PiscineUnreal/PiscnieUnreal/Donjon/Content/FirstPersonBP/Blueprints/FirstPersonGameMode.uasset" 358
"../../../../../E-artsup/B2/Unreal/PiscineUnreal/PiscnieUnreal/Donjon/Content/StarterContent/Audio/Collapse01.uasset" 359
"../../../../../E-artsup/B2/Unreal/PiscineUnreal/PiscnieUnreal/Donjon/Content/StarterContent/Audio/Collapse02.uasset" 360
"../../../../../E-artsup/B2/Unreal/PiscineUnreal/PiscnieUnreal/Donjon/Content/StarterContent/Audio/Collapse_Cue.uasset" 361
"../../../../../E-artsup/B2/Unreal/PiscineUnreal/PiscnieUnreal/Donjon/Content/StarterContent/Audio/Explosion01.uasset" 362
"../../../../../E-artsup/B2/Unreal/PiscineUnreal/PiscnieUnreal/Donjon/Content/StarterContent/Audio/Explosion02.uasset" 363
"../../../../../E-artsup/B2/Unreal/PiscineUnreal/PiscnieUnreal/Donjon/Content/StarterContent/Audio/Explosion_Cue.uasset" 364
"../../../../../E-artsup/B2/Unreal/PiscineUnreal/PiscnieUnreal/Donjon/Content/StarterContent/Audio/Fire01.uasset" 365
"../../../../../E-artsup/B2/Unreal/PiscineUnreal/PiscnieUnreal/Donjon/Content/StarterContent/Audio/Fire01_Cue.uasset" 366
"../../../../../E-artsup/B2/Unreal/PiscineUnreal/PiscnieUnreal/Donjon/Content/StarterContent/Audio/Fire_Sparks01.uasset" 367
"../../../../../E-artsup/B2/Unreal/PiscineUnreal/PiscnieUnreal/Donjon/Content/StarterContent/Audio/Fire_Sparks01_Cue.uasset" 368
"../../../../../E-artsup/B2/Unreal/PiscineUnreal/PiscnieUnreal/Donjon/Content/StarterContent/Audio/Light01.uasset" 369
"../../../../../E-artsup/B2/Unreal/PiscineUnreal/PiscnieUnreal/Donjon/Content/StarterContent/Audio/Light01_Cue.uasset" 370
"../../../../../E-artsup/B2/Unreal/PiscineUnreal/PiscnieUnreal/Donjon/Content/StarterContent/Audio/Light02.uasset" 371
"../../../../../E-artsup/B2/Unreal/PiscineUnreal/PiscnieUnreal/Donjon/Content/StarterContent/Audio/Light02_Cue.uasset" 372
"../../../../../E-artsup/B2/Unreal/PiscineUnreal/PiscnieUnreal/Donjon/Content/StarterContent/Audio/Smoke01.uasset" 373
"../../../../../E-artsup/B2/Unreal/PiscineUnreal/PiscnieUnreal/Donjon/Content/StarterContent/Audio/Smoke01_Cue.uasset" 374
"../../../../../E-artsup/B2/Unreal/PiscineUnreal/PiscnieUnreal/Donjon/Content/StarterContent/Audio/Starter_Background_Cue.uasset" 375
"../../../../../E-artsup/B2/Unreal/PiscineUnreal/PiscnieUnreal/Donjon/Content/StarterContent/Audio/Starter_Birds01.uasset" 376
"../../../../../E-artsup/B2/Unreal/PiscineUnreal/PiscnieUnreal/Donjon/Content/StarterContent/Audio/Starter_Music01.uasset" 377
"../../../../../E-artsup/B2/Unreal/PiscineUnreal/PiscnieUnreal/Donjon/Content/StarterContent/Audio/Starter_Music_Cue.uasset" 378
"../../../../../E-artsup/B2/Unreal/PiscineUnreal/PiscnieUnreal/Donjon/Content/StarterContent/Audio/Starter_Wind05.uasset" 379
"../../../../../E-artsup/B2/Unreal/PiscineUnreal/PiscnieUnreal/Donjon/Content/StarterContent/Audio/Starter_Wind06.uasset" 380
"../../../../../E-artsup/B2/Unreal/PiscineUnreal/PiscnieUnreal/Donjon/Content/StarterContent/Audio/Steam01.uasset" 381
"../../../../../E-artsup/B2/Unreal/PiscineUnreal/PiscnieUnreal/Donjon/Content/StarterContent/Audio/Steam01_Cue.uasset" 382
"../../Plugins/2D/Paper2D/Content/PlaceholderTextures/DummySpriteTexture.uasset" 383
"../../Plugins/2D/Paper2D/Content/DummySprite.uasset" 384
"../../Plugins/2D/Paper2D/Content/DefaultPaperTerrainMaterial.uasset" 385
"../../Plugins/2D/Paper2D/Content/DefaultSpriteMaterial.uasset" 386
"../../Plugins/2D/Paper2D/Content/MaskedUnlitSpriteMaterial.uasset" 387
"../../Plugins/2D/Paper2D/Content/OpaqueUnlitSpriteMaterial.uasset" 388
"../../Plugins/Enterprise/DatasmithContent/Content/Blueprints/FBXImporter/ArrayOfActor.uasset" 389
"../../Plugins/Enterprise/DatasmithContent/Content/Blueprints/FBXImporter/ArrayOfSwitch.uasset" 390
"../../Plugins/Enterprise/DatasmithContent/Content/Blueprints/FBXImporter/BP_SceneNode.uasset" 391
"../../Plugins/Enterprise/DatasmithContent/Content/Blueprints/FBXImporter/BP_Switch.uasset" 392
"../../Plugins/Enterprise/DatasmithContent/Content/Blueprints/FBXImporter/BP_SceneRoot.uasset" 393
"../../Plugins/Enterprise/DatasmithContent/Content/Blueprints/FBXImporter/FBXImporterUtils.uasset" 394
"../../Plugins/Enterprise/DatasmithContent/Content/Blueprints/FBXImporter/Animation/DeltaGenAnimationTrackType.uasset" 395
"../../Plugins/Enterprise/DatasmithContent/Content/Blueprints/FBXImporter/Animation/VREDAnimationTrackComponent.uasset" 396
"../../Plugins/Enterprise/DatasmithContent/Content/Blueprints/FBXImporter/Animation/VREDAnimationTrackType.uasset" 397
"../../Plugins/Enterprise/DatasmithContent/Content/Blueprints/FBXImporter/Variants/VariantSwitchType.uasset" 398
"../../Plugins/Enterprise/DatasmithContent/Content/Blueprints/FBXImporter/Variants/VREDVariantSwitchType.uasset" 399
"../../../Engine/Content/Functions/Engine_MaterialFunctions01/Texturing/FlattenNormal.uasset" 400
"../../../Engine/Content/EngineMaterials/FlatNormal.uasset" 401
"../../Plugins/Enterprise/DatasmithContent/Content/Materials/CE_BaseMaster.uasset" 402
"../../Plugins/Enterprise/DatasmithContent/Content/Materials/CE_OpacityMaster.uasset" 403
"../../Plugins/Enterprise/DatasmithContent/Content/Materials/CE_OpacitySimpleMaster.uasset" 404
"../../Plugins/Enterprise/DatasmithContent/Content/Materials/CE_OpaqueMaster.uasset" 405
"../../../Engine/Content/Functions/Engine_MaterialFunctions01/Texturing/ComputeMipLevel.uasset" 406
"../../../Engine/Content/Functions/Engine_MaterialFunctions01/Texturing/TextureCropping.uasset" 407
"../../../Engine/Content/Functions/Engine_MaterialFunctions02/Utility/BreakOutFloat3Components.uasset" 408
"../../../Engine/Content/Functions/Engine_MaterialFunctions02/ExampleContent/DebugNumberStrip.uasset" 409
"../../../Engine/Content/Functions/Engine_MaterialFunctions02/ExampleContent/Textures/DebugNumberPeriod.uasset" 410
"../../../Engine/Content/Functions/Engine_MaterialFunctions02/Utility/DebugScalarValues.uasset" 411
"../../../Engine/Content/Functions/Engine_MaterialFunctions02/Utility/DebugFloat3Values.uasset" 412
"../../../Engine/Content/Functions/Engine_MaterialFunctions02/Math/RGBtoHSV.uasset" 413
"../../../Engine/Content/Functions/Engine_MaterialFunctions02/Utility/BreakOutFloat4Components.uasset" 414
"../../../Engine/Content/Functions/Engine_MaterialFunctions02/Utility/DebugFloat4Values.uasset" 415
"../../Plugins/Enterprise/DatasmithContent/Content/Materials/Datasmith_Color.uasset" 416
"../../Plugins/Enterprise/DatasmithContent/Content/Materials/ExtractColor.uasset" 417
"../../../Engine/Content/Functions/Engine_MaterialFunctions02/Texturing/CustomRotator.uasset" 418
"../../Plugins/Enterprise/DatasmithContent/Content/Materials/UVEdit.uasset" 419
"../../Plugins/Enterprise/DatasmithContent/Content/Materials/Datasmith_Material.uasset" 420
"../../Plugins/Enterprise/DatasmithContent/Content/Materials/SketchUpMaster.uasset" 421
"../../Plugins/Enterprise/DatasmithContent/Content/Materials/FBXImporter/DeltaGenUVEdit.uasset" 422
"../../Plugins/Enterprise/DatasmithContent/Content/Materials/FBXImporter/DeltaGenBase.uasset" 423
"../../../Engine/Content/EngineMaterials/T_Default_Normal.uasset" 424
"../../Plugins/Enterprise/DatasmithContent/Content/Materials/FBXImporter/DeltaGenMaster.uasset" 425
"../../Plugins/Enterprise/DatasmithContent/Content/Materials/FBXImporter/DeltaGenMasterTransparent.uasset" 426
"../../Plugins/Enterprise/DatasmithContent/Content/Materials/FBXImporter/VREDUVEdit.uasset" 427
"../../Plugins/Enterprise/DatasmithContent/Content/Materials/FBXImporter/VREDBase.uasset" 428
"../../Plugins/Enterprise/DatasmithContent/Content/Materials/FBXImporter/VREDMaster.uasset" 429
"../../Plugins/Enterprise/DatasmithContent/Content/Materials/FBXImporter/VREDMasterTransparent.uasset" 430
"../../Plugins/Enterprise/DatasmithContent/Content/Materials/MDL/Base.uasset" 431
"../../../Engine/Content/EditorLandscapeResources/WhiteSquareTexture.uasset" 432
"../../Plugins/Enterprise/DatasmithContent/Content/Materials/MDL/ClearCoat.uasset" 433
"../../Plugins/Enterprise/DatasmithContent/Content/Materials/MDL/Emissive.uasset" 434
"../../Plugins/Enterprise/DatasmithContent/Content/Materials/MDL/BaseOpacity.uasset" 435
"../../../Engine/Content/Functions/Engine_MaterialFunctions02/Texturing/ScreenAlignedPixelToPixelUVs.uasset" 436
"../../../Engine/Content/EngineMaterials/Good64x64TilingNoiseHighFreq.uasset" 437
"../../../Engine/Content/Functions/Engine_MaterialFunctions02/Utility/DitherTemporalAA.uasset" 438
"../../Plugins/Enterprise/DatasmithContent/Content/Materials/MDL/Masked.uasset" 439
"../../Plugins/Enterprise/DatasmithContent/Content/Materials/MDL/Opaque.uasset" 440
"../../Plugins/Enterprise/DatasmithContent/Content/Materials/MDL/Transparent.uasset" 441
"../../Plugins/Runtime/Oculus/OculusVR/Content/Materials/PokeAHoleMaterial.uasset" 442
"../../Plugins/Runtime/Oculus/OculusVR/Content/Textures/GearVRController_AO.uasset" 443
"../../Plugins/Runtime/Oculus/OculusVR/Content/Textures/GearVRController_Color.uasset" 444
"../../Plugins/Runtime/Oculus/OculusVR/Content/Textures/GearVRController_Normal.uasset" 445
"../../Plugins/Runtime/Oculus/OculusVR/Content/Materials/GearVRControllerMaterial.uasset" 446
"../../Plugins/Runtime/Oculus/OculusVR/Content/Meshes/GearVrController.uasset" 447
"../../Plugins/Runtime/Oculus/OculusVR/Content/Textures/touchController_albedo.uasset" 448
"../../Plugins/Runtime/Oculus/OculusVR/Content/Textures/touchController_controlmap.uasset" 449
"../../Plugins/Runtime/Oculus/OculusVR/Content/Materials/touchController_mat.uasset" 450
"../../Plugins/Runtime/Oculus/OculusVR/Content/Meshes/LeftTouchController.uasset" 451
"../../Plugins/Runtime/Oculus/OculusVR/Content/Meshes/RiftHMD.uasset" 452
"../../Plugins/Runtime/Oculus/OculusVR/Content/Meshes/RightTouchController.uasset" 453
"../../../../../E-artsup/B2/Unreal/PiscineUnreal/PiscnieUnreal/Donjon/Content/UI_Menu/Main_Menu.uasset" 454
"../../../Engine/Content/Maps/Entry_BuiltData.uasset" 455
"../../../Engine/Content/Maps/Entry.umap" 456
"../../../Engine/Content/Tutorial/SubEditors/TutorialAssets/Character/TutorialTPP_Mat.uasset" 457
"../../../Engine/Content/Tutorial/SubEditors/TutorialAssets/Character/TutorialTPP_PhysicsAsset.uasset" 458
"../../../Engine/Content/Tutorial/SubEditors/TutorialAssets/Character/TutorialTPP_Skeleton.uasset" 459
"../../../Engine/Content/Tutorial/SubEditors/TutorialAssets/Character/TutorialTPP.uasset" 460
"../../../../../E-artsup/B2/Unreal/PiscineUnreal/PiscnieUnreal/Donjon/Content/FirstPersonBP/Blueprints/MyBlueprints/EnnemyCharger_BP.uasset" 461
"../../../Engine/Content/BasicShapes/BasicShapeMaterial.uasset" 462
"../../../Engine/Content/BasicShapes/Cube.uasset" 463
"../../../../../E-artsup/B2/Unreal/PiscineUnreal/PiscnieUnreal/Donjon/Content/FirstPersonBP/Blueprints/MyBlueprints/EnnemyPatrolTurret_BP.uasset" 464
"../../../../../E-artsup/B2/Unreal/PiscineUnreal/PiscnieUnreal/Donjon/Content/FirstPersonBP/Blueprints/MyBlueprints/EnnemyProjectile.uasset" 465
"../../../../../E-artsup/B2/Unreal/PiscineUnreal/PiscnieUnreal/Donjon/Content/FirstPersonBP/Blueprints/MyBlueprints/EnnemyTurret_BP.uasset" 466
"../../../Engine/Content/EngineSky/C_Sky_Cloud_Color.uasset" 467
"../../../Engine/Content/EngineSky/C_Sky_Horizon_Color.uasset" 468
"../../../Engine/Content/EngineSky/C_Sky_Zenith_Color.uasset" 469
"../../../Engine/Content/EngineSky/T_Sky_Blue.uasset" 470
"../../../Engine/Content/EngineSky/T_Sky_Clouds_M.uasset" 471
"../../../Engine/Content/EngineSky/T_Sky_Stars.uasset" 472
"../../../Engine/Content/EngineSky/M_Sky_Panning_Clouds2.uasset" 473
"../../../Engine/Content/EngineSky/SM_SkySphere.uasset" 474
"../../../Engine/Content/EngineSky/BP_Sky_Sphere.uasset" 475
"../../../../../E-artsup/B2/Unreal/PiscineUnreal/PiscnieUnreal/Donjon/Content/UI_Menu/Quit_Game.uasset" 476
"../../../../../E-artsup/B2/Unreal/PiscineUnreal/PiscnieUnreal/Donjon/Content/UI_Menu/Start_Game.uasset" 477
"../../../../../E-artsup/B2/Unreal/PiscineUnreal/PiscnieUnreal/Donjon/Content/UI_Menu/unreal_wallpaper_by_7he1ndigo-das2cw8.uasset" 478
"../../../../../E-artsup/B2/Unreal/PiscineUnreal/PiscnieUnreal/Donjon/Content/FirstPersonBP/Blueprints/MyBlueprints/MainMenu_Widget.uasset" 479
"../../../../../E-artsup/B2/Unreal/PiscineUnreal/PiscnieUnreal/Donjon/Content/FirstPersonBP/Blueprints/MyBlueprints/MainMenuHUD.uasset" 480
"../../../../../E-artsup/B2/Unreal/PiscineUnreal/PiscnieUnreal/Donjon/Content/FirstPersonBP/Blueprints/MyBlueprints/Menu_GameMode.uasset" 481
"../../../../../E-artsup/B2/Unreal/PiscineUnreal/PiscnieUnreal/Donjon/Content/FirstPersonBP/Maps/Collectibles_Grappin_Ennemis_BuiltData.uasset" 482
"../../../../../E-artsup/B2/Unreal/PiscineUnreal/PiscnieUnreal/Donjon/Content/StarterContent/Materials/M_AssetPlatform.uasset" 483
"../../../../../E-artsup/B2/Unreal/PiscineUnreal/PiscnieUnreal/Donjon/Content/StarterContent/Materials/M_Basic_Floor.uasset" 484
"../../../../../E-artsup/B2/Unreal/PiscineUnreal/PiscnieUnreal/Donjon/Content/StarterContent/Materials/M_Basic_Wall.uasset" 485
"../../../../../E-artsup/B2/Unreal/PiscineUnreal/PiscnieUnreal/Donjon/Content/StarterContent/Textures/T_Brick_Clay_Beveled_D.uasset" 486
"../../../../../E-artsup/B2/Unreal/PiscineUnreal/PiscnieUnreal/Donjon/Content/StarterContent/Textures/T_Brick_Clay_Beveled_M.uasset" 487
"../../../../../E-artsup/B2/Unreal/PiscineUnreal/PiscnieUnreal/Donjon/Content/StarterContent/Textures/T_Brick_Clay_Beveled_N.uasset" 488
"../../../../../E-artsup/B2/Unreal/PiscineUnreal/PiscnieUnreal/Donjon/Content/StarterContent/Textures/T_MacroVariation.uasset" 489
"../../../../../E-artsup/B2/Unreal/PiscineUnreal/PiscnieUnreal/Donjon/Content/StarterContent/Materials/M_Brick_Clay_Beveled.uasset" 490
"../../../../../E-artsup/B2/Unreal/PiscineUnreal/PiscnieUnreal/Donjon/Content/StarterContent/Textures/T_Brick_Hewn_Stone_D.uasset" 491
"../../../../../E-artsup/B2/Unreal/PiscineUnreal/PiscnieUnreal/Donjon/Content/StarterContent/Textures/T_Brick_Hewn_Stone_M.uasset" 492
"../../../../../E-artsup/B2/Unreal/PiscineUnreal/PiscnieUnreal/Donjon/Content/StarterContent/Textures/T_Brick_Hewn_Stone_N.uasset" 493
"../../../../../E-artsup/B2/Unreal/PiscineUnreal/PiscnieUnreal/Donjon/Content/StarterContent/Textures/T_Detail_Rocky_N.uasset" 494
"../../../../../E-artsup/B2/Unreal/PiscineUnreal/PiscnieUnreal/Donjon/Content/StarterContent/Materials/M_Brick_Hewn_Stone.uasset" 495
"../../../../../E-artsup/B2/Unreal/PiscineUnreal/PiscnieUnreal/Donjon/Content/StarterContent/Textures/T_Ground_Grass_D.uasset" 496
"../../../../../E-artsup/B2/Unreal/PiscineUnreal/PiscnieUnreal/Donjon/Content/StarterContent/Textures/T_Ground_Grass_N.uasset" 497
"../../../../../E-artsup/B2/Unreal/PiscineUnreal/PiscnieUnreal/Donjon/Content/StarterContent/Textures/T_Perlin_Noise_M.uasset" 498
"../../../../../E-artsup/B2/Unreal/PiscineUnreal/PiscnieUnreal/Donjon/Content/StarterContent/Materials/M_Ground_Grass.uasset" 499
"../../../../../E-artsup/B2/Unreal/PiscineUnreal/PiscnieUnreal/Donjon/Content/StarterContent/Textures/T_Metal_Aluminum_D.uasset" 500
"../../../../../E-artsup/B2/Unreal/PiscineUnreal/PiscnieUnreal/Donjon/Content/StarterContent/Textures/T_Metal_Gold_N.uasset" 501
"../../../../../E-artsup/B2/Unreal/PiscineUnreal/PiscnieUnreal/Donjon/Content/StarterContent/Materials/M_Metal_Burnished_Steel.uasset" 502
"../../../../../E-artsup/B2/Unreal/PiscineUnreal/PiscnieUnreal/Donjon/Content/StarterContent/Materials/M_Metal_Chrome.uasset" 503
"../../../../../E-artsup/B2/Unreal/PiscineUnreal/PiscnieUnreal/Donjon/Content/StarterContent/Textures/T_Water_N.uasset" 504
"../../../../../E-artsup/B2/Unreal/PiscineUnreal/PiscnieUnreal/Donjon/Content/StarterContent/Materials/M_Water_Lake.uasset" 505
"../../../Engine/Content/Functions/Engine_MaterialFunctions01/Opacity/AlphaOffset.uasset" 506
"../../../../../E-artsup/B2/Unreal/PiscineUnreal/PiscnieUnreal/Donjon/Content/StarterContent/Textures/T_Wood_Floor_Walnut_D.uasset" 507
"../../../../../E-artsup/B2/Unreal/PiscineUnreal/PiscnieUnreal/Donjon/Content/StarterContent/Textures/T_Wood_Floor_Walnut_M.uasset" 508
"../../../../../E-artsup/B2/Unreal/PiscineUnreal/PiscnieUnreal/Donjon/Content/StarterContent/Textures/T_Wood_Floor_Walnut_N.uasset" 509
"../../../../../E-artsup/B2/Unreal/PiscineUnreal/PiscnieUnreal/Donjon/Content/StarterContent/Materials/M_Wood_Floor_Walnut_Worn.uasset" 510
"../../../../../E-artsup/B2/Unreal/PiscineUnreal/PiscnieUnreal/Donjon/Content/StarterContent/Textures/T_Wood_Oak_D.uasset" 511
"../../../../../E-artsup/B2/Unreal/PiscineUnreal/PiscnieUnreal/Donjon/Content/StarterContent/Textures/T_Wood_Oak_N.uasset" 512
"../../../../../E-artsup/B2/Unreal/PiscineUnreal/PiscnieUnreal/Donjon/Content/StarterContent/Materials/M_Wood_Oak.uasset" 513
"../../../../../E-artsup/B2/Unreal/PiscineUnreal/PiscnieUnreal/Donjon/Content/Material/EBase.uasset" 514
"../../../../../E-artsup/B2/Unreal/PiscineUnreal/PiscnieUnreal/Donjon/Content/Material/EnnemyCharger.uasset" 515
"../../../../../E-artsup/B2/Unreal/PiscineUnreal/PiscnieUnreal/Donjon/Content/Material/EnnemyPatrol.uasset" 516
"../../../../../E-artsup/B2/Unreal/PiscineUnreal/PiscnieUnreal/Donjon/Content/Material/EPurple.uasset" 517
"../../../../../E-artsup/B2/Unreal/PiscineUnreal/PiscnieUnreal/Donjon/Content/Material/EYellow.uasset" 518
"../../../Engine/Content/BasicShapes/Sphere.uasset" 519
"../../../../../E-artsup/B2/Unreal/PiscineUnreal/PiscnieUnreal/Donjon/Content/StarterContent/Textures/T_Bush_D.uasset" 520
"../../../../../E-artsup/B2/Unreal/PiscineUnreal/PiscnieUnreal/Donjon/Content/StarterContent/Textures/T_Bush_N.uasset" 521
"../../../../../E-artsup/B2/Unreal/PiscineUnreal/PiscnieUnreal/Donjon/Content/StarterContent/Props/Materials/M_Bush.uasset" 522
"../../../../../E-artsup/B2/Unreal/PiscineUnreal/PiscnieUnreal/Donjon/Content/StarterContent/Props/SM_Bush.uasset" 523
"../../../../../E-artsup/B2/Unreal/PiscineUnreal/PiscnieUnreal/Donjon/Content/StarterContent/Textures/T_Chair_M.uasset" 524
"../../../../../E-artsup/B2/Unreal/PiscineUnreal/PiscnieUnreal/Donjon/Content/StarterContent/Textures/T_Chair_N.uasset" 525
"../../../../../E-artsup/B2/Unreal/PiscineUnreal/PiscnieUnreal/Donjon/Content/StarterContent/Props/Materials/M_Chair.uasset" 526
"../../../../../E-artsup/B2/Unreal/PiscineUnreal/PiscnieUnreal/Donjon/Content/StarterContent/Props/SM_Chair.uasset" 527
"../../../../../E-artsup/B2/Unreal/PiscineUnreal/PiscnieUnreal/Donjon/Content/StarterContent/Props/SM_Couch.uasset" 528
"../../../../../E-artsup/B2/Unreal/PiscineUnreal/PiscnieUnreal/Donjon/Content/StarterContent/Materials/M_Glass.uasset" 529
"../../../../../E-artsup/B2/Unreal/PiscineUnreal/PiscnieUnreal/Donjon/Content/StarterContent/Textures/T_Door_M.uasset" 530
"../../../../../E-artsup/B2/Unreal/PiscineUnreal/PiscnieUnreal/Donjon/Content/StarterContent/Textures/T_Door_N.uasset" 531
"../../../../../E-artsup/B2/Unreal/PiscineUnreal/PiscnieUnreal/Donjon/Content/StarterContent/Props/Materials/M_Door.uasset" 532
"../../../../../E-artsup/B2/Unreal/PiscineUnreal/PiscnieUnreal/Donjon/Content/StarterContent/Props/SM_Door.uasset" 533
"../../../../../E-artsup/B2/Unreal/PiscineUnreal/PiscnieUnreal/Donjon/Content/StarterContent/Textures/T_Frame_M.uasset" 534
"../../../../../E-artsup/B2/Unreal/PiscineUnreal/PiscnieUnreal/Donjon/Content/StarterContent/Textures/T_Frame_N.uasset" 535
"../../../../../E-artsup/B2/Unreal/PiscineUnreal/PiscnieUnreal/Donjon/Content/StarterContent/Props/Materials/M_Frame.uasset" 536
"../../../../../E-artsup/B2/Unreal/PiscineUnreal/PiscnieUnreal/Donjon/Content/StarterContent/Props/SM_DoorFrame.uasset" 537
"../../../../../E-artsup/B2/Unreal/PiscineUnreal/PiscnieUnreal/Donjon/Content/StarterContent/Textures/T_Lamp_M.uasset" 538
"../../../../../E-artsup/B2/Unreal/PiscineUnreal/PiscnieUnreal/Donjon/Content/StarterContent/Textures/T_Lamp_N.uasset" 539
"../../../../../E-artsup/B2/Unreal/PiscineUnreal/PiscnieUnreal/Donjon/Content/StarterContent/Props/Materials/M_Lamp.uasset" 540
"../../../../../E-artsup/B2/Unreal/PiscineUnreal/PiscnieUnreal/Donjon/Content/StarterContent/Props/SM_Lamp_Wall.uasset" 541
"../../../../../E-artsup/B2/Unreal/PiscineUnreal/PiscnieUnreal/Donjon/Content/StarterContent/Props/Materials/M_MaterialSphere.uasset" 542
"../../../../../E-artsup/B2/Unreal/PiscineUnreal/PiscnieUnreal/Donjon/Content/StarterContent/Props/Materials/M_MaterialSphere_Plain.uasset" 543
"../../../../../E-artsup/B2/Unreal/PiscineUnreal/PiscnieUnreal/Donjon/Content/StarterContent/Props/SM_MatPreviewMesh_02.uasset" 544
"../../../../../E-artsup/B2/Unreal/PiscineUnreal/PiscnieUnreal/Donjon/Content/StarterContent/Textures/T_Rock_Basalt_D.uasset" 545
"../../../../../E-artsup/B2/Unreal/PiscineUnreal/PiscnieUnreal/Donjon/Content/StarterContent/Textures/T_RockMesh_M.uasset" 546
"../../../../../E-artsup/B2/Unreal/PiscineUnreal/PiscnieUnreal/Donjon/Content/StarterContent/Textures/T_RockMesh_N.uasset" 547
"../../../../../E-artsup/B2/Unreal/PiscineUnreal/PiscnieUnreal/Donjon/Content/StarterContent/Props/Materials/M_Rock.uasset" 548
"../../../../../E-artsup/B2/Unreal/PiscineUnreal/PiscnieUnreal/Donjon/Content/StarterContent/Props/SM_Rock.uasset" 549
"../../../../../E-artsup/B2/Unreal/PiscineUnreal/PiscnieUnreal/Donjon/Content/StarterContent/Textures/T_Shelf_M.uasset" 550
"../../../../../E-artsup/B2/Unreal/PiscineUnreal/PiscnieUnreal/Donjon/Content/StarterContent/Textures/T_Shelf_N.uasset" 551
"../../../../../E-artsup/B2/Unreal/PiscineUnreal/PiscnieUnreal/Donjon/Content/StarterContent/Props/Materials/M_Shelf.uasset" 552
"../../../../../E-artsup/B2/Unreal/PiscineUnreal/PiscnieUnreal/Donjon/Content/StarterContent/Props/SM_Shelf.uasset" 553
"../../../../../E-artsup/B2/Unreal/PiscineUnreal/PiscnieUnreal/Donjon/Content/StarterContent/Textures/T_Statue_M.uasset" 554
"../../../../../E-artsup/B2/Unreal/PiscineUnreal/PiscnieUnreal/Donjon/Content/StarterContent/Textures/T_Statue_N.uasset" 555
"../../../../../E-artsup/B2/Unreal/PiscineUnreal/PiscnieUnreal/Donjon/Content/StarterContent/Props/Materials/M_Statue.uasset" 556
"../../../../../E-artsup/B2/Unreal/PiscineUnreal/PiscnieUnreal/Donjon/Content/StarterContent/Props/Materials/M_StatueGlass.uasset" 557
"../../../../../E-artsup/B2/Unreal/PiscineUnreal/PiscnieUnreal/Donjon/Content/StarterContent/Props/SM_Statue.uasset" 558
"../../../../../E-artsup/B2/Unreal/PiscineUnreal/PiscnieUnreal/Donjon/Content/StarterContent/Textures/T_TableRound_M.uasset" 559
"../../../../../E-artsup/B2/Unreal/PiscineUnreal/PiscnieUnreal/Donjon/Content/StarterContent/Textures/T_TableRound_N.uasset" 560
"../../../../../E-artsup/B2/Unreal/PiscineUnreal/PiscnieUnreal/Donjon/Content/StarterContent/Props/Materials/M_TableRound.uasset" 561
"../../../../../E-artsup/B2/Unreal/PiscineUnreal/PiscnieUnreal/Donjon/Content/StarterContent/Props/SM_TableRound.uasset" 562
"../../../../../E-artsup/B2/Unreal/PiscineUnreal/PiscnieUnreal/Donjon/Content/FirstPersonBP/Maps/Collectibles_Grappin_Ennemis.umap" 563
