Log file open, 11/22/18 14:52:17
LogWindows: Failed to load 'aqProf.dll' (GetLastError=126)
LogWindows: File 'aqProf.dll' does not exist
LogWindows: Failed to load 'VSPerf140.dll' (GetLastError=126)
LogWindows: File 'VSPerf140.dll' does not exist
LogWindows: Failed to load 'VtuneApi.dll' (GetLastError=126)
LogWindows: File 'VtuneApi.dll' does not exist
LogWindows: Failed to load 'VtuneApi32e.dll' (GetLastError=126)
LogWindows: File 'VtuneApi32e.dll' does not exist
LogInit: Display: Running engine for game: Donjon
LogPlatformFile: Not using cached read wrapper
LogTaskGraph: Started task graph with 5 named threads and 23 total threads with 3 sets of task threads.
LogStats: Stats thread started at 2.995490
LogD3D11RHI: Loaded GFSDK_Aftermath_Lib.x64.dll
LogICUInternationalization: Display: ICU TimeZone Detection - Raw Offset: +1:00, Platform Override: ''
LogPluginManager: Mounting plugin Paper2D
LogPluginManager: Mounting plugin AISupport
LogPluginManager: Mounting plugin LightPropagationVolume
LogPluginManager: Mounting plugin CLionSourceCodeAccess
LogPluginManager: Mounting plugin CodeLiteSourceCodeAccess
LogPluginManager: Mounting plugin GitSourceControl
LogPluginManager: Mounting plugin KDevelopSourceCodeAccess
LogPluginManager: Mounting plugin NullSourceCodeAccess
LogPluginManager: Mounting plugin PerforceSourceControl
LogPluginManager: Mounting plugin SubversionSourceControl
LogPluginManager: Mounting plugin UObjectPlugin
LogPluginManager: Mounting plugin VisualStudioCodeSourceCodeAccess
LogPluginManager: Mounting plugin VisualStudioSourceCodeAccess
LogPluginManager: Mounting plugin XCodeSourceCodeAccess
LogPluginManager: Mounting plugin AssetManagerEditor
LogPluginManager: Mounting plugin CryptoKeys
LogPluginManager: Mounting plugin DataValidation
LogPluginManager: Mounting plugin FacialAnimation
LogPluginManager: Mounting plugin GameplayTagsEditor
LogPluginManager: Mounting plugin MacGraphicsSwitching
LogPluginManager: Mounting plugin MeshEditor
LogPluginManager: Mounting plugin MobileLauncherProfileWizard
LogPluginManager: Mounting plugin PluginBrowser
LogPluginManager: Mounting plugin SpeedTreeImporter
LogPluginManager: Mounting plugin DatasmithContent
LogPluginManager: Mounting plugin AlembicImporter
LogPluginManager: Mounting plugin AppleImageUtils
LogPluginManager: Mounting plugin AppleVision
LogPluginManager: Mounting plugin BackChannel
LogPluginManager: Mounting plugin CharacterAI
LogPluginManager: Mounting plugin GeometryCache
LogPluginManager: Mounting plugin HTML5Networking
LogPluginManager: Mounting plugin ProxyLODPlugin
LogPluginManager: Mounting plugin MagicLeap
LogPluginManager: Mounting plugin MagicLeapEmulator
LogPluginManager: Mounting plugin MagicLeapMedia
LogPluginManager: Mounting plugin AndroidMedia
LogPluginManager: Mounting plugin AvfMedia
LogPluginManager: Mounting plugin ImgMedia
LogPluginManager: Mounting plugin LinearTimecode
LogPluginManager: Mounting plugin MediaCompositing
LogPluginManager: Mounting plugin MediaPlayerEditor
LogPluginManager: Mounting plugin WmfMedia
LogPluginManager: Mounting plugin TcpMessaging
LogPluginManager: Mounting plugin UdpMessaging
LogPluginManager: Mounting plugin ActorSequence
LogPluginManager: Mounting plugin LevelSequenceEditor
LogPluginManager: Mounting plugin MatineeToLevelSequence
LogPluginManager: Mounting plugin NetcodeUnitTest
LogPluginManager: Mounting plugin NUTUnrealEngine4
LogPluginManager: Mounting plugin OnlineSubsystemGooglePlay
LogPluginManager: Mounting plugin OnlineSubsystemIOS
LogPluginManager: Mounting plugin OnlineSubsystem
LogPluginManager: Mounting plugin OnlineSubsystemNull
LogPluginManager: Mounting plugin OnlineSubsystemUtils
LogPluginManager: Mounting plugin LauncherChunkInstaller
LogPluginManager: Mounting plugin AndroidDeviceProfileSelector
LogPluginManager: Mounting plugin AndroidMoviePlayer
LogPluginManager: Mounting plugin AndroidPermission
LogPluginManager: Mounting plugin AppleMoviePlayer
LogPluginManager: Mounting plugin ArchVisCharacter
LogPluginManager: Mounting plugin AudioCapture
LogPluginManager: Mounting plugin CableComponent
LogPluginManager: Mounting plugin CustomMeshComponent
LogPluginManager: Mounting plugin EditableMesh
LogPluginManager: Mounting plugin ExampleDeviceProfileSelector
LogPluginManager: Mounting plugin GoogleCloudMessaging
LogPluginManager: Mounting plugin ImmediatePhysics
LogPluginManager: Mounting plugin IOSDeviceProfileSelector
LogPluginManager: Mounting plugin LinuxDeviceProfileSelector
LogPluginManager: Mounting plugin LocationServicesBPLibrary
LogPluginManager: Mounting plugin MobilePatchingUtils
LogPluginManager: Mounting plugin OculusVR
LogPluginManager: Plugin shader directory ../../../Engine/Plugins/Runtime/Oculus/OculusVR/Shaders found
LogPluginManager: Mapping shader source directory ../../../Engine/Plugins/Runtime/Oculus/OculusVR/Shaders to virtual directory /Plugin/OculusVR
LogPluginManager: Mounting plugin PhysXVehicles
LogPluginManager: Mounting plugin ProceduralMeshComponent
LogPluginManager: Mounting plugin RuntimePhysXCooking
LogPluginManager: Mounting plugin SteamVR
LogPluginManager: Mounting plugin WindowsMoviePlayer
LogStreaming: Display: Took  0.206s to configure plugins.
LogInit: Using libcurl 7.55.1-DEV
LogInit:  - built for x86_64-pc-win32
LogInit:  - supports SSL with OpenSSL/1.0.2h
LogInit:  - supports HTTP deflate (compression) using libz 1.2.8
LogInit:  - other features:
LogInit:      CURL_VERSION_SSL
LogInit:      CURL_VERSION_LIBZ
LogInit:      CURL_VERSION_IPV6
LogInit:      CURL_VERSION_ASYNCHDNS
LogInit:      CURL_VERSION_LARGEFILE
LogInit:      CURL_VERSION_IDN
LogInit:  CurlRequestOptions (configurable via config and command line):
LogInit:  - bVerifyPeer = false  - Libcurl will NOT verify peer certificate
LogInit:  - bUseHttpProxy = false  - Libcurl will NOT use HTTP proxy
LogInit:  - bDontReuseConnections = false  - Libcurl will reuse connections
LogInit:  - CertBundlePath = nullptr  - Libcurl will use whatever was configured at build time.
LogInit:  - MaxHostConnections = 16  - Libcurl will limit the number of connections to a host
LogInit:  - LocalHostAddr = Default
LogInit:  - BufferSize = 65536
LogInit: WinSock: version 1.1 (2.2), MaxSocks=32767, MaxUdp=65467
LogInit: Build: ++UE4+Release-4.20-CL-4369336
LogInit: Engine Version: 4.20.3-4369336+++UE4+Release-4.20
LogInit: Compatible Engine Version: 4.20.0-4212847+++UE4+Release-4.20
LogInit: Net CL: 4212847
LogInit: OS: Windows 10 (), CPU: Intel(R) Core(TM) i7-6700HQ CPU @ 2.60GHz, GPU: NVIDIA GeForce GTX 970M
LogInit: Compiled (64-bit): Sep 17 2018 12:26:19
LogInit: Compiled with Visual C++: 19.13.26129.00
LogInit: Build Configuration: Development
LogInit: Branch Name: ++UE4+Release-4.20
LogInit: Command Line:  
LogInit: Base Directory: D:/UE_4.20/Engine/Binaries/Win64/
LogInit: Installed Engine Build: 1
LogDevObjectVersion: Number of dev versions registered: 20
LogDevObjectVersion:   Dev-Blueprints (B0D832E4-1F89-4F0D-ACCF-7EB736FD4AA2): 10
LogDevObjectVersion:   Dev-Build (E1C64328-A22C-4D53-A36C-8E866417BD8C): 0
LogDevObjectVersion:   Dev-Core (375EC13C-06E4-48FB-B500-84F0262A717E): 2
LogDevObjectVersion:   Dev-Editor (E4B068ED-F494-42E9-A231-DA0B2E46BB41): 24
LogDevObjectVersion:   Dev-Framework (CFFC743F-43B0-4480-9391-14DF171D2073): 34
LogDevObjectVersion:   Dev-Mobile (B02B49B5-BB20-44E9-A304-32B752E40360): 2
LogDevObjectVersion:   Dev-Networking (A4E4105C-59A1-49B5-A7C5-40C4547EDFEE): 0
LogDevObjectVersion:   Dev-Online (39C831C9-5AE6-47DC-9A44-9C173E1C8E7C): 0
LogDevObjectVersion:   Dev-Physics (78F01B33-EBEA-4F98-B9B4-84EACCB95AA2): 0
LogDevObjectVersion:   Dev-Platform (6631380F-2D4D-43E0-8009-CF276956A95A): 0
LogDevObjectVersion:   Dev-Rendering (12F88B9F-8875-4AFC-A67C-D90C383ABD29): 26
LogDevObjectVersion:   Dev-Sequencer (7B5AE74C-D270-4C10-A958-57980B212A5A): 9
LogDevObjectVersion:   Dev-VR (D7296918-1DD6-4BDD-9DE2-64A83CC13884): 2
LogDevObjectVersion:   Dev-LoadTimes (C2A15278-BFE7-4AFE-6C17-90FF531DF755): 1
LogDevObjectVersion:   Private-Geometry (6EACA3D4-40EC-4CC1-B786-8BED09428FC5): 3
LogDevObjectVersion:   Dev-AnimPhys (29E575DD-E0A3-4627-9D10-D276232CDCEA): 17
LogDevObjectVersion:   Dev-ReflectionCapture (6B266CEC-1EC7-4B8F-A30B-E4D90942FC07): 1
LogDevObjectVersion:   Dev-Automation (0DF73D61-A23F-47EA-B727-89E90C41499A): 1
LogDevObjectVersion:   FortniteMain (601D1886-AC64-4F84-AA16-D3DE0DEAC7D6): 12
LogDevObjectVersion:   Dev-Enterprise (9DFFBCD6-494F-0158-E221-12823C92A888): 1
LogStreaming: Display: Took  0.034s to delete old logs.
LogInit: Presizing for max 8388607 objects, including 0 objects not considered by GC, pre-allocating 0 bytes for permanent pool.
LogInit: Object subsystem initialized
[2018.11.22-13.52.19:590][  0]LogInit: Selected Device Profile: [Windows]
[2018.11.22-13.52.19:590][  0]LogInit: Applying CVar settings loaded from the selected device profile: [Windows]
[2018.11.22-13.52.19:653][  0]LogHAL: Display: Platform has ~ 8 GB [8522620928 / 8589934592 / 8], which maps to Default [LargestMinGB=32, LargerMinGB=12, DefaultMinGB=8, SmallerMinGB=6, SmallestMinGB=0)
[2018.11.22-13.52.19:674][  0]LogInit: Setting Device Profile CVar: [[r.Vulkan.UseRealUBs:1]]
[2018.11.22-13.52.19:675][  0]LogInit: Going up to parent DeviceProfile []
[2018.11.22-13.52.19:712][  0]LogInit: Computer: DESKTOP-22TEGNE
[2018.11.22-13.52.19:712][  0]LogInit: User: Tom
[2018.11.22-13.52.19:712][  0]LogInit: CPU Page size=4096, Cores=4
[2018.11.22-13.52.19:712][  0]LogInit: High frequency timer resolution =2.531252 MHz
[2018.11.22-13.52.19:712][  0]LogMemory: Memory total: Physical=7.9GB (8GB approx)
[2018.11.22-13.52.19:712][  0]LogMemory: Platform Memory Stats for Windows
[2018.11.22-13.52.19:712][  0]LogMemory: Process Physical Memory: 101.81 MB used, 101.81 MB peak
[2018.11.22-13.52.19:712][  0]LogMemory: Process Virtual Memory: 98.44 MB used, 98.44 MB peak
[2018.11.22-13.52.19:712][  0]LogMemory: Physical Memory: 3238.84 MB used,  4888.96 MB free, 8127.80 MB total
[2018.11.22-13.52.19:712][  0]LogMemory: Virtual Memory: 4637.66 MB used,  4888.96 MB free, 134217728.00 MB total
[2018.11.22-13.52.20:215][  0]LogInit: Using OS detected language (fr-FR).
[2018.11.22-13.52.20:215][  0]LogInit: Using OS detected locale (fr-FR).
[2018.11.22-13.52.20:250][  0]LogTextLocalizationManager: No specific localization for 'fr-FR' exists, so the 'fr' localization will be used.
[2018.11.22-13.52.20:364][  0]LogStreaming: Display: Took  0.133s to InitEngineTextLocalization.
[2018.11.22-13.52.20:379][  0]LogInit: Setting process to per monitor DPI aware
[2018.11.22-13.52.20:820][  0]LogSlate: New Slate User Created.  User Index 0, Is Virtual User: 0
[2018.11.22-13.52.20:820][  0]LogSlate: Slate User Registered.  User Index 0, Is Virtual User: 0
[2018.11.22-13.52.21:813][  0]LogHMD: Failed to initialize OpenVR with code 100
[2018.11.22-13.52.21:814][  0]LogD3D11RHI: D3D11 adapters:
[2018.11.22-13.52.21:934][  0]LogD3D11RHI:    0. 'NVIDIA GeForce GTX 970M' (Feature Level 11_0)
[2018.11.22-13.52.21:934][  0]LogD3D11RHI:       3029/0/4063 MB DedicatedVideo/DedicatedSystem/SharedSystem, Outputs:1, VendorId:0x10de
[2018.11.22-13.52.21:937][  0]LogD3D11RHI:    1. 'Microsoft Basic Render Driver' (Feature Level 11_0)
[2018.11.22-13.52.21:937][  0]LogD3D11RHI:       0/0/4063 MB DedicatedVideo/DedicatedSystem/SharedSystem, Outputs:0, VendorId:0x1414
[2018.11.22-13.52.21:937][  0]LogD3D11RHI: Chosen D3D11 Adapter: 0
[2018.11.22-13.52.21:944][  0]LogD3D11RHI: Creating new Direct3DDevice
[2018.11.22-13.52.21:944][  0]LogD3D11RHI:     GPU DeviceId: 0x1618 (for the marketing name, search the web for "GPU Device Id")
[2018.11.22-13.52.21:965][  0]LogWindows: EnumDisplayDevices:
[2018.11.22-13.52.21:965][  0]LogWindows:    0. 'NVIDIA GeForce GTX 970M' (P:1 D:1)
[2018.11.22-13.52.21:965][  0]LogWindows:    1. 'NVIDIA GeForce GTX 970M' (P:0 D:0)
[2018.11.22-13.52.21:966][  0]LogWindows:    2. 'NVIDIA GeForce GTX 970M' (P:0 D:0)
[2018.11.22-13.52.21:966][  0]LogWindows:    3. 'NVIDIA GeForce GTX 970M' (P:0 D:0)
[2018.11.22-13.52.21:966][  0]LogWindows: DebugString: FoundDriverCount:4 
[2018.11.22-13.52.21:966][  0]LogD3D11RHI:     Adapter Name: NVIDIA GeForce GTX 970M
[2018.11.22-13.52.21:995][  0]LogD3D11RHI:   Driver Version: 398.11 (internal:24.21.13.9811, unified:398.11)
[2018.11.22-13.52.21:995][  0]LogD3D11RHI:      Driver Date: 6-1-2018
[2018.11.22-13.52.21:995][  0]LogRHI: Texture pool is 2120 MB (70% of 3029 MB)
[2018.11.22-13.52.22:045][  0]LogD3D11RHI: Async texture creation enabled
[2018.11.22-13.52.22:270][  0]LogD3D11RHI: GPU Timing Frequency: 1000.000000 (Debug: 2 2)
[2018.11.22-13.52.22:398][  0]LogShaderCompilers: Guid format shader working directory is -28 characters bigger than the processId version (../../../../Cours/2ème Année/Unreal Engine/Projets/PiscnieUnreal/Donjon/Intermediate/Shaders/WorkingDirectory/11224/).
[2018.11.22-13.52.22:398][  0]LogShaderCompilers: Cleaned the shader compiler working directory 'C:/Users/Tom/AppData/Local/Temp/UnrealShaderWorkingDir/40B0F4F344822ACF241F26B470E1169D/'.
[2018.11.22-13.52.23:237][  0]LogTemp: Display: Loaded TP AllDesktopTargetPlatform
[2018.11.22-13.52.23:269][  0]LogTemp: Display: Loaded TP MacClientTargetPlatform
[2018.11.22-13.52.23:292][  0]LogTemp: Display: Loaded TP MacNoEditorTargetPlatform
[2018.11.22-13.52.23:319][  0]LogTemp: Display: Loaded TP MacServerTargetPlatform
[2018.11.22-13.52.23:376][  0]LogTemp: Display: Loaded TP MacTargetPlatform
[2018.11.22-13.52.23:414][  0]LogTemp: Display: Loaded TP WindowsClientTargetPlatform
[2018.11.22-13.52.23:453][  0]LogTemp: Display: Loaded TP WindowsNoEditorTargetPlatform
[2018.11.22-13.52.23:485][  0]LogTemp: Display: Loaded TP WindowsServerTargetPlatform
[2018.11.22-13.52.23:501][  0]LogTemp: Display: Loaded TP WindowsTargetPlatform
[2018.11.22-13.52.23:616][  0]LogTemp: Display: Loaded TP AndroidTargetPlatform
[2018.11.22-13.52.23:616][  0]LogTemp: Display: Loaded TP AndroidTargetPlatform
[2018.11.22-13.52.23:616][  0]LogTemp: Display: Loaded TP AndroidTargetPlatform
[2018.11.22-13.52.23:616][  0]LogTemp: Display: Loaded TP AndroidTargetPlatform
[2018.11.22-13.52.23:616][  0]LogTemp: Display: Loaded TP AndroidTargetPlatform
[2018.11.22-13.52.23:616][  0]LogTemp: Display: Loaded TP AndroidTargetPlatform
[2018.11.22-13.52.23:616][  0]LogTemp: Display: Loaded TP AndroidTargetPlatform
[2018.11.22-13.52.23:616][  0]LogTemp: Display: Loaded TP AndroidTargetPlatform
[2018.11.22-13.52.23:616][  0]LogTemp: Display: Loaded TP AndroidTargetPlatform
[2018.11.22-13.52.23:616][  0]LogTemp: Display: Loaded TP AndroidTargetPlatform
[2018.11.22-13.52.23:616][  0]LogTemp: Display: Loaded TP AndroidTargetPlatform
[2018.11.22-13.52.23:616][  0]LogTemp: Display: Loaded TP AndroidTargetPlatform
[2018.11.22-13.52.23:616][  0]LogTemp: Display: Loaded TP AndroidTargetPlatform
[2018.11.22-13.52.23:616][  0]LogTemp: Display: Loaded TP AndroidTargetPlatform
[2018.11.22-13.52.23:616][  0]LogTemp: Display: Loaded TP AndroidTargetPlatform
[2018.11.22-13.52.23:616][  0]LogTemp: Display: Loaded TP AndroidTargetPlatform
[2018.11.22-13.52.23:616][  0]LogTemp: Display: Loaded TP AndroidTargetPlatform
[2018.11.22-13.52.23:616][  0]LogTemp: Display: Loaded TP AndroidTargetPlatform
[2018.11.22-13.52.23:642][  0]LogTemp: Display: Loaded TP HTML5TargetPlatform
[2018.11.22-13.52.23:762][  0]LogTemp: Display: Loaded TP IOSTargetPlatform
[2018.11.22-13.52.23:762][  0]LogTemp: Display: Loaded TP IOSTargetPlatform
[2018.11.22-13.52.23:798][  0]LogTemp: Display: Loaded TP TVOSTargetPlatform
[2018.11.22-13.52.23:798][  0]LogTemp: Display: Loaded TP TVOSTargetPlatform
[2018.11.22-13.52.23:829][  0]LogTemp: Display: Loaded TP LinuxClientTargetPlatform
[2018.11.22-13.52.23:847][  0]LogTemp: Display: Loaded TP LinuxNoEditorTargetPlatform
[2018.11.22-13.52.23:863][  0]LogTemp: Display: Loaded TP LinuxServerTargetPlatform
[2018.11.22-13.52.23:897][  0]LogTemp: Display: Loaded TP LinuxTargetPlatform
[2018.11.22-13.52.23:916][  0]LogTemp: Display: Loaded TP LuminTargetPlatform
[2018.11.22-13.52.23:916][  0]LogTargetPlatformManager: Display: Building Assets For Windows
[2018.11.22-13.52.24:581][  0]LogXGEController: Cleaning working directory: C:/Users/Tom/AppData/Local/Temp/UnrealXGEWorkingDir/
[2018.11.22-13.52.24:581][  0]LogXGEController: Cannot use XGE Controller as Incredibuild is not installed on this machine.
[2018.11.22-13.52.24:581][  0]LogShaderCompilers: Cannot use XGE Shader Compiler as Incredibuild is not installed on this machine.
[2018.11.22-13.52.24:581][  0]LogShaderCompilers: Display: Using Local Shader Compiler.
[2018.11.22-13.52.26:727][  0]LogDerivedDataCache: Display: Max Cache Size: 512 MB
[2018.11.22-13.52.27:014][  0]LogDerivedDataCache: Loaded boot cache 0.28s 71MB C:/Users/Tom/AppData/Local/UnrealEngine/4.20/DerivedDataCache/Boot.ddc.
[2018.11.22-13.52.27:014][  0]LogDerivedDataCache: Display: Loaded Boot cache: C:/Users/Tom/AppData/Local/UnrealEngine/4.20/DerivedDataCache/Boot.ddc
[2018.11.22-13.52.27:014][  0]LogDerivedDataCache: FDerivedDataBackendGraph:  Pak pak cache file ../../../../Cours/2ème Année/Unreal Engine/Projets/PiscnieUnreal/Donjon/DerivedDataCache/DDC.ddp not found, will not use a pak cache.
[2018.11.22-13.52.27:014][  0]LogDerivedDataCache: Unable to find inner node Pak for hierarchical cache Hierarchy.
[2018.11.22-13.52.27:014][  0]LogDerivedDataCache: FDerivedDataBackendGraph:  CompressedPak pak cache file ../../../../Cours/2ème Année/Unreal Engine/Projets/PiscnieUnreal/Donjon/DerivedDataCache/Compressed.ddp not found, will not use a pak cache.
[2018.11.22-13.52.27:014][  0]LogDerivedDataCache: Unable to find inner node CompressedPak for hierarchical cache Hierarchy.
[2018.11.22-13.52.27:091][  0]LogDerivedDataCache: Display: Pak cache opened for reading ../../../Engine/DerivedDataCache/Compressed.ddp.
[2018.11.22-13.52.27:108][  0]LogDerivedDataCache: Using Local data cache path C:/Users/Tom/AppData/Local/UnrealEngine/Common/DerivedDataCache: Writable
[2018.11.22-13.52.27:108][  0]LogDerivedDataCache: Shared data cache path not found in *engine.ini, will not use an Shared cache.
[2018.11.22-13.52.27:108][  0]LogDerivedDataCache: Unable to find inner node Shared for hierarchical cache Hierarchy.
[2018.11.22-13.52.27:161][  0]LogMaterial: Verifying Global Shaders for PCD3D_SM5
[2018.11.22-13.52.27:199][  0]LogSlate: Using FreeType 2.6.0
[2018.11.22-13.52.27:258][  0]LogSlate: SlateFontServices - WITH_FREETYPE: 1, WITH_HARFBUZZ: 1
[2018.11.22-13.52.27:711][  0]LogAssetRegistry: FAssetRegistry took 0.0286 seconds to start up
[2018.11.22-13.52.31:762][  0]LogInit: Selected Device Profile: [Windows]
[2018.11.22-13.52.34:631][  0]LogSimplygon: Simplygon DLL not present - disabling.
[2018.11.22-13.52.35:070][  0]LogMeshReduction: Using SimplygonSwarm for distributed automatic mesh merging
[2018.11.22-13.52.35:081][  0]LogMeshReduction: Using ProxyLODMeshReduction for automatic mesh merging
[2018.11.22-13.52.35:108][  0]LogMeshReduction: Using QuadricMeshReduction for automatic static mesh reduction
[2018.11.22-13.52.35:108][  0]LogMeshReduction: No automatic skeletal mesh reduction module available
[2018.11.22-13.52.35:739][  0]LogNetVersion: Donjon 1.0.0, NetCL: 4212847, EngineNetVer: 5, GameNetVer: 0 (Checksum: 914305754)
[2018.11.22-13.52.42:190][  0]LogPackageLocalizationCache: Processed 11 localized package path(s) for 2 prioritized culture(s) in 0.100834 seconds
[2018.11.22-13.52.42:245][  0]LogUObjectArray: 38426 objects as part of root set at end of initial load.
[2018.11.22-13.52.42:245][  0]LogUObjectAllocator: 6691096 out of 0 bytes used by permanent object pool.
[2018.11.22-13.52.42:245][  0]LogUObjectArray: CloseDisregardForGC: 0/0 objects in disregard for GC pool
[2018.11.22-13.53.05:919][  0]LogTcpMessaging: Initializing TcpMessaging bridge
[2018.11.22-13.53.05:952][  0]LogUdpMessaging: Initializing bridge on interface 0.0.0.0:0 to multicast group 230.0.0.1:6666.
[2018.11.22-13.53.06:649][  0]SourceControl: Source control is disabled
[2018.11.22-13.53.06:649][  0]SourceControl: Source control is disabled
[2018.11.22-13.53.06:746][  0]SourceControl: Source control is disabled
[2018.11.22-13.53.06:774][  0]SourceControl: Source control is disabled
[2018.11.22-13.53.07:846][  0]LogAndroidPermission: UAndroidPermissionCallbackProxy::GetInstance
[2018.11.22-13.53.08:329][  0]LogOcInput: OculusInput pre-init called
[2018.11.22-13.53.08:718][  0]LogEngine: Initializing Engine...
[2018.11.22-13.53.08:747][  0]LogHMD: Failed to initialize OpenVR with code 100
[2018.11.22-13.53.08:759][  0]LogStats: UGameplayTagsManager::ConstructGameplayTagTree: ImportINI prefixes -  0.000 s
[2018.11.22-13.53.08:759][  0]LogStats: UGameplayTagsManager::ConstructGameplayTagTree: Construct from data asset -  0.000 s
[2018.11.22-13.53.08:760][  0]LogStats: UGameplayTagsManager::ConstructGameplayTagTree: ImportINI -  0.001 s
[2018.11.22-13.53.08:760][  0]LogStats: UGameplayTagsManager::ConstructGameplayTagTree: GameplayTagTreeChangedEvent.Broadcast -  0.000 s
[2018.11.22-13.53.09:279][  0]LogInit: Initializing FReadOnlyCVARCache
[2018.11.22-13.53.09:544][  0]LogAIModule: Creating AISystem for world Untitled
[2018.11.22-13.53.09:695][  0]LogInit: XAudio2 using 'Speakers (Realtek High Definition Audio)' : 2 channels at 48 kHz using 32 bits per sample (channel mask 0x3)
[2018.11.22-13.53.10:053][  0]LogInit: FAudioDevice initialized.
[2018.11.22-13.53.10:053][  0]LogNetVersion: Set ProjectVersion to 1.0.0.0. Version Checksum will be recalculated on next use.
[2018.11.22-13.53.10:201][  0]LogDerivedDataCache: Saved boot cache 0.15s 71MB C:/Users/Tom/AppData/Local/UnrealEngine/4.20/DerivedDataCache/Boot.ddc.
[2018.11.22-13.53.10:202][  0]LogInit: Texture streaming: Enabled
[2018.11.22-13.53.10:364][  0]LogEngineSessionManager: EngineSessionManager initialized
[2018.11.22-13.53.10:462][  0]LogInit: Transaction tracking system initialized
[2018.11.22-13.53.10:776][  0]BlueprintLog: New page: Editor Load
[2018.11.22-13.53.11:897][  0]LocalizationService: Localization service is disabled
[2018.11.22-13.53.13:594][  0]LogFileCache: Scanning file cache for directory 'D:/Cours/2ème Année/Unreal Engine/Projets/PiscnieUnreal/Donjon/Content/' took 0.02s
[2018.11.22-13.53.13:594][  0]LogCook: Display: Max memory allowance for cook 16384mb min free memory 0mb
[2018.11.22-13.53.13:618][  0]LogCook: Display: Mobile HDR setting 1
[2018.11.22-13.53.13:618][  0]LogGameplayTags: Display: UGameplayTagsManager::DoneAddingNativeTags. DelegateIsBound: 0
[2018.11.22-13.53.13:618][  0]LogStats: UGameplayTagsManager::ConstructGameplayTagTree: ImportINI prefixes -  0.000 s
[2018.11.22-13.53.13:618][  0]LogStats: UGameplayTagsManager::ConstructGameplayTagTree: Construct from data asset -  0.000 s
[2018.11.22-13.53.13:618][  0]LogStats: UGameplayTagsManager::ConstructGameplayTagTree: ImportINI -  0.000 s
[2018.11.22-13.53.13:618][  0]LogStats: UGameplayTagsManager::ConstructGameplayTagTree: GameplayTagTreeChangedEvent.Broadcast -  0.000 s
[2018.11.22-13.53.15:373][  0]SourceControl: Source control is disabled
[2018.11.22-13.53.15:401][  0]Cmd: MAP LOAD FILE="../../../../Cours/2ème Année/Unreal Engine/Projets/PiscnieUnreal/Donjon/Content/FirstPersonBP/Maps/Menu.umap" TEMPLATE=0 SHOWPROGRESS=1 FEATURELEVEL=3
[2018.11.22-13.53.15:410][  0]LightingResults: New page: Lighting Build
[2018.11.22-13.53.16:226][  0]MapCheck: New page: Map Check
[2018.11.22-13.53.16:226][  0]LightingResults: New page: Lighting Build
[2018.11.22-13.53.17:014][  0]LogLinker: Warning: Can't find file '/Game/FirstPersonBP/Maps/Menu_BuiltData'
[2018.11.22-13.53.17:014][  0]LogLinker: Warning: Can't find file for asset '/Game/FirstPersonBP/Maps/Menu_BuiltData' while loading ../../../../Cours/2ème Année/Unreal Engine/Projets/PiscnieUnreal/Donjon/Content/FirstPersonBP/Maps/Menu.umap.
[2018.11.22-13.53.17:014][  0]LoadErrors: Error: /Game/FirstPersonBP/Maps/Menu : Can't find file for asset. /Game/FirstPersonBP/Maps/Menu_BuiltData
[2018.11.22-13.53.17:165][  0]LogLinker: Warning: Can't find file '/Game/FirstPersonBP/Maps/Menu_BuiltData'
[2018.11.22-13.53.17:166][  0]LogLinker: Warning: Can't find file for asset '/Game/FirstPersonBP/Maps/Menu_BuiltData' while loading ../../../../Cours/2ème Année/Unreal Engine/Projets/PiscnieUnreal/Donjon/Content/FirstPersonBP/Maps/Menu.umap.
[2018.11.22-13.53.17:166][  0]LoadErrors: Error: /Game/FirstPersonBP/Maps/Menu : Can't find file for asset. /Game/FirstPersonBP/Maps/Menu_BuiltData
[2018.11.22-13.53.17:167][  0]LogLinker: Warning: Can't find file '/Game/FirstPersonBP/Maps/Menu_BuiltData'
[2018.11.22-13.53.17:167][  0]LogLinker: Warning: Can't find file for asset '/Game/FirstPersonBP/Maps/Menu_BuiltData' while loading NULL.
[2018.11.22-13.53.17:167][  0]LogLinker: Warning: Can't find file '/Game/FirstPersonBP/Maps/Menu_BuiltData'
[2018.11.22-13.53.17:167][  0]LogLinker: Warning: Can't find file for asset '/Game/FirstPersonBP/Maps/Menu_BuiltData' while loading NULL.
[2018.11.22-13.53.17:186][  0]LogLinker: Warning: Can't find file '/Game/FirstPersonBP/Maps/Menu_BuiltData'
[2018.11.22-13.53.17:186][  0]LoadErrors: Failed to load /Game/FirstPersonBP/Maps/Menu_BuiltData.Menu_BuiltData Referenced by PersistentLevel
[2018.11.22-13.53.17:186][  0]LogLinker: Warning: Can't find file for asset '/Game/FirstPersonBP/Maps/Menu_BuiltData' while loading NULL.
[2018.11.22-13.53.17:186][  0]LoadErrors: Failed to load /Game/FirstPersonBP/Maps/Menu_BuiltData.Menu_BuiltData Referenced by PersistentLevel
[2018.11.22-13.53.17:290][  0]LogAIModule: Creating AISystem for world Menu
[2018.11.22-13.53.17:408][  0]LogEditorServer: Finished looking for orphan Actors (0.000 secs)
[2018.11.22-13.53.17:646][  0]Cmd: MAP CHECKDEP NOCLEARLOG
[2018.11.22-13.53.17:716][  0]MapCheck: Map check complete: 0 Error(s), 0 Warning(s), took 69,72ms to complete.
[2018.11.22-13.53.17:716][  0]LogFileHelpers: Loading map 'Menu' took 2.328
[2018.11.22-13.53.18:881][  0]LogSlate: Updating window title bar state: overlay mode, drag disabled, window buttons hidden, title bar hidden
[2018.11.22-13.53.18:901][  0]LogSlate: Updating window title bar state: overlay mode, drag disabled, window buttons hidden, title bar hidden
[2018.11.22-13.53.18:910][  0]LogSlate: Updating window title bar state: overlay mode, drag disabled, window buttons hidden, title bar hidden
[2018.11.22-13.53.18:919][  0]LogSlate: Updating window title bar state: overlay mode, drag disabled, window buttons hidden, title bar hidden
[2018.11.22-13.53.18:978][  0]LogCollectionManager: Loaded 0 collections in 0.001773 seconds
[2018.11.22-13.53.19:100][  0]LogFileCache: Scanning file cache for directory 'D:/Cours/2ème Année/Unreal Engine/Projets/PiscnieUnreal/Donjon/Saved/Collections/' took 0.01s
[2018.11.22-13.53.19:100][  0]LogFileCache: Scanning file cache for directory 'D:/Cours/2ème Année/Unreal Engine/Projets/PiscnieUnreal/Donjon/Content/Developers/Tom/Collections/' took 0.01s
[2018.11.22-13.53.19:100][  0]LogFileCache: Scanning file cache for directory 'D:/Cours/2ème Année/Unreal Engine/Projets/PiscnieUnreal/Donjon/Content/Collections/' took 0.01s
[2018.11.22-13.53.19:100][  0]LogCollectionManager: Rebuilt the GUID cache for 0 collections in 0.000000 seconds
[2018.11.22-13.53.19:111][  0]LogContentBrowser: Native class hierarchy populated in 0.0104 seconds. Added 2572 classes and 603 folders.
[2018.11.22-13.53.19:174][  0]LogContentBrowser: Native class hierarchy updated for 'WidgetCarousel' in 0.0002 seconds. Added 0 classes and 0 folders.
[2018.11.22-13.53.19:731][  0]LogContentBrowser: Native class hierarchy updated for 'AddContentDialog' in 0.0003 seconds. Added 0 classes and 0 folders.
[2018.11.22-13.53.19:789][  0]LogContentBrowser: Native class hierarchy updated for 'SceneOutliner' in 0.0003 seconds. Added 1 classes and 2 folders.
[2018.11.22-13.53.20:605][  0]LogSlate: Took 0.009036 seconds to synchronously load lazily loaded font '../../../Engine/Content/Slate/Fonts/Roboto-Regular.ttf' (155K)
[2018.11.22-13.53.20:618][  0]LogSlate: Took 0.010165 seconds to synchronously load lazily loaded font '../../../Engine/Content/Slate/Fonts/Roboto-Bold.ttf' (160K)
[2018.11.22-13.53.20:697][  0]LogSlate: Took 0.014464 seconds to synchronously load lazily loaded font '../../../Engine/Content/Editor/Slate/Fonts/FontAwesome.ttf' (139K)
[2018.11.22-13.53.21:002][  0]LogRenderer: Reallocating scene render targets to support 1148x492 Format 10 NumSamples 1 (Frame:1).
[2018.11.22-13.53.21:517][  0]LogContentBrowser: Native class hierarchy updated for 'HierarchicalLODOutliner' in 0.0003 seconds. Added 0 classes and 0 folders.
[2018.11.22-13.53.21:517][  0]LogLoad: (Engine Initialization) Total time: 76.80 seconds
[2018.11.22-13.53.21:517][  0]LogLoad: (Engine Initialization) Total Blueprint compile time: 0.00 seconds
[2018.11.22-13.53.21:688][  0]LogContentStreaming: Texture pool size now 1000 MB
[2018.11.22-13.53.21:715][  0]LogSlate: FSceneViewport::OnFocusLost() reason 2
[2018.11.22-13.53.21:869][  0]LogSlate: Took 0.015991 seconds to synchronously load lazily loaded font '../../../Engine/Content/Slate/Fonts/Roboto-Light.ttf' (167K)
[2018.11.22-13.53.22:126][  3]LogAssetRegistry: Asset discovery search completed in 54.4392 seconds
[2018.11.22-13.53.22:128][  3]LogCollectionManager: Rebuilt the object cache for 0 collections in 0.000000 seconds (found 0 objects)
[2018.11.22-13.53.22:128][  3]LogCollectionManager: Fixed up redirectors for 0 collections in 0.000046 seconds (updated 0 objects)
[2018.11.22-13.53.23:125][  6]LogSlate: Took 0.000431 seconds to synchronously load lazily loaded font '../../../Engine/Content/Slate/Fonts/Roboto-Light.ttf' (167K)
[2018.11.22-13.53.30:849][ 33]LogSlate: Window 'Message Log' being destroyed
[2018.11.22-13.53.30:856][ 33]LogSlate: Window 'Message Log' being destroyed
[2018.11.22-13.53.33:405][321]LogSlate: FSceneViewport::OnFocusLost() reason 0
[2018.11.22-13.54.48:306][ 26]LogTexture: Display: Building textures: Resume (BGRA8, 500X162)
[2018.11.22-13.54.48:306][ 26]LogTexture: Display: Building textures: Main_Menu (BGRA8, 500X162)
[2018.11.22-13.54.49:226][ 26]LogAIModule: Creating AISystem for world PlatformLabyrinthe
[2018.11.22-13.54.49:397][ 26]LogAssetEditorManager: Opening Asset editor for World /Game/FirstPersonBP/Maps/PlatformLabyrinthe.PlatformLabyrinthe
[2018.11.22-13.54.49:473][ 26]Cmd: MAP LOAD FILE="../../../../Cours/2ème Année/Unreal Engine/Projets/PiscnieUnreal/Donjon/Content/FirstPersonBP/Maps/PlatformLabyrinthe.umap" TEMPLATE=0 SHOWPROGRESS=1 FEATURELEVEL=3
[2018.11.22-13.54.49:473][ 26]LightingResults: New page: Lighting Build
[2018.11.22-13.54.49:473][ 26]LoadErrors: New page: Loading map: PlatformLabyrinthe.umap
[2018.11.22-13.54.49:474][ 26]MapCheck: New page: Map Check
[2018.11.22-13.54.49:474][ 26]LightingResults: New page: Lighting Build
[2018.11.22-13.54.49:735][ 26]LogEditorServer: Finished looking for orphan Actors (0.000 secs)
[2018.11.22-13.54.49:791][ 26]Cmd: MAP CHECKDEP NOCLEARLOG
[2018.11.22-13.54.49:879][ 26]MapCheck: Map check complete: 0 Error(s), 0 Warning(s), took 87,664ms to complete.
[2018.11.22-13.54.49:881][ 26]LogFileHelpers: Loading map 'PlatformLabyrinthe' took 0.420
[2018.11.22-13.55.10:129][132]LogSlate: FSceneViewport::OnFocusLost() reason 2
[2018.11.22-13.55.14:520][651]LogBlueprintUserMessages: Early PlayInEditor Detection: Level '/Game/FirstPersonBP/Maps/PlatformLabyrinthe.PlatformLabyrinthe:PersistentLevel' has LevelScriptBlueprint '/Game/FirstPersonBP/Maps/PlatformLabyrinthe.PlatformLabyrinthe:PersistentLevel.PlatformLabyrinthe' with GeneratedClass '/Game/FirstPersonBP/Maps/PlatformLabyrinthe.PlatformLabyrinthe_C' with ClassGeneratedBy '/Game/FirstPersonBP/Maps/PlatformLabyrinthe.PlatformLabyrinthe:PersistentLevel.PlatformLabyrinthe'
[2018.11.22-13.55.14:520][651]LogPlayLevel: PlayLevel: No blueprints needed recompiling
[2018.11.22-13.55.14:588][651]PIE: New page: PIE session: PlatformLabyrinthe (22 nov. 2018 15:55:14)
[2018.11.22-13.55.14:588][651]LogPlayLevel: Creating play world package: /Game/FirstPersonBP/Maps/UEDPIE_0_PlatformLabyrinthe
[2018.11.22-13.55.14:691][651]LogPlayLevel: PIE: StaticDuplicateObject took: (0.103748s)
[2018.11.22-13.55.14:693][651]LogAIModule: Creating AISystem for world PlatformLabyrinthe
[2018.11.22-13.55.14:693][651]LogPlayLevel: PIE: World Init took: (0.001276s)
[2018.11.22-13.55.14:693][651]LogPlayLevel: PIE: Created PIE world by copying editor world from /Game/FirstPersonBP/Maps/PlatformLabyrinthe.PlatformLabyrinthe to /Game/FirstPersonBP/Maps/UEDPIE_0_PlatformLabyrinthe.PlatformLabyrinthe (0.105349s)
[2018.11.22-13.55.14:724][651]LogInit: XAudio2 using 'Speakers (Realtek High Definition Audio)' : 2 channels at 48 kHz using 32 bits per sample (channel mask 0x3)
[2018.11.22-13.55.14:789][651]LogInit: FAudioDevice initialized.
[2018.11.22-13.55.14:795][651]LogSlate: FSceneViewport::OnFocusLost() reason 2
[2018.11.22-13.55.14:837][651]LogLoad: Game class is 'FirstPersonGameMode_C'
[2018.11.22-13.55.14:860][651]LogWorld: Bringing World /Game/FirstPersonBP/Maps/UEDPIE_0_PlatformLabyrinthe.PlatformLabyrinthe up for play (max tick rate 0) at 2018.11.22-14.55.14
[2018.11.22-13.55.14:911][651]LogWorld: Bringing up level for play took: 0.062418
[2018.11.22-13.55.14:986][651]LogContentBrowser: Native class hierarchy updated for 'MovieSceneCapture' in 0.0003 seconds. Added 10 classes and 0 folders.
[2018.11.22-13.55.15:056][651]PIE: Play in editor start time for /Game/FirstPersonBP/Maps/UEDPIE_0_PlatformLabyrinthe 1,086
[2018.11.22-13.55.15:056][651]LogBlueprintUserMessages: Late PlayInEditor Detection: Level '/Game/FirstPersonBP/Maps/PlatformLabyrinthe.PlatformLabyrinthe:PersistentLevel' has LevelScriptBlueprint '/Game/FirstPersonBP/Maps/PlatformLabyrinthe.PlatformLabyrinthe:PersistentLevel.PlatformLabyrinthe' with GeneratedClass '/Game/FirstPersonBP/Maps/PlatformLabyrinthe.PlatformLabyrinthe_C' with ClassGeneratedBy '/Game/FirstPersonBP/Maps/PlatformLabyrinthe.PlatformLabyrinthe:PersistentLevel.PlatformLabyrinthe'
[2018.11.22-13.55.15:175][652]LogCharacterMovement: Warning: GetSimulationTimeStep() - Max iterations 8 hit while remaining time 0.091967 > MaxSimulationTimeStep (0.050) for 'FirstPersonCharacter_C_1', movement 'Walking'
[2018.11.22-13.55.20:156][998]LogBlueprintUserMessages: Early EndPlayMap Detection: Level '/Game/FirstPersonBP/Maps/PlatformLabyrinthe.PlatformLabyrinthe:PersistentLevel' has LevelScriptBlueprint '/Game/FirstPersonBP/Maps/PlatformLabyrinthe.PlatformLabyrinthe:PersistentLevel.PlatformLabyrinthe' with GeneratedClass '/Game/FirstPersonBP/Maps/PlatformLabyrinthe.PlatformLabyrinthe_C' with ClassGeneratedBy '/Game/FirstPersonBP/Maps/PlatformLabyrinthe.PlatformLabyrinthe:PersistentLevel.PlatformLabyrinthe'
[2018.11.22-13.55.20:200][998]LogSlate: Updating window title bar state: overlay mode, drag disabled, window buttons hidden, title bar hidden
[2018.11.22-13.55.20:239][998]LogPlayLevel: Display: Shutting down PIE online subsystems
[2018.11.22-13.55.20:241][998]LogBlueprintUserMessages: Late EndPlayMap Detection: Level '/Game/FirstPersonBP/Maps/PlatformLabyrinthe.PlatformLabyrinthe:PersistentLevel' has LevelScriptBlueprint '/Game/FirstPersonBP/Maps/PlatformLabyrinthe.PlatformLabyrinthe:PersistentLevel.PlatformLabyrinthe' with GeneratedClass '/Game/FirstPersonBP/Maps/PlatformLabyrinthe.PlatformLabyrinthe_C' with ClassGeneratedBy '/Game/FirstPersonBP/Maps/PlatformLabyrinthe.PlatformLabyrinthe:PersistentLevel.PlatformLabyrinthe'
[2018.11.22-13.55.20:267][998]LogSlate: Updating window title bar state: overlay mode, drag disabled, window buttons hidden, title bar hidden
[2018.11.22-13.55.20:303][999]LogPlayLevel: Display: Destroying online subsystem :Context_1
[2018.11.22-13.55.21:210][ 65]LogSlate: FSceneViewport::OnFocusLost() reason 0
[2018.11.22-13.55.21:509][ 85]LogLinker: Warning: Can't find file '/Game/FirstPersonBP/Maps/Menu_BuiltData'
[2018.11.22-13.55.21:509][ 85]LogLinker: Warning: Can't find file for asset '/Game/FirstPersonBP/Maps/Menu_BuiltData' while loading ../../../../Cours/2ème Année/Unreal Engine/Projets/PiscnieUnreal/Donjon/Content/FirstPersonBP/Maps/Menu.umap.
[2018.11.22-13.55.21:509][ 85]LoadErrors: Error: /Game/FirstPersonBP/Maps/Menu : Can't find file for asset. /Game/FirstPersonBP/Maps/Menu_BuiltData
[2018.11.22-13.55.21:510][ 85]LogLinker: Warning: Can't find file '/Game/FirstPersonBP/Maps/Menu_BuiltData'
[2018.11.22-13.55.21:510][ 85]LogLinker: Warning: Can't find file for asset '/Game/FirstPersonBP/Maps/Menu_BuiltData' while loading ../../../../Cours/2ème Année/Unreal Engine/Projets/PiscnieUnreal/Donjon/Content/FirstPersonBP/Maps/Menu.umap.
[2018.11.22-13.55.21:511][ 85]LogLinker: Warning: Can't find file '/Game/FirstPersonBP/Maps/Menu_BuiltData'
[2018.11.22-13.55.21:511][ 85]LogLinker: Warning: Can't find file for asset '/Game/FirstPersonBP/Maps/Menu_BuiltData' while loading NULL.
[2018.11.22-13.55.21:511][ 85]LogLinker: Warning: Can't find file '/Game/FirstPersonBP/Maps/Menu_BuiltData'
[2018.11.22-13.55.21:511][ 85]LogLinker: Warning: Can't find file for asset '/Game/FirstPersonBP/Maps/Menu_BuiltData' while loading NULL.
[2018.11.22-13.55.21:514][ 85]LogLinker: Warning: Can't find file '/Game/FirstPersonBP/Maps/Menu_BuiltData'
[2018.11.22-13.55.21:514][ 85]LoadErrors: Failed to load /Game/FirstPersonBP/Maps/Menu_BuiltData.Menu_BuiltData Referenced by PersistentLevel
[2018.11.22-13.55.21:514][ 85]LogLinker: Warning: Can't find file for asset '/Game/FirstPersonBP/Maps/Menu_BuiltData' while loading NULL.
[2018.11.22-13.55.21:517][ 85]LogAIModule: Creating AISystem for world Menu
[2018.11.22-13.55.21:519][ 85]LogAssetEditorManager: Opening Asset editor for World /Game/FirstPersonBP/Maps/Menu.Menu
[2018.11.22-13.55.21:541][ 85]Cmd: MAP LOAD FILE="../../../../Cours/2ème Année/Unreal Engine/Projets/PiscnieUnreal/Donjon/Content/FirstPersonBP/Maps/Menu.umap" TEMPLATE=0 SHOWPROGRESS=1 FEATURELEVEL=3
[2018.11.22-13.55.21:541][ 85]LightingResults: New page: Lighting Build
[2018.11.22-13.55.21:542][ 85]LoadErrors: New page: Loading map: Menu.umap
[2018.11.22-13.55.21:545][ 85]MapCheck: New page: Map Check
[2018.11.22-13.55.21:545][ 85]LightingResults: New page: Lighting Build
[2018.11.22-13.55.21:624][ 85]LogEditorServer: Finished looking for orphan Actors (0.000 secs)
[2018.11.22-13.55.21:677][ 85]Cmd: MAP CHECKDEP NOCLEARLOG
[2018.11.22-13.55.21:765][ 85]MapCheck: Map check complete: 0 Error(s), 0 Warning(s), took 87,871ms to complete.
[2018.11.22-13.55.21:767][ 85]LogFileHelpers: Loading map 'Menu' took 0.226
[2018.11.22-13.55.22:637][182]LogSlate: FSceneViewport::OnFocusLost() reason 0
[2018.11.22-13.55.22:695][189]LogTemp: Repeating last play command: Selected Viewport
[2018.11.22-13.55.22:714][189]LogBlueprintUserMessages: Early PlayInEditor Detection: Level '/Game/FirstPersonBP/Maps/Menu.Menu:PersistentLevel' has LevelScriptBlueprint '/Game/FirstPersonBP/Maps/Menu.Menu:PersistentLevel.Menu' with GeneratedClass '/Game/FirstPersonBP/Maps/Menu.Menu_C' with ClassGeneratedBy '/Game/FirstPersonBP/Maps/Menu.Menu:PersistentLevel.Menu'
[2018.11.22-13.55.22:714][189]LogPlayLevel: PlayLevel: No blueprints needed recompiling
[2018.11.22-13.55.22:714][189]PIE: New page: PIE session: Menu (22 nov. 2018 15:55:22)
[2018.11.22-13.55.22:714][189]LogPlayLevel: Creating play world package: /Game/FirstPersonBP/Maps/UEDPIE_0_Menu
[2018.11.22-13.55.22:716][189]LogPlayLevel: PIE: StaticDuplicateObject took: (0.001045s)
[2018.11.22-13.55.22:716][189]LogAIModule: Creating AISystem for world Menu
[2018.11.22-13.55.22:716][189]LogPlayLevel: PIE: World Init took: (0.000575s)
[2018.11.22-13.55.22:716][189]LogPlayLevel: PIE: Created PIE world by copying editor world from /Game/FirstPersonBP/Maps/Menu.Menu to /Game/FirstPersonBP/Maps/UEDPIE_0_Menu.Menu (0.001724s)
[2018.11.22-13.55.22:743][189]LogInit: XAudio2 using 'Speakers (Realtek High Definition Audio)' : 2 channels at 48 kHz using 32 bits per sample (channel mask 0x3)
[2018.11.22-13.55.22:806][189]LogInit: FAudioDevice initialized.
[2018.11.22-13.55.22:836][189]LogLoad: Game class is 'FirstPersonGameMode_C'
[2018.11.22-13.55.22:838][189]LogWorld: Bringing World /Game/FirstPersonBP/Maps/UEDPIE_0_Menu.Menu up for play (max tick rate 0) at 2018.11.22-14.55.22
[2018.11.22-13.55.22:838][189]LogWorld: Bringing up level for play took: 0.000297
[2018.11.22-13.55.22:891][189]PIE: Play in editor start time for /Game/FirstPersonBP/Maps/UEDPIE_0_Menu 0,922
[2018.11.22-13.55.22:891][189]LogBlueprintUserMessages: Late PlayInEditor Detection: Level '/Game/FirstPersonBP/Maps/Menu.Menu:PersistentLevel' has LevelScriptBlueprint '/Game/FirstPersonBP/Maps/Menu.Menu:PersistentLevel.Menu' with GeneratedClass '/Game/FirstPersonBP/Maps/Menu.Menu_C' with ClassGeneratedBy '/Game/FirstPersonBP/Maps/Menu.Menu:PersistentLevel.Menu'
[2018.11.22-13.55.23:932][307]LogNet: Browse: /Game/FirstPersonBP/Maps/Collectibles_Grappin_Ennemis
[2018.11.22-13.55.23:932][307]LogLoad: LoadMap: /Game/FirstPersonBP/Maps/Collectibles_Grappin_Ennemis
[2018.11.22-13.55.24:159][307]LogLinker: Warning: Can't find file '/Game/FirstPersonBP/Maps/Collectibles_Grappin_Ennemis_BuiltData'
[2018.11.22-13.55.24:159][307]LogLinker: Warning: Can't find file for asset '/Game/FirstPersonBP/Maps/Collectibles_Grappin_Ennemis_BuiltData' while loading ../../../../Cours/2ème Année/Unreal Engine/Projets/PiscnieUnreal/Donjon/Content/FirstPersonBP/Maps/Collectibles_Grappin_Ennemis.umap.
[2018.11.22-13.55.24:159][307]LoadErrors: Error: /Game/FirstPersonBP/Maps/Collectibles_Grappin_Ennemis : Can't find file for asset. /Game/FirstPersonBP/Maps/Collectibles_Grappin_Ennemis_BuiltData
[2018.11.22-13.55.24:614][307]LogLinker: Warning: Can't find file '/Game/FirstPersonBP/Maps/Collectibles_Grappin_Ennemis_BuiltData'
[2018.11.22-13.55.24:614][307]LogLinker: Warning: Can't find file for asset '/Game/FirstPersonBP/Maps/Collectibles_Grappin_Ennemis_BuiltData' while loading ../../../../Cours/2ème Année/Unreal Engine/Projets/PiscnieUnreal/Donjon/Content/FirstPersonBP/Maps/Collectibles_Grappin_Ennemis.umap.
[2018.11.22-13.55.25:236][307]LogLinker: Warning: Can't find file '/Game/FirstPersonBP/Maps/Collectibles_Grappin_Ennemis_BuiltData'
[2018.11.22-13.55.25:236][307]LogLinker: Warning: Can't find file for asset '/Game/FirstPersonBP/Maps/Collectibles_Grappin_Ennemis_BuiltData' while loading NULL.
[2018.11.22-13.55.25:236][307]LogLinker: Warning: Can't find file '/Game/FirstPersonBP/Maps/Collectibles_Grappin_Ennemis_BuiltData'
[2018.11.22-13.55.25:237][307]LogLinker: Warning: Can't find file for asset '/Game/FirstPersonBP/Maps/Collectibles_Grappin_Ennemis_BuiltData' while loading NULL.
[2018.11.22-13.55.25:316][307]LogLinker: Warning: Can't find file '/Game/FirstPersonBP/Maps/Collectibles_Grappin_Ennemis_BuiltData'
[2018.11.22-13.55.25:316][307]LoadErrors: Failed to load /Game/FirstPersonBP/Maps/Collectibles_Grappin_Ennemis_BuiltData.Collectibles_Grappin_Ennemis_BuiltData Referenced by PersistentLevel
[2018.11.22-13.55.25:316][307]LogLinker: Warning: Can't find file for asset '/Game/FirstPersonBP/Maps/Collectibles_Grappin_Ennemis_BuiltData' while loading NULL.
[2018.11.22-13.55.29:206][307]LogAIModule: Creating AISystem for world Collectibles_Grappin_Ennemis
[2018.11.22-13.55.29:207][307]LogLoad: Game class is 'FirstPersonGameMode_C'
[2018.11.22-13.55.29:248][307]LogWorld: Bringing World /Game/FirstPersonBP/Maps/UEDPIE_0_Collectibles_Grappin_Ennemis.Collectibles_Grappin_Ennemis up for play (max tick rate 0) at 2018.11.22-14.55.29
[2018.11.22-13.55.29:306][307]LogWorld: Bringing up level for play took: 0.097809
[2018.11.22-13.55.29:308][307]LogLoad: Took 5.376288 seconds to LoadMap(/Game/FirstPersonBP/Maps/Collectibles_Grappin_Ennemis)
[2018.11.22-13.55.39:468][512]LogBlueprintUserMessages: Early EndPlayMap Detection: Level '/Game/FirstPersonBP/Maps/Menu.Menu:PersistentLevel' has LevelScriptBlueprint '/Game/FirstPersonBP/Maps/Menu.Menu:PersistentLevel.Menu' with GeneratedClass '/Game/FirstPersonBP/Maps/Menu.Menu_C' with ClassGeneratedBy '/Game/FirstPersonBP/Maps/Menu.Menu:PersistentLevel.Menu'
[2018.11.22-13.55.39:468][512]LogSlate: Updating window title bar state: overlay mode, drag disabled, window buttons hidden, title bar hidden
[2018.11.22-13.55.39:504][512]LogPlayLevel: Display: Shutting down PIE online subsystems
[2018.11.22-13.55.39:504][512]LogBlueprintUserMessages: Late EndPlayMap Detection: Level '/Game/FirstPersonBP/Maps/Menu.Menu:PersistentLevel' has LevelScriptBlueprint '/Game/FirstPersonBP/Maps/Menu.Menu:PersistentLevel.Menu' with GeneratedClass '/Game/FirstPersonBP/Maps/Menu.Menu_C' with ClassGeneratedBy '/Game/FirstPersonBP/Maps/Menu.Menu:PersistentLevel.Menu'
[2018.11.22-13.55.39:532][512]LogSlate: Updating window title bar state: overlay mode, drag disabled, window buttons hidden, title bar hidden
[2018.11.22-13.55.39:573][516]LogPlayLevel: Display: Destroying online subsystem :Context_2
[2018.11.22-13.55.40:799][658]LogEditorViewport: Clicking Background
[2018.11.22-13.55.42:227][829]LogEditorViewport: Clicking Background
[2018.11.22-13.55.42:630][877]LogEditorViewport: Clicking Background
[2018.11.22-13.55.42:880][907]LogEditorViewport: Clicking Background
[2018.11.22-13.55.43:799][ 17]LogSlate: FSceneViewport::OnFocusLost() reason 0
[2018.11.22-13.55.43:866][ 25]LogTemp: Repeating last play command: Selected Viewport
[2018.11.22-13.55.43:884][ 25]LogBlueprintUserMessages: Early PlayInEditor Detection: Level '/Game/FirstPersonBP/Maps/Menu.Menu:PersistentLevel' has LevelScriptBlueprint '/Game/FirstPersonBP/Maps/Menu.Menu:PersistentLevel.Menu' with GeneratedClass '/Game/FirstPersonBP/Maps/Menu.Menu_C' with ClassGeneratedBy '/Game/FirstPersonBP/Maps/Menu.Menu:PersistentLevel.Menu'
[2018.11.22-13.55.43:885][ 25]LogPlayLevel: PlayLevel: No blueprints needed recompiling
[2018.11.22-13.55.43:885][ 25]PIE: New page: PIE session: Menu (22 nov. 2018 15:55:43)
[2018.11.22-13.55.43:885][ 25]LogPlayLevel: Creating play world package: /Game/FirstPersonBP/Maps/UEDPIE_0_Menu
[2018.11.22-13.55.43:886][ 25]LogPlayLevel: PIE: StaticDuplicateObject took: (0.000888s)
[2018.11.22-13.55.43:886][ 25]LogAIModule: Creating AISystem for world Menu
[2018.11.22-13.55.43:886][ 25]LogPlayLevel: PIE: World Init took: (0.000572s)
[2018.11.22-13.55.43:886][ 25]LogPlayLevel: PIE: Created PIE world by copying editor world from /Game/FirstPersonBP/Maps/Menu.Menu to /Game/FirstPersonBP/Maps/UEDPIE_0_Menu.Menu (0.001560s)
[2018.11.22-13.55.43:913][ 25]LogInit: XAudio2 using 'Speakers (Realtek High Definition Audio)' : 2 channels at 48 kHz using 32 bits per sample (channel mask 0x3)
[2018.11.22-13.55.43:976][ 25]LogInit: FAudioDevice initialized.
[2018.11.22-13.55.44:005][ 25]LogLoad: Game class is 'FirstPersonGameMode_C'
[2018.11.22-13.55.44:007][ 25]LogWorld: Bringing World /Game/FirstPersonBP/Maps/UEDPIE_0_Menu.Menu up for play (max tick rate 0) at 2018.11.22-14.55.44
[2018.11.22-13.55.44:007][ 25]LogWorld: Bringing up level for play took: 0.000419
[2018.11.22-13.55.44:022][ 25]PIE: Play in editor start time for /Game/FirstPersonBP/Maps/UEDPIE_0_Menu 0,052
[2018.11.22-13.55.44:022][ 25]LogBlueprintUserMessages: Late PlayInEditor Detection: Level '/Game/FirstPersonBP/Maps/Menu.Menu:PersistentLevel' has LevelScriptBlueprint '/Game/FirstPersonBP/Maps/Menu.Menu:PersistentLevel.Menu' with GeneratedClass '/Game/FirstPersonBP/Maps/Menu.Menu_C' with ClassGeneratedBy '/Game/FirstPersonBP/Maps/Menu.Menu:PersistentLevel.Menu'
[2018.11.22-13.55.45:244][171]LogSlate: FSceneViewport::OnFocusLost() reason 0
[2018.11.22-13.55.45:312][179]LogNet: Browse: /Game/FirstPersonBP/Maps/Collectibles_Grappin_Ennemis
[2018.11.22-13.55.45:312][179]LogLoad: LoadMap: /Game/FirstPersonBP/Maps/Collectibles_Grappin_Ennemis
[2018.11.22-13.55.45:494][179]LogLinker: Warning: Can't find file '/Game/FirstPersonBP/Maps/Collectibles_Grappin_Ennemis_BuiltData'
[2018.11.22-13.55.45:494][179]LogLinker: Warning: Can't find file for asset '/Game/FirstPersonBP/Maps/Collectibles_Grappin_Ennemis_BuiltData' while loading ../../../../Cours/2ème Année/Unreal Engine/Projets/PiscnieUnreal/Donjon/Content/FirstPersonBP/Maps/Collectibles_Grappin_Ennemis.umap.
[2018.11.22-13.55.45:572][179]LogLinker: Warning: Can't find file '/Game/FirstPersonBP/Maps/Collectibles_Grappin_Ennemis_BuiltData'
[2018.11.22-13.55.45:572][179]LogLinker: Warning: Can't find file for asset '/Game/FirstPersonBP/Maps/Collectibles_Grappin_Ennemis_BuiltData' while loading ../../../../Cours/2ème Année/Unreal Engine/Projets/PiscnieUnreal/Donjon/Content/FirstPersonBP/Maps/Collectibles_Grappin_Ennemis.umap.
[2018.11.22-13.55.45:635][179]LogLinker: Warning: Can't find file '/Game/FirstPersonBP/Maps/Collectibles_Grappin_Ennemis_BuiltData'
[2018.11.22-13.55.45:635][179]LogLinker: Warning: Can't find file for asset '/Game/FirstPersonBP/Maps/Collectibles_Grappin_Ennemis_BuiltData' while loading NULL.
[2018.11.22-13.55.45:635][179]LogLinker: Warning: Can't find file '/Game/FirstPersonBP/Maps/Collectibles_Grappin_Ennemis_BuiltData'
[2018.11.22-13.55.45:635][179]LogLinker: Warning: Can't find file for asset '/Game/FirstPersonBP/Maps/Collectibles_Grappin_Ennemis_BuiltData' while loading NULL.
[2018.11.22-13.55.45:701][179]LogLinker: Warning: Can't find file '/Game/FirstPersonBP/Maps/Collectibles_Grappin_Ennemis_BuiltData'
[2018.11.22-13.55.45:701][179]LogLinker: Warning: Can't find file for asset '/Game/FirstPersonBP/Maps/Collectibles_Grappin_Ennemis_BuiltData' while loading NULL.
[2018.11.22-13.55.45:803][179]LogAIModule: Creating AISystem for world Collectibles_Grappin_Ennemis
[2018.11.22-13.55.45:803][179]LogLoad: Game class is 'FirstPersonGameMode_C'
[2018.11.22-13.55.45:825][179]LogWorld: Bringing World /Game/FirstPersonBP/Maps/UEDPIE_0_Collectibles_Grappin_Ennemis.Collectibles_Grappin_Ennemis up for play (max tick rate 0) at 2018.11.22-14.55.45
[2018.11.22-13.55.45:827][179]LogWorld: Bringing up level for play took: 0.022165
[2018.11.22-13.55.45:829][179]LogLoad: Took 0.516522 seconds to LoadMap(/Game/FirstPersonBP/Maps/Collectibles_Grappin_Ennemis)
[2018.11.22-13.55.47:971][431]LogBlueprintUserMessages: Early EndPlayMap Detection: Level '/Game/FirstPersonBP/Maps/Menu.Menu:PersistentLevel' has LevelScriptBlueprint '/Game/FirstPersonBP/Maps/Menu.Menu:PersistentLevel.Menu' with GeneratedClass '/Game/FirstPersonBP/Maps/Menu.Menu_C' with ClassGeneratedBy '/Game/FirstPersonBP/Maps/Menu.Menu:PersistentLevel.Menu'
[2018.11.22-13.55.47:971][431]LogSlate: Updating window title bar state: overlay mode, drag disabled, window buttons hidden, title bar hidden
[2018.11.22-13.55.48:006][431]LogPlayLevel: Display: Shutting down PIE online subsystems
[2018.11.22-13.55.48:006][431]LogBlueprintUserMessages: Late EndPlayMap Detection: Level '/Game/FirstPersonBP/Maps/Menu.Menu:PersistentLevel' has LevelScriptBlueprint '/Game/FirstPersonBP/Maps/Menu.Menu:PersistentLevel.Menu' with GeneratedClass '/Game/FirstPersonBP/Maps/Menu.Menu_C' with ClassGeneratedBy '/Game/FirstPersonBP/Maps/Menu.Menu:PersistentLevel.Menu'
[2018.11.22-13.55.48:033][431]LogSlate: Updating window title bar state: overlay mode, drag disabled, window buttons hidden, title bar hidden
[2018.11.22-13.55.48:074][435]LogPlayLevel: Display: Destroying online subsystem :Context_3
[2018.11.22-13.55.49:069][553]LogSlate: FSceneViewport::OnFocusLost() reason 2
[2018.11.22-13.57.08:054][403]LogSlate: FSceneViewport::OnFocusLost() reason 0
[2018.11.22-13.58.25:462][640]LogAIModule: Creating AISystem for world PlatformLabyrinthe
[2018.11.22-13.58.25:506][640]LogAssetEditorManager: Opening Asset editor for World /Game/FirstPersonBP/Maps/PlatformLabyrinthe.PlatformLabyrinthe
[2018.11.22-13.58.25:533][640]Cmd: MAP LOAD FILE="../../../../Cours/2ème Année/Unreal Engine/Projets/PiscnieUnreal/Donjon/Content/FirstPersonBP/Maps/PlatformLabyrinthe.umap" TEMPLATE=0 SHOWPROGRESS=1 FEATURELEVEL=3
[2018.11.22-13.58.25:533][640]LightingResults: New page: Lighting Build
[2018.11.22-13.58.25:533][640]LoadErrors: New page: Loading map: PlatformLabyrinthe.umap
[2018.11.22-13.58.25:534][640]MapCheck: New page: Map Check
[2018.11.22-13.58.25:534][640]LightingResults: New page: Lighting Build
[2018.11.22-13.58.25:695][640]LogEditorServer: Finished looking for orphan Actors (0.000 secs)
[2018.11.22-13.58.25:756][640]Cmd: MAP CHECKDEP NOCLEARLOG
[2018.11.22-13.58.25:866][640]MapCheck: Map check complete: 0 Error(s), 0 Warning(s), took 110,351ms to complete.
[2018.11.22-13.58.25:866][640]LogFileHelpers: Loading map 'PlatformLabyrinthe' took 0.335
[2018.11.22-13.58.30:632][180]LogSlate: FSceneViewport::OnFocusLost() reason 0
[2018.11.22-13.58.34:765][628]Cmd: SELECT NONE
