Log file open, 11/20/18 16:46:53
LogWindows: Failed to load 'aqProf.dll' (GetLastError=126)
LogWindows: File 'aqProf.dll' does not exist
LogWindows: Failed to load 'VSPerf140.dll' (GetLastError=126)
LogWindows: File 'VSPerf140.dll' does not exist
LogWindows: Failed to load 'VtuneApi.dll' (GetLastError=126)
LogWindows: File 'VtuneApi.dll' does not exist
LogWindows: Failed to load 'VtuneApi32e.dll' (GetLastError=126)
LogWindows: File 'VtuneApi32e.dll' does not exist
LogInit: Display: Running engine for game: Donjon
LogPlatformFile: Not using cached read wrapper
LogTaskGraph: Started task graph with 5 named threads and 23 total threads with 3 sets of task threads.
LogStats: Stats thread started at 0.296440
LogD3D11RHI: Loaded GFSDK_Aftermath_Lib.x64.dll
LogICUInternationalization: Display: ICU TimeZone Detection - Raw Offset: +1:00, Platform Override: ''
LogPluginManager: Mounting plugin Paper2D
LogPluginManager: Mounting plugin AISupport
LogPluginManager: Mounting plugin LightPropagationVolume
LogPluginManager: Mounting plugin CLionSourceCodeAccess
LogPluginManager: Mounting plugin CodeLiteSourceCodeAccess
LogPluginManager: Mounting plugin GitSourceControl
LogPluginManager: Mounting plugin KDevelopSourceCodeAccess
LogPluginManager: Mounting plugin NullSourceCodeAccess
LogPluginManager: Mounting plugin PerforceSourceControl
LogPluginManager: Mounting plugin SubversionSourceControl
LogPluginManager: Mounting plugin UObjectPlugin
LogPluginManager: Mounting plugin VisualStudioCodeSourceCodeAccess
LogPluginManager: Mounting plugin VisualStudioSourceCodeAccess
LogPluginManager: Mounting plugin XCodeSourceCodeAccess
LogPluginManager: Mounting plugin AssetManagerEditor
LogPluginManager: Mounting plugin CryptoKeys
LogPluginManager: Mounting plugin DataValidation
LogPluginManager: Mounting plugin FacialAnimation
LogPluginManager: Mounting plugin GameplayTagsEditor
LogPluginManager: Mounting plugin MacGraphicsSwitching
LogPluginManager: Mounting plugin MeshEditor
LogPluginManager: Mounting plugin MobileLauncherProfileWizard
LogPluginManager: Mounting plugin PluginBrowser
LogPluginManager: Mounting plugin SpeedTreeImporter
LogPluginManager: Mounting plugin DatasmithContent
LogPluginManager: Mounting plugin AlembicImporter
LogPluginManager: Mounting plugin AppleImageUtils
LogPluginManager: Mounting plugin AppleVision
LogPluginManager: Mounting plugin BackChannel
LogPluginManager: Mounting plugin CharacterAI
LogPluginManager: Mounting plugin GeometryCache
LogPluginManager: Mounting plugin HTML5Networking
LogPluginManager: Mounting plugin ProxyLODPlugin
LogPluginManager: Mounting plugin MagicLeap
LogPluginManager: Mounting plugin MagicLeapEmulator
LogPluginManager: Mounting plugin MagicLeapMedia
LogPluginManager: Mounting plugin AndroidMedia
LogPluginManager: Mounting plugin AvfMedia
LogPluginManager: Mounting plugin ImgMedia
LogPluginManager: Mounting plugin LinearTimecode
LogPluginManager: Mounting plugin MediaCompositing
LogPluginManager: Mounting plugin MediaPlayerEditor
LogPluginManager: Mounting plugin WmfMedia
LogPluginManager: Mounting plugin TcpMessaging
LogPluginManager: Mounting plugin UdpMessaging
LogPluginManager: Mounting plugin ActorSequence
LogPluginManager: Mounting plugin LevelSequenceEditor
LogPluginManager: Mounting plugin MatineeToLevelSequence
LogPluginManager: Mounting plugin NetcodeUnitTest
LogPluginManager: Mounting plugin NUTUnrealEngine4
LogPluginManager: Mounting plugin OnlineSubsystemGooglePlay
LogPluginManager: Mounting plugin OnlineSubsystemIOS
LogPluginManager: Mounting plugin OnlineSubsystem
LogPluginManager: Mounting plugin OnlineSubsystemNull
LogPluginManager: Mounting plugin OnlineSubsystemUtils
LogPluginManager: Mounting plugin LauncherChunkInstaller
LogPluginManager: Mounting plugin AndroidDeviceProfileSelector
LogPluginManager: Mounting plugin AndroidMoviePlayer
LogPluginManager: Mounting plugin AndroidPermission
LogPluginManager: Mounting plugin AppleMoviePlayer
LogPluginManager: Mounting plugin ArchVisCharacter
LogPluginManager: Mounting plugin AudioCapture
LogPluginManager: Mounting plugin CableComponent
LogPluginManager: Mounting plugin CustomMeshComponent
LogPluginManager: Mounting plugin EditableMesh
LogPluginManager: Mounting plugin ExampleDeviceProfileSelector
LogPluginManager: Mounting plugin GoogleCloudMessaging
LogPluginManager: Mounting plugin ImmediatePhysics
LogPluginManager: Mounting plugin IOSDeviceProfileSelector
LogPluginManager: Mounting plugin LinuxDeviceProfileSelector
LogPluginManager: Mounting plugin LocationServicesBPLibrary
LogPluginManager: Mounting plugin MobilePatchingUtils
LogPluginManager: Mounting plugin OculusVR
LogPluginManager: Plugin shader directory ../../../Engine/Plugins/Runtime/Oculus/OculusVR/Shaders found
LogPluginManager: Mapping shader source directory ../../../Engine/Plugins/Runtime/Oculus/OculusVR/Shaders to virtual directory /Plugin/OculusVR
LogPluginManager: Mounting plugin PhysXVehicles
LogPluginManager: Mounting plugin ProceduralMeshComponent
LogPluginManager: Mounting plugin RuntimePhysXCooking
LogPluginManager: Mounting plugin SteamVR
LogPluginManager: Mounting plugin WindowsMoviePlayer
LogStreaming: Display: Took  0.103s to configure plugins.
LogInit: Using libcurl 7.55.1-DEV
LogInit:  - built for x86_64-pc-win32
LogInit:  - supports SSL with OpenSSL/1.0.2h
LogInit:  - supports HTTP deflate (compression) using libz 1.2.8
LogInit:  - other features:
LogInit:      CURL_VERSION_SSL
LogInit:      CURL_VERSION_LIBZ
LogInit:      CURL_VERSION_IPV6
LogInit:      CURL_VERSION_ASYNCHDNS
LogInit:      CURL_VERSION_LARGEFILE
LogInit:      CURL_VERSION_IDN
LogInit:  CurlRequestOptions (configurable via config and command line):
LogInit:  - bVerifyPeer = false  - Libcurl will NOT verify peer certificate
LogInit:  - bUseHttpProxy = false  - Libcurl will NOT use HTTP proxy
LogInit:  - bDontReuseConnections = false  - Libcurl will reuse connections
LogInit:  - CertBundlePath = nullptr  - Libcurl will use whatever was configured at build time.
LogInit:  - MaxHostConnections = 16  - Libcurl will limit the number of connections to a host
LogInit:  - LocalHostAddr = Default
LogInit:  - BufferSize = 65536
LogInit: WinSock: version 1.1 (2.2), MaxSocks=32767, MaxUdp=65467
LogInit: Build: ++UE4+Release-4.20-CL-4369336
LogInit: Engine Version: 4.20.3-4369336+++UE4+Release-4.20
LogInit: Compatible Engine Version: 4.20.0-4212847+++UE4+Release-4.20
LogInit: Net CL: 4212847
LogInit: OS: Windows 10 (), CPU: Intel(R) Core(TM) i7-6700HQ CPU @ 2.60GHz, GPU: NVIDIA GeForce GTX 970M
LogInit: Compiled (64-bit): Sep 17 2018 12:26:19
LogInit: Compiled with Visual C++: 19.13.26129.00
LogInit: Build Configuration: Development
LogInit: Branch Name: ++UE4+Release-4.20
LogInit: Command Line:  
LogInit: Base Directory: D:/UE_4.20/Engine/Binaries/Win64/
LogInit: Installed Engine Build: 1
LogDevObjectVersion: Number of dev versions registered: 20
LogDevObjectVersion:   Dev-Blueprints (B0D832E4-1F89-4F0D-ACCF-7EB736FD4AA2): 10
LogDevObjectVersion:   Dev-Build (E1C64328-A22C-4D53-A36C-8E866417BD8C): 0
LogDevObjectVersion:   Dev-Core (375EC13C-06E4-48FB-B500-84F0262A717E): 2
LogDevObjectVersion:   Dev-Editor (E4B068ED-F494-42E9-A231-DA0B2E46BB41): 24
LogDevObjectVersion:   Dev-Framework (CFFC743F-43B0-4480-9391-14DF171D2073): 34
LogDevObjectVersion:   Dev-Mobile (B02B49B5-BB20-44E9-A304-32B752E40360): 2
LogDevObjectVersion:   Dev-Networking (A4E4105C-59A1-49B5-A7C5-40C4547EDFEE): 0
LogDevObjectVersion:   Dev-Online (39C831C9-5AE6-47DC-9A44-9C173E1C8E7C): 0
LogDevObjectVersion:   Dev-Physics (78F01B33-EBEA-4F98-B9B4-84EACCB95AA2): 0
LogDevObjectVersion:   Dev-Platform (6631380F-2D4D-43E0-8009-CF276956A95A): 0
LogDevObjectVersion:   Dev-Rendering (12F88B9F-8875-4AFC-A67C-D90C383ABD29): 26
LogDevObjectVersion:   Dev-Sequencer (7B5AE74C-D270-4C10-A958-57980B212A5A): 9
LogDevObjectVersion:   Dev-VR (D7296918-1DD6-4BDD-9DE2-64A83CC13884): 2
LogDevObjectVersion:   Dev-LoadTimes (C2A15278-BFE7-4AFE-6C17-90FF531DF755): 1
LogDevObjectVersion:   Private-Geometry (6EACA3D4-40EC-4CC1-B786-8BED09428FC5): 3
LogDevObjectVersion:   Dev-AnimPhys (29E575DD-E0A3-4627-9D10-D276232CDCEA): 17
LogDevObjectVersion:   Dev-ReflectionCapture (6B266CEC-1EC7-4B8F-A30B-E4D90942FC07): 1
LogDevObjectVersion:   Dev-Automation (0DF73D61-A23F-47EA-B727-89E90C41499A): 1
LogDevObjectVersion:   FortniteMain (601D1886-AC64-4F84-AA16-D3DE0DEAC7D6): 12
LogDevObjectVersion:   Dev-Enterprise (9DFFBCD6-494F-0158-E221-12823C92A888): 1
LogStreaming: Display: Took  0.002s to delete old logs.
LogInit: Presizing for max 8388607 objects, including 0 objects not considered by GC, pre-allocating 0 bytes for permanent pool.
LogInit: Object subsystem initialized
[2018.11.20-15.46.53:345][  0]LogInit: Selected Device Profile: [Windows]
[2018.11.20-15.46.53:345][  0]LogInit: Applying CVar settings loaded from the selected device profile: [Windows]
[2018.11.20-15.46.53:353][  0]LogHAL: Display: Platform has ~ 8 GB [8522620928 / 8589934592 / 8], which maps to Default [LargestMinGB=32, LargerMinGB=12, DefaultMinGB=8, SmallerMinGB=6, SmallestMinGB=0)
[2018.11.20-15.46.53:353][  0]LogInit: Setting Device Profile CVar: [[r.Vulkan.UseRealUBs:1]]
[2018.11.20-15.46.53:353][  0]LogInit: Going up to parent DeviceProfile []
[2018.11.20-15.46.53:353][  0]LogInit: Computer: DESKTOP-22TEGNE
[2018.11.20-15.46.53:353][  0]LogInit: User: Tom
[2018.11.20-15.46.53:353][  0]LogInit: CPU Page size=4096, Cores=4
[2018.11.20-15.46.53:353][  0]LogInit: High frequency timer resolution =2.531252 MHz
[2018.11.20-15.46.53:354][  0]LogMemory: Memory total: Physical=7.9GB (8GB approx)
[2018.11.20-15.46.53:354][  0]LogMemory: Platform Memory Stats for Windows
[2018.11.20-15.46.53:354][  0]LogMemory: Process Physical Memory: 101.19 MB used, 101.19 MB peak
[2018.11.20-15.46.53:354][  0]LogMemory: Process Virtual Memory: 92.50 MB used, 92.50 MB peak
[2018.11.20-15.46.53:354][  0]LogMemory: Physical Memory: 2554.56 MB used,  5573.24 MB free, 8127.80 MB total
[2018.11.20-15.46.53:354][  0]LogMemory: Virtual Memory: 4631.66 MB used,  5573.24 MB free, 134217728.00 MB total
[2018.11.20-15.46.53:377][  0]LogInit: Using OS detected language (fr-FR).
[2018.11.20-15.46.53:377][  0]LogInit: Using OS detected locale (fr-FR).
[2018.11.20-15.46.53:379][  0]LogTextLocalizationManager: No specific localization for 'fr-FR' exists, so the 'fr' localization will be used.
[2018.11.20-15.46.53:381][  0]LogStreaming: Display: Took  0.005s to InitEngineTextLocalization.
[2018.11.20-15.46.53:381][  0]LogInit: Setting process to per monitor DPI aware
[2018.11.20-15.46.53:424][  0]LogSlate: New Slate User Created.  User Index 0, Is Virtual User: 0
[2018.11.20-15.46.53:424][  0]LogSlate: Slate User Registered.  User Index 0, Is Virtual User: 0
[2018.11.20-15.46.53:677][  0]LogHMD: Failed to initialize OpenVR with code 100
[2018.11.20-15.46.53:677][  0]LogD3D11RHI: D3D11 adapters:
[2018.11.20-15.46.53:746][  0]LogD3D11RHI:    0. 'NVIDIA GeForce GTX 970M' (Feature Level 11_0)
[2018.11.20-15.46.53:746][  0]LogD3D11RHI:       3029/0/4063 MB DedicatedVideo/DedicatedSystem/SharedSystem, Outputs:1, VendorId:0x10de
[2018.11.20-15.46.53:748][  0]LogD3D11RHI:    1. 'Microsoft Basic Render Driver' (Feature Level 11_0)
[2018.11.20-15.46.53:748][  0]LogD3D11RHI:       0/0/4063 MB DedicatedVideo/DedicatedSystem/SharedSystem, Outputs:0, VendorId:0x1414
[2018.11.20-15.46.53:748][  0]LogD3D11RHI: Chosen D3D11 Adapter: 0
[2018.11.20-15.46.53:754][  0]LogD3D11RHI: Creating new Direct3DDevice
[2018.11.20-15.46.53:754][  0]LogD3D11RHI:     GPU DeviceId: 0x1618 (for the marketing name, search the web for "GPU Device Id")
[2018.11.20-15.46.53:754][  0]LogWindows: EnumDisplayDevices:
[2018.11.20-15.46.53:754][  0]LogWindows:    0. 'NVIDIA GeForce GTX 970M' (P:1 D:1)
[2018.11.20-15.46.53:755][  0]LogWindows:    1. 'NVIDIA GeForce GTX 970M' (P:0 D:0)
[2018.11.20-15.46.53:755][  0]LogWindows:    2. 'NVIDIA GeForce GTX 970M' (P:0 D:0)
[2018.11.20-15.46.53:755][  0]LogWindows:    3. 'NVIDIA GeForce GTX 970M' (P:0 D:0)
[2018.11.20-15.46.53:756][  0]LogWindows: DebugString: FoundDriverCount:4 
[2018.11.20-15.46.53:756][  0]LogD3D11RHI:     Adapter Name: NVIDIA GeForce GTX 970M
[2018.11.20-15.46.53:756][  0]LogD3D11RHI:   Driver Version: 398.11 (internal:24.21.13.9811, unified:398.11)
[2018.11.20-15.46.53:756][  0]LogD3D11RHI:      Driver Date: 6-1-2018
[2018.11.20-15.46.53:756][  0]LogRHI: Texture pool is 2120 MB (70% of 3029 MB)
[2018.11.20-15.46.53:802][  0]LogD3D11RHI: Async texture creation enabled
[2018.11.20-15.46.53:822][  0]LogD3D11RHI: GPU Timing Frequency: 1000.000000 (Debug: 2 2)
[2018.11.20-15.46.53:865][  0]LogShaderCompilers: Guid format shader working directory is -27 characters bigger than the processId version (../../../../Cours/2ème Année/Unreal Engine/Projets/PiscnieUnreal/Donjon/Intermediate/Shaders/WorkingDirectory/5308/).
[2018.11.20-15.46.53:865][  0]LogShaderCompilers: Cleaned the shader compiler working directory 'C:/Users/Tom/AppData/Local/Temp/UnrealShaderWorkingDir/F1D8A8144C2863F35F08CFAC5E1A596A/'.
[2018.11.20-15.46.54:261][  0]LogTemp: Display: Loaded TP AllDesktopTargetPlatform
[2018.11.20-15.46.54:276][  0]LogTemp: Display: Loaded TP MacClientTargetPlatform
[2018.11.20-15.46.54:290][  0]LogTemp: Display: Loaded TP MacNoEditorTargetPlatform
[2018.11.20-15.46.54:305][  0]LogTemp: Display: Loaded TP MacServerTargetPlatform
[2018.11.20-15.46.54:321][  0]LogTemp: Display: Loaded TP MacTargetPlatform
[2018.11.20-15.46.54:335][  0]LogTemp: Display: Loaded TP WindowsClientTargetPlatform
[2018.11.20-15.46.54:351][  0]LogTemp: Display: Loaded TP WindowsNoEditorTargetPlatform
[2018.11.20-15.46.54:369][  0]LogTemp: Display: Loaded TP WindowsServerTargetPlatform
[2018.11.20-15.46.54:376][  0]LogTemp: Display: Loaded TP WindowsTargetPlatform
[2018.11.20-15.46.54:456][  0]LogTemp: Display: Loaded TP AndroidTargetPlatform
[2018.11.20-15.46.54:456][  0]LogTemp: Display: Loaded TP AndroidTargetPlatform
[2018.11.20-15.46.54:456][  0]LogTemp: Display: Loaded TP AndroidTargetPlatform
[2018.11.20-15.46.54:456][  0]LogTemp: Display: Loaded TP AndroidTargetPlatform
[2018.11.20-15.46.54:456][  0]LogTemp: Display: Loaded TP AndroidTargetPlatform
[2018.11.20-15.46.54:456][  0]LogTemp: Display: Loaded TP AndroidTargetPlatform
[2018.11.20-15.46.54:456][  0]LogTemp: Display: Loaded TP AndroidTargetPlatform
[2018.11.20-15.46.54:456][  0]LogTemp: Display: Loaded TP AndroidTargetPlatform
[2018.11.20-15.46.54:456][  0]LogTemp: Display: Loaded TP AndroidTargetPlatform
[2018.11.20-15.46.54:456][  0]LogTemp: Display: Loaded TP AndroidTargetPlatform
[2018.11.20-15.46.54:456][  0]LogTemp: Display: Loaded TP AndroidTargetPlatform
[2018.11.20-15.46.54:456][  0]LogTemp: Display: Loaded TP AndroidTargetPlatform
[2018.11.20-15.46.54:456][  0]LogTemp: Display: Loaded TP AndroidTargetPlatform
[2018.11.20-15.46.54:456][  0]LogTemp: Display: Loaded TP AndroidTargetPlatform
[2018.11.20-15.46.54:456][  0]LogTemp: Display: Loaded TP AndroidTargetPlatform
[2018.11.20-15.46.54:456][  0]LogTemp: Display: Loaded TP AndroidTargetPlatform
[2018.11.20-15.46.54:456][  0]LogTemp: Display: Loaded TP AndroidTargetPlatform
[2018.11.20-15.46.54:456][  0]LogTemp: Display: Loaded TP AndroidTargetPlatform
[2018.11.20-15.46.54:458][  0]LogTemp: Display: Loaded TP HTML5TargetPlatform
[2018.11.20-15.46.54:520][  0]LogTemp: Display: Loaded TP IOSTargetPlatform
[2018.11.20-15.46.54:520][  0]LogTemp: Display: Loaded TP IOSTargetPlatform
[2018.11.20-15.46.54:544][  0]LogTemp: Display: Loaded TP TVOSTargetPlatform
[2018.11.20-15.46.54:544][  0]LogTemp: Display: Loaded TP TVOSTargetPlatform
[2018.11.20-15.46.54:556][  0]LogTemp: Display: Loaded TP LinuxClientTargetPlatform
[2018.11.20-15.46.54:569][  0]LogTemp: Display: Loaded TP LinuxNoEditorTargetPlatform
[2018.11.20-15.46.54:582][  0]LogTemp: Display: Loaded TP LinuxServerTargetPlatform
[2018.11.20-15.46.54:595][  0]LogTemp: Display: Loaded TP LinuxTargetPlatform
[2018.11.20-15.46.54:604][  0]LogTemp: Display: Loaded TP LuminTargetPlatform
[2018.11.20-15.46.54:605][  0]LogTargetPlatformManager: Display: Building Assets For Windows
[2018.11.20-15.46.54:668][  0]LogXGEController: Cleaning working directory: C:/Users/Tom/AppData/Local/Temp/UnrealXGEWorkingDir/
[2018.11.20-15.46.54:668][  0]LogXGEController: Cannot use XGE Controller as Incredibuild is not installed on this machine.
[2018.11.20-15.46.54:668][  0]LogShaderCompilers: Cannot use XGE Shader Compiler as Incredibuild is not installed on this machine.
[2018.11.20-15.46.54:668][  0]LogShaderCompilers: Display: Using Local Shader Compiler.
[2018.11.20-15.46.55:365][  0]LogDerivedDataCache: Display: Max Cache Size: 512 MB
[2018.11.20-15.46.55:434][  0]LogDerivedDataCache: Loaded boot cache 0.07s 71MB C:/Users/Tom/AppData/Local/UnrealEngine/4.20/DerivedDataCache/Boot.ddc.
[2018.11.20-15.46.55:435][  0]LogDerivedDataCache: Display: Loaded Boot cache: C:/Users/Tom/AppData/Local/UnrealEngine/4.20/DerivedDataCache/Boot.ddc
[2018.11.20-15.46.55:435][  0]LogDerivedDataCache: FDerivedDataBackendGraph:  Pak pak cache file ../../../../Cours/2ème Année/Unreal Engine/Projets/PiscnieUnreal/Donjon/DerivedDataCache/DDC.ddp not found, will not use a pak cache.
[2018.11.20-15.46.55:435][  0]LogDerivedDataCache: Unable to find inner node Pak for hierarchical cache Hierarchy.
[2018.11.20-15.46.55:435][  0]LogDerivedDataCache: FDerivedDataBackendGraph:  CompressedPak pak cache file ../../../../Cours/2ème Année/Unreal Engine/Projets/PiscnieUnreal/Donjon/DerivedDataCache/Compressed.ddp not found, will not use a pak cache.
[2018.11.20-15.46.55:435][  0]LogDerivedDataCache: Unable to find inner node CompressedPak for hierarchical cache Hierarchy.
[2018.11.20-15.46.55:449][  0]LogDerivedDataCache: Display: Pak cache opened for reading ../../../Engine/DerivedDataCache/Compressed.ddp.
[2018.11.20-15.46.55:461][  0]LogDerivedDataCache: Using Local data cache path C:/Users/Tom/AppData/Local/UnrealEngine/Common/DerivedDataCache: Writable
[2018.11.20-15.46.55:461][  0]LogDerivedDataCache: Shared data cache path not found in *engine.ini, will not use an Shared cache.
[2018.11.20-15.46.55:461][  0]LogDerivedDataCache: Unable to find inner node Shared for hierarchical cache Hierarchy.
[2018.11.20-15.46.55:480][  0]LogMaterial: Verifying Global Shaders for PCD3D_SM5
[2018.11.20-15.46.55:481][  0]LogSlate: Using FreeType 2.6.0
[2018.11.20-15.46.55:482][  0]LogSlate: SlateFontServices - WITH_FREETYPE: 1, WITH_HARFBUZZ: 1
[2018.11.20-15.46.55:572][  0]LogAssetRegistry: FAssetRegistry took 0.0269 seconds to start up
[2018.11.20-15.46.56:170][  0]LogInit: Selected Device Profile: [Windows]
[2018.11.20-15.46.56:311][  0]LogSimplygon: Simplygon DLL not present - disabling.
[2018.11.20-15.46.56:315][  0]LogMeshReduction: Using SimplygonSwarm for distributed automatic mesh merging
[2018.11.20-15.46.56:315][  0]LogMeshReduction: Using ProxyLODMeshReduction for automatic mesh merging
[2018.11.20-15.46.56:315][  0]LogMeshReduction: Using QuadricMeshReduction for automatic static mesh reduction
[2018.11.20-15.46.56:315][  0]LogMeshReduction: No automatic skeletal mesh reduction module available
[2018.11.20-15.46.56:333][  0]LogNetVersion: Donjon 1.0.0, NetCL: 4212847, EngineNetVer: 5, GameNetVer: 0 (Checksum: 914305754)
[2018.11.20-15.46.56:895][  0]LogPackageLocalizationCache: Processed 11 localized package path(s) for 2 prioritized culture(s) in 0.085746 seconds
[2018.11.20-15.46.56:901][  0]LogUObjectArray: 38426 objects as part of root set at end of initial load.
[2018.11.20-15.46.56:901][  0]LogUObjectAllocator: 6691096 out of 0 bytes used by permanent object pool.
[2018.11.20-15.46.56:901][  0]LogUObjectArray: CloseDisregardForGC: 0/0 objects in disregard for GC pool
[2018.11.20-15.46.57:940][  0]LogTcpMessaging: Initializing TcpMessaging bridge
[2018.11.20-15.46.57:954][  0]LogUdpMessaging: Initializing bridge on interface 0.0.0.0:0 to multicast group 230.0.0.1:6666.
[2018.11.20-15.46.58:110][  0]SourceControl: Source control is disabled
[2018.11.20-15.46.58:110][  0]SourceControl: Source control is disabled
[2018.11.20-15.46.58:112][  0]SourceControl: Source control is disabled
[2018.11.20-15.46.58:113][  0]SourceControl: Source control is disabled
[2018.11.20-15.46.58:282][  0]LogAndroidPermission: UAndroidPermissionCallbackProxy::GetInstance
[2018.11.20-15.46.58:337][  0]LogOcInput: OculusInput pre-init called
[2018.11.20-15.46.58:405][  0]LogEngine: Initializing Engine...
[2018.11.20-15.46.58:406][  0]LogHMD: Failed to initialize OpenVR with code 100
[2018.11.20-15.46.58:408][  0]LogStats: UGameplayTagsManager::ConstructGameplayTagTree: ImportINI prefixes -  0.000 s
[2018.11.20-15.46.58:408][  0]LogStats: UGameplayTagsManager::ConstructGameplayTagTree: Construct from data asset -  0.000 s
[2018.11.20-15.46.58:408][  0]LogStats: UGameplayTagsManager::ConstructGameplayTagTree: ImportINI -  0.000 s
[2018.11.20-15.46.58:408][  0]LogStats: UGameplayTagsManager::ConstructGameplayTagTree: GameplayTagTreeChangedEvent.Broadcast -  0.000 s
[2018.11.20-15.46.58:657][  0]LogInit: Initializing FReadOnlyCVARCache
[2018.11.20-15.46.58:673][  0]LogAIModule: Creating AISystem for world Untitled
[2018.11.20-15.46.58:691][  0]LogInit: XAudio2 using 'Speakers (Realtek High Definition Audio)' : 2 channels at 48 kHz using 32 bits per sample (channel mask 0x3)
[2018.11.20-15.46.58:965][  0]LogInit: FAudioDevice initialized.
[2018.11.20-15.46.58:965][  0]LogNetVersion: Set ProjectVersion to 1.0.0.0. Version Checksum will be recalculated on next use.
[2018.11.20-15.46.59:098][  0]LogDerivedDataCache: Saved boot cache 0.13s 71MB C:/Users/Tom/AppData/Local/UnrealEngine/4.20/DerivedDataCache/Boot.ddc.
[2018.11.20-15.46.59:112][  0]LogInit: Texture streaming: Enabled
[2018.11.20-15.46.59:134][  0]LogEngineSessionManager: EngineSessionManager initialized
[2018.11.20-15.46.59:146][  0]LogInit: Transaction tracking system initialized
[2018.11.20-15.46.59:168][  0]BlueprintLog: New page: Editor Load
[2018.11.20-15.46.59:249][  0]LocalizationService: Localization service is disabled
[2018.11.20-15.46.59:528][  0]LogCook: Display: Max memory allowance for cook 16384mb min free memory 0mb
[2018.11.20-15.46.59:528][  0]LogCook: Display: Mobile HDR setting 1
[2018.11.20-15.46.59:528][  0]LogGameplayTags: Display: UGameplayTagsManager::DoneAddingNativeTags. DelegateIsBound: 0
[2018.11.20-15.46.59:528][  0]LogStats: UGameplayTagsManager::ConstructGameplayTagTree: ImportINI prefixes -  0.000 s
[2018.11.20-15.46.59:528][  0]LogStats: UGameplayTagsManager::ConstructGameplayTagTree: Construct from data asset -  0.000 s
[2018.11.20-15.46.59:529][  0]LogStats: UGameplayTagsManager::ConstructGameplayTagTree: ImportINI -  0.000 s
[2018.11.20-15.46.59:529][  0]LogStats: UGameplayTagsManager::ConstructGameplayTagTree: GameplayTagTreeChangedEvent.Broadcast -  0.000 s
[2018.11.20-15.46.59:685][  0]LogFileCache: Scanning file cache for directory 'D:/Cours/2ème Année/Unreal Engine/Projets/PiscnieUnreal/Donjon/Content/' took 0.02s
[2018.11.20-15.46.59:685][  0]SourceControl: Source control is disabled
[2018.11.20-15.46.59:685][  0]Cmd: MAP LOAD FILE="../../../../Cours/2ème Année/Unreal Engine/Projets/PiscnieUnreal/Donjon/Content/FirstPersonBP/Maps/FirstPersonExampleMap.umap" TEMPLATE=0 SHOWPROGRESS=1 FEATURELEVEL=3
[2018.11.20-15.46.59:685][  0]LogEditorServer: Warning: Can't find file '../../../../Cours/2ème Année/Unreal Engine/Projets/PiscnieUnreal/Donjon/Content/FirstPersonBP/Maps/FirstPersonExampleMap.umap'
[2018.11.20-15.46.59:685][  0]Cmd: MAP CHECKDEP NOCLEARLOG
[2018.11.20-15.46.59:758][  0]MapCheck: Map check complete: 0 Error(s), 0 Warning(s), took 73,738ms to complete.
[2018.11.20-15.46.59:759][  0]LogFileHelpers: Loading map 'FirstPersonExampleMap' took 0.074
[2018.11.20-15.46.59:859][  0]LogSlate: Updating window title bar state: overlay mode, drag disabled, window buttons hidden, title bar hidden
[2018.11.20-15.46.59:869][  0]LogSlate: Updating window title bar state: overlay mode, drag disabled, window buttons hidden, title bar hidden
[2018.11.20-15.46.59:878][  0]LogSlate: Updating window title bar state: overlay mode, drag disabled, window buttons hidden, title bar hidden
[2018.11.20-15.46.59:887][  0]LogSlate: Updating window title bar state: overlay mode, drag disabled, window buttons hidden, title bar hidden
[2018.11.20-15.46.59:896][  0]LogCollectionManager: Loaded 0 collections in 0.002812 seconds
[2018.11.20-15.46.59:941][  0]LogFileCache: Scanning file cache for directory 'D:/Cours/2ème Année/Unreal Engine/Projets/PiscnieUnreal/Donjon/Saved/Collections/' took 0.01s
[2018.11.20-15.46.59:941][  0]LogFileCache: Scanning file cache for directory 'D:/Cours/2ème Année/Unreal Engine/Projets/PiscnieUnreal/Donjon/Content/Developers/Tom/Collections/' took 0.01s
[2018.11.20-15.46.59:941][  0]LogFileCache: Scanning file cache for directory 'D:/Cours/2ème Année/Unreal Engine/Projets/PiscnieUnreal/Donjon/Content/Collections/' took 0.01s
[2018.11.20-15.46.59:942][  0]LogCollectionManager: Rebuilt the GUID cache for 0 collections in 0.000000 seconds
[2018.11.20-15.46.59:953][  0]LogContentBrowser: Native class hierarchy populated in 0.0113 seconds. Added 2572 classes and 603 folders.
[2018.11.20-15.46.59:965][  0]LogContentBrowser: Native class hierarchy updated for 'WidgetCarousel' in 0.0003 seconds. Added 0 classes and 0 folders.
[2018.11.20-15.47.00:063][  0]LogContentBrowser: Native class hierarchy updated for 'AddContentDialog' in 0.0003 seconds. Added 0 classes and 0 folders.
[2018.11.20-15.47.00:068][  0]LogContentBrowser: Native class hierarchy updated for 'SceneOutliner' in 0.0002 seconds. Added 1 classes and 2 folders.
[2018.11.20-15.47.00:135][  0]LogSlate: Took 0.000378 seconds to synchronously load lazily loaded font '../../../Engine/Content/Slate/Fonts/Roboto-Regular.ttf' (155K)
[2018.11.20-15.47.00:138][  0]LogSlate: Took 0.000343 seconds to synchronously load lazily loaded font '../../../Engine/Content/Slate/Fonts/Roboto-Bold.ttf' (160K)
[2018.11.20-15.47.00:143][  0]LogSlate: Took 0.000345 seconds to synchronously load lazily loaded font '../../../Engine/Content/Editor/Slate/Fonts/FontAwesome.ttf' (139K)
[2018.11.20-15.47.00:227][  0]LogRenderer: Reallocating scene render targets to support 1148x492 Format 10 NumSamples 1 (Frame:1).
[2018.11.20-15.47.00:339][  0]LogContentBrowser: Native class hierarchy updated for 'HierarchicalLODOutliner' in 0.0002 seconds. Added 0 classes and 0 folders.
[2018.11.20-15.47.00:339][  0]LogLoad: (Engine Initialization) Total time: 9.23 seconds
[2018.11.20-15.47.00:339][  0]LogLoad: (Engine Initialization) Total Blueprint compile time: 0.00 seconds
[2018.11.20-15.47.00:384][  0]LogContentStreaming: Texture pool size now 1000 MB
[2018.11.20-15.47.04:429][239]LogSlate: Took 0.000275 seconds to synchronously load lazily loaded font '../../../Engine/Content/Slate/Fonts/Roboto-Light.ttf' (167K)
[2018.11.20-15.47.08:492][460]LogAssetRegistry: Asset discovery search completed in 12.9435 seconds
[2018.11.20-15.47.08:494][460]LogCollectionManager: Rebuilt the object cache for 0 collections in 0.000000 seconds (found 0 objects)
[2018.11.20-15.47.08:494][460]LogCollectionManager: Fixed up redirectors for 0 collections in 0.000063 seconds (updated 0 objects)
[2018.11.20-15.47.10:141][465]LogSlate: FSceneViewport::OnFocusLost() reason 0
[2018.11.20-15.47.20:068][ 59]LogSlate: Took 0.000388 seconds to synchronously load lazily loaded font '../../../Engine/Content/Slate/Fonts/Roboto-Light.ttf' (167K)
[2018.11.20-15.47.20:611][ 59]LogLinker: Warning: Can't find file '/Game/FirstPersonBP/Maps/Collectibles_Grappin_BuiltData'
[2018.11.20-15.47.20:611][ 59]LogLinker: Warning: Can't find file for asset '/Game/FirstPersonBP/Maps/Collectibles_Grappin_BuiltData' while loading ../../../../Cours/2ème Année/Unreal Engine/Projets/PiscnieUnreal/Donjon/Content/FirstPersonBP/Maps/Collectibles_Grappin.umap.
[2018.11.20-15.47.20:611][ 59]LoadErrors: Error: /Game/FirstPersonBP/Maps/Collectibles_Grappin : Can't find file for asset. /Game/FirstPersonBP/Maps/Collectibles_Grappin_BuiltData
[2018.11.20-15.47.20:965][ 59]LogLinker: Warning: Can't find file '/Game/FirstPersonBP/Maps/Collectibles_Grappin_BuiltData'
[2018.11.20-15.47.20:965][ 59]LogLinker: Warning: Can't find file for asset '/Game/FirstPersonBP/Maps/Collectibles_Grappin_BuiltData' while loading ../../../../Cours/2ème Année/Unreal Engine/Projets/PiscnieUnreal/Donjon/Content/FirstPersonBP/Maps/Collectibles_Grappin.umap.
[2018.11.20-15.47.21:565][ 59]LogLinker: Warning: Can't find file '/Game/FirstPersonBP/Maps/Collectibles_Grappin_BuiltData'
[2018.11.20-15.47.21:565][ 59]LogLinker: Warning: Can't find file for asset '/Game/FirstPersonBP/Maps/Collectibles_Grappin_BuiltData' while loading NULL.
[2018.11.20-15.47.21:565][ 59]LogLinker: Warning: Can't find file '/Game/FirstPersonBP/Maps/Collectibles_Grappin_BuiltData'
[2018.11.20-15.47.21:565][ 59]LogLinker: Warning: Can't find file for asset '/Game/FirstPersonBP/Maps/Collectibles_Grappin_BuiltData' while loading NULL.
[2018.11.20-15.47.21:747][ 59]LogLinker: Warning: Can't find file '/Game/FirstPersonBP/Maps/Collectibles_Grappin_BuiltData'
[2018.11.20-15.47.21:747][ 59]LoadErrors: Failed to load /Game/FirstPersonBP/Maps/Collectibles_Grappin_BuiltData.Collectibles_Grappin_BuiltData Referenced by PersistentLevel
[2018.11.20-15.47.21:747][ 59]LogLinker: Warning: Can't find file for asset '/Game/FirstPersonBP/Maps/Collectibles_Grappin_BuiltData' while loading NULL.
[2018.11.20-15.47.21:994][ 59]LogMaterial: Display: Missing cached shader map for material EBase, compiling. 
[2018.11.20-15.47.22:700][ 59]LogShaderCompilers: Display: Shaders left to compile 69
[2018.11.20-15.47.22:700][ 59]LogShaderCompilers: Display: Shaders left to compile 59
[2018.11.20-15.47.22:700][ 59]LogShaderCompilers: Display: Shaders left to compile 49
[2018.11.20-15.47.22:700][ 59]LogShaderCompilers: Display: Shaders left to compile 39
[2018.11.20-15.47.23:540][ 59]LogMaterial: Display: Missing cached shader map for material M_Glass, compiling. 
[2018.11.20-15.47.23:861][ 59]LogAIModule: Creating AISystem for world Collectibles_Grappin
[2018.11.20-15.47.23:956][ 59]LogAssetEditorManager: Opening Asset editor for World /Game/FirstPersonBP/Maps/Collectibles_Grappin.Collectibles_Grappin
[2018.11.20-15.47.23:989][ 59]Cmd: MAP LOAD FILE="../../../../Cours/2ème Année/Unreal Engine/Projets/PiscnieUnreal/Donjon/Content/FirstPersonBP/Maps/Collectibles_Grappin.umap" TEMPLATE=0 SHOWPROGRESS=1 FEATURELEVEL=3
[2018.11.20-15.47.23:989][ 59]LightingResults: New page: Lighting Build
[2018.11.20-15.47.23:992][ 59]LogContentBrowser: Native class hierarchy updated for 'StatsViewer' in 0.0003 seconds. Added 5 classes and 0 folders.
[2018.11.20-15.47.23:992][ 59]LoadErrors: New page: Loading map: Collectibles_Grappin.umap
[2018.11.20-15.47.23:993][ 59]MapCheck: New page: Map Check
[2018.11.20-15.47.23:993][ 59]LightingResults: New page: Lighting Build
[2018.11.20-15.47.24:145][ 59]LogEditorServer: Finished looking for orphan Actors (0.000 secs)
[2018.11.20-15.47.24:310][ 59]Cmd: MAP CHECKDEP NOCLEARLOG
[2018.11.20-15.47.24:450][ 59]MapCheck: Map check complete: 0 Error(s), 0 Warning(s), took 139,848ms to complete.
[2018.11.20-15.47.24:452][ 59]LogFileHelpers: Loading map 'Collectibles_Grappin' took 0.464
[2018.11.20-15.47.27:297][220]LogShaderCompilers: Display: Shaders left to compile 72
[2018.11.20-15.47.27:850][252]LogShaderCompilers: Display: Shaders left to compile 62
[2018.11.20-15.47.28:856][312]LogShaderCompilers: Display: Shaders left to compile 52
[2018.11.20-15.47.28:856][312]LogShaderCompilers: Display: Shaders left to compile 42
[2018.11.20-15.47.30:987][440]LogShaderCompilers: Display: Shaders left to compile 32
[2018.11.20-15.47.31:420][466]LogShaderCompilers: Display: Shaders left to compile 22
[2018.11.20-15.47.32:570][535]LogShaderCompilers: Display: Shaders left to compile 12
[2018.11.20-15.47.45:521][306]LogShaderCompilers: Display: Shaders left to compile 2
[2018.11.20-15.49.09:966][222]LogSlate: FSceneViewport::OnFocusLost() reason 0
[2018.11.20-15.49.10:434][228]LogAIModule: Creating AISystem for world PlatformLabyrinthe
[2018.11.20-15.49.10:490][228]LogAssetEditorManager: Opening Asset editor for World /Game/FirstPersonBP/Maps/PlatformLabyrinthe.PlatformLabyrinthe
[2018.11.20-15.49.10:517][228]Cmd: MAP LOAD FILE="../../../../Cours/2ème Année/Unreal Engine/Projets/PiscnieUnreal/Donjon/Content/FirstPersonBP/Maps/PlatformLabyrinthe.umap" TEMPLATE=0 SHOWPROGRESS=1 FEATURELEVEL=3
[2018.11.20-15.49.10:518][228]LightingResults: New page: Lighting Build
[2018.11.20-15.49.10:519][228]LoadErrors: New page: Loading map: PlatformLabyrinthe.umap
[2018.11.20-15.49.10:536][228]MapCheck: New page: Map Check
[2018.11.20-15.49.10:536][228]LightingResults: New page: Lighting Build
[2018.11.20-15.49.10:731][228]LogEditorServer: Finished looking for orphan Actors (0.000 secs)
[2018.11.20-15.49.10:789][228]Cmd: MAP CHECKDEP NOCLEARLOG
[2018.11.20-15.49.10:909][228]MapCheck: Map check complete: 0 Error(s), 0 Warning(s), took 119,979ms to complete.
[2018.11.20-15.49.10:909][228]LogFileHelpers: Loading map 'PlatformLabyrinthe' took 0.393
[2018.11.20-15.49.16:870][329]LogAssetEditorManager: Opening Asset editor for World /Game/FirstPersonBP/Maps/PlatformLabyrinthe.PlatformLabyrinthe
[2018.11.20-15.49.16:892][329]Cmd: MAP LOAD FILE="../../../../Cours/2ème Année/Unreal Engine/Projets/PiscnieUnreal/Donjon/Content/FirstPersonBP/Maps/PlatformLabyrinthe.umap" TEMPLATE=0 SHOWPROGRESS=1 FEATURELEVEL=3
[2018.11.20-15.49.16:892][329]LightingResults: New page: Lighting Build
[2018.11.20-15.49.16:893][329]LoadErrors: New page: Loading map: PlatformLabyrinthe.umap
[2018.11.20-15.49.16:896][329]MapCheck: New page: Map Check
[2018.11.20-15.49.16:896][329]LightingResults: New page: Lighting Build
[2018.11.20-15.49.17:048][329]LogAIModule: Creating AISystem for world PlatformLabyrinthe
[2018.11.20-15.49.17:199][329]LogEditorServer: Finished looking for orphan Actors (0.000 secs)
[2018.11.20-15.49.17:258][329]Cmd: MAP CHECKDEP NOCLEARLOG
[2018.11.20-15.49.17:353][329]MapCheck: Map check complete: 0 Error(s), 0 Warning(s), took 95,632ms to complete.
[2018.11.20-15.49.17:354][329]LogFileHelpers: Loading map 'PlatformLabyrinthe' took 0.463
[2018.11.20-15.52.10:381][128]LogSlate: FSceneViewport::OnFocusLost() reason 0
[2018.11.20-15.52.14:565][367]Cmd: SELECT NONE
[2018.11.20-15.52.15:709][406]LogSlate: FSceneViewport::OnFocusLost() reason 0
[2018.11.20-15.52.17:925][539]LogEditorViewport: Clicking on Actor (LMB): Laser_C (Laser67)
[2018.11.20-15.52.20:917][704]LogSlate: FSceneViewport::OnFocusLost() reason 0
[2018.11.20-15.52.27:611][ 89]Cmd: SELECT NONE
[2018.11.20-15.52.49:847][384]LogSlate: FSceneViewport::OnFocusLost() reason 0
[2018.11.20-15.53.46:238][348]LogSlate: FSceneViewport::OnFocusLost() reason 2
[2018.11.20-15.55.43:090][443]LogSlate: FSceneViewport::OnFocusLost() reason 2
[2018.11.20-15.56.01:158][505]LogSlate: FSceneViewport::OnFocusLost() reason 0
[2018.11.20-15.56.43:713][669]LogSlate: FSceneViewport::OnFocusLost() reason 2
[2018.11.20-15.59.24:525][129]LogAssetEditorManager: Opening Asset editor for Blueprint /Game/FirstPersonBP/Blueprints/FirstPersonCharacter.FirstPersonCharacter
[2018.11.20-15.59.25:129][129]LogContentBrowser: Native class hierarchy updated for 'BlueprintGraph' in 0.0014 seconds. Added 116 classes and 0 folders.
[2018.11.20-15.59.26:202][129]LogSlate: Took 0.014741 seconds to synchronously load lazily loaded font '../../../Engine/Content/Slate/Fonts/Roboto-BoldCondensed.ttf' (158K)
[2018.11.20-15.59.32:903][184]LogSlate: Took 0.039828 seconds to synchronously load lazily loaded font '../../../Engine/Content/Slate/Fonts/Roboto-Italic.ttf' (157K)
[2018.11.20-15.59.43:624][704]LogSlate: Took 0.040051 seconds to synchronously load lazily loaded font '../../../Engine/Content/Slate/Fonts/Roboto-BoldCondensedItalic.ttf' (160K)
[2018.11.20-15.59.50:916][112]BlueprintLog: New page: Compile FirstPersonCharacter
[2018.11.20-15.59.51:667][112]LogSavePackage: Moving '../../../../Cours/2ème Année/Unreal Engine/Projets/PiscnieUnreal/Donjon/Saved/FirstPersonCharacter47D2E7D94719FE9208622CB1376D1A7D.tmp' to '../../../../Cours/2ème Année/Unreal Engine/Projets/PiscnieUnreal/Donjon/Content/FirstPersonBP/Blueprints/FirstPersonCharacter.uasset'
[2018.11.20-15.59.52:290][113]LogSavePackage: Moving '../../../../Cours/2ème Année/Unreal Engine/Projets/PiscnieUnreal/Donjon/Saved/FirstPersonCharacter32C02D3747BEF9CD7525A0A367837247.tmp' to '../../../../Cours/2ème Année/Unreal Engine/Projets/PiscnieUnreal/Donjon/Content/FirstPersonBP/Blueprints/FirstPersonCharacter.uasset'
[2018.11.20-16.00.33:766][167]BlueprintLog: New page: Compile FirstPersonCharacter
[2018.11.20-16.00.38:044][375]BlueprintLog: New page: Compile FirstPersonCharacter
[2018.11.20-16.00.39:374][395]LogSavePackage: Moving '../../../../Cours/2ème Année/Unreal Engine/Projets/PiscnieUnreal/Donjon/Saved/FirstPersonCharacter84B0DF2D4CCEE35761CC35AC1D6BC7D8.tmp' to '../../../../Cours/2ème Année/Unreal Engine/Projets/PiscnieUnreal/Donjon/Content/FirstPersonBP/Blueprints/FirstPersonCharacter.uasset'
[2018.11.20-16.01.12:664][254]BlueprintLog: New page: Compile FirstPersonCharacter
[2018.11.20-16.01.17:397][489]BlueprintLog: New page: Compile FirstPersonCharacter
[2018.11.20-16.01.18:694][508]LogSavePackage: Moving '../../../../Cours/2ème Année/Unreal Engine/Projets/PiscnieUnreal/Donjon/Saved/FirstPersonCharacterA47C15E64D3F6686F0215381AC4E9D1C.tmp' to '../../../../Cours/2ème Année/Unreal Engine/Projets/PiscnieUnreal/Donjon/Content/FirstPersonBP/Blueprints/FirstPersonCharacter.uasset'
[2018.11.20-16.02.20:010][265]LogSavePackage: Moving '../../../../Cours/2ème Année/Unreal Engine/Projets/PiscnieUnreal/Donjon/Saved/PlatformLabyrinthe_Auto1250A2954418289173AB516A3DA748D7E.tmp' to '../../../../Cours/2ème Année/Unreal Engine/Projets/PiscnieUnreal/Donjon/Saved/Autosaves/Game/FirstPersonBP/Maps/PlatformLabyrinthe_Auto1.umap'
[2018.11.20-16.02.20:015][265]LogFileHelpers: Editor autosave (incl. sublevels) for '/Game/FirstPersonBP/Maps/PlatformLabyrinthe' took 0.659
[2018.11.20-16.02.20:015][265]LogFileHelpers: Editor autosave (incl. sublevels) for all levels took 0.659
[2018.11.20-16.02.20:018][265]OBJ SavePackage: Generating thumbnails for [1] asset(s) in package [/Game/FirstPersonBP/Blueprints/FirstPersonCharacter] ([1] browsable assets)...
[2018.11.20-16.02.20:049][265]OBJ SavePackage:     Rendered thumbnail for [Blueprint /Game/FirstPersonBP/Blueprints/FirstPersonCharacter.FirstPersonCharacter]
[2018.11.20-16.02.20:049][265]OBJ SavePackage: Finished generating thumbnails for package [/Game/FirstPersonBP/Blueprints/FirstPersonCharacter]
[2018.11.20-16.02.20:244][265]LogSavePackage: Moving '../../../../Cours/2ème Année/Unreal Engine/Projets/PiscnieUnreal/Donjon/Saved/FirstPersonCharacter_Auto181A5DF77478AD650BF0FB4A5C7C7DBC5.tmp' to '../../../../Cours/2ème Année/Unreal Engine/Projets/PiscnieUnreal/Donjon/Saved/Autosaves/Game/FirstPersonBP/Blueprints/FirstPersonCharacter_Auto1.uasset'
[2018.11.20-16.02.20:245][265]LogFileHelpers: Auto-saving content packages took 0.230
[2018.11.20-16.05.19:766][839]BlueprintLog: New page: Compile FirstPersonCharacter
[2018.11.20-16.05.20:714][845]LogSavePackage: Moving '../../../../Cours/2ème Année/Unreal Engine/Projets/PiscnieUnreal/Donjon/Saved/FirstPersonCharacter4B4FB6F64C462587A2BAF48EBC15A693.tmp' to '../../../../Cours/2ème Année/Unreal Engine/Projets/PiscnieUnreal/Donjon/Content/FirstPersonBP/Blueprints/FirstPersonCharacter.uasset'
[2018.11.20-16.07.34:492][296]LogSelectionDetails: Warning: NavigateToFunctionSource:  Unable to find symbols for 'UKismetStringLibrary::Conv_IntToString' [Élément introuvable.]
[2018.11.20-16.07.38:147][515]BlueprintLog: New page: Compile FirstPersonCharacter
[2018.11.20-16.07.39:300][533]LogSavePackage: Moving '../../../../Cours/2ème Année/Unreal Engine/Projets/PiscnieUnreal/Donjon/Saved/FirstPersonCharacterB51AC72D4464A3571D46F6B4F8D10529.tmp' to '../../../../Cours/2ème Année/Unreal Engine/Projets/PiscnieUnreal/Donjon/Content/FirstPersonBP/Blueprints/FirstPersonCharacter.uasset'
[2018.11.20-16.08.46:604][566]BlueprintLog: New page: Compile FirstPersonCharacter
[2018.11.20-16.08.47:775][584]LogSavePackage: Moving '../../../../Cours/2ème Année/Unreal Engine/Projets/PiscnieUnreal/Donjon/Saved/FirstPersonCharacterD564ED9D4AE04144BDB1E28A5542CBFE.tmp' to '../../../../Cours/2ème Année/Unreal Engine/Projets/PiscnieUnreal/Donjon/Content/FirstPersonBP/Blueprints/FirstPersonCharacter.uasset'
[2018.11.20-16.10.08:347][101]BlueprintLog: New page: Compile FirstPersonCharacter
[2018.11.20-16.10.09:543][119]LogSavePackage: Moving '../../../../Cours/2ème Année/Unreal Engine/Projets/PiscnieUnreal/Donjon/Saved/FirstPersonCharacter730B958F4CA099C0AC04A9856B3AFE08.tmp' to '../../../../Cours/2ème Année/Unreal Engine/Projets/PiscnieUnreal/Donjon/Content/FirstPersonBP/Blueprints/FirstPersonCharacter.uasset'
[2018.11.20-16.12.34:174][459]LogSavePackage: Moving '../../../../Cours/2ème Année/Unreal Engine/Projets/PiscnieUnreal/Donjon/Saved/PlatformLabyrinthe_Auto28B71134941F34F22EC53909787603A33.tmp' to '../../../../Cours/2ème Année/Unreal Engine/Projets/PiscnieUnreal/Donjon/Saved/Autosaves/Game/FirstPersonBP/Maps/PlatformLabyrinthe_Auto2.umap'
[2018.11.20-16.12.34:178][459]LogFileHelpers: Editor autosave (incl. sublevels) for '/Game/FirstPersonBP/Maps/PlatformLabyrinthe' took 0.589
[2018.11.20-16.12.34:178][459]LogFileHelpers: Editor autosave (incl. sublevels) for all levels took 0.589
[2018.11.20-16.12.34:181][459]OBJ SavePackage: Generating thumbnails for [1] asset(s) in package [/Game/FirstPersonBP/Blueprints/FirstPersonCharacter] ([1] browsable assets)...
[2018.11.20-16.12.34:213][459]OBJ SavePackage:     Rendered thumbnail for [Blueprint /Game/FirstPersonBP/Blueprints/FirstPersonCharacter.FirstPersonCharacter]
[2018.11.20-16.12.34:213][459]OBJ SavePackage: Finished generating thumbnails for package [/Game/FirstPersonBP/Blueprints/FirstPersonCharacter]
[2018.11.20-16.12.34:422][459]LogSavePackage: Moving '../../../../Cours/2ème Année/Unreal Engine/Projets/PiscnieUnreal/Donjon/Saved/FirstPersonCharacter_Auto20E91017F4F31960D9CE5A6BBD745338A.tmp' to '../../../../Cours/2ème Année/Unreal Engine/Projets/PiscnieUnreal/Donjon/Saved/Autosaves/Game/FirstPersonBP/Blueprints/FirstPersonCharacter_Auto2.uasset'
[2018.11.20-16.12.34:424][459]LogFileHelpers: Auto-saving content packages took 0.244
[2018.11.20-16.13.07:818][485]LogEditorTransaction: Undo Delete current selection
[2018.11.20-16.14.38:532][911]BlueprintLog: New page: Compile FirstPersonCharacter
[2018.11.20-16.14.39:642][926]LogSavePackage: Moving '../../../../Cours/2ème Année/Unreal Engine/Projets/PiscnieUnreal/Donjon/Saved/FirstPersonCharacterF1E3E07A4493D3FF6CA8A9B763D1DDBA.tmp' to '../../../../Cours/2ème Année/Unreal Engine/Projets/PiscnieUnreal/Donjon/Content/FirstPersonBP/Blueprints/FirstPersonCharacter.uasset'
[2018.11.20-16.15.41:078][534]LogSlate: Window 'FirstPersonCharacter' being destroyed
[2018.11.20-16.17.53:089][686]LogSlate: FSceneViewport::OnFocusLost() reason 2
[2018.11.20-16.18.02:006][ 66]LogSlate: Window 'Pick Parent Class' being destroyed
[2018.11.20-16.18.16:876][945]LogAssetEditorManager: Opening Asset editor for Blueprint /Game/FirstPersonBP/Blueprints/MyBlueprints/HealthPickup_BP.HealthPickup_BP
[2018.11.20-16.18.17:304][945]LogRenderer: Reallocating scene render targets to support 1148x712 Format 10 NumSamples 1 (Frame:1).
[2018.11.20-16.19.36:427][533]LogClass: Warning: In asset 'None', there is an enum property of type 'ECollisionEnabled' with an invalid value of ''
[2018.11.20-16.19.36:427][533]LogClass: Warning: In asset 'None', there is an enum property of type 'ECollisionEnabled' with an invalid value of ''
[2018.11.20-16.19.36:430][533]LogClass: Warning: In asset 'None', there is an enum property of type 'ECollisionChannel' with an invalid value of ''
[2018.11.20-16.19.36:431][533]LogClass: Warning: In asset 'None', there is an enum property of type 'ECollisionChannel' with an invalid value of ''
[2018.11.20-16.20.09:822][283]LogSlate: FSceneViewport::OnFocusLost() reason 0
[2018.11.20-16.20.15:441][619]BlueprintLog: New page: Compile HealthPickup_BP
[2018.11.20-16.20.15:994][635]LogSavePackage: Moving '../../../../Cours/2ème Année/Unreal Engine/Projets/PiscnieUnreal/Donjon/Saved/HealthPickup_BPCF34D172481A541852654691CF039258.tmp' to '../../../../Cours/2ème Année/Unreal Engine/Projets/PiscnieUnreal/Donjon/Content/FirstPersonBP/Blueprints/MyBlueprints/HealthPickup_BP.uasset'
[2018.11.20-16.22.51:489][694]BlueprintLog: New page: Compile HealthPickup_BP
[2018.11.20-16.22.52:061][712]LogSavePackage: Moving '../../../../Cours/2ème Année/Unreal Engine/Projets/PiscnieUnreal/Donjon/Saved/HealthPickup_BP8C29106B437A34DE272EE69A115A206D.tmp' to '../../../../Cours/2ème Année/Unreal Engine/Projets/PiscnieUnreal/Donjon/Content/FirstPersonBP/Blueprints/MyBlueprints/HealthPickup_BP.uasset'
[2018.11.20-16.23.20:315][644]LogSlate: FSceneViewport::OnFocusLost() reason 0
[2018.11.20-16.23.26:164][952]LogSlate: FSceneViewport::OnFocusLost() reason 0
[2018.11.20-16.23.26:196][954]LogTemp: Repeating last play command: Selected Viewport
[2018.11.20-16.23.26:223][954]LogBlueprintUserMessages: Early PlayInEditor Detection: Level '/Game/FirstPersonBP/Maps/PlatformLabyrinthe.PlatformLabyrinthe:PersistentLevel' has LevelScriptBlueprint '/Game/FirstPersonBP/Maps/PlatformLabyrinthe.PlatformLabyrinthe:PersistentLevel.PlatformLabyrinthe' with GeneratedClass '/Game/FirstPersonBP/Maps/PlatformLabyrinthe.PlatformLabyrinthe_C' with ClassGeneratedBy '/Game/FirstPersonBP/Maps/PlatformLabyrinthe.PlatformLabyrinthe:PersistentLevel.PlatformLabyrinthe'
[2018.11.20-16.23.26:223][954]LogPlayLevel: PlayLevel: No blueprints needed recompiling
[2018.11.20-16.23.26:255][954]PIE: New page: PIE session: PlatformLabyrinthe (20 nov. 2018 18:23:26)
[2018.11.20-16.23.26:255][954]LogPlayLevel: Creating play world package: /Game/FirstPersonBP/Maps/UEDPIE_0_PlatformLabyrinthe
[2018.11.20-16.23.26:308][954]LogPlayLevel: PIE: StaticDuplicateObject took: (0.052042s)
[2018.11.20-16.23.26:309][954]LogAIModule: Creating AISystem for world PlatformLabyrinthe
[2018.11.20-16.23.26:309][954]LogPlayLevel: PIE: World Init took: (0.001617s)
[2018.11.20-16.23.26:310][954]LogPlayLevel: PIE: Created PIE world by copying editor world from /Game/FirstPersonBP/Maps/PlatformLabyrinthe.PlatformLabyrinthe to /Game/FirstPersonBP/Maps/UEDPIE_0_PlatformLabyrinthe.PlatformLabyrinthe (0.053975s)
[2018.11.20-16.23.26:349][954]LogInit: XAudio2 using 'Speakers (Realtek High Definition Audio)' : 2 channels at 48 kHz using 32 bits per sample (channel mask 0x3)
[2018.11.20-16.23.26:424][954]LogInit: FAudioDevice initialized.
[2018.11.20-16.23.26:474][954]LogLoad: Game class is 'FirstPersonGameMode_C'
[2018.11.20-16.23.26:487][954]LogWorld: Bringing World /Game/FirstPersonBP/Maps/UEDPIE_0_PlatformLabyrinthe.PlatformLabyrinthe up for play (max tick rate 60) at 2018.11.20-17.23.26
[2018.11.20-16.23.26:488][954]LogWorld: Bringing up level for play took: 0.011772
[2018.11.20-16.23.26:523][954]LogContentBrowser: Native class hierarchy updated for 'MovieSceneCapture' in 0.0005 seconds. Added 10 classes and 0 folders.
[2018.11.20-16.23.26:525][954]PIE: Play in editor start time for /Game/FirstPersonBP/Maps/UEDPIE_0_PlatformLabyrinthe 0,834
[2018.11.20-16.23.26:525][954]LogBlueprintUserMessages: Late PlayInEditor Detection: Level '/Game/FirstPersonBP/Maps/PlatformLabyrinthe.PlatformLabyrinthe:PersistentLevel' has LevelScriptBlueprint '/Game/FirstPersonBP/Maps/PlatformLabyrinthe.PlatformLabyrinthe:PersistentLevel.PlatformLabyrinthe' with GeneratedClass '/Game/FirstPersonBP/Maps/PlatformLabyrinthe.PlatformLabyrinthe_C' with ClassGeneratedBy '/Game/FirstPersonBP/Maps/PlatformLabyrinthe.PlatformLabyrinthe:PersistentLevel.PlatformLabyrinthe'
[2018.11.20-16.23.29:817][145]LogBlueprintUserMessages: [FirstPersonCharacter_C_1] 75.0
[2018.11.20-16.24.01:804][ 55]LogBlueprintUserMessages: Early EndPlayMap Detection: Level '/Game/FirstPersonBP/Maps/PlatformLabyrinthe.PlatformLabyrinthe:PersistentLevel' has LevelScriptBlueprint '/Game/FirstPersonBP/Maps/PlatformLabyrinthe.PlatformLabyrinthe:PersistentLevel.PlatformLabyrinthe' with GeneratedClass '/Game/FirstPersonBP/Maps/PlatformLabyrinthe.PlatformLabyrinthe_C' with ClassGeneratedBy '/Game/FirstPersonBP/Maps/PlatformLabyrinthe.PlatformLabyrinthe:PersistentLevel.PlatformLabyrinthe'
[2018.11.20-16.24.01:805][ 55]LogSlate: Updating window title bar state: overlay mode, drag disabled, window buttons hidden, title bar hidden
[2018.11.20-16.24.01:843][ 55]LogPlayLevel: Display: Shutting down PIE online subsystems
[2018.11.20-16.24.01:843][ 55]LogBlueprintUserMessages: Late EndPlayMap Detection: Level '/Game/FirstPersonBP/Maps/PlatformLabyrinthe.PlatformLabyrinthe:PersistentLevel' has LevelScriptBlueprint '/Game/FirstPersonBP/Maps/PlatformLabyrinthe.PlatformLabyrinthe:PersistentLevel.PlatformLabyrinthe' with GeneratedClass '/Game/FirstPersonBP/Maps/PlatformLabyrinthe.PlatformLabyrinthe_C' with ClassGeneratedBy '/Game/FirstPersonBP/Maps/PlatformLabyrinthe.PlatformLabyrinthe:PersistentLevel.PlatformLabyrinthe'
[2018.11.20-16.24.01:881][ 55]LogSlate: Updating window title bar state: overlay mode, drag disabled, window buttons hidden, title bar hidden
[2018.11.20-16.24.01:914][ 56]LogPlayLevel: Display: Destroying online subsystem :Context_16
[2018.11.20-16.24.28:766][229]LogSavePackage: Moving '../../../../Cours/2ème Année/Unreal Engine/Projets/PiscnieUnreal/Donjon/Saved/PlatformLabyrinthe_Auto39C2E65164CA6AD6237403F9A9D42A78C.tmp' to '../../../../Cours/2ème Année/Unreal Engine/Projets/PiscnieUnreal/Donjon/Saved/Autosaves/Game/FirstPersonBP/Maps/PlatformLabyrinthe_Auto3.umap'
[2018.11.20-16.24.28:770][229]LogFileHelpers: Editor autosave (incl. sublevels) for '/Game/FirstPersonBP/Maps/PlatformLabyrinthe' took 0.683
[2018.11.20-16.24.28:770][229]LogFileHelpers: Editor autosave (incl. sublevels) for all levels took 0.683
[2018.11.20-16.33.47:780][899]LogSlate: FSceneViewport::OnFocusLost() reason 2
[2018.11.20-16.33.55:346][982]LogSlate: Window 'Save Content' being destroyed
[2018.11.20-16.33.56:082][982]LogSavePackage: Moving '../../../../Cours/2ème Année/Unreal Engine/Projets/PiscnieUnreal/Donjon/Saved/PlatformLabyrinthe3C04E5764DF52A68475B88A12FE4BB74.tmp' to '../../../../Cours/2ème Année/Unreal Engine/Projets/PiscnieUnreal/Donjon/Content/FirstPersonBP/Maps/PlatformLabyrinthe.umap'
[2018.11.20-16.33.56:121][982]LogFileHelpers: Saving map 'PlatformLabyrinthe' took 0.749
[2018.11.20-16.33.56:210][982]LogSlate: Window 'HealthPickup_BP' being destroyed
[2018.11.20-16.33.56:283][982]LogSlate: Window 'Donjon - Unreal Editor' being destroyed
[2018.11.20-16.33.56:284][982]LogWindowsTextInputMethodSystem: Display: IME system now deactivated.
[2018.11.20-16.33.56:532][983]Cmd: QUIT_EDITOR
[2018.11.20-16.33.57:283][983]LogExit: Preparing to exit.
[2018.11.20-16.33.58:718][983]LogExit: Editor shut down
[2018.11.20-16.33.58:719][983]LogExit: Transaction tracking system shut down
[2018.11.20-16.33.59:284][983]LogExit: Object subsystem successfully closed.
[2018.11.20-16.33.59:312][983]LogShaderCompilers: Display: Shaders left to compile 0
[2018.11.20-16.33.59:320][983]LogD3D11RHI: Shutdown
[2018.11.20-16.33.59:320][983]LogD3D11RHI: CleanupD3DDevice
[2018.11.20-16.33.59:327][983]LogD3D11RHI: ~FD3D11DynamicRHI
[2018.11.20-16.33.59:340][983]LogModuleManager: Shutting down and abandoning module MovieSceneCapture (616)
[2018.11.20-16.33.59:340][983]LogModuleManager: Shutting down and abandoning module Voice (614)
[2018.11.20-16.33.59:340][983]LogModuleManager: Shutting down and abandoning module BlueprintGraph (612)
[2018.11.20-16.33.59:340][983]LogModuleManager: Shutting down and abandoning module StatsViewer (610)
[2018.11.20-16.33.59:340][983]LogModuleManager: Shutting down and abandoning module HierarchicalLODOutliner (608)
[2018.11.20-16.33.59:340][983]LogModuleManager: Shutting down and abandoning module SceneOutliner (606)
[2018.11.20-16.33.59:340][983]LogModuleManager: Shutting down and abandoning module AddContentDialog (604)
[2018.11.20-16.33.59:343][983]LogModuleManager: Shutting down and abandoning module WidgetCarousel (603)
[2018.11.20-16.33.59:343][983]LogModuleManager: Shutting down and abandoning module EditorWidgets (600)
[2018.11.20-16.33.59:343][983]LogModuleManager: Shutting down and abandoning module CollectionManager (598)
[2018.11.20-16.33.59:343][983]LogModuleManager: Shutting down and abandoning module FoliageEdit (596)
[2018.11.20-16.33.59:343][983]LogModuleManager: Shutting down and abandoning module LandscapeEditor (594)
[2018.11.20-16.33.59:343][983]LogModuleManager: Shutting down and abandoning module MeshPaintMode (592)
[2018.11.20-16.33.59:343][983]LogModuleManager: Shutting down and abandoning module SceneDepthPickerMode (590)
[2018.11.20-16.33.59:343][983]LogModuleManager: Shutting down and abandoning module ActorPickerMode (588)
[2018.11.20-16.33.59:343][983]LogModuleManager: Shutting down and abandoning module GeometryMode (586)
[2018.11.20-16.33.59:343][983]LogModuleManager: Shutting down and abandoning module TextureAlignMode (584)
[2018.11.20-16.33.59:343][983]LogModuleManager: Shutting down and abandoning module BspMode (582)
[2018.11.20-16.33.59:343][983]LogModuleManager: Shutting down and abandoning module PIEPreviewDeviceProfileSelector (580)
[2018.11.20-16.33.59:343][983]LogModuleManager: Shutting down and abandoning module SequenceRecorderSections (578)
[2018.11.20-16.33.59:343][983]LogModuleManager: Shutting down and abandoning module AutomationWorker (576)
[2018.11.20-16.33.59:343][983]LogModuleManager: Shutting down and abandoning module AudioCaptureEditor (574)
[2018.11.20-16.33.59:343][983]LogModuleManager: Shutting down and abandoning module SequenceRecorder (573)
[2018.11.20-16.33.59:343][983]LogModuleManager: Shutting down and abandoning module MatineeToLevelSequence (570)
[2018.11.20-16.33.59:343][983]LogModuleManager: Shutting down and abandoning module LevelSequenceEditor (568)
[2018.11.20-16.33.59:344][983]LogModuleManager: Shutting down and abandoning module PlacementMode (567)
[2018.11.20-16.33.59:344][983]LogModuleManager: Shutting down and abandoning module MaterialEditor (566)
[2018.11.20-16.33.59:344][983]LogModuleManager: Shutting down and abandoning module WmfMediaFactory (562)
[2018.11.20-16.33.59:344][983]LogModuleManager: Shutting down and abandoning module WmfMediaEditor (560)
[2018.11.20-16.33.59:344][983]LogModuleManager: Shutting down and abandoning module MediaPlayerEditor (558)
[2018.11.20-16.33.59:344][983]LogModuleManager: Shutting down and abandoning module OpenExrWrapper (556)
[2018.11.20-16.33.59:344][983]LogModuleManager: Shutting down and abandoning module ImgMediaFactory (554)
[2018.11.20-16.33.59:344][983]LogModuleManager: Shutting down and abandoning module ImgMediaEditor (552)
[2018.11.20-16.33.59:344][983]LogModuleManager: Shutting down and abandoning module AvfMediaFactory (550)
[2018.11.20-16.33.59:344][983]LogModuleManager: Shutting down and abandoning module AvfMediaEditor (548)
[2018.11.20-16.33.59:344][983]LogModuleManager: Shutting down and abandoning module AndroidMediaFactory (546)
[2018.11.20-16.33.59:344][983]LogModuleManager: Shutting down and abandoning module AndroidMediaEditor (544)
[2018.11.20-16.33.59:344][983]LogModuleManager: Shutting down and abandoning module MagicLeapCameraPreviewFactory (542)
[2018.11.20-16.33.59:344][983]LogModuleManager: Shutting down and abandoning module MagicLeapMediaFactory (540)
[2018.11.20-16.33.59:344][983]LogModuleManager: Shutting down and abandoning module MagicLeapMediaEditor (538)
[2018.11.20-16.33.59:344][983]LogModuleManager: Shutting down and abandoning module CharacterAI (536)
[2018.11.20-16.33.59:344][983]LogModuleManager: Shutting down and abandoning module SmartSnapping (534)
[2018.11.20-16.33.59:344][983]LogModuleManager: Shutting down and abandoning module SessionServices (532)
[2018.11.20-16.33.59:344][983]LogModuleManager: Shutting down and abandoning module ViewportSnapping (530)
[2018.11.20-16.33.59:344][983]LogModuleManager: Shutting down and abandoning module ViewportInteraction (528)
[2018.11.20-16.33.59:344][983]LogModuleManager: Shutting down and abandoning module ClothPainter (526)
[2018.11.20-16.33.59:344][983]LogModuleManager: Shutting down and abandoning module SkeletalMeshEditor (525)
[2018.11.20-16.33.59:344][983]LogModuleManager: Shutting down and abandoning module LogVisualizer (522)
[2018.11.20-16.33.59:344][983]LogModuleManager: Shutting down and abandoning module IntroTutorials (520)
[2018.11.20-16.33.59:344][983]LogModuleManager: Shutting down and abandoning module GameProjectGeneration (519)
[2018.11.20-16.33.59:344][983]LogModuleManager: Shutting down and abandoning module LuminPlatformEditor (516)
[2018.11.20-16.33.59:344][983]LogModuleManager: Shutting down and abandoning module IOSPlatformEditor (514)
[2018.11.20-16.33.59:344][983]LogModuleManager: Shutting down and abandoning module HTML5PlatformEditor (512)
[2018.11.20-16.33.59:344][983]LogModuleManager: Shutting down and abandoning module AndroidPlatformEditor (510)
[2018.11.20-16.33.59:345][983]LogModuleManager: Shutting down and abandoning module AndroidDeviceDetection (509)
[2018.11.20-16.33.59:925][983]LogModuleManager: Shutting down and abandoning module WindowsPlatformEditor (506)
[2018.11.20-16.33.59:925][983]LogModuleManager: Shutting down and abandoning module LuminRuntimeSettings (504)
[2018.11.20-16.33.59:925][983]LogModuleManager: Shutting down and abandoning module IOSRuntimeSettings (502)
[2018.11.20-16.33.59:925][983]LogModuleManager: Shutting down and abandoning module AndroidRuntimeSettings (500)
[2018.11.20-16.33.59:925][983]LogModuleManager: Shutting down and abandoning module InputBindingEditor (498)
[2018.11.20-16.33.59:925][983]LogModuleManager: Shutting down and abandoning module MergeActors (496)
[2018.11.20-16.33.59:925][983]LogModuleManager: Shutting down and abandoning module LocalizationDashboard (494)
[2018.11.20-16.33.59:925][983]LogModuleManager: Shutting down and abandoning module LocalizationService (493)
[2018.11.20-16.33.59:925][983]LogModuleManager: Shutting down and abandoning module HardwareTargeting (490)
[2018.11.20-16.33.59:925][983]LogModuleManager: Shutting down and abandoning module DeviceProfileEditor (488)
[2018.11.20-16.33.59:925][983]LogModuleManager: Shutting down and abandoning module UndoHistory (486)
[2018.11.20-16.33.59:925][983]LogModuleManager: Shutting down and abandoning module XmlParser (484)
[2018.11.20-16.33.59:925][983]LogModuleManager: Shutting down and abandoning module Blutility (482)
[2018.11.20-16.33.59:925][983]LogModuleManager: Shutting down and abandoning module ProjectSettingsViewer (480)
[2018.11.20-16.33.59:925][983]LogModuleManager: Shutting down and abandoning module ProjectTargetPlatformEditor (479)
[2018.11.20-16.33.59:926][983]LogModuleManager: Shutting down and abandoning module EditorSettingsViewer (476)
[2018.11.20-16.33.59:926][983]LogModuleManager: Shutting down and abandoning module SettingsEditor (474)
[2018.11.20-16.33.59:926][983]LogModuleManager: Shutting down and abandoning module ProjectLauncher (472)
[2018.11.20-16.33.59:926][983]LogModuleManager: Shutting down and abandoning module SessionFrontend (470)
[2018.11.20-16.33.59:926][983]LogModuleManager: Shutting down and abandoning module ProfilerClient (468)
[2018.11.20-16.33.59:926][983]LogModuleManager: Shutting down and abandoning module DeviceManager (466)
[2018.11.20-16.33.59:926][983]LogModuleManager: Shutting down and abandoning module TargetDeviceServices (465)
[2018.11.20-16.33.59:990][983]LogModuleManager: Shutting down and abandoning module AutomationController (462)
[2018.11.20-16.33.59:990][983]LogModuleManager: Shutting down and abandoning module AutomationWindow (460)
[2018.11.20-16.33.59:990][983]LogModuleManager: Shutting down and abandoning module Layers (458)
[2018.11.20-16.33.59:990][983]LogModuleManager: Shutting down and abandoning module ComponentVisualizers (456)
[2018.11.20-16.33.59:990][983]LogModuleManager: Shutting down and abandoning module DetailCustomizations (454)
[2018.11.20-16.33.59:990][983]LogModuleManager: Shutting down and abandoning module PackagesDialog (452)
[2018.11.20-16.33.59:990][983]LogModuleManager: Shutting down and abandoning module Persona (450)
[2018.11.20-16.33.59:990][983]LogModuleManager: Shutting down and abandoning module AdvancedPreviewScene (449)
[2018.11.20-16.33.59:990][983]LogModuleManager: Shutting down and abandoning module AnimGraph (447)
[2018.11.20-16.33.59:991][983]LogModuleManager: Shutting down and abandoning module Kismet (444)
[2018.11.20-16.33.59:997][983]LogModuleManager: Shutting down and abandoning module GraphEditor (442)
[2018.11.20-16.33.59:997][983]LogModuleManager: Shutting down and abandoning module ClassViewer (440)
[2018.11.20-16.33.59:998][983]LogModuleManager: Shutting down and abandoning module Toolbox (438)
[2018.11.20-16.33.59:998][983]LogModuleManager: Shutting down and abandoning module ModuleUI (436)
[2018.11.20-16.33.59:998][983]LogModuleManager: Shutting down and abandoning module MovieSceneTools (434)
[2018.11.20-16.33.59:998][983]LogModuleManager: Shutting down and abandoning module OutputLog (432)
[2018.11.20-16.33.59:998][983]LogModuleManager: Shutting down and abandoning module GammaUI (430)
[2018.11.20-16.33.59:998][983]LogModuleManager: Shutting down and abandoning module Documentation (428)
[2018.11.20-16.33.59:998][983]LogModuleManager: Shutting down and abandoning module MovieSceneTracks (426)
[2018.11.20-16.33.59:998][983]LogModuleManager: Shutting down and abandoning module MovieScene (424)
[2018.11.20-16.33.59:998][983]LogModuleManager: Shutting down and abandoning module StreamingPauseRendering (422)
[2018.11.20-16.33.59:998][983]LogModuleManager: Shutting down and abandoning module LauncherPlatform (420)
[2018.11.20-16.33.59:998][983]LogModuleManager: Shutting down and abandoning module AnalyticsET (418)
[2018.11.20-16.33.59:998][983]LogModuleManager: Shutting down and abandoning module PortalServices (416)
[2018.11.20-16.33.59:998][983]LogModuleManager: Shutting down and abandoning module PortalRpc (414)
[2018.11.20-16.33.59:998][983]LogModuleManager: Shutting down and abandoning module MessagingRpc (412)
[2018.11.20-16.33.59:998][983]LogModuleManager: Shutting down and abandoning module AIModule (410)
[2018.11.20-16.33.59:998][983]LogModuleManager: Shutting down and abandoning module GameplayDebugger (409)
[2018.11.20-16.33.59:998][983]LogModuleManager: Shutting down and abandoning module AITestSuite (407)
[2018.11.20-16.33.59:998][983]LogModuleManager: Shutting down and abandoning module NavigationSystem (405)
[2018.11.20-16.33.59:998][983]LogModuleManager: Shutting down and abandoning module DesktopPlatform (402)
[2018.11.20-16.33.59:998][983]LogModuleManager: Shutting down and abandoning module ProfilerService (400)
[2018.11.20-16.33.59:999][983]LogModuleManager: Shutting down and abandoning module TaskGraph (398)
[2018.11.20-16.33.59:999][983]LogModuleManager: Shutting down and abandoning module SteamVRController (396)
[2018.11.20-16.33.59:999][983]LogModuleManager: Shutting down and abandoning module ProceduralMeshComponentEditor (394)
[2018.11.20-16.33.59:999][983]LogModuleManager: Shutting down and abandoning module ProceduralMeshComponent (392)
[2018.11.20-16.33.59:999][983]LogModuleManager: Shutting down and abandoning module OculusInput (390)
[2018.11.20-16.33.59:999][983]LogModuleManager: Shutting down and abandoning module MobilePatchingUtils (388)
[2018.11.20-16.33.59:999][983]LogModuleManager: Shutting down and abandoning module EditableMesh (386)
[2018.11.20-16.33.59:999][983]LogModuleManager: Shutting down and abandoning module CustomMeshComponent (384)
[2018.11.20-16.34.00:000][983]LogModuleManager: Shutting down and abandoning module CableComponent (382)
[2018.11.20-16.34.00:000][983]LogModuleManager: Shutting down and abandoning module AudioCapture (380)
[2018.11.20-16.34.00:000][983]LogModuleManager: Shutting down and abandoning module ArchVisCharacter (378)
[2018.11.20-16.34.00:000][983]LogModuleManager: Shutting down and abandoning module AndroidPermission (376)
[2018.11.20-16.34.00:000][983]LogModuleManager: Shutting down and abandoning module NUTUnrealEngine4 (374)
[2018.11.20-16.34.00:000][983]LogModuleManager: Shutting down and abandoning module NetcodeUnitTest (372)
[2018.11.20-16.34.00:000][983]LogModuleManager: Shutting down and abandoning module MediaCompositingEditor (370)
[2018.11.20-16.34.00:000][983]LogModuleManager: Shutting down and abandoning module MediaCompositing (368)
[2018.11.20-16.34.00:000][983]LogModuleManager: Shutting down and abandoning module LinearTimecode (366)
[2018.11.20-16.34.00:000][983]LogModuleManager: Shutting down and abandoning module ImgMedia (364)
[2018.11.20-16.34.00:007][983]LogModuleManager: Shutting down and abandoning module HTML5Networking (362)
[2018.11.20-16.34.00:007][983]LogModuleManager: Shutting down and abandoning module GeometryCacheTracks (360)
[2018.11.20-16.34.00:007][983]LogModuleManager: Shutting down and abandoning module GeometryCacheSequencer (358)
[2018.11.20-16.34.00:007][983]LogModuleManager: Shutting down and abandoning module BackChannel (356)
[2018.11.20-16.34.00:007][983]LogModuleManager: Shutting down and abandoning module AppleVision (354)
[2018.11.20-16.34.00:007][983]LogModuleManager: Shutting down and abandoning module AppleImageUtils (352)
[2018.11.20-16.34.00:007][983]LogModuleManager: Shutting down and abandoning module AlembicImporter (350)
[2018.11.20-16.34.00:007][983]LogModuleManager: Shutting down and abandoning module AlembicLibrary (349)
[2018.11.20-16.34.00:007][983]LogModuleManager: Shutting down and abandoning module GeometryCache (348)
[2018.11.20-16.34.00:007][983]LogModuleManager: Shutting down and abandoning module GeometryCacheEd (347)
[2018.11.20-16.34.00:007][983]LogModuleManager: Shutting down and abandoning module DatasmithContentEditor (342)
[2018.11.20-16.34.00:007][983]LogModuleManager: Shutting down and abandoning module DatasmithContent (340)
[2018.11.20-16.34.00:008][983]LogModuleManager: Shutting down and abandoning module SpeedTreeImporter (338)
[2018.11.20-16.34.00:008][983]LogModuleManager: Shutting down and abandoning module PluginBrowser (336)
[2018.11.20-16.34.00:008][983]LogModuleManager: Shutting down and abandoning module MobileLauncherProfileWizard (334)
[2018.11.20-16.34.00:008][983]LogModuleManager: Shutting down and abandoning module PolygonModeling (332)
[2018.11.20-16.34.00:008][983]LogModuleManager: Shutting down and abandoning module MeshEditor (330)
[2018.11.20-16.34.00:008][983]LogModuleManager: Shutting down and abandoning module CryptoKeysOpenSSL (328)
[2018.11.20-16.34.00:008][983]LogModuleManager: Shutting down and abandoning module CryptoKeys (326)
[2018.11.20-16.34.00:008][983]LogModuleManager: Shutting down and abandoning module VisualStudioSourceCodeAccess (324)
[2018.11.20-16.34.00:008][983]LogModuleManager: Shutting down and abandoning module VisualStudioCodeSourceCodeAccess (322)
[2018.11.20-16.34.00:008][983]LogModuleManager: Shutting down and abandoning module UObjectPlugin (320)
[2018.11.20-16.34.00:008][983]LogModuleManager: Shutting down and abandoning module SubversionSourceControl (318)
[2018.11.20-16.34.00:008][983]LogModuleManager: Shutting down and abandoning module PerforceSourceControl (316)
[2018.11.20-16.34.00:008][983]LogModuleManager: Shutting down and abandoning module GitSourceControl (314)
[2018.11.20-16.34.00:008][983]LogModuleManager: Shutting down and abandoning module SourceControl (313)
[2018.11.20-16.34.00:009][983]LogModuleManager: Shutting down and abandoning module CLionSourceCodeAccess (310)
[2018.11.20-16.34.00:009][983]LogModuleManager: Shutting down and abandoning module LightPropagationVolumeEditor (308)
[2018.11.20-16.34.00:009][983]LogModuleManager: Shutting down and abandoning module PaperTiledImporter (306)
[2018.11.20-16.34.00:009][983]LogModuleManager: Shutting down and abandoning module PaperSpriteSheetImporter (304)
[2018.11.20-16.34.00:009][983]LogModuleManager: Shutting down and abandoning module Paper2DEditor (302)
[2018.11.20-16.34.00:009][983]LogModuleManager: Shutting down and abandoning module MeshPaint (301)
[2018.11.20-16.34.00:009][983]LogModuleManager: Shutting down and abandoning module RuntimePhysXCooking (298)
[2018.11.20-16.34.00:009][983]LogModuleManager: Shutting down and abandoning module PhysXVehiclesEditor (296)
[2018.11.20-16.34.00:009][983]LogModuleManager: Shutting down and abandoning module PhysXVehicles (294)
[2018.11.20-16.34.00:009][983]LogModuleManager: Shutting down and abandoning module OculusEditor (292)
[2018.11.20-16.34.00:009][983]LogModuleManager: Shutting down and abandoning module LocationServicesBPLibrary (290)
[2018.11.20-16.34.00:009][983]LogModuleManager: Shutting down and abandoning module ImmediatePhysicsEditor (288)
[2018.11.20-16.34.00:009][983]LogModuleManager: Shutting down and abandoning module ImmediatePhysics (286)
[2018.11.20-16.34.00:009][983]LogModuleManager: Shutting down and abandoning module ActorSequence (284)
[2018.11.20-16.34.00:009][983]LogModuleManager: Shutting down and abandoning module UdpMessaging (282)
[2018.11.20-16.34.00:110][983]LogModuleManager: Shutting down and abandoning module TcpMessaging (280)
[2018.11.20-16.34.00:211][983]LogModuleManager: Shutting down and abandoning module MagicLeapAudio (278)
[2018.11.20-16.34.00:211][983]LogModuleManager: Shutting down and abandoning module GameplayTagsEditor (276)
[2018.11.20-16.34.00:211][983]LogModuleManager: Shutting down and abandoning module FacialAnimationEditor (274)
[2018.11.20-16.34.00:211][983]LogModuleManager: Shutting down and abandoning module FacialAnimation (272)
[2018.11.20-16.34.00:211][983]LogModuleManager: Shutting down and abandoning module DataValidation (270)
[2018.11.20-16.34.00:211][983]LogModuleManager: Shutting down and abandoning module AssetManagerEditor (268)
[2018.11.20-16.34.00:211][983]LogModuleManager: Shutting down and abandoning module LevelEditor (267)
[2018.11.20-16.34.00:213][983]LogModuleManager: Shutting down and abandoning module PixelInspectorModule (266)
[2018.11.20-16.34.00:213][983]LogModuleManager: Shutting down and abandoning module CommonMenuExtensions (264)
[2018.11.20-16.34.00:213][983]LogModuleManager: Shutting down and abandoning module MainFrame (262)
[2018.11.20-16.34.00:213][983]LogModuleManager: Shutting down and abandoning module HotReload (261)
[2018.11.20-16.34.00:214][983]LogModuleManager: Shutting down and abandoning module ContentBrowser (257)
[2018.11.20-16.34.00:216][983]LogModuleManager: Shutting down and abandoning module TreeMap (255)
[2018.11.20-16.34.00:216][983]LogModuleManager: Shutting down and abandoning module LightPropagationVolumeRuntime (252)
[2018.11.20-16.34.00:216][983]LogModuleManager: Shutting down and abandoning module AISupportModule (250)
[2018.11.20-16.34.00:216][983]LogModuleManager: Shutting down and abandoning module Paper2D (248)
[2018.11.20-16.34.00:216][983]LogModuleManager: Shutting down and abandoning module WindowsMoviePlayer (246)
[2018.11.20-16.34.00:216][983]LogModuleManager: Shutting down and abandoning module WmfMedia (244)
[2018.11.20-16.34.00:218][983]LogModuleManager: Shutting down and abandoning module Media (243)
[2018.11.20-16.34.00:225][983]LogModuleManager: Shutting down and abandoning module PacketHandler (240)
[2018.11.20-16.34.00:225][983]LogModuleManager: Shutting down and abandoning module ClothingSystemEditor (238)
[2018.11.20-16.34.00:225][983]LogModuleManager: Shutting down and abandoning module ClothingSystemRuntime (236)
[2018.11.20-16.34.00:225][983]LogModuleManager: Shutting down and abandoning module MediaAssets (234)
[2018.11.20-16.34.00:225][983]LogModuleManager: Shutting down and abandoning module Overlay (232)
[2018.11.20-16.34.00:225][983]LogModuleManager: Shutting down and abandoning module OverlayEditor (231)
[2018.11.20-16.34.00:225][983]LogModuleManager: Shutting down and abandoning module VREditor (228)
[2018.11.20-16.34.00:225][983]LogModuleManager: Shutting down and abandoning module StringTableEditor (226)
[2018.11.20-16.34.00:225][983]LogModuleManager: Shutting down and abandoning module GameplayTasksEditor (224)
[2018.11.20-16.34.00:225][983]LogModuleManager: Shutting down and abandoning module BehaviorTreeEditor (222)
[2018.11.20-16.34.00:225][983]LogModuleManager: Shutting down and abandoning module FunctionalTesting (220)
[2018.11.20-16.34.00:225][983]LogModuleManager: Shutting down and abandoning module CollisionAnalyzer (218)
[2018.11.20-16.34.00:225][983]LogModuleManager: Shutting down and abandoning module WorkspaceMenuStructure (217)
[2018.11.20-16.34.00:225][983]LogModuleManager: Shutting down and abandoning module UMG (214)
[2018.11.20-16.34.00:225][983]LogModuleManager: Shutting down and abandoning module UMGEditor (213)
[2018.11.20-16.34.00:225][983]LogModuleManager: Shutting down and abandoning module Sequencer (212)
[2018.11.20-16.34.00:225][983]LogModuleManager: Shutting down and abandoning module MessageLog (209)
[2018.11.20-16.34.00:225][983]LogModuleManager: Shutting down and abandoning module SlateReflector (204)
[2018.11.20-16.34.00:225][983]LogModuleManager: Shutting down and abandoning module Slate (202)
[2018.11.20-16.34.00:226][983]LogModuleManager: Shutting down and abandoning module EditorStyle (200)
[2018.11.20-16.34.00:229][983]LogModuleManager: Shutting down and abandoning module MRMesh (198)
[2018.11.20-16.34.00:229][983]LogModuleManager: Shutting down and abandoning module SourceCodeAccess (196)
[2018.11.20-16.34.00:229][983]LogModuleManager: Shutting down and abandoning module HeadMountedDisplay (194)
[2018.11.20-16.34.00:229][983]LogModuleManager: Shutting down and abandoning module XAudio2 (192)
[2018.11.20-16.34.00:229][983]LogModuleManager: Shutting down and abandoning module Networking (190)
[2018.11.20-16.34.00:229][983]LogModuleManager: Shutting down and abandoning module Core (188)
[2018.11.20-16.34.00:229][983]LogModuleManager: Shutting down and abandoning module LevelSequence (186)
[2018.11.20-16.34.00:229][983]LogModuleManager: Shutting down and abandoning module KismetCompiler (184)
[2018.11.20-16.34.00:229][983]LogModuleManager: Shutting down and abandoning module MeshUtilities (182)
[2018.11.20-16.34.00:229][983]LogModuleManager: Shutting down and abandoning module MeshMergeUtilities (181)
[2018.11.20-16.34.00:229][983]LogModuleManager: Shutting down and abandoning module MeshReductionInterface (180)
[2018.11.20-16.34.00:229][983]LogModuleManager: Shutting down and abandoning module SimplygonSwarm (179)
[2018.11.20-16.34.00:229][983]LogModuleManager: Shutting down and abandoning module ProxyLODMeshReduction (177)
[2018.11.20-16.34.00:229][983]LogModuleManager: Shutting down and abandoning module SimplygonMeshReduction (175)
[2018.11.20-16.34.00:229][983]LogModuleManager: Shutting down and abandoning module QuadricMeshReduction (173)
[2018.11.20-16.34.00:229][983]LogModuleManager: Shutting down and abandoning module MaterialBaking (169)
[2018.11.20-16.34.00:229][983]LogModuleManager: Shutting down and abandoning module DirectoryWatcher (165)
[2018.11.20-16.34.00:230][983]LogModuleManager: Shutting down and abandoning module DerivedDataCache (162)
[2018.11.20-16.34.00:247][983]LogDerivedDataCache: Shutdown
[2018.11.20-16.34.00:247][983]LogModuleManager: Shutting down and abandoning module XGEController (160)
[2018.11.20-16.34.00:247][983]LogXGEController: Cleaning working directory: C:/Users/Tom/AppData/Local/Temp/UnrealXGEWorkingDir/
[2018.11.20-16.34.00:247][983]LogModuleManager: Shutting down and abandoning module TargetPlatform (158)
[2018.11.20-16.34.00:247][983]LogModuleManager: Shutting down and abandoning module VulkanShaderFormat (157)
[2018.11.20-16.34.00:247][983]LogModuleManager: Shutting down and abandoning module ShaderFormatVectorVM (155)
[2018.11.20-16.34.00:247][983]LogModuleManager: Shutting down and abandoning module ShaderFormatOpenGL (153)
[2018.11.20-16.34.00:247][983]LogModuleManager: Shutting down and abandoning module ShaderFormatD3D (151)
[2018.11.20-16.34.00:248][983]LogModuleManager: Shutting down and abandoning module MetalShaderFormat (149)
[2018.11.20-16.34.00:248][983]LogModuleManager: Shutting down and abandoning module TextureFormatUncompressed (147)
[2018.11.20-16.34.00:248][983]LogModuleManager: Shutting down and abandoning module TextureFormatPVR (145)
[2018.11.20-16.34.00:248][983]LogModuleManager: Shutting down and abandoning module TextureFormatDXT (143)
[2018.11.20-16.34.00:248][983]LogModuleManager: Shutting down and abandoning module TextureFormatIntelISPCTexComp (141)
[2018.11.20-16.34.00:248][983]LogModuleManager: Shutting down and abandoning module TextureFormatASTC (139)
[2018.11.20-16.34.00:248][983]LogModuleManager: Shutting down and abandoning module ImageWrapper (138)
[2018.11.20-16.34.00:248][983]LogModuleManager: Shutting down and abandoning module TextureFormatAndroid (135)
[2018.11.20-16.34.00:248][983]LogModuleManager: Shutting down and abandoning module AudioFormatOpus (133)
[2018.11.20-16.34.00:248][983]LogModuleManager: Shutting down and abandoning module AudioFormatOgg (131)
[2018.11.20-16.34.00:248][983]LogModuleManager: Shutting down and abandoning module AudioFormatADPCM (129)
[2018.11.20-16.34.00:248][983]LogModuleManager: Shutting down and abandoning module LuminTargetPlatform (127)
[2018.11.20-16.34.00:248][983]LogModuleManager: Shutting down and abandoning module LinuxTargetPlatform (125)
[2018.11.20-16.34.00:248][983]LogModuleManager: Shutting down and abandoning module LinuxServerTargetPlatform (123)
[2018.11.20-16.34.00:248][983]LogModuleManager: Shutting down and abandoning module LinuxNoEditorTargetPlatform (121)
[2018.11.20-16.34.00:248][983]LogModuleManager: Shutting down and abandoning module LinuxClientTargetPlatform (119)
[2018.11.20-16.34.00:248][983]LogModuleManager: Shutting down and abandoning module TVOSTargetPlatform (117)
[2018.11.20-16.34.00:258][983]LogModuleManager: Shutting down and abandoning module Messaging (115)
[2018.11.20-16.34.00:258][983]LogModuleManager: Shutting down and abandoning module IOSTargetPlatform (113)
[2018.11.20-16.34.00:264][983]LogModuleManager: Shutting down and abandoning module HTML5TargetPlatform (111)
[2018.11.20-16.34.00:264][983]LogModuleManager: Shutting down and abandoning module AndroidTargetPlatform (109)
[2018.11.20-16.34.00:303][983]LogModuleManager: Shutting down and abandoning module WindowsTargetPlatform (107)
[2018.11.20-16.34.00:304][983]LogModuleManager: Shutting down and abandoning module WindowsServerTargetPlatform (105)
[2018.11.20-16.34.00:304][983]LogModuleManager: Shutting down and abandoning module WindowsNoEditorTargetPlatform (103)
[2018.11.20-16.34.00:304][983]LogModuleManager: Shutting down and abandoning module WindowsClientTargetPlatform (101)
[2018.11.20-16.34.00:304][983]LogModuleManager: Shutting down and abandoning module MacTargetPlatform (99)
[2018.11.20-16.34.00:304][983]LogModuleManager: Shutting down and abandoning module MacServerTargetPlatform (97)
[2018.11.20-16.34.00:304][983]LogModuleManager: Shutting down and abandoning module MacNoEditorTargetPlatform (95)
[2018.11.20-16.34.00:304][983]LogModuleManager: Shutting down and abandoning module MacClientTargetPlatform (93)
[2018.11.20-16.34.00:304][983]LogModuleManager: Shutting down and abandoning module AllDesktopTargetPlatform (91)
[2018.11.20-16.34.00:304][983]LogModuleManager: Shutting down and abandoning module InputCore (88)
[2018.11.20-16.34.00:304][983]LogModuleManager: Shutting down and abandoning module Settings (86)
[2018.11.20-16.34.00:304][983]LogModuleManager: Shutting down and abandoning module PhysXCooking (84)
[2018.11.20-16.34.00:304][983]LogModuleManager: Shutting down and abandoning module SteamVR (82)
[2018.11.20-16.34.00:304][983]LogModuleManager: Shutting down and abandoning module OculusHMD (80)
[2018.11.20-16.34.00:304][983]LogModuleManager: Shutting down and abandoning module ExampleDeviceProfileSelector (78)
[2018.11.20-16.34.00:304][983]LogModuleManager: Shutting down and abandoning module LauncherChunkInstaller (76)
[2018.11.20-16.34.00:304][983]LogModuleManager: Shutting down and abandoning module OnlineBlueprintSupport (74)
[2018.11.20-16.34.00:304][983]LogModuleManager: Shutting down and abandoning module OnlineSubsystem (70)
[2018.11.20-16.34.00:305][983]LogModuleManager: Shutting down and abandoning module XMPP (65)
[2018.11.20-16.34.00:305][983]LogModuleManager: Shutting down and abandoning module WebSockets (64)
[2018.11.20-16.34.00:338][983]LogModuleManager: Shutting down and abandoning module HTTP (61)
[2018.11.20-16.34.00:338][983]LogHttp: Display: Http module shutting down, but needs to wait on 1 outstanding Http requests:
[2018.11.20-16.34.00:338][983]LogHttp: Display: 	verb=[POST] url=[https://datarouter.ol.epicgames.com/datarouter/api/v1/public/data?SessionID=%7B2A1246D5-4D7D-6259-5E2F-2EA7EFDD3BC2%7D&AppID=UEEditor.Rocket.Release&AppVersion=4.20.3-4369336%2B%2B%2BUE4%2BRelease-4.20&UserID=0a34d52b47933266f470deb52612c378%7C424d29f0eb3e41838378eaad155bef5d%7C921af401-3263-4114-a3ee-ae18dd84d636&AppEnvironment=datacollector-binary&UploadType=eteventstream] status=Processing
[2018.11.20-16.34.00:372][983]LogModuleManager: Shutting down and abandoning module SSL (60)
[2018.11.20-16.34.00:374][983]LogModuleManager: Shutting down and abandoning module MagicLeapEmulator (56)
[2018.11.20-16.34.00:374][983]LogModuleManager: Shutting down and abandoning module MagicLeapPrivileges (54)
[2018.11.20-16.34.00:374][983]LogModuleManager: Shutting down and abandoning module MagicLeapIdentity (52)
[2018.11.20-16.34.00:374][983]LogModuleManager: Shutting down and abandoning module MagicLeapHelperVulkan (50)
[2018.11.20-16.34.00:374][983]LogModuleManager: Shutting down and abandoning module MagicLeapHelperOpenGL (48)
[2018.11.20-16.34.00:374][983]LogModuleManager: Shutting down and abandoning module MagicLeapSecureStorage (46)
[2018.11.20-16.34.00:374][983]LogModuleManager: Shutting down and abandoning module MagicLeapGestures (44)
[2018.11.20-16.34.00:374][983]LogModuleManager: Shutting down and abandoning module MagicLeapEyeTracker (42)
[2018.11.20-16.34.00:374][983]LogModuleManager: Shutting down and abandoning module MagicLeapController (40)
[2018.11.20-16.34.00:375][983]LogSlate: Slate User Destroyed.  User Index 0, Is Virtual User: 0
[2018.11.20-16.34.00:375][983]LogModuleManager: Shutting down and abandoning module MagicLeap (38)
[2018.11.20-16.34.00:375][983]LogModuleManager: Shutting down and abandoning module AnimationModifiers (36)
[2018.11.20-16.34.00:375][983]LogModuleManager: Shutting down and abandoning module PropertyEditor (35)
[2018.11.20-16.34.00:375][983]LogModuleManager: Shutting down and abandoning module AudioEditor (32)
[2018.11.20-16.34.00:375][983]LogModuleManager: Shutting down and abandoning module TextureCompressor (30)
[2018.11.20-16.34.00:381][983]LogModuleManager: Shutting down and abandoning module ShaderCore (28)
[2018.11.20-16.34.00:381][983]LogModuleManager: Shutting down and abandoning module Landscape (26)
[2018.11.20-16.34.00:381][983]LogModuleManager: Shutting down and abandoning module SlateRHIRenderer (24)
[2018.11.20-16.34.00:383][983]LogModuleManager: Shutting down and abandoning module OpenGLDrv (22)
[2018.11.20-16.34.00:383][983]LogModuleManager: Shutting down and abandoning module D3D11RHI (20)
[2018.11.20-16.34.00:383][983]LogModuleManager: Shutting down and abandoning module AnimGraphRuntime (18)
[2018.11.20-16.34.00:383][983]LogModuleManager: Shutting down and abandoning module Renderer (16)
[2018.11.20-16.34.00:383][983]LogModuleManager: Shutting down and abandoning module Engine (14)
[2018.11.20-16.34.00:383][983]LogModuleManager: Shutting down and abandoning module CoreUObject (12)
[2018.11.20-16.34.00:383][983]LogModuleManager: Shutting down and abandoning module NetworkFile (10)
[2018.11.20-16.34.00:383][983]LogModuleManager: Shutting down and abandoning module CookedIterativeFile (8)
[2018.11.20-16.34.00:383][983]LogModuleManager: Shutting down and abandoning module StreamingFile (6)
[2018.11.20-16.34.00:383][983]LogModuleManager: Shutting down and abandoning module SandboxFile (4)
[2018.11.20-16.34.00:383][983]LogModuleManager: Shutting down and abandoning module PakFile (2)
[2018.11.20-16.34.00:392][983]LogExit: Exiting.
[2018.11.20-16.34.00:419][983]Log file closed, 11/20/18 17:34:00
