Log file open, 11/13/18 14:10:59
LogWindows: Failed to load 'aqProf.dll' (GetLastError=126)
LogWindows: File 'aqProf.dll' does not exist
LogWindows: Failed to load 'VSPerf140.dll' (GetLastError=126)
LogWindows: File 'VSPerf140.dll' does not exist
LogWindows: Failed to load 'VtuneApi.dll' (GetLastError=126)
LogWindows: File 'VtuneApi.dll' does not exist
LogWindows: Failed to load 'VtuneApi32e.dll' (GetLastError=126)
LogWindows: File 'VtuneApi32e.dll' does not exist
LogInit: Display: Running engine for game: Donjon
LogPlatformFile: Not using cached read wrapper
LogTaskGraph: Started task graph with 5 named threads and 23 total threads with 3 sets of task threads.
LogStats: Stats thread started at 0.270893
LogD3D11RHI: Loaded GFSDK_Aftermath_Lib.x64.dll
LogICUInternationalization: Display: ICU TimeZone Detection - Raw Offset: +1:00, Platform Override: ''
LogPluginManager: Mounting plugin Paper2D
LogPluginManager: Mounting plugin AISupport
LogPluginManager: Mounting plugin LightPropagationVolume
LogPluginManager: Mounting plugin CLionSourceCodeAccess
LogPluginManager: Mounting plugin CodeLiteSourceCodeAccess
LogPluginManager: Mounting plugin GitSourceControl
LogPluginManager: Mounting plugin KDevelopSourceCodeAccess
LogPluginManager: Mounting plugin NullSourceCodeAccess
LogPluginManager: Mounting plugin PerforceSourceControl
LogPluginManager: Mounting plugin SubversionSourceControl
LogPluginManager: Mounting plugin UObjectPlugin
LogPluginManager: Mounting plugin VisualStudioCodeSourceCodeAccess
LogPluginManager: Mounting plugin VisualStudioSourceCodeAccess
LogPluginManager: Mounting plugin XCodeSourceCodeAccess
LogPluginManager: Mounting plugin AssetManagerEditor
LogPluginManager: Mounting plugin CryptoKeys
LogPluginManager: Mounting plugin DataValidation
LogPluginManager: Mounting plugin EditorScriptingUtilities
LogPluginManager: Mounting plugin FacialAnimation
LogPluginManager: Mounting plugin GameplayTagsEditor
LogPluginManager: Mounting plugin MacGraphicsSwitching
LogPluginManager: Mounting plugin MeshEditor
LogPluginManager: Mounting plugin MobileLauncherProfileWizard
LogPluginManager: Mounting plugin PluginBrowser
LogPluginManager: Mounting plugin SpeedTreeImporter
LogPluginManager: Mounting plugin DatasmithContent
LogPluginManager: Mounting plugin AlembicImporter
LogPluginManager: Mounting plugin AppleImageUtils
LogPluginManager: Mounting plugin AppleVision
LogPluginManager: Mounting plugin BackChannel
LogPluginManager: Mounting plugin CharacterAI
LogPluginManager: Mounting plugin GeometryCache
LogPluginManager: Mounting plugin HTML5Networking
LogPluginManager: Mounting plugin ProxyLODPlugin
LogPluginManager: Mounting plugin MagicLeap
LogPluginManager: Mounting plugin MagicLeapEmulator
LogPluginManager: Mounting plugin MagicLeapMedia
LogPluginManager: Mounting plugin AndroidMedia
LogPluginManager: Mounting plugin AvfMedia
LogPluginManager: Mounting plugin ImgMedia
LogPluginManager: Mounting plugin LinearTimecode
LogPluginManager: Mounting plugin MediaCompositing
LogPluginManager: Mounting plugin MediaPlayerEditor
LogPluginManager: Mounting plugin WmfMedia
LogPluginManager: Mounting plugin TcpMessaging
LogPluginManager: Mounting plugin UdpMessaging
LogPluginManager: Mounting plugin ActorSequence
LogPluginManager: Mounting plugin LevelSequenceEditor
LogPluginManager: Mounting plugin MatineeToLevelSequence
LogPluginManager: Mounting plugin NetcodeUnitTest
LogPluginManager: Mounting plugin NUTUnrealEngine4
LogPluginManager: Mounting plugin OnlineSubsystemGooglePlay
LogPluginManager: Mounting plugin OnlineSubsystemIOS
LogPluginManager: Mounting plugin OnlineSubsystem
LogPluginManager: Mounting plugin OnlineSubsystemNull
LogPluginManager: Mounting plugin OnlineSubsystemUtils
LogPluginManager: Mounting plugin LauncherChunkInstaller
LogPluginManager: Mounting plugin AndroidDeviceProfileSelector
LogPluginManager: Mounting plugin AndroidMoviePlayer
LogPluginManager: Mounting plugin AndroidPermission
LogPluginManager: Mounting plugin AppleMoviePlayer
LogPluginManager: Mounting plugin ArchVisCharacter
LogPluginManager: Mounting plugin AudioCapture
LogPluginManager: Mounting plugin CableComponent
LogPluginManager: Mounting plugin CustomMeshComponent
LogPluginManager: Mounting plugin EditableMesh
LogPluginManager: Mounting plugin ExampleDeviceProfileSelector
LogPluginManager: Mounting plugin GoogleCloudMessaging
LogPluginManager: Mounting plugin ImmediatePhysics
LogPluginManager: Mounting plugin IOSDeviceProfileSelector
LogPluginManager: Mounting plugin LinuxDeviceProfileSelector
LogPluginManager: Mounting plugin LocationServicesBPLibrary
LogPluginManager: Mounting plugin MobilePatchingUtils
LogPluginManager: Mounting plugin OculusVR
LogPluginManager: Plugin shader directory ../../../Engine/Plugins/Runtime/Oculus/OculusVR/Shaders found
LogPluginManager: Mapping shader source directory ../../../Engine/Plugins/Runtime/Oculus/OculusVR/Shaders to virtual directory /Plugin/OculusVR
LogPluginManager: Mounting plugin PhysXVehicles
LogPluginManager: Mounting plugin ProceduralMeshComponent
LogPluginManager: Mounting plugin RuntimePhysXCooking
LogPluginManager: Mounting plugin SteamVR
LogPluginManager: Mounting plugin WindowsMoviePlayer
LogPluginManager: Mounting plugin DatasmithCADImporter
LogPluginManager: Mounting plugin DatasmithFBXImporter
LogPluginManager: Mounting plugin DatasmithImporter
LogPluginManager: Mounting plugin DatasmithMDLImporter
LogPluginManager: Mounting plugin StaticMeshEditorExtension
LogStreaming: Display: Took  0.081s to configure plugins.
LogInit: Using libcurl 7.55.1-DEV
LogInit:  - built for x86_64-pc-win32
LogInit:  - supports SSL with OpenSSL/1.0.2h
LogInit:  - supports HTTP deflate (compression) using libz 1.2.8
LogInit:  - other features:
LogInit:      CURL_VERSION_SSL
LogInit:      CURL_VERSION_LIBZ
LogInit:      CURL_VERSION_IPV6
LogInit:      CURL_VERSION_ASYNCHDNS
LogInit:      CURL_VERSION_LARGEFILE
LogInit:      CURL_VERSION_IDN
LogInit:  CurlRequestOptions (configurable via config and command line):
LogInit:  - bVerifyPeer = false  - Libcurl will NOT verify peer certificate
LogInit:  - bUseHttpProxy = false  - Libcurl will NOT use HTTP proxy
LogInit:  - bDontReuseConnections = false  - Libcurl will reuse connections
LogInit:  - CertBundlePath = nullptr  - Libcurl will use whatever was configured at build time.
LogInit:  - MaxHostConnections = 16  - Libcurl will limit the number of connections to a host
LogInit:  - LocalHostAddr = Default
LogInit:  - BufferSize = 65536
LogInit: WinSock: version 1.1 (2.2), MaxSocks=32767, MaxUdp=65467
LogInit: Build: ++UE4+Release-4.20-CL-4369336
LogInit: Engine Version: 4.20.3-4369336+++UE4+Release-4.20
LogInit: Compatible Engine Version: 4.20.0-4212847+++UE4+Release-4.20
LogInit: Net CL: 4212847
LogInit: OS: Windows 10 (), CPU: Intel(R) Core(TM) i7-7700HQ CPU @ 2.80GHz, GPU: Intel(R) HD Graphics 630
LogInit: Compiled (64-bit): Sep 17 2018 12:26:19
LogInit: Compiled with Visual C++: 19.13.26129.00
LogInit: Build Configuration: Development
LogInit: Branch Name: ++UE4+Release-4.20
LogInit: Command Line: 
LogInit: Base Directory: D:/Unreal Engine 4/UE_4.20/Engine/Binaries/Win64/
LogInit: Installed Engine Build: 1
LogDevObjectVersion: Number of dev versions registered: 20
LogDevObjectVersion:   Dev-Blueprints (B0D832E4-1F89-4F0D-ACCF-7EB736FD4AA2): 10
LogDevObjectVersion:   Dev-Build (E1C64328-A22C-4D53-A36C-8E866417BD8C): 0
LogDevObjectVersion:   Dev-Core (375EC13C-06E4-48FB-B500-84F0262A717E): 2
LogDevObjectVersion:   Dev-Editor (E4B068ED-F494-42E9-A231-DA0B2E46BB41): 24
LogDevObjectVersion:   Dev-Framework (CFFC743F-43B0-4480-9391-14DF171D2073): 34
LogDevObjectVersion:   Dev-Mobile (B02B49B5-BB20-44E9-A304-32B752E40360): 2
LogDevObjectVersion:   Dev-Networking (A4E4105C-59A1-49B5-A7C5-40C4547EDFEE): 0
LogDevObjectVersion:   Dev-Online (39C831C9-5AE6-47DC-9A44-9C173E1C8E7C): 0
LogDevObjectVersion:   Dev-Physics (78F01B33-EBEA-4F98-B9B4-84EACCB95AA2): 0
LogDevObjectVersion:   Dev-Platform (6631380F-2D4D-43E0-8009-CF276956A95A): 0
LogDevObjectVersion:   Dev-Rendering (12F88B9F-8875-4AFC-A67C-D90C383ABD29): 26
LogDevObjectVersion:   Dev-Sequencer (7B5AE74C-D270-4C10-A958-57980B212A5A): 9
LogDevObjectVersion:   Dev-VR (D7296918-1DD6-4BDD-9DE2-64A83CC13884): 2
LogDevObjectVersion:   Dev-LoadTimes (C2A15278-BFE7-4AFE-6C17-90FF531DF755): 1
LogDevObjectVersion:   Private-Geometry (6EACA3D4-40EC-4CC1-B786-8BED09428FC5): 3
LogDevObjectVersion:   Dev-AnimPhys (29E575DD-E0A3-4627-9D10-D276232CDCEA): 17
LogDevObjectVersion:   Dev-ReflectionCapture (6B266CEC-1EC7-4B8F-A30B-E4D90942FC07): 1
LogDevObjectVersion:   Dev-Automation (0DF73D61-A23F-47EA-B727-89E90C41499A): 1
LogDevObjectVersion:   FortniteMain (601D1886-AC64-4F84-AA16-D3DE0DEAC7D6): 12
LogDevObjectVersion:   Dev-Enterprise (9DFFBCD6-494F-0158-E221-12823C92A888): 1
LogStreaming: Display: Took  0.000s to delete old logs.
LogInit: Presizing for max 8388607 objects, including 0 objects not considered by GC, pre-allocating 0 bytes for permanent pool.
LogInit: Object subsystem initialized
[2018.11.13-13.10.59:781][  0]LogInit: Selected Device Profile: [Windows]
[2018.11.13-13.10.59:781][  0]LogInit: Applying CVar settings loaded from the selected device profile: [Windows]
[2018.11.13-13.10.59:792][  0]LogHAL: Display: Platform has ~ 16 GB [17059442688 / 17179869184 / 16], which maps to Larger [LargestMinGB=32, LargerMinGB=12, DefaultMinGB=8, SmallerMinGB=6, SmallestMinGB=0)
[2018.11.13-13.10.59:792][  0]LogInit: Setting Device Profile CVar: [[r.Vulkan.UseRealUBs:1]]
[2018.11.13-13.10.59:792][  0]LogInit: Going up to parent DeviceProfile []
[2018.11.13-13.10.59:792][  0]LogInit: Computer: MSI
[2018.11.13-13.10.59:792][  0]LogInit: User: Killian
[2018.11.13-13.10.59:792][  0]LogInit: CPU Page size=4096, Cores=4
[2018.11.13-13.10.59:792][  0]LogInit: High frequency timer resolution =2.742190 MHz
[2018.11.13-13.10.59:792][  0]LogMemory: Memory total: Physical=15.9GB (16GB approx)
[2018.11.13-13.10.59:792][  0]LogMemory: Platform Memory Stats for Windows
[2018.11.13-13.10.59:792][  0]LogMemory: Process Physical Memory: 99.78 MB used, 99.78 MB peak
[2018.11.13-13.10.59:792][  0]LogMemory: Process Virtual Memory: 91.07 MB used, 91.07 MB peak
[2018.11.13-13.10.59:792][  0]LogMemory: Physical Memory: 6712.53 MB used,  9556.63 MB free, 16269.15 MB total
[2018.11.13-13.10.59:792][  0]LogMemory: Virtual Memory: 4644.85 MB used,  9556.63 MB free, 134217728.00 MB total
[2018.11.13-13.10.59:811][  0]LogInit: Using OS detected language (fr-FR).
[2018.11.13-13.10.59:811][  0]LogInit: Using OS detected locale (fr-FR).
[2018.11.13-13.10.59:811][  0]LogTextLocalizationManager: No specific localization for 'fr-FR' exists, so the 'fr' localization will be used.
[2018.11.13-13.10.59:813][  0]LogStreaming: Display: Took  0.002s to InitEngineTextLocalization.
[2018.11.13-13.10.59:813][  0]LogInit: Setting process to per monitor DPI aware
[2018.11.13-13.10.59:834][  0]LogSlate: New Slate User Created.  User Index 0, Is Virtual User: 0
[2018.11.13-13.10.59:834][  0]LogSlate: Slate User Registered.  User Index 0, Is Virtual User: 0
[2018.11.13-13.11.00:059][  0]LogHMD: Failed to initialize OpenVR with code 126
[2018.11.13-13.11.00:059][  0]LogD3D11RHI: D3D11 adapters:
[2018.11.13-13.11.00:157][  0]LogD3D11RHI:    0. 'NVIDIA GeForce GTX 1060' (Feature Level 11_0)
[2018.11.13-13.11.00:157][  0]LogD3D11RHI:       2987/0/8134 MB DedicatedVideo/DedicatedSystem/SharedSystem, Outputs:1, VendorId:0x10de
[2018.11.13-13.11.00:166][  0]LogD3D11RHI:    1. 'Intel(R) HD Graphics 630' (Feature Level 11_0)
[2018.11.13-13.11.00:166][  0]LogD3D11RHI:       128/0/8134 MB DedicatedVideo/DedicatedSystem/SharedSystem, Outputs:0, VendorId:0x8086
[2018.11.13-13.11.00:168][  0]LogD3D11RHI:    2. 'Microsoft Basic Render Driver' (Feature Level 11_0)
[2018.11.13-13.11.00:168][  0]LogD3D11RHI:       0/0/8134 MB DedicatedVideo/DedicatedSystem/SharedSystem, Outputs:0, VendorId:0x1414
[2018.11.13-13.11.00:168][  0]LogD3D11RHI: Chosen D3D11 Adapter: 0
[2018.11.13-13.11.00:184][  0]LogD3D11RHI: Creating new Direct3DDevice
[2018.11.13-13.11.00:184][  0]LogD3D11RHI:     GPU DeviceId: 0x1c20 (for the marketing name, search the web for "GPU Device Id")
[2018.11.13-13.11.00:185][  0]LogWindows: EnumDisplayDevices:
[2018.11.13-13.11.00:185][  0]LogWindows:    0. 'Intel(R) HD Graphics 630' (P:1 D:1)
[2018.11.13-13.11.00:185][  0]LogWindows:    1. 'Intel(R) HD Graphics 630' (P:0 D:0)
[2018.11.13-13.11.00:185][  0]LogWindows:    2. 'Intel(R) HD Graphics 630' (P:0 D:0)
[2018.11.13-13.11.00:185][  0]LogWindows:    3. 'NVIDIA GeForce GTX 1060' (P:0 D:0)
[2018.11.13-13.11.00:185][  0]LogWindows:    4. 'NVIDIA GeForce GTX 1060' (P:0 D:0)
[2018.11.13-13.11.00:186][  0]LogWindows:    5. 'NVIDIA GeForce GTX 1060' (P:0 D:0)
[2018.11.13-13.11.00:186][  0]LogWindows:    6. 'NVIDIA GeForce GTX 1060' (P:0 D:0)
[2018.11.13-13.11.00:186][  0]LogWindows: DebugString: PrimaryIsNotTheChoosenAdapter PrimaryIsNotTheChoosenAdapter PrimaryIsNotTheChoosenAdapter FoundDriverCount:4 
[2018.11.13-13.11.00:186][  0]LogD3D11RHI:     Adapter Name: NVIDIA GeForce GTX 1060
[2018.11.13-13.11.00:186][  0]LogD3D11RHI:   Driver Version: 399.01 (internal:24.21.13.9901, unified:399.01)
[2018.11.13-13.11.00:186][  0]LogD3D11RHI:      Driver Date: 8-13-2018
[2018.11.13-13.11.00:186][  0]LogRHI: Texture pool is 2090 MB (70% of 2987 MB)
[2018.11.13-13.11.00:228][  0]LogD3D11RHI: Async texture creation enabled
[2018.11.13-13.11.00:248][  0]LogD3D11RHI: GPU Timing Frequency: 1000.000000 (Debug: 2 2)
[2018.11.13-13.11.00:249][  0]LogShaderCompilers: Guid format shader working directory is -20 characters bigger than the processId version (../../../../../E-artsup/B2/Unreal/PiscineUnreal/PiscnieUnreal/Donjon/Intermediate/Shaders/WorkingDirectory/6956/).
[2018.11.13-13.11.00:249][  0]LogShaderCompilers: Cleaned the shader compiler working directory 'C:/Users/Killian/AppData/Local/Temp/UnrealShaderWorkingDir/599495E5456BF7B806DBF1BEC66AB55A/'.
[2018.11.13-13.11.00:497][  0]LogTemp: Display: Loaded TP AllDesktopTargetPlatform
[2018.11.13-13.11.00:509][  0]LogTemp: Display: Loaded TP MacClientTargetPlatform
[2018.11.13-13.11.00:521][  0]LogTemp: Display: Loaded TP MacNoEditorTargetPlatform
[2018.11.13-13.11.00:534][  0]LogTemp: Display: Loaded TP MacServerTargetPlatform
[2018.11.13-13.11.00:545][  0]LogTemp: Display: Loaded TP MacTargetPlatform
[2018.11.13-13.11.00:557][  0]LogTemp: Display: Loaded TP WindowsClientTargetPlatform
[2018.11.13-13.11.00:569][  0]LogTemp: Display: Loaded TP WindowsNoEditorTargetPlatform
[2018.11.13-13.11.00:582][  0]LogTemp: Display: Loaded TP WindowsServerTargetPlatform
[2018.11.13-13.11.00:588][  0]LogTemp: Display: Loaded TP WindowsTargetPlatform
[2018.11.13-13.11.00:663][  0]LogTemp: Display: Loaded TP AndroidTargetPlatform
[2018.11.13-13.11.00:663][  0]LogTemp: Display: Loaded TP AndroidTargetPlatform
[2018.11.13-13.11.00:663][  0]LogTemp: Display: Loaded TP AndroidTargetPlatform
[2018.11.13-13.11.00:663][  0]LogTemp: Display: Loaded TP AndroidTargetPlatform
[2018.11.13-13.11.00:663][  0]LogTemp: Display: Loaded TP AndroidTargetPlatform
[2018.11.13-13.11.00:663][  0]LogTemp: Display: Loaded TP AndroidTargetPlatform
[2018.11.13-13.11.00:663][  0]LogTemp: Display: Loaded TP AndroidTargetPlatform
[2018.11.13-13.11.00:663][  0]LogTemp: Display: Loaded TP AndroidTargetPlatform
[2018.11.13-13.11.00:663][  0]LogTemp: Display: Loaded TP AndroidTargetPlatform
[2018.11.13-13.11.00:663][  0]LogTemp: Display: Loaded TP AndroidTargetPlatform
[2018.11.13-13.11.00:663][  0]LogTemp: Display: Loaded TP AndroidTargetPlatform
[2018.11.13-13.11.00:663][  0]LogTemp: Display: Loaded TP AndroidTargetPlatform
[2018.11.13-13.11.00:663][  0]LogTemp: Display: Loaded TP AndroidTargetPlatform
[2018.11.13-13.11.00:663][  0]LogTemp: Display: Loaded TP AndroidTargetPlatform
[2018.11.13-13.11.00:663][  0]LogTemp: Display: Loaded TP AndroidTargetPlatform
[2018.11.13-13.11.00:663][  0]LogTemp: Display: Loaded TP AndroidTargetPlatform
[2018.11.13-13.11.00:663][  0]LogTemp: Display: Loaded TP AndroidTargetPlatform
[2018.11.13-13.11.00:663][  0]LogTemp: Display: Loaded TP AndroidTargetPlatform
[2018.11.13-13.11.00:664][  0]LogTemp: Display: Loaded TP HTML5TargetPlatform
[2018.11.13-13.11.00:726][  0]LogTemp: Display: Loaded TP IOSTargetPlatform
[2018.11.13-13.11.00:726][  0]LogTemp: Display: Loaded TP IOSTargetPlatform
[2018.11.13-13.11.00:750][  0]LogTemp: Display: Loaded TP TVOSTargetPlatform
[2018.11.13-13.11.00:750][  0]LogTemp: Display: Loaded TP TVOSTargetPlatform
[2018.11.13-13.11.00:762][  0]LogTemp: Display: Loaded TP LinuxClientTargetPlatform
[2018.11.13-13.11.00:774][  0]LogTemp: Display: Loaded TP LinuxNoEditorTargetPlatform
[2018.11.13-13.11.00:787][  0]LogTemp: Display: Loaded TP LinuxServerTargetPlatform
[2018.11.13-13.11.00:798][  0]LogTemp: Display: Loaded TP LinuxTargetPlatform
[2018.11.13-13.11.00:806][  0]LogTemp: Display: Loaded TP LuminTargetPlatform
[2018.11.13-13.11.00:806][  0]LogTargetPlatformManager: Display: Building Assets For Windows
[2018.11.13-13.11.00:853][  0]LogXGEController: Cannot use XGE Controller as Incredibuild is not installed on this machine.
[2018.11.13-13.11.00:853][  0]LogShaderCompilers: Cannot use XGE Shader Compiler as Incredibuild is not installed on this machine.
[2018.11.13-13.11.00:853][  0]LogShaderCompilers: Display: Using Local Shader Compiler.
[2018.11.13-13.11.01:481][  0]LogDerivedDataCache: Display: Max Cache Size: 512 MB
[2018.11.13-13.11.01:531][  0]LogDerivedDataCache: Loaded boot cache 0.05s 72MB C:/Users/Killian/AppData/Local/UnrealEngine/4.20/DerivedDataCache/Boot.ddc.
[2018.11.13-13.11.01:531][  0]LogDerivedDataCache: Display: Loaded Boot cache: C:/Users/Killian/AppData/Local/UnrealEngine/4.20/DerivedDataCache/Boot.ddc
[2018.11.13-13.11.01:531][  0]LogDerivedDataCache: FDerivedDataBackendGraph:  Pak pak cache file ../../../../../E-artsup/B2/Unreal/PiscineUnreal/PiscnieUnreal/Donjon/DerivedDataCache/DDC.ddp not found, will not use a pak cache.
[2018.11.13-13.11.01:531][  0]LogDerivedDataCache: Unable to find inner node Pak for hierarchical cache Hierarchy.
[2018.11.13-13.11.01:531][  0]LogDerivedDataCache: FDerivedDataBackendGraph:  CompressedPak pak cache file ../../../../../E-artsup/B2/Unreal/PiscineUnreal/PiscnieUnreal/Donjon/DerivedDataCache/Compressed.ddp not found, will not use a pak cache.
[2018.11.13-13.11.01:531][  0]LogDerivedDataCache: Unable to find inner node CompressedPak for hierarchical cache Hierarchy.
[2018.11.13-13.11.01:544][  0]LogDerivedDataCache: Display: Pak cache opened for reading ../../../Engine/DerivedDataCache/Compressed.ddp.
[2018.11.13-13.11.01:556][  0]LogDerivedDataCache: Using Local data cache path C:/Users/Killian/AppData/Local/UnrealEngine/Common/DerivedDataCache: Writable
[2018.11.13-13.11.01:556][  0]LogDerivedDataCache: Shared data cache path not found in *engine.ini, will not use an Shared cache.
[2018.11.13-13.11.01:556][  0]LogDerivedDataCache: Unable to find inner node Shared for hierarchical cache Hierarchy.
[2018.11.13-13.11.01:574][  0]LogMaterial: Verifying Global Shaders for PCD3D_SM5
[2018.11.13-13.11.01:575][  0]LogSlate: Using FreeType 2.6.0
[2018.11.13-13.11.01:576][  0]LogSlate: SlateFontServices - WITH_FREETYPE: 1, WITH_HARFBUZZ: 1
[2018.11.13-13.11.01:645][  0]LogAssetRegistry: FAssetRegistry took 0.0264 seconds to start up
[2018.11.13-13.11.01:948][  0]LogInit: Selected Device Profile: [Windows]
[2018.11.13-13.11.02:068][  0]LogSimplygon: Simplygon DLL not present - disabling.
[2018.11.13-13.11.02:071][  0]LogMeshReduction: Using SimplygonSwarm for distributed automatic mesh merging
[2018.11.13-13.11.02:071][  0]LogMeshReduction: Using ProxyLODMeshReduction for automatic mesh merging
[2018.11.13-13.11.02:071][  0]LogMeshReduction: Using QuadricMeshReduction for automatic static mesh reduction
[2018.11.13-13.11.02:071][  0]LogMeshReduction: No automatic skeletal mesh reduction module available
[2018.11.13-13.11.02:090][  0]LogNetVersion: Donjon 1.0.0, NetCL: 4212847, EngineNetVer: 5, GameNetVer: 0 (Checksum: 914305754)
[2018.11.13-13.11.02:613][  0]LogPackageLocalizationCache: Processed 13 localized package path(s) for 2 prioritized culture(s) in 0.112394 seconds
[2018.11.13-13.11.02:620][  0]LogUObjectArray: 38425 objects as part of root set at end of initial load.
[2018.11.13-13.11.02:620][  0]LogUObjectAllocator: 6690872 out of 0 bytes used by permanent object pool.
[2018.11.13-13.11.02:620][  0]LogUObjectArray: CloseDisregardForGC: 0/0 objects in disregard for GC pool
[2018.11.13-13.11.03:431][  0]LogTcpMessaging: Initializing TcpMessaging bridge
[2018.11.13-13.11.03:443][  0]LogUdpMessaging: Initializing bridge on interface 0.0.0.0:0 to multicast group 230.0.0.1:6666.
[2018.11.13-13.11.03:590][  0]SourceControl: Source control is disabled
[2018.11.13-13.11.03:590][  0]SourceControl: Source control is disabled
[2018.11.13-13.11.03:591][  0]SourceControl: Source control is disabled
[2018.11.13-13.11.03:592][  0]SourceControl: Source control is disabled
[2018.11.13-13.11.03:758][  0]LogAndroidPermission: UAndroidPermissionCallbackProxy::GetInstance
[2018.11.13-13.11.03:792][  0]LogOcInput: OculusInput pre-init called
[2018.11.13-13.11.05:508][  0]LogEngine: Initializing Engine...
[2018.11.13-13.11.05:555][  0]LogHMD: Failed to initialize OpenVR with code 126
[2018.11.13-13.11.05:556][  0]LogStats: UGameplayTagsManager::ConstructGameplayTagTree: ImportINI prefixes -  0.000 s
[2018.11.13-13.11.05:556][  0]LogStats: UGameplayTagsManager::ConstructGameplayTagTree: Construct from data asset -  0.000 s
[2018.11.13-13.11.05:557][  0]LogStats: UGameplayTagsManager::ConstructGameplayTagTree: ImportINI -  0.000 s
[2018.11.13-13.11.05:557][  0]LogStats: UGameplayTagsManager::ConstructGameplayTagTree: GameplayTagTreeChangedEvent.Broadcast -  0.000 s
[2018.11.13-13.11.05:765][  0]LogInit: Initializing FReadOnlyCVARCache
[2018.11.13-13.11.05:776][  0]LogAIModule: Creating AISystem for world Untitled
[2018.11.13-13.11.05:782][  0]LogInit: XAudio2 using 'Speakers (Realtek High Definition Audio)' : 2 channels at 48 kHz using 32 bits per sample (channel mask 0x3)
[2018.11.13-13.11.05:827][  0]LogInit: FAudioDevice initialized.
[2018.11.13-13.11.05:827][  0]LogNetVersion: Set ProjectVersion to 1.0.0.0. Version Checksum will be recalculated on next use.
[2018.11.13-13.11.05:906][  0]LogDerivedDataCache: Saved boot cache 0.08s 72MB C:/Users/Killian/AppData/Local/UnrealEngine/4.20/DerivedDataCache/Boot.ddc.
[2018.11.13-13.11.05:921][  0]LogInit: Texture streaming: Enabled
[2018.11.13-13.11.05:935][  0]LogEngineSessionManager: EngineSessionManager initialized
[2018.11.13-13.11.05:948][  0]LogInit: Transaction tracking system initialized
[2018.11.13-13.11.05:963][  0]BlueprintLog: New page: Editor Load
[2018.11.13-13.11.06:011][  0]LocalizationService: Localization service is disabled
[2018.11.13-13.11.06:060][  0]LogLinker: Warning: Can't find file '/Game/ThirdPersonBP/ThirdPersonOverview'
[2018.11.13-13.11.06:060][  0]LogLinker: Warning: Can't find file '/Game/ThirdPersonBP/ThirdPersonOverview'
[2018.11.13-13.11.06:060][  0]LogUObjectGlobals: Warning: Failed to find object 'Class /Game/ThirdPersonBP/ThirdPersonOverview.ThirdPersonOverview_C'
[2018.11.13-13.11.06:248][  0]LogCook: Display: Max memory allowance for cook 16384mb min free memory 0mb
[2018.11.13-13.11.06:248][  0]LogCook: Display: Mobile HDR setting 1
[2018.11.13-13.11.06:248][  0]LogGameplayTags: Display: UGameplayTagsManager::DoneAddingNativeTags. DelegateIsBound: 0
[2018.11.13-13.11.06:248][  0]LogStats: UGameplayTagsManager::ConstructGameplayTagTree: ImportINI prefixes -  0.000 s
[2018.11.13-13.11.06:248][  0]LogStats: UGameplayTagsManager::ConstructGameplayTagTree: Construct from data asset -  0.000 s
[2018.11.13-13.11.06:248][  0]LogStats: UGameplayTagsManager::ConstructGameplayTagTree: ImportINI -  0.000 s
[2018.11.13-13.11.06:248][  0]LogStats: UGameplayTagsManager::ConstructGameplayTagTree: GameplayTagTreeChangedEvent.Broadcast -  0.000 s
[2018.11.13-13.11.06:344][  0]LogFileCache: Scanning file cache for directory 'D:/E-artsup/B2/Unreal/PiscineUnreal/PiscnieUnreal/Donjon/Content/' took 0.01s
[2018.11.13-13.11.07:400][  0]SourceControl: Source control is disabled
[2018.11.13-13.11.07:400][  0]Cmd: MAP LOAD FILE="../../../../../E-artsup/B2/Unreal/PiscineUnreal/PiscnieUnreal/Donjon/Content/FirstPersonBP/Maps/FirstPersonExampleMap.umap" TEMPLATE=0 SHOWPROGRESS=1 FEATURELEVEL=3
[2018.11.13-13.11.07:400][  0]LightingResults: New page: Lighting Build
[2018.11.13-13.11.07:402][  0]MapCheck: New page: Map Check
[2018.11.13-13.11.07:402][  0]LightingResults: New page: Lighting Build
[2018.11.13-13.11.07:852][  0]LogAIModule: Creating AISystem for world FirstPersonExampleMap
[2018.11.13-13.11.07:863][  0]LogEditorServer: Finished looking for orphan Actors (0.000 secs)
[2018.11.13-13.11.07:887][  0]Cmd: MAP CHECKDEP NOCLEARLOG
[2018.11.13-13.11.07:940][  0]MapCheck: Map check complete: 0 Error(s), 0 Warning(s), took 52,287ms to complete.
[2018.11.13-13.11.07:940][  0]LogFileHelpers: Loading map 'FirstPersonExampleMap' took 0.540
[2018.11.13-13.11.08:045][  0]LogSlate: Updating window title bar state: overlay mode, drag disabled, window buttons hidden, title bar hidden
[2018.11.13-13.11.08:051][  0]LogSlate: Updating window title bar state: overlay mode, drag disabled, window buttons hidden, title bar hidden
[2018.11.13-13.11.08:058][  0]LogSlate: Updating window title bar state: overlay mode, drag disabled, window buttons hidden, title bar hidden
[2018.11.13-13.11.08:066][  0]LogSlate: Updating window title bar state: overlay mode, drag disabled, window buttons hidden, title bar hidden
[2018.11.13-13.11.08:070][  0]LogCollectionManager: Loaded 0 collections in 0.000856 seconds
[2018.11.13-13.11.08:111][  0]LogFileCache: Scanning file cache for directory 'D:/E-artsup/B2/Unreal/PiscineUnreal/PiscnieUnreal/Donjon/Saved/Collections/' took 0.01s
[2018.11.13-13.11.08:111][  0]LogFileCache: Scanning file cache for directory 'D:/E-artsup/B2/Unreal/PiscineUnreal/PiscnieUnreal/Donjon/Content/Developers/Killian/Collections/' took 0.01s
[2018.11.13-13.11.08:111][  0]LogFileCache: Scanning file cache for directory 'D:/E-artsup/B2/Unreal/PiscineUnreal/PiscnieUnreal/Donjon/Content/Collections/' took 0.01s
[2018.11.13-13.11.08:111][  0]LogCollectionManager: Rebuilt the GUID cache for 0 collections in 0.000000 seconds
[2018.11.13-13.11.08:120][  0]LogContentBrowser: Native class hierarchy populated in 0.0089 seconds. Added 2621 classes and 629 folders.
[2018.11.13-13.11.08:125][  0]LogContentBrowser: Native class hierarchy updated for 'WidgetCarousel' in 0.0002 seconds. Added 0 classes and 0 folders.
[2018.11.13-13.11.08:161][  0]LogContentBrowser: Native class hierarchy updated for 'AddContentDialog' in 0.0002 seconds. Added 0 classes and 0 folders.
[2018.11.13-13.11.08:165][  0]LogContentBrowser: Native class hierarchy updated for 'SceneOutliner' in 0.0002 seconds. Added 1 classes and 2 folders.
[2018.11.13-13.11.08:179][  0]LogSlate: Took 0.000236 seconds to synchronously load lazily loaded font '../../../Engine/Content/Slate/Fonts/Roboto-Regular.ttf' (155K)
[2018.11.13-13.11.08:181][  0]LogSlate: Took 0.000326 seconds to synchronously load lazily loaded font '../../../Engine/Content/Slate/Fonts/Roboto-Bold.ttf' (160K)
[2018.11.13-13.11.08:187][  0]LogSlate: Took 0.000280 seconds to synchronously load lazily loaded font '../../../Engine/Content/Editor/Slate/Fonts/FontAwesome.ttf' (139K)
[2018.11.13-13.11.08:264][  0]LogRenderer: Reallocating scene render targets to support 904x444 Format 10 NumSamples 1 (Frame:1).
[2018.11.13-13.11.08:390][  0]LogContentBrowser: Native class hierarchy updated for 'HierarchicalLODOutliner' in 0.0003 seconds. Added 0 classes and 0 folders.
[2018.11.13-13.11.08:390][  0]LogLoad: (Engine Initialization) Total time: 9.96 seconds
[2018.11.13-13.11.08:390][  0]LogLoad: (Engine Initialization) Total Blueprint compile time: 0.00 seconds
[2018.11.13-13.11.08:408][  0]LogWindowsTextInputMethodSystem: Display: IME system now deactivated.
[2018.11.13-13.11.08:431][  0]LogContentStreaming: Texture pool size now 1000 MB
[2018.11.13-13.11.08:452][  0]LogSlate: Took 0.000185 seconds to synchronously load lazily loaded font '../../../Engine/Content/Slate/Fonts/Roboto-Light.ttf' (167K)
[2018.11.13-13.11.08:468][  1]LogAssetRegistry: Asset discovery search completed in 6.8445 seconds
[2018.11.13-13.11.08:469][  1]LogCollectionManager: Rebuilt the object cache for 0 collections in 0.000000 seconds (found 0 objects)
[2018.11.13-13.11.08:469][  1]LogCollectionManager: Fixed up redirectors for 0 collections in 0.000048 seconds (updated 0 objects)
[2018.11.13-13.11.13:530][304]LogSlate: FSceneViewport::OnFocusLost() reason 0
[2018.11.13-13.11.19:884][685]LogSlate: Took 0.000215 seconds to synchronously load lazily loaded font '../../../Engine/Content/Slate/Fonts/Roboto-Light.ttf' (167K)
[2018.11.13-13.11.19:891][685]LogAssetEditorManager: Opening Asset editor for World /Game/FirstPersonBP/Maps/FirstPersonExampleMap.FirstPersonExampleMap
[2018.11.13-13.11.19:914][685]Cmd: MAP LOAD FILE="../../../../../E-artsup/B2/Unreal/PiscineUnreal/PiscnieUnreal/Donjon/Content/FirstPersonBP/Maps/FirstPersonExampleMap.umap" TEMPLATE=0 SHOWPROGRESS=1 FEATURELEVEL=3
[2018.11.13-13.11.19:914][685]LightingResults: New page: Lighting Build
[2018.11.13-13.11.19:915][685]LoadErrors: New page: Loading map: FirstPersonExampleMap.umap
[2018.11.13-13.11.19:915][685]MapCheck: New page: Map Check
[2018.11.13-13.11.19:915][685]LightingResults: New page: Lighting Build
[2018.11.13-13.11.19:970][685]LogAIModule: Creating AISystem for world FirstPersonExampleMap
[2018.11.13-13.11.19:983][685]LogEditorServer: Finished looking for orphan Actors (0.000 secs)
[2018.11.13-13.11.20:031][685]Cmd: MAP CHECKDEP NOCLEARLOG
[2018.11.13-13.11.20:083][685]MapCheck: Map check complete: 0 Error(s), 0 Warning(s), took 51,941ms to complete.
[2018.11.13-13.11.20:085][685]LogFileHelpers: Loading map 'FirstPersonExampleMap' took 0.171
[2018.11.13-13.11.22:637][833]LogAIModule: Creating AISystem for world Platform
[2018.11.13-13.11.22:650][833]LogAssetEditorManager: Opening Asset editor for World /Game/FirstPersonBP/Maps/Platform.Platform
[2018.11.13-13.11.22:674][833]Cmd: MAP LOAD FILE="../../../../../E-artsup/B2/Unreal/PiscineUnreal/PiscnieUnreal/Donjon/Content/FirstPersonBP/Maps/Platform.umap" TEMPLATE=0 SHOWPROGRESS=1 FEATURELEVEL=3
[2018.11.13-13.11.22:675][833]LightingResults: New page: Lighting Build
[2018.11.13-13.11.22:675][833]LoadErrors: New page: Loading map: Platform.umap
[2018.11.13-13.11.22:676][833]MapCheck: New page: Map Check
[2018.11.13-13.11.22:676][833]LightingResults: New page: Lighting Build
[2018.11.13-13.11.22:705][833]LogEditorServer: Finished looking for orphan Actors (0.000 secs)
[2018.11.13-13.11.22:748][833]Cmd: MAP CHECKDEP NOCLEARLOG
[2018.11.13-13.11.22:800][833]MapCheck: Map check complete: 0 Error(s), 0 Warning(s), took 51,648ms to complete.
[2018.11.13-13.11.22:800][833]LogFileHelpers: Loading map 'Platform' took 0.127
[2018.11.13-13.11.28:957][200]LogSlate: FSceneViewport::OnFocusLost() reason 0
[2018.11.13-13.11.29:022][204]LogTemp: Repeating last play command: Selected Viewport
[2018.11.13-13.11.29:037][204]LogBlueprintUserMessages: Early PlayInEditor Detection: Level '/Game/FirstPersonBP/Maps/Platform.Platform:PersistentLevel' has LevelScriptBlueprint '/Game/FirstPersonBP/Maps/Platform.Platform:PersistentLevel.Platform' with GeneratedClass '/Game/FirstPersonBP/Maps/Platform.Platform_C' with ClassGeneratedBy '/Game/FirstPersonBP/Maps/Platform.Platform:PersistentLevel.Platform'
[2018.11.13-13.11.29:037][204]LogPlayLevel: PlayLevel: No blueprints needed recompiling
[2018.11.13-13.11.29:050][204]PIE: New page: PIE session: Platform (13 nov. 2018 15:11:29)
[2018.11.13-13.11.29:050][204]LogPlayLevel: Creating play world package: /Game/FirstPersonBP/Maps/UEDPIE_0_Platform
[2018.11.13-13.11.29:076][204]LogPlayLevel: PIE: StaticDuplicateObject took: (0.025142s)
[2018.11.13-13.11.29:076][204]LogAIModule: Creating AISystem for world Platform
[2018.11.13-13.11.29:077][204]LogPlayLevel: PIE: World Init took: (0.001059s)
[2018.11.13-13.11.29:077][204]LogPlayLevel: PIE: Created PIE world by copying editor world from /Game/FirstPersonBP/Maps/Platform.Platform to /Game/FirstPersonBP/Maps/UEDPIE_0_Platform.Platform (0.026401s)
[2018.11.13-13.11.29:100][204]LogInit: XAudio2 using 'Speakers (Realtek High Definition Audio)' : 2 channels at 48 kHz using 32 bits per sample (channel mask 0x3)
[2018.11.13-13.11.29:136][204]LogInit: FAudioDevice initialized.
[2018.11.13-13.11.29:180][204]LogLoad: Game class is 'FirstPersonGameMode_C'
[2018.11.13-13.11.29:183][204]LogWorld: Bringing World /Game/FirstPersonBP/Maps/UEDPIE_0_Platform.Platform up for play (max tick rate 60) at 2018.11.13-14.11.29
[2018.11.13-13.11.29:184][204]LogWorld: Bringing up level for play took: 0.002301
[2018.11.13-13.11.29:199][204]LogContentBrowser: Native class hierarchy updated for 'MovieSceneCapture' in 0.0003 seconds. Added 10 classes and 0 folders.
[2018.11.13-13.11.29:200][204]PIE: Play in editor start time for /Game/FirstPersonBP/Maps/UEDPIE_0_Platform 0,861
[2018.11.13-13.11.29:200][204]LogBlueprintUserMessages: Late PlayInEditor Detection: Level '/Game/FirstPersonBP/Maps/Platform.Platform:PersistentLevel' has LevelScriptBlueprint '/Game/FirstPersonBP/Maps/Platform.Platform:PersistentLevel.Platform' with GeneratedClass '/Game/FirstPersonBP/Maps/Platform.Platform_C' with ClassGeneratedBy '/Game/FirstPersonBP/Maps/Platform.Platform:PersistentLevel.Platform'
[2018.11.13-13.12.48:782][971]LogBlueprintUserMessages: Early EndPlayMap Detection: Level '/Game/FirstPersonBP/Maps/Platform.Platform:PersistentLevel' has LevelScriptBlueprint '/Game/FirstPersonBP/Maps/Platform.Platform:PersistentLevel.Platform' with GeneratedClass '/Game/FirstPersonBP/Maps/Platform.Platform_C' with ClassGeneratedBy '/Game/FirstPersonBP/Maps/Platform.Platform:PersistentLevel.Platform'
[2018.11.13-13.12.48:782][971]LogSlate: Updating window title bar state: overlay mode, drag disabled, window buttons hidden, title bar hidden
[2018.11.13-13.12.48:817][971]LogPlayLevel: Display: Shutting down PIE online subsystems
[2018.11.13-13.12.48:817][971]LogBlueprintUserMessages: Late EndPlayMap Detection: Level '/Game/FirstPersonBP/Maps/Platform.Platform:PersistentLevel' has LevelScriptBlueprint '/Game/FirstPersonBP/Maps/Platform.Platform:PersistentLevel.Platform' with GeneratedClass '/Game/FirstPersonBP/Maps/Platform.Platform_C' with ClassGeneratedBy '/Game/FirstPersonBP/Maps/Platform.Platform:PersistentLevel.Platform'
[2018.11.13-13.12.48:842][971]LogSlate: Updating window title bar state: overlay mode, drag disabled, window buttons hidden, title bar hidden
[2018.11.13-13.12.48:896][974]LogPlayLevel: Display: Destroying online subsystem :Context_1
[2018.11.13-13.12.53:938][276]LogSlate: FSceneViewport::OnFocusLost() reason 0
[2018.11.13-13.12.54:193][286]LogAIModule: Creating AISystem for world Collecting_Level
[2018.11.13-13.12.54:200][286]LogAssetEditorManager: Opening Asset editor for World /Game/FirstPersonBP/Maps/Collecting_Level.Collecting_Level
[2018.11.13-13.12.54:222][286]Cmd: MAP LOAD FILE="../../../../../E-artsup/B2/Unreal/PiscineUnreal/PiscnieUnreal/Donjon/Content/FirstPersonBP/Maps/Collecting_Level.umap" TEMPLATE=0 SHOWPROGRESS=1 FEATURELEVEL=3
[2018.11.13-13.12.54:222][286]LightingResults: New page: Lighting Build
[2018.11.13-13.12.54:222][286]LoadErrors: New page: Loading map: Collecting_Level.umap
[2018.11.13-13.12.54:223][286]MapCheck: New page: Map Check
[2018.11.13-13.12.54:223][286]LightingResults: New page: Lighting Build
[2018.11.13-13.12.54:251][286]LogEditorServer: Finished looking for orphan Actors (0.000 secs)
[2018.11.13-13.12.54:297][286]Cmd: MAP CHECKDEP NOCLEARLOG
[2018.11.13-13.12.54:349][286]MapCheck: Map check complete: 0 Error(s), 0 Warning(s), took 52,132ms to complete.
[2018.11.13-13.12.54:349][286]LogFileHelpers: Loading map 'Collecting_Level' took 0.128
