Log file open, 11/15/18 16:05:12
LogWindows: Failed to load 'aqProf.dll' (GetLastError=126)
LogWindows: File 'aqProf.dll' does not exist
LogWindows: Failed to load 'VSPerf140.dll' (GetLastError=126)
LogWindows: File 'VSPerf140.dll' does not exist
LogWindows: Failed to load 'VtuneApi.dll' (GetLastError=126)
LogWindows: File 'VtuneApi.dll' does not exist
LogWindows: Failed to load 'VtuneApi32e.dll' (GetLastError=126)
LogWindows: File 'VtuneApi32e.dll' does not exist
LogInit: Display: Running engine for game: Donjon
LogPlatformFile: Not using cached read wrapper
LogTaskGraph: Started task graph with 5 named threads and 23 total threads with 3 sets of task threads.
LogStats: Stats thread started at 0.272882
LogD3D11RHI: Loaded GFSDK_Aftermath_Lib.x64.dll
LogICUInternationalization: Display: ICU TimeZone Detection - Raw Offset: +1:00, Platform Override: ''
LogPluginManager: Mounting plugin Paper2D
LogPluginManager: Mounting plugin AISupport
LogPluginManager: Mounting plugin LightPropagationVolume
LogPluginManager: Mounting plugin CLionSourceCodeAccess
LogPluginManager: Mounting plugin CodeLiteSourceCodeAccess
LogPluginManager: Mounting plugin GitSourceControl
LogPluginManager: Mounting plugin KDevelopSourceCodeAccess
LogPluginManager: Mounting plugin NullSourceCodeAccess
LogPluginManager: Mounting plugin PerforceSourceControl
LogPluginManager: Mounting plugin SubversionSourceControl
LogPluginManager: Mounting plugin UObjectPlugin
LogPluginManager: Mounting plugin VisualStudioCodeSourceCodeAccess
LogPluginManager: Mounting plugin VisualStudioSourceCodeAccess
LogPluginManager: Mounting plugin XCodeSourceCodeAccess
LogPluginManager: Mounting plugin AssetManagerEditor
LogPluginManager: Mounting plugin CryptoKeys
LogPluginManager: Mounting plugin DataValidation
LogPluginManager: Mounting plugin EditorScriptingUtilities
LogPluginManager: Mounting plugin FacialAnimation
LogPluginManager: Mounting plugin GameplayTagsEditor
LogPluginManager: Mounting plugin MacGraphicsSwitching
LogPluginManager: Mounting plugin MeshEditor
LogPluginManager: Mounting plugin MobileLauncherProfileWizard
LogPluginManager: Mounting plugin PluginBrowser
LogPluginManager: Mounting plugin SpeedTreeImporter
LogPluginManager: Mounting plugin DatasmithContent
LogPluginManager: Mounting plugin AlembicImporter
LogPluginManager: Mounting plugin AppleImageUtils
LogPluginManager: Mounting plugin AppleVision
LogPluginManager: Mounting plugin BackChannel
LogPluginManager: Mounting plugin CharacterAI
LogPluginManager: Mounting plugin GeometryCache
LogPluginManager: Mounting plugin HTML5Networking
LogPluginManager: Mounting plugin ProxyLODPlugin
LogPluginManager: Mounting plugin MagicLeap
LogPluginManager: Mounting plugin MagicLeapEmulator
LogPluginManager: Mounting plugin MagicLeapMedia
LogPluginManager: Mounting plugin AndroidMedia
LogPluginManager: Mounting plugin AvfMedia
LogPluginManager: Mounting plugin ImgMedia
LogPluginManager: Mounting plugin LinearTimecode
LogPluginManager: Mounting plugin MediaCompositing
LogPluginManager: Mounting plugin MediaPlayerEditor
LogPluginManager: Mounting plugin WmfMedia
LogPluginManager: Mounting plugin TcpMessaging
LogPluginManager: Mounting plugin UdpMessaging
LogPluginManager: Mounting plugin ActorSequence
LogPluginManager: Mounting plugin LevelSequenceEditor
LogPluginManager: Mounting plugin MatineeToLevelSequence
LogPluginManager: Mounting plugin NetcodeUnitTest
LogPluginManager: Mounting plugin NUTUnrealEngine4
LogPluginManager: Mounting plugin OnlineSubsystemGooglePlay
LogPluginManager: Mounting plugin OnlineSubsystemIOS
LogPluginManager: Mounting plugin OnlineSubsystem
LogPluginManager: Mounting plugin OnlineSubsystemNull
LogPluginManager: Mounting plugin OnlineSubsystemUtils
LogPluginManager: Mounting plugin LauncherChunkInstaller
LogPluginManager: Mounting plugin AndroidDeviceProfileSelector
LogPluginManager: Mounting plugin AndroidMoviePlayer
LogPluginManager: Mounting plugin AndroidPermission
LogPluginManager: Mounting plugin AppleMoviePlayer
LogPluginManager: Mounting plugin ArchVisCharacter
LogPluginManager: Mounting plugin AudioCapture
LogPluginManager: Mounting plugin CableComponent
LogPluginManager: Mounting plugin CustomMeshComponent
LogPluginManager: Mounting plugin EditableMesh
LogPluginManager: Mounting plugin ExampleDeviceProfileSelector
LogPluginManager: Mounting plugin GoogleCloudMessaging
LogPluginManager: Mounting plugin ImmediatePhysics
LogPluginManager: Mounting plugin IOSDeviceProfileSelector
LogPluginManager: Mounting plugin LinuxDeviceProfileSelector
LogPluginManager: Mounting plugin LocationServicesBPLibrary
LogPluginManager: Mounting plugin MobilePatchingUtils
LogPluginManager: Mounting plugin OculusVR
LogPluginManager: Plugin shader directory ../../../Engine/Plugins/Runtime/Oculus/OculusVR/Shaders found
LogPluginManager: Mapping shader source directory ../../../Engine/Plugins/Runtime/Oculus/OculusVR/Shaders to virtual directory /Plugin/OculusVR
LogPluginManager: Mounting plugin PhysXVehicles
LogPluginManager: Mounting plugin ProceduralMeshComponent
LogPluginManager: Mounting plugin RuntimePhysXCooking
LogPluginManager: Mounting plugin SteamVR
LogPluginManager: Mounting plugin WindowsMoviePlayer
LogPluginManager: Mounting plugin DatasmithCADImporter
LogPluginManager: Mounting plugin DatasmithFBXImporter
LogPluginManager: Mounting plugin DatasmithImporter
LogPluginManager: Mounting plugin DatasmithMDLImporter
LogPluginManager: Mounting plugin StaticMeshEditorExtension
LogStreaming: Display: Took  0.156s to configure plugins.
LogInit: Using libcurl 7.55.1-DEV
LogInit:  - built for x86_64-pc-win32
LogInit:  - supports SSL with OpenSSL/1.0.2h
LogInit:  - supports HTTP deflate (compression) using libz 1.2.8
LogInit:  - other features:
LogInit:      CURL_VERSION_SSL
LogInit:      CURL_VERSION_LIBZ
LogInit:      CURL_VERSION_IPV6
LogInit:      CURL_VERSION_ASYNCHDNS
LogInit:      CURL_VERSION_LARGEFILE
LogInit:      CURL_VERSION_IDN
LogInit:  CurlRequestOptions (configurable via config and command line):
LogInit:  - bVerifyPeer = false  - Libcurl will NOT verify peer certificate
LogInit:  - bUseHttpProxy = false  - Libcurl will NOT use HTTP proxy
LogInit:  - bDontReuseConnections = false  - Libcurl will reuse connections
LogInit:  - CertBundlePath = nullptr  - Libcurl will use whatever was configured at build time.
LogInit:  - MaxHostConnections = 16  - Libcurl will limit the number of connections to a host
LogInit:  - LocalHostAddr = Default
LogInit:  - BufferSize = 65536
LogInit: WinSock: version 1.1 (2.2), MaxSocks=32767, MaxUdp=65467
LogInit: Build: ++UE4+Release-4.20-CL-4369336
LogInit: Engine Version: 4.20.3-4369336+++UE4+Release-4.20
LogInit: Compatible Engine Version: 4.20.0-4212847+++UE4+Release-4.20
LogInit: Net CL: 4212847
LogInit: OS: Windows 10 (), CPU: Intel(R) Core(TM) i7-7700HQ CPU @ 2.80GHz, GPU: Intel(R) HD Graphics 630
LogInit: Compiled (64-bit): Sep 17 2018 12:26:19
LogInit: Compiled with Visual C++: 19.13.26129.00
LogInit: Build Configuration: Development
LogInit: Branch Name: ++UE4+Release-4.20
LogInit: Command Line: 
LogInit: Base Directory: D:/Unreal Engine 4/UE_4.20/Engine/Binaries/Win64/
LogInit: Installed Engine Build: 1
LogDevObjectVersion: Number of dev versions registered: 20
LogDevObjectVersion:   Dev-Blueprints (B0D832E4-1F89-4F0D-ACCF-7EB736FD4AA2): 10
LogDevObjectVersion:   Dev-Build (E1C64328-A22C-4D53-A36C-8E866417BD8C): 0
LogDevObjectVersion:   Dev-Core (375EC13C-06E4-48FB-B500-84F0262A717E): 2
LogDevObjectVersion:   Dev-Editor (E4B068ED-F494-42E9-A231-DA0B2E46BB41): 24
LogDevObjectVersion:   Dev-Framework (CFFC743F-43B0-4480-9391-14DF171D2073): 34
LogDevObjectVersion:   Dev-Mobile (B02B49B5-BB20-44E9-A304-32B752E40360): 2
LogDevObjectVersion:   Dev-Networking (A4E4105C-59A1-49B5-A7C5-40C4547EDFEE): 0
LogDevObjectVersion:   Dev-Online (39C831C9-5AE6-47DC-9A44-9C173E1C8E7C): 0
LogDevObjectVersion:   Dev-Physics (78F01B33-EBEA-4F98-B9B4-84EACCB95AA2): 0
LogDevObjectVersion:   Dev-Platform (6631380F-2D4D-43E0-8009-CF276956A95A): 0
LogDevObjectVersion:   Dev-Rendering (12F88B9F-8875-4AFC-A67C-D90C383ABD29): 26
LogDevObjectVersion:   Dev-Sequencer (7B5AE74C-D270-4C10-A958-57980B212A5A): 9
LogDevObjectVersion:   Dev-VR (D7296918-1DD6-4BDD-9DE2-64A83CC13884): 2
LogDevObjectVersion:   Dev-LoadTimes (C2A15278-BFE7-4AFE-6C17-90FF531DF755): 1
LogDevObjectVersion:   Private-Geometry (6EACA3D4-40EC-4CC1-B786-8BED09428FC5): 3
LogDevObjectVersion:   Dev-AnimPhys (29E575DD-E0A3-4627-9D10-D276232CDCEA): 17
LogDevObjectVersion:   Dev-ReflectionCapture (6B266CEC-1EC7-4B8F-A30B-E4D90942FC07): 1
LogDevObjectVersion:   Dev-Automation (0DF73D61-A23F-47EA-B727-89E90C41499A): 1
LogDevObjectVersion:   FortniteMain (601D1886-AC64-4F84-AA16-D3DE0DEAC7D6): 12
LogDevObjectVersion:   Dev-Enterprise (9DFFBCD6-494F-0158-E221-12823C92A888): 1
LogStreaming: Display: Took  0.002s to delete old logs.
LogInit: Presizing for max 8388607 objects, including 0 objects not considered by GC, pre-allocating 0 bytes for permanent pool.
LogInit: Object subsystem initialized
[2018.11.15-15.05.13:106][  0]LogInit: Selected Device Profile: [Windows]
[2018.11.15-15.05.13:106][  0]LogInit: Applying CVar settings loaded from the selected device profile: [Windows]
[2018.11.15-15.05.13:119][  0]LogHAL: Display: Platform has ~ 16 GB [17059442688 / 17179869184 / 16], which maps to Larger [LargestMinGB=32, LargerMinGB=12, DefaultMinGB=8, SmallerMinGB=6, SmallestMinGB=0)
[2018.11.15-15.05.13:119][  0]LogInit: Setting Device Profile CVar: [[r.Vulkan.UseRealUBs:1]]
[2018.11.15-15.05.13:119][  0]LogInit: Going up to parent DeviceProfile []
[2018.11.15-15.05.13:119][  0]LogInit: Computer: MSI
[2018.11.15-15.05.13:119][  0]LogInit: User: Killian
[2018.11.15-15.05.13:119][  0]LogInit: CPU Page size=4096, Cores=4
[2018.11.15-15.05.13:119][  0]LogInit: High frequency timer resolution =2.742191 MHz
[2018.11.15-15.05.13:119][  0]LogMemory: Memory total: Physical=15.9GB (16GB approx)
[2018.11.15-15.05.13:120][  0]LogMemory: Platform Memory Stats for Windows
[2018.11.15-15.05.13:120][  0]LogMemory: Process Physical Memory: 100.03 MB used, 100.03 MB peak
[2018.11.15-15.05.13:120][  0]LogMemory: Process Virtual Memory: 91.03 MB used, 91.03 MB peak
[2018.11.15-15.05.13:120][  0]LogMemory: Physical Memory: 7637.73 MB used,  8631.43 MB free, 16269.15 MB total
[2018.11.15-15.05.13:120][  0]LogMemory: Virtual Memory: 4644.85 MB used,  8631.43 MB free, 134217728.00 MB total
[2018.11.15-15.05.13:140][  0]LogInit: Using OS detected language (fr-FR).
[2018.11.15-15.05.13:140][  0]LogInit: Using OS detected locale (fr-FR).
[2018.11.15-15.05.13:141][  0]LogTextLocalizationManager: No specific localization for 'fr-FR' exists, so the 'fr' localization will be used.
[2018.11.15-15.05.13:142][  0]LogStreaming: Display: Took  0.002s to InitEngineTextLocalization.
[2018.11.15-15.05.13:142][  0]LogInit: Setting process to per monitor DPI aware
[2018.11.15-15.05.13:172][  0]LogSlate: New Slate User Created.  User Index 0, Is Virtual User: 0
[2018.11.15-15.05.13:172][  0]LogSlate: Slate User Registered.  User Index 0, Is Virtual User: 0
[2018.11.15-15.05.13:436][  0]LogHMD: Failed to initialize OpenVR with code 126
[2018.11.15-15.05.13:436][  0]LogD3D11RHI: D3D11 adapters:
[2018.11.15-15.05.13:518][  0]LogD3D11RHI:    0. 'NVIDIA GeForce GTX 1060' (Feature Level 11_0)
[2018.11.15-15.05.13:518][  0]LogD3D11RHI:       2987/0/8134 MB DedicatedVideo/DedicatedSystem/SharedSystem, Outputs:1, VendorId:0x10de
[2018.11.15-15.05.13:528][  0]LogD3D11RHI:    1. 'Intel(R) HD Graphics 630' (Feature Level 11_0)
[2018.11.15-15.05.13:528][  0]LogD3D11RHI:       128/0/8134 MB DedicatedVideo/DedicatedSystem/SharedSystem, Outputs:0, VendorId:0x8086
[2018.11.15-15.05.13:531][  0]LogD3D11RHI:    2. 'Microsoft Basic Render Driver' (Feature Level 11_0)
[2018.11.15-15.05.13:531][  0]LogD3D11RHI:       0/0/8134 MB DedicatedVideo/DedicatedSystem/SharedSystem, Outputs:0, VendorId:0x1414
[2018.11.15-15.05.13:531][  0]LogD3D11RHI: Chosen D3D11 Adapter: 0
[2018.11.15-15.05.13:549][  0]LogD3D11RHI: Creating new Direct3DDevice
[2018.11.15-15.05.13:549][  0]LogD3D11RHI:     GPU DeviceId: 0x1c20 (for the marketing name, search the web for "GPU Device Id")
[2018.11.15-15.05.13:549][  0]LogWindows: EnumDisplayDevices:
[2018.11.15-15.05.13:549][  0]LogWindows:    0. 'Intel(R) HD Graphics 630' (P:1 D:1)
[2018.11.15-15.05.13:549][  0]LogWindows:    1. 'Intel(R) HD Graphics 630' (P:0 D:0)
[2018.11.15-15.05.13:550][  0]LogWindows:    2. 'Intel(R) HD Graphics 630' (P:0 D:0)
[2018.11.15-15.05.13:550][  0]LogWindows:    3. 'NVIDIA GeForce GTX 1060' (P:0 D:0)
[2018.11.15-15.05.13:550][  0]LogWindows:    4. 'NVIDIA GeForce GTX 1060' (P:0 D:0)
[2018.11.15-15.05.13:550][  0]LogWindows:    5. 'NVIDIA GeForce GTX 1060' (P:0 D:0)
[2018.11.15-15.05.13:550][  0]LogWindows:    6. 'NVIDIA GeForce GTX 1060' (P:0 D:0)
[2018.11.15-15.05.13:550][  0]LogWindows: DebugString: PrimaryIsNotTheChoosenAdapter PrimaryIsNotTheChoosenAdapter PrimaryIsNotTheChoosenAdapter FoundDriverCount:4 
[2018.11.15-15.05.13:550][  0]LogD3D11RHI:     Adapter Name: NVIDIA GeForce GTX 1060
[2018.11.15-15.05.13:550][  0]LogD3D11RHI:   Driver Version: 399.01 (internal:24.21.13.9901, unified:399.01)
[2018.11.15-15.05.13:550][  0]LogD3D11RHI:      Driver Date: 8-13-2018
[2018.11.15-15.05.13:551][  0]LogRHI: Texture pool is 2090 MB (70% of 2987 MB)
[2018.11.15-15.05.13:595][  0]LogD3D11RHI: Async texture creation enabled
[2018.11.15-15.05.13:613][  0]LogD3D11RHI: GPU Timing Frequency: 1000.000000 (Debug: 2 2)
[2018.11.15-15.05.13:614][  0]LogShaderCompilers: Guid format shader working directory is -20 characters bigger than the processId version (../../../../../E-artsup/B2/Unreal/PiscineUnreal/PiscnieUnreal/Donjon/Intermediate/Shaders/WorkingDirectory/7012/).
[2018.11.15-15.05.13:614][  0]LogShaderCompilers: Cleaned the shader compiler working directory 'C:/Users/Killian/AppData/Local/Temp/UnrealShaderWorkingDir/E4775B7347A74FD598C77490641A253B/'.
[2018.11.15-15.05.13:898][  0]LogTemp: Display: Loaded TP AllDesktopTargetPlatform
[2018.11.15-15.05.13:910][  0]LogTemp: Display: Loaded TP MacClientTargetPlatform
[2018.11.15-15.05.13:922][  0]LogTemp: Display: Loaded TP MacNoEditorTargetPlatform
[2018.11.15-15.05.13:938][  0]LogTemp: Display: Loaded TP MacServerTargetPlatform
[2018.11.15-15.05.13:951][  0]LogTemp: Display: Loaded TP MacTargetPlatform
[2018.11.15-15.05.13:965][  0]LogTemp: Display: Loaded TP WindowsClientTargetPlatform
[2018.11.15-15.05.13:978][  0]LogTemp: Display: Loaded TP WindowsNoEditorTargetPlatform
[2018.11.15-15.05.13:992][  0]LogTemp: Display: Loaded TP WindowsServerTargetPlatform
[2018.11.15-15.05.13:998][  0]LogTemp: Display: Loaded TP WindowsTargetPlatform
[2018.11.15-15.05.14:084][  0]LogTemp: Display: Loaded TP AndroidTargetPlatform
[2018.11.15-15.05.14:084][  0]LogTemp: Display: Loaded TP AndroidTargetPlatform
[2018.11.15-15.05.14:084][  0]LogTemp: Display: Loaded TP AndroidTargetPlatform
[2018.11.15-15.05.14:084][  0]LogTemp: Display: Loaded TP AndroidTargetPlatform
[2018.11.15-15.05.14:084][  0]LogTemp: Display: Loaded TP AndroidTargetPlatform
[2018.11.15-15.05.14:084][  0]LogTemp: Display: Loaded TP AndroidTargetPlatform
[2018.11.15-15.05.14:084][  0]LogTemp: Display: Loaded TP AndroidTargetPlatform
[2018.11.15-15.05.14:084][  0]LogTemp: Display: Loaded TP AndroidTargetPlatform
[2018.11.15-15.05.14:084][  0]LogTemp: Display: Loaded TP AndroidTargetPlatform
[2018.11.15-15.05.14:084][  0]LogTemp: Display: Loaded TP AndroidTargetPlatform
[2018.11.15-15.05.14:084][  0]LogTemp: Display: Loaded TP AndroidTargetPlatform
[2018.11.15-15.05.14:085][  0]LogTemp: Display: Loaded TP AndroidTargetPlatform
[2018.11.15-15.05.14:085][  0]LogTemp: Display: Loaded TP AndroidTargetPlatform
[2018.11.15-15.05.14:085][  0]LogTemp: Display: Loaded TP AndroidTargetPlatform
[2018.11.15-15.05.14:085][  0]LogTemp: Display: Loaded TP AndroidTargetPlatform
[2018.11.15-15.05.14:085][  0]LogTemp: Display: Loaded TP AndroidTargetPlatform
[2018.11.15-15.05.14:085][  0]LogTemp: Display: Loaded TP AndroidTargetPlatform
[2018.11.15-15.05.14:085][  0]LogTemp: Display: Loaded TP AndroidTargetPlatform
[2018.11.15-15.05.14:086][  0]LogTemp: Display: Loaded TP HTML5TargetPlatform
[2018.11.15-15.05.14:145][  0]LogTemp: Display: Loaded TP IOSTargetPlatform
[2018.11.15-15.05.14:145][  0]LogTemp: Display: Loaded TP IOSTargetPlatform
[2018.11.15-15.05.14:171][  0]LogTemp: Display: Loaded TP TVOSTargetPlatform
[2018.11.15-15.05.14:171][  0]LogTemp: Display: Loaded TP TVOSTargetPlatform
[2018.11.15-15.05.14:184][  0]LogTemp: Display: Loaded TP LinuxClientTargetPlatform
[2018.11.15-15.05.14:195][  0]LogTemp: Display: Loaded TP LinuxNoEditorTargetPlatform
[2018.11.15-15.05.14:214][  0]LogTemp: Display: Loaded TP LinuxServerTargetPlatform
[2018.11.15-15.05.14:227][  0]LogTemp: Display: Loaded TP LinuxTargetPlatform
[2018.11.15-15.05.14:236][  0]LogTemp: Display: Loaded TP LuminTargetPlatform
[2018.11.15-15.05.14:236][  0]LogTargetPlatformManager: Display: Building Assets For Windows
[2018.11.15-15.05.14:281][  0]LogXGEController: Cannot use XGE Controller as Incredibuild is not installed on this machine.
[2018.11.15-15.05.14:281][  0]LogShaderCompilers: Cannot use XGE Shader Compiler as Incredibuild is not installed on this machine.
[2018.11.15-15.05.14:281][  0]LogShaderCompilers: Display: Using Local Shader Compiler.
[2018.11.15-15.05.15:013][  0]LogDerivedDataCache: Display: Max Cache Size: 512 MB
[2018.11.15-15.05.15:071][  0]LogDerivedDataCache: Loaded boot cache 0.06s 72MB C:/Users/Killian/AppData/Local/UnrealEngine/4.20/DerivedDataCache/Boot.ddc.
[2018.11.15-15.05.15:071][  0]LogDerivedDataCache: Display: Loaded Boot cache: C:/Users/Killian/AppData/Local/UnrealEngine/4.20/DerivedDataCache/Boot.ddc
[2018.11.15-15.05.15:071][  0]LogDerivedDataCache: FDerivedDataBackendGraph:  Pak pak cache file ../../../../../E-artsup/B2/Unreal/PiscineUnreal/PiscnieUnreal/Donjon/DerivedDataCache/DDC.ddp not found, will not use a pak cache.
[2018.11.15-15.05.15:071][  0]LogDerivedDataCache: Unable to find inner node Pak for hierarchical cache Hierarchy.
[2018.11.15-15.05.15:071][  0]LogDerivedDataCache: FDerivedDataBackendGraph:  CompressedPak pak cache file ../../../../../E-artsup/B2/Unreal/PiscineUnreal/PiscnieUnreal/Donjon/DerivedDataCache/Compressed.ddp not found, will not use a pak cache.
[2018.11.15-15.05.15:071][  0]LogDerivedDataCache: Unable to find inner node CompressedPak for hierarchical cache Hierarchy.
[2018.11.15-15.05.15:085][  0]LogDerivedDataCache: Display: Pak cache opened for reading ../../../Engine/DerivedDataCache/Compressed.ddp.
[2018.11.15-15.05.15:097][  0]LogDerivedDataCache: Using Local data cache path C:/Users/Killian/AppData/Local/UnrealEngine/Common/DerivedDataCache: Writable
[2018.11.15-15.05.15:097][  0]LogDerivedDataCache: Shared data cache path not found in *engine.ini, will not use an Shared cache.
[2018.11.15-15.05.15:097][  0]LogDerivedDataCache: Unable to find inner node Shared for hierarchical cache Hierarchy.
[2018.11.15-15.05.15:116][  0]LogMaterial: Verifying Global Shaders for PCD3D_SM5
[2018.11.15-15.05.15:117][  0]LogSlate: Using FreeType 2.6.0
[2018.11.15-15.05.15:118][  0]LogSlate: SlateFontServices - WITH_FREETYPE: 1, WITH_HARFBUZZ: 1
[2018.11.15-15.05.15:193][  0]LogAssetRegistry: FAssetRegistry took 0.0258 seconds to start up
[2018.11.15-15.05.15:495][  0]LogInit: Selected Device Profile: [Windows]
[2018.11.15-15.05.15:618][  0]LogSimplygon: Simplygon DLL not present - disabling.
[2018.11.15-15.05.15:620][  0]LogMeshReduction: Using SimplygonSwarm for distributed automatic mesh merging
[2018.11.15-15.05.15:620][  0]LogMeshReduction: Using ProxyLODMeshReduction for automatic mesh merging
[2018.11.15-15.05.15:620][  0]LogMeshReduction: Using QuadricMeshReduction for automatic static mesh reduction
[2018.11.15-15.05.15:620][  0]LogMeshReduction: No automatic skeletal mesh reduction module available
[2018.11.15-15.05.15:639][  0]LogNetVersion: Donjon 1.0.0, NetCL: 4212847, EngineNetVer: 5, GameNetVer: 0 (Checksum: 914305754)
[2018.11.15-15.05.16:176][  0]LogPackageLocalizationCache: Processed 13 localized package path(s) for 2 prioritized culture(s) in 0.116088 seconds
[2018.11.15-15.05.16:182][  0]LogUObjectArray: 38425 objects as part of root set at end of initial load.
[2018.11.15-15.05.16:182][  0]LogUObjectAllocator: 6690872 out of 0 bytes used by permanent object pool.
[2018.11.15-15.05.16:182][  0]LogUObjectArray: CloseDisregardForGC: 0/0 objects in disregard for GC pool
[2018.11.15-15.05.17:008][  0]LogTcpMessaging: Initializing TcpMessaging bridge
[2018.11.15-15.05.17:021][  0]LogUdpMessaging: Initializing bridge on interface 0.0.0.0:0 to multicast group 230.0.0.1:6666.
[2018.11.15-15.05.17:162][  0]SourceControl: Source control is disabled
[2018.11.15-15.05.17:162][  0]SourceControl: Source control is disabled
[2018.11.15-15.05.17:163][  0]SourceControl: Source control is disabled
[2018.11.15-15.05.17:164][  0]SourceControl: Source control is disabled
[2018.11.15-15.05.17:354][  0]LogAndroidPermission: UAndroidPermissionCallbackProxy::GetInstance
[2018.11.15-15.05.17:391][  0]LogOcInput: OculusInput pre-init called
[2018.11.15-15.05.21:830][  0]LogEngine: Initializing Engine...
[2018.11.15-15.05.21:905][  0]LogHMD: Failed to initialize OpenVR with code 126
[2018.11.15-15.05.21:907][  0]LogStats: UGameplayTagsManager::ConstructGameplayTagTree: ImportINI prefixes -  0.000 s
[2018.11.15-15.05.21:907][  0]LogStats: UGameplayTagsManager::ConstructGameplayTagTree: Construct from data asset -  0.000 s
[2018.11.15-15.05.21:907][  0]LogStats: UGameplayTagsManager::ConstructGameplayTagTree: ImportINI -  0.000 s
[2018.11.15-15.05.21:907][  0]LogStats: UGameplayTagsManager::ConstructGameplayTagTree: GameplayTagTreeChangedEvent.Broadcast -  0.000 s
[2018.11.15-15.05.22:121][  0]LogInit: Initializing FReadOnlyCVARCache
[2018.11.15-15.05.22:131][  0]LogAIModule: Creating AISystem for world Untitled
[2018.11.15-15.05.22:194][  0]LogInit: XAudio2 using 'Speakers (Realtek High Definition Audio)' : 2 channels at 48 kHz using 32 bits per sample (channel mask 0x3)
[2018.11.15-15.05.22:241][  0]LogInit: FAudioDevice initialized.
[2018.11.15-15.05.22:241][  0]LogNetVersion: Set ProjectVersion to 1.0.0.0. Version Checksum will be recalculated on next use.
[2018.11.15-15.05.22:316][  0]LogDerivedDataCache: Saved boot cache 0.07s 72MB C:/Users/Killian/AppData/Local/UnrealEngine/4.20/DerivedDataCache/Boot.ddc.
[2018.11.15-15.05.22:327][  0]LogInit: Texture streaming: Enabled
[2018.11.15-15.05.22:342][  0]LogEngineSessionManager: EngineSessionManager initialized
[2018.11.15-15.05.22:355][  0]LogInit: Transaction tracking system initialized
[2018.11.15-15.05.22:374][  0]BlueprintLog: New page: Editor Load
[2018.11.15-15.05.22:426][  0]LocalizationService: Localization service is disabled
[2018.11.15-15.05.22:479][  0]LogLinker: Warning: Can't find file '/Game/ThirdPersonBP/ThirdPersonOverview'
[2018.11.15-15.05.22:480][  0]LogLinker: Warning: Can't find file '/Game/ThirdPersonBP/ThirdPersonOverview'
[2018.11.15-15.05.22:480][  0]LogUObjectGlobals: Warning: Failed to find object 'Class /Game/ThirdPersonBP/ThirdPersonOverview.ThirdPersonOverview_C'
[2018.11.15-15.05.22:702][  0]LogCook: Display: Max memory allowance for cook 16384mb min free memory 0mb
[2018.11.15-15.05.22:702][  0]LogCook: Display: Mobile HDR setting 1
[2018.11.15-15.05.22:702][  0]LogGameplayTags: Display: UGameplayTagsManager::DoneAddingNativeTags. DelegateIsBound: 0
[2018.11.15-15.05.22:702][  0]LogStats: UGameplayTagsManager::ConstructGameplayTagTree: ImportINI prefixes -  0.000 s
[2018.11.15-15.05.22:702][  0]LogStats: UGameplayTagsManager::ConstructGameplayTagTree: Construct from data asset -  0.000 s
[2018.11.15-15.05.22:702][  0]LogStats: UGameplayTagsManager::ConstructGameplayTagTree: ImportINI -  0.000 s
[2018.11.15-15.05.22:702][  0]LogStats: UGameplayTagsManager::ConstructGameplayTagTree: GameplayTagTreeChangedEvent.Broadcast -  0.000 s
[2018.11.15-15.05.22:987][  0]LogFileCache: Scanning file cache for directory 'D:/E-artsup/B2/Unreal/PiscineUnreal/PiscnieUnreal/Donjon/Content/' took 0.02s
[2018.11.15-15.05.24:374][  0]SourceControl: Source control is disabled
[2018.11.15-15.05.24:374][  0]Cmd: MAP LOAD FILE="../../../../../E-artsup/B2/Unreal/PiscineUnreal/PiscnieUnreal/Donjon/Content/FirstPersonBP/Maps/FirstPersonExampleMap.umap" TEMPLATE=0 SHOWPROGRESS=1 FEATURELEVEL=3
[2018.11.15-15.05.24:427][  0]LightingResults: New page: Lighting Build
[2018.11.15-15.05.24:429][  0]MapCheck: New page: Map Check
[2018.11.15-15.05.24:429][  0]LightingResults: New page: Lighting Build
[2018.11.15-15.05.27:633][  0]LogAIModule: Creating AISystem for world FirstPersonExampleMap
[2018.11.15-15.05.27:645][  0]LogEditorServer: Finished looking for orphan Actors (0.000 secs)
[2018.11.15-15.05.27:670][  0]Cmd: MAP CHECKDEP NOCLEARLOG
[2018.11.15-15.05.27:731][  0]MapCheck: Map check complete: 0 Error(s), 0 Warning(s), took 60,719ms to complete.
[2018.11.15-15.05.27:731][  0]LogFileHelpers: Loading map 'FirstPersonExampleMap' took 3.356
[2018.11.15-15.05.28:269][  0]LogSlate: Updating window title bar state: overlay mode, drag disabled, window buttons hidden, title bar hidden
[2018.11.15-15.05.28:276][  0]LogSlate: Updating window title bar state: overlay mode, drag disabled, window buttons hidden, title bar hidden
[2018.11.15-15.05.28:284][  0]LogSlate: Updating window title bar state: overlay mode, drag disabled, window buttons hidden, title bar hidden
[2018.11.15-15.05.28:291][  0]LogSlate: Updating window title bar state: overlay mode, drag disabled, window buttons hidden, title bar hidden
[2018.11.15-15.05.28:361][  0]LogCollectionManager: Loaded 0 collections in 0.000853 seconds
[2018.11.15-15.05.28:579][  0]LogFileCache: Scanning file cache for directory 'D:/E-artsup/B2/Unreal/PiscineUnreal/PiscnieUnreal/Donjon/Saved/Collections/' took 0.01s
[2018.11.15-15.05.28:579][  0]LogFileCache: Scanning file cache for directory 'D:/E-artsup/B2/Unreal/PiscineUnreal/PiscnieUnreal/Donjon/Content/Developers/Killian/Collections/' took 0.01s
[2018.11.15-15.05.28:579][  0]LogFileCache: Scanning file cache for directory 'D:/E-artsup/B2/Unreal/PiscineUnreal/PiscnieUnreal/Donjon/Content/Collections/' took 0.01s
[2018.11.15-15.05.28:579][  0]LogCollectionManager: Rebuilt the GUID cache for 0 collections in 0.000000 seconds
[2018.11.15-15.05.28:605][  0]LogContentBrowser: Native class hierarchy populated in 0.0147 seconds. Added 2621 classes and 629 folders.
[2018.11.15-15.05.28:768][  0]LogContentBrowser: Native class hierarchy updated for 'WidgetCarousel' in 0.0003 seconds. Added 0 classes and 0 folders.
[2018.11.15-15.05.30:187][  0]LogContentBrowser: Native class hierarchy updated for 'AddContentDialog' in 0.0002 seconds. Added 0 classes and 0 folders.
[2018.11.15-15.05.30:253][  0]LogContentBrowser: Native class hierarchy updated for 'SceneOutliner' in 0.0002 seconds. Added 1 classes and 2 folders.
[2018.11.15-15.05.30:358][  0]LogSlate: Took 0.000199 seconds to synchronously load lazily loaded font '../../../Engine/Content/Slate/Fonts/Roboto-Regular.ttf' (155K)
[2018.11.15-15.05.30:360][  0]LogSlate: Took 0.000247 seconds to synchronously load lazily loaded font '../../../Engine/Content/Slate/Fonts/Roboto-Bold.ttf' (160K)
[2018.11.15-15.05.30:396][  0]LogSlate: Took 0.013207 seconds to synchronously load lazily loaded font '../../../Engine/Content/Editor/Slate/Fonts/FontAwesome.ttf' (139K)
[2018.11.15-15.05.30:558][  0]LogRenderer: Reallocating scene render targets to support 936x480 Format 10 NumSamples 1 (Frame:1).
[2018.11.15-15.05.30:841][  0]LogContentBrowser: Native class hierarchy updated for 'HierarchicalLODOutliner' in 0.0002 seconds. Added 0 classes and 0 folders.
[2018.11.15-15.05.30:841][  0]LogLoad: (Engine Initialization) Total time: 19.45 seconds
[2018.11.15-15.05.30:841][  0]LogLoad: (Engine Initialization) Total Blueprint compile time: 0.00 seconds
[2018.11.15-15.05.30:860][  0]LogWindowsTextInputMethodSystem: Display: IME system now deactivated.
[2018.11.15-15.05.30:909][  0]LogContentStreaming: Texture pool size now 1000 MB
[2018.11.15-15.05.31:006][  0]LogSlate: Took 0.020046 seconds to synchronously load lazily loaded font '../../../Engine/Content/Slate/Fonts/Roboto-Light.ttf' (167K)
[2018.11.15-15.05.31:222][  2]LogAssetRegistry: Asset discovery search completed in 16.0516 seconds
[2018.11.15-15.05.31:224][  2]LogCollectionManager: Rebuilt the object cache for 0 collections in 0.000000 seconds (found 0 objects)
[2018.11.15-15.05.31:224][  2]LogCollectionManager: Fixed up redirectors for 0 collections in 0.000054 seconds (updated 0 objects)
[2018.11.15-15.05.31:931][ 40]LogSlate: Took 0.000307 seconds to synchronously load lazily loaded font '../../../Engine/Content/Slate/Fonts/Roboto-Light.ttf' (167K)
[2018.11.15-15.05.42:705][687]LogSlate: FSceneViewport::OnFocusLost() reason 0
[2018.11.15-15.05.47:810][993]LogSlate: FSceneViewport::OnFocusLost() reason 0
[2018.11.15-15.06.13:338][412]LogAIModule: Creating AISystem for world Collecting_Level
[2018.11.15-15.06.13:359][412]LogAssetEditorManager: Opening Asset editor for World /Game/FirstPersonBP/Maps/Collecting_Level.Collecting_Level
[2018.11.15-15.06.13:384][412]Cmd: MAP LOAD FILE="../../../../../E-artsup/B2/Unreal/PiscineUnreal/PiscnieUnreal/Donjon/Content/FirstPersonBP/Maps/Collecting_Level.umap" TEMPLATE=0 SHOWPROGRESS=1 FEATURELEVEL=3
[2018.11.15-15.06.13:384][412]LightingResults: New page: Lighting Build
[2018.11.15-15.06.13:384][412]LoadErrors: New page: Loading map: Collecting_Level.umap
[2018.11.15-15.06.13:385][412]MapCheck: New page: Map Check
[2018.11.15-15.06.13:385][412]LightingResults: New page: Lighting Build
[2018.11.15-15.06.13:417][412]LogEditorServer: Finished looking for orphan Actors (0.000 secs)
[2018.11.15-15.06.13:463][412]Cmd: MAP CHECKDEP NOCLEARLOG
[2018.11.15-15.06.13:527][412]MapCheck: Map check complete: 0 Error(s), 0 Warning(s), took 63,73ms to complete.
[2018.11.15-15.06.13:527][412]LogFileHelpers: Loading map 'Collecting_Level' took 0.144
[2018.11.15-15.06.17:547][649]LogSlate: FSceneViewport::OnFocusLost() reason 0
[2018.11.15-15.06.17:647][655]LogTemp: Repeating last play command: Selected Viewport
[2018.11.15-15.06.17:662][655]LogBlueprintUserMessages: Early PlayInEditor Detection: Level '/Game/FirstPersonBP/Maps/Collecting_Level.Collecting_Level:PersistentLevel' has LevelScriptBlueprint '/Game/FirstPersonBP/Maps/Collecting_Level.Collecting_Level:PersistentLevel.Collecting_Level' with GeneratedClass '/Game/FirstPersonBP/Maps/Collecting_Level.Collecting_Level_C' with ClassGeneratedBy '/Game/FirstPersonBP/Maps/Collecting_Level.Collecting_Level:PersistentLevel.Collecting_Level'
[2018.11.15-15.06.17:662][655]LogPlayLevel: PlayLevel: No blueprints needed recompiling
[2018.11.15-15.06.17:713][655]PIE: New page: PIE session: Collecting_Level (15 nov. 2018 17:06:17)
[2018.11.15-15.06.17:713][655]LogPlayLevel: Creating play world package: /Game/FirstPersonBP/Maps/UEDPIE_0_Collecting_Level
[2018.11.15-15.06.17:742][655]LogPlayLevel: PIE: StaticDuplicateObject took: (0.029310s)
[2018.11.15-15.06.17:743][655]LogAIModule: Creating AISystem for world Collecting_Level
[2018.11.15-15.06.17:743][655]LogPlayLevel: PIE: World Init took: (0.000616s)
[2018.11.15-15.06.17:743][655]LogPlayLevel: PIE: Created PIE world by copying editor world from /Game/FirstPersonBP/Maps/Collecting_Level.Collecting_Level to /Game/FirstPersonBP/Maps/UEDPIE_0_Collecting_Level.Collecting_Level (0.030072s)
[2018.11.15-15.06.17:771][655]LogInit: XAudio2 using 'Speakers (Realtek High Definition Audio)' : 2 channels at 48 kHz using 32 bits per sample (channel mask 0x3)
[2018.11.15-15.06.17:810][655]LogInit: FAudioDevice initialized.
[2018.11.15-15.06.17:855][655]LogLoad: Game class is 'FirstPersonGameMode_C'
[2018.11.15-15.06.17:860][655]LogWorld: Bringing World /Game/FirstPersonBP/Maps/UEDPIE_0_Collecting_Level.Collecting_Level up for play (max tick rate 60) at 2018.11.15-16.06.17
[2018.11.15-15.06.17:860][655]LogWorld: Bringing up level for play took: 0.004092
[2018.11.15-15.06.17:872][655]LogGameMode: FindPlayerStart: PATHS NOT DEFINED or NO PLAYERSTART with positive rating
[2018.11.15-15.06.17:889][655]LogContentBrowser: Native class hierarchy updated for 'MovieSceneCapture' in 0.0004 seconds. Added 10 classes and 0 folders.
[2018.11.15-15.06.17:889][655]PIE: Play in editor start time for /Game/FirstPersonBP/Maps/UEDPIE_0_Collecting_Level -0,348
[2018.11.15-15.06.17:890][655]LogBlueprintUserMessages: Late PlayInEditor Detection: Level '/Game/FirstPersonBP/Maps/Collecting_Level.Collecting_Level:PersistentLevel' has LevelScriptBlueprint '/Game/FirstPersonBP/Maps/Collecting_Level.Collecting_Level:PersistentLevel.Collecting_Level' with GeneratedClass '/Game/FirstPersonBP/Maps/Collecting_Level.Collecting_Level_C' with ClassGeneratedBy '/Game/FirstPersonBP/Maps/Collecting_Level.Collecting_Level:PersistentLevel.Collecting_Level'
[2018.11.15-15.07.47:480][ 23]LogBlueprintUserMessages: Early EndPlayMap Detection: Level '/Game/FirstPersonBP/Maps/Collecting_Level.Collecting_Level:PersistentLevel' has LevelScriptBlueprint '/Game/FirstPersonBP/Maps/Collecting_Level.Collecting_Level:PersistentLevel.Collecting_Level' with GeneratedClass '/Game/FirstPersonBP/Maps/Collecting_Level.Collecting_Level_C' with ClassGeneratedBy '/Game/FirstPersonBP/Maps/Collecting_Level.Collecting_Level:PersistentLevel.Collecting_Level'
[2018.11.15-15.07.47:480][ 23]LogSlate: Updating window title bar state: overlay mode, drag disabled, window buttons hidden, title bar hidden
[2018.11.15-15.07.47:517][ 23]LogPlayLevel: Display: Shutting down PIE online subsystems
[2018.11.15-15.07.47:517][ 23]LogBlueprintUserMessages: Late EndPlayMap Detection: Level '/Game/FirstPersonBP/Maps/Collecting_Level.Collecting_Level:PersistentLevel' has LevelScriptBlueprint '/Game/FirstPersonBP/Maps/Collecting_Level.Collecting_Level:PersistentLevel.Collecting_Level' with GeneratedClass '/Game/FirstPersonBP/Maps/Collecting_Level.Collecting_Level_C' with ClassGeneratedBy '/Game/FirstPersonBP/Maps/Collecting_Level.Collecting_Level:PersistentLevel.Collecting_Level'
[2018.11.15-15.07.47:542][ 23]LogSlate: Updating window title bar state: overlay mode, drag disabled, window buttons hidden, title bar hidden
[2018.11.15-15.07.47:582][ 25]LogPlayLevel: Display: Destroying online subsystem :Context_3
[2018.11.15-15.07.52:450][317]LogSlate: FSceneViewport::OnFocusLost() reason 0
[2018.11.15-15.07.59:848][756]LogAssetEditorManager: Opening Asset editor for Blueprint /Game/FirstPersonBP/Blueprints/FirstPersonCharacter.FirstPersonCharacter
[2018.11.15-15.08.00:598][756]LogContentBrowser: Native class hierarchy updated for 'BlueprintGraph' in 0.0006 seconds. Added 116 classes and 0 folders.
[2018.11.15-15.08.01:936][756]LogSlate: Took 0.109776 seconds to synchronously load lazily loaded font '../../../Engine/Content/Slate/Fonts/Roboto-BoldCondensed.ttf' (158K)
[2018.11.15-15.08.02:313][757]LogSlate: Took 0.005387 seconds to synchronously load lazily loaded font '../../../Engine/Content/Slate/Fonts/Roboto-Italic.ttf' (157K)
[2018.11.15-15.08.23:814][ 27]BlueprintLog: New page: Compile FirstPersonCharacter
[2018.11.15-15.08.25:048][ 56]LogSavePackage: Moving '../../../../../E-artsup/B2/Unreal/PiscineUnreal/PiscnieUnreal/Donjon/Saved/FirstPersonCharacter8A6E89724A63C570DFDB36A05FF6C9F7.tmp' to '../../../../../E-artsup/B2/Unreal/PiscineUnreal/PiscnieUnreal/Donjon/Content/FirstPersonBP/Blueprints/FirstPersonCharacter.uasset'
[2018.11.15-15.08.30:863][379]LogSavePackage: Moving '../../../../../E-artsup/B2/Unreal/PiscineUnreal/PiscnieUnreal/Donjon/Saved/Collecting_Level05264B15498A631548A211B8463AF240.tmp' to '../../../../../E-artsup/B2/Unreal/PiscineUnreal/PiscnieUnreal/Donjon/Content/FirstPersonBP/Maps/Collecting_Level.umap'
[2018.11.15-15.08.30:896][379]LogFileHelpers: Saving map 'Collecting_Level' took 0.398
[2018.11.15-15.08.38:754][747]LogSlate: FSceneViewport::OnFocusLost() reason 0
[2018.11.15-15.08.38:853][753]LogTemp: Repeating last play command: Selected Viewport
[2018.11.15-15.08.38:887][753]LogBlueprintUserMessages: Early PlayInEditor Detection: Level '/Game/FirstPersonBP/Maps/Collecting_Level.Collecting_Level:PersistentLevel' has LevelScriptBlueprint '/Game/FirstPersonBP/Maps/Collecting_Level.Collecting_Level:PersistentLevel.Collecting_Level' with GeneratedClass '/Game/FirstPersonBP/Maps/Collecting_Level.Collecting_Level_C' with ClassGeneratedBy '/Game/FirstPersonBP/Maps/Collecting_Level.Collecting_Level:PersistentLevel.Collecting_Level'
[2018.11.15-15.08.38:887][753]LogPlayLevel: PlayLevel: No blueprints needed recompiling
[2018.11.15-15.08.38:887][753]PIE: New page: PIE session: Collecting_Level (15 nov. 2018 17:08:38)
[2018.11.15-15.08.38:887][753]LogPlayLevel: Creating play world package: /Game/FirstPersonBP/Maps/UEDPIE_0_Collecting_Level
[2018.11.15-15.08.38:911][753]LogPlayLevel: PIE: StaticDuplicateObject took: (0.023365s)
[2018.11.15-15.08.38:911][753]LogAIModule: Creating AISystem for world Collecting_Level
[2018.11.15-15.08.38:911][753]LogPlayLevel: PIE: World Init took: (0.000761s)
[2018.11.15-15.08.38:911][753]LogPlayLevel: PIE: Created PIE world by copying editor world from /Game/FirstPersonBP/Maps/Collecting_Level.Collecting_Level to /Game/FirstPersonBP/Maps/UEDPIE_0_Collecting_Level.Collecting_Level (0.024281s)
[2018.11.15-15.08.38:959][753]LogInit: XAudio2 using 'Speakers (Realtek High Definition Audio)' : 2 channels at 48 kHz using 32 bits per sample (channel mask 0x3)
[2018.11.15-15.08.38:998][753]LogInit: FAudioDevice initialized.
[2018.11.15-15.08.39:037][753]LogLoad: Game class is 'FirstPersonGameMode_C'
[2018.11.15-15.08.39:040][753]LogWorld: Bringing World /Game/FirstPersonBP/Maps/UEDPIE_0_Collecting_Level.Collecting_Level up for play (max tick rate 60) at 2018.11.15-16.08.39
[2018.11.15-15.08.39:040][753]LogWorld: Bringing up level for play took: 0.002890
[2018.11.15-15.08.39:052][753]LogGameMode: FindPlayerStart: PATHS NOT DEFINED or NO PLAYERSTART with positive rating
[2018.11.15-15.08.39:053][753]PIE: Play in editor start time for /Game/FirstPersonBP/Maps/UEDPIE_0_Collecting_Level 0,816
[2018.11.15-15.08.39:059][753]LogBlueprintUserMessages: Late PlayInEditor Detection: Level '/Game/FirstPersonBP/Maps/Collecting_Level.Collecting_Level:PersistentLevel' has LevelScriptBlueprint '/Game/FirstPersonBP/Maps/Collecting_Level.Collecting_Level:PersistentLevel.Collecting_Level' with GeneratedClass '/Game/FirstPersonBP/Maps/Collecting_Level.Collecting_Level_C' with ClassGeneratedBy '/Game/FirstPersonBP/Maps/Collecting_Level.Collecting_Level:PersistentLevel.Collecting_Level'
[2018.11.15-15.18.25:704][931]LogSpawn: Warning: SpawnActor failed because of collision at the spawn location [X=-1028.157 Y=-1395.899 Z=491.933] for [FirstPersonProjectile_C]
[2018.11.15-15.18.36:428][575]LogSpawn: Warning: SpawnActor failed because of collision at the spawn location [X=-1669.724 Y=-1505.880 Z=524.344] for [FirstPersonProjectile_C]
[2018.11.15-15.29.10:890][628]LogBlueprintUserMessages: Early EndPlayMap Detection: Level '/Game/FirstPersonBP/Maps/Collecting_Level.Collecting_Level:PersistentLevel' has LevelScriptBlueprint '/Game/FirstPersonBP/Maps/Collecting_Level.Collecting_Level:PersistentLevel.Collecting_Level' with GeneratedClass '/Game/FirstPersonBP/Maps/Collecting_Level.Collecting_Level_C' with ClassGeneratedBy '/Game/FirstPersonBP/Maps/Collecting_Level.Collecting_Level:PersistentLevel.Collecting_Level'
[2018.11.15-15.29.10:946][628]LogSlate: Updating window title bar state: overlay mode, drag disabled, window buttons hidden, title bar hidden
[2018.11.15-15.29.10:988][628]LogPlayLevel: Display: Shutting down PIE online subsystems
[2018.11.15-15.29.10:988][628]LogBlueprintUserMessages: Late EndPlayMap Detection: Level '/Game/FirstPersonBP/Maps/Collecting_Level.Collecting_Level:PersistentLevel' has LevelScriptBlueprint '/Game/FirstPersonBP/Maps/Collecting_Level.Collecting_Level:PersistentLevel.Collecting_Level' with GeneratedClass '/Game/FirstPersonBP/Maps/Collecting_Level.Collecting_Level_C' with ClassGeneratedBy '/Game/FirstPersonBP/Maps/Collecting_Level.Collecting_Level:PersistentLevel.Collecting_Level'
[2018.11.15-15.29.11:023][628]LogSlate: Updating window title bar state: overlay mode, drag disabled, window buttons hidden, title bar hidden
[2018.11.15-15.29.11:051][629]LogPlayLevel: Display: Destroying online subsystem :Context_6
[2018.11.15-15.29.14:936][859]LogSlate: FSceneViewport::OnFocusLost() reason 0
[2018.11.15-15.29.39:040][271]BlueprintLog: New page: Compile FirstPersonCharacter
[2018.11.15-15.29.40:868][342]LogSavePackage: Moving '../../../../../E-artsup/B2/Unreal/PiscineUnreal/PiscnieUnreal/Donjon/Saved/FirstPersonCharacterF83A2DF6452815F12CF17B866F982B88.tmp' to '../../../../../E-artsup/B2/Unreal/PiscineUnreal/PiscnieUnreal/Donjon/Content/FirstPersonBP/Blueprints/FirstPersonCharacter.uasset'
[2018.11.15-15.29.45:108][594]LogSlate: FSceneViewport::OnFocusLost() reason 0
[2018.11.15-15.29.45:190][599]LogTemp: Repeating last play command: Selected Viewport
[2018.11.15-15.29.45:224][599]LogBlueprintUserMessages: Early PlayInEditor Detection: Level '/Game/FirstPersonBP/Maps/Collecting_Level.Collecting_Level:PersistentLevel' has LevelScriptBlueprint '/Game/FirstPersonBP/Maps/Collecting_Level.Collecting_Level:PersistentLevel.Collecting_Level' with GeneratedClass '/Game/FirstPersonBP/Maps/Collecting_Level.Collecting_Level_C' with ClassGeneratedBy '/Game/FirstPersonBP/Maps/Collecting_Level.Collecting_Level:PersistentLevel.Collecting_Level'
[2018.11.15-15.29.45:224][599]LogPlayLevel: PlayLevel: No blueprints needed recompiling
[2018.11.15-15.29.45:224][599]PIE: New page: PIE session: Collecting_Level (15 nov. 2018 17:29:45)
[2018.11.15-15.29.45:225][599]LogPlayLevel: Creating play world package: /Game/FirstPersonBP/Maps/UEDPIE_0_Collecting_Level
[2018.11.15-15.29.45:264][599]LogPlayLevel: PIE: StaticDuplicateObject took: (0.039364s)
[2018.11.15-15.29.45:265][599]LogAIModule: Creating AISystem for world Collecting_Level
[2018.11.15-15.29.45:265][599]LogPlayLevel: PIE: World Init took: (0.001023s)
[2018.11.15-15.29.45:265][599]LogPlayLevel: PIE: Created PIE world by copying editor world from /Game/FirstPersonBP/Maps/Collecting_Level.Collecting_Level to /Game/FirstPersonBP/Maps/UEDPIE_0_Collecting_Level.Collecting_Level (0.040589s)
[2018.11.15-15.29.45:305][599]LogInit: XAudio2 using 'Speakers (Realtek High Definition Audio)' : 2 channels at 48 kHz using 32 bits per sample (channel mask 0x3)
[2018.11.15-15.29.45:344][599]LogInit: FAudioDevice initialized.
[2018.11.15-15.29.45:379][599]LogLoad: Game class is 'FirstPersonGameMode_C'
[2018.11.15-15.29.45:384][599]LogWorld: Bringing World /Game/FirstPersonBP/Maps/UEDPIE_0_Collecting_Level.Collecting_Level up for play (max tick rate 60) at 2018.11.15-16.29.45
[2018.11.15-15.29.45:384][599]LogWorld: Bringing up level for play took: 0.003803
[2018.11.15-15.29.45:396][599]LogGameMode: FindPlayerStart: PATHS NOT DEFINED or NO PLAYERSTART with positive rating
[2018.11.15-15.29.45:397][599]PIE: Play in editor start time for /Game/FirstPersonBP/Maps/UEDPIE_0_Collecting_Level 1,16
[2018.11.15-15.29.45:405][599]LogBlueprintUserMessages: Late PlayInEditor Detection: Level '/Game/FirstPersonBP/Maps/Collecting_Level.Collecting_Level:PersistentLevel' has LevelScriptBlueprint '/Game/FirstPersonBP/Maps/Collecting_Level.Collecting_Level:PersistentLevel.Collecting_Level' with GeneratedClass '/Game/FirstPersonBP/Maps/Collecting_Level.Collecting_Level_C' with ClassGeneratedBy '/Game/FirstPersonBP/Maps/Collecting_Level.Collecting_Level:PersistentLevel.Collecting_Level'
[2018.11.15-15.30.12:113][198]LogBlueprintUserMessages: Early EndPlayMap Detection: Level '/Game/FirstPersonBP/Maps/Collecting_Level.Collecting_Level:PersistentLevel' has LevelScriptBlueprint '/Game/FirstPersonBP/Maps/Collecting_Level.Collecting_Level:PersistentLevel.Collecting_Level' with GeneratedClass '/Game/FirstPersonBP/Maps/Collecting_Level.Collecting_Level_C' with ClassGeneratedBy '/Game/FirstPersonBP/Maps/Collecting_Level.Collecting_Level:PersistentLevel.Collecting_Level'
[2018.11.15-15.30.12:113][198]LogSlate: Updating window title bar state: overlay mode, drag disabled, window buttons hidden, title bar hidden
[2018.11.15-15.30.12:153][198]LogPlayLevel: Display: Shutting down PIE online subsystems
[2018.11.15-15.30.12:153][198]LogBlueprintUserMessages: Late EndPlayMap Detection: Level '/Game/FirstPersonBP/Maps/Collecting_Level.Collecting_Level:PersistentLevel' has LevelScriptBlueprint '/Game/FirstPersonBP/Maps/Collecting_Level.Collecting_Level:PersistentLevel.Collecting_Level' with GeneratedClass '/Game/FirstPersonBP/Maps/Collecting_Level.Collecting_Level_C' with ClassGeneratedBy '/Game/FirstPersonBP/Maps/Collecting_Level.Collecting_Level:PersistentLevel.Collecting_Level'
[2018.11.15-15.30.12:186][198]LogSlate: Updating window title bar state: overlay mode, drag disabled, window buttons hidden, title bar hidden
[2018.11.15-15.30.12:216][199]LogPlayLevel: Display: Destroying online subsystem :Context_7
[2018.11.15-15.30.16:141][430]LogSlate: FSceneViewport::OnFocusLost() reason 2
[2018.11.15-15.30.21:935][744]BlueprintLog: New page: Compile FirstPersonCharacter
[2018.11.15-15.30.23:122][778]LogSavePackage: Moving '../../../../../E-artsup/B2/Unreal/PiscineUnreal/PiscnieUnreal/Donjon/Saved/FirstPersonCharacterC2A9B3C34D30E1D05795BF8C2D53A2E1.tmp' to '../../../../../E-artsup/B2/Unreal/PiscineUnreal/PiscnieUnreal/Donjon/Content/FirstPersonBP/Blueprints/FirstPersonCharacter.uasset'
[2018.11.15-15.30.51:368][439]LogSavePackage: Moving '../../../../../E-artsup/B2/Unreal/PiscineUnreal/PiscnieUnreal/Donjon/Saved/FirstPersonCharacter38B66E484C3702F2A845E7A472191666.tmp' to '../../../../../E-artsup/B2/Unreal/PiscineUnreal/PiscnieUnreal/Donjon/Content/FirstPersonBP/Blueprints/FirstPersonCharacter.uasset'
[2018.11.15-15.30.54:204][607]LogSlate: FSceneViewport::OnFocusLost() reason 0
[2018.11.15-15.30.54:304][613]LogTemp: Repeating last play command: Selected Viewport
[2018.11.15-15.30.54:339][613]LogBlueprintUserMessages: Early PlayInEditor Detection: Level '/Game/FirstPersonBP/Maps/Collecting_Level.Collecting_Level:PersistentLevel' has LevelScriptBlueprint '/Game/FirstPersonBP/Maps/Collecting_Level.Collecting_Level:PersistentLevel.Collecting_Level' with GeneratedClass '/Game/FirstPersonBP/Maps/Collecting_Level.Collecting_Level_C' with ClassGeneratedBy '/Game/FirstPersonBP/Maps/Collecting_Level.Collecting_Level:PersistentLevel.Collecting_Level'
[2018.11.15-15.30.54:339][613]LogPlayLevel: PlayLevel: No blueprints needed recompiling
[2018.11.15-15.30.54:339][613]PIE: New page: PIE session: Collecting_Level (15 nov. 2018 17:30:54)
[2018.11.15-15.30.54:339][613]LogPlayLevel: Creating play world package: /Game/FirstPersonBP/Maps/UEDPIE_0_Collecting_Level
[2018.11.15-15.30.54:360][613]LogPlayLevel: PIE: StaticDuplicateObject took: (0.020361s)
[2018.11.15-15.30.54:360][613]LogAIModule: Creating AISystem for world Collecting_Level
[2018.11.15-15.30.54:361][613]LogPlayLevel: PIE: World Init took: (0.000774s)
[2018.11.15-15.30.54:361][613]LogPlayLevel: PIE: Created PIE world by copying editor world from /Game/FirstPersonBP/Maps/Collecting_Level.Collecting_Level to /Game/FirstPersonBP/Maps/UEDPIE_0_Collecting_Level.Collecting_Level (0.021316s)
[2018.11.15-15.30.54:422][613]LogInit: XAudio2 using 'Speakers (Realtek High Definition Audio)' : 2 channels at 48 kHz using 32 bits per sample (channel mask 0x3)
[2018.11.15-15.30.54:463][613]LogInit: FAudioDevice initialized.
[2018.11.15-15.30.54:493][613]LogLoad: Game class is 'FirstPersonGameMode_C'
[2018.11.15-15.30.54:498][613]LogWorld: Bringing World /Game/FirstPersonBP/Maps/UEDPIE_0_Collecting_Level.Collecting_Level up for play (max tick rate 60) at 2018.11.15-16.30.54
[2018.11.15-15.30.54:498][613]LogWorld: Bringing up level for play took: 0.004258
[2018.11.15-15.30.54:510][613]LogGameMode: FindPlayerStart: PATHS NOT DEFINED or NO PLAYERSTART with positive rating
[2018.11.15-15.30.54:511][613]PIE: Play in editor start time for /Game/FirstPersonBP/Maps/UEDPIE_0_Collecting_Level 0,274
[2018.11.15-15.30.54:518][613]LogBlueprintUserMessages: Late PlayInEditor Detection: Level '/Game/FirstPersonBP/Maps/Collecting_Level.Collecting_Level:PersistentLevel' has LevelScriptBlueprint '/Game/FirstPersonBP/Maps/Collecting_Level.Collecting_Level:PersistentLevel.Collecting_Level' with GeneratedClass '/Game/FirstPersonBP/Maps/Collecting_Level.Collecting_Level_C' with ClassGeneratedBy '/Game/FirstPersonBP/Maps/Collecting_Level.Collecting_Level:PersistentLevel.Collecting_Level'
[2018.11.15-15.31.12:103][666]LogBlueprintUserMessages: Early EndPlayMap Detection: Level '/Game/FirstPersonBP/Maps/Collecting_Level.Collecting_Level:PersistentLevel' has LevelScriptBlueprint '/Game/FirstPersonBP/Maps/Collecting_Level.Collecting_Level:PersistentLevel.Collecting_Level' with GeneratedClass '/Game/FirstPersonBP/Maps/Collecting_Level.Collecting_Level_C' with ClassGeneratedBy '/Game/FirstPersonBP/Maps/Collecting_Level.Collecting_Level:PersistentLevel.Collecting_Level'
[2018.11.15-15.31.12:103][666]LogSlate: Updating window title bar state: overlay mode, drag disabled, window buttons hidden, title bar hidden
[2018.11.15-15.31.12:141][666]LogPlayLevel: Display: Shutting down PIE online subsystems
[2018.11.15-15.31.12:141][666]LogBlueprintUserMessages: Late EndPlayMap Detection: Level '/Game/FirstPersonBP/Maps/Collecting_Level.Collecting_Level:PersistentLevel' has LevelScriptBlueprint '/Game/FirstPersonBP/Maps/Collecting_Level.Collecting_Level:PersistentLevel.Collecting_Level' with GeneratedClass '/Game/FirstPersonBP/Maps/Collecting_Level.Collecting_Level_C' with ClassGeneratedBy '/Game/FirstPersonBP/Maps/Collecting_Level.Collecting_Level:PersistentLevel.Collecting_Level'
[2018.11.15-15.31.12:170][666]LogSlate: Updating window title bar state: overlay mode, drag disabled, window buttons hidden, title bar hidden
[2018.11.15-15.31.12:213][668]LogPlayLevel: Display: Destroying online subsystem :Context_8
