Log file open, 11/16/18 14:44:15
LogWindows: Failed to load 'aqProf.dll' (GetLastError=126)
LogWindows: File 'aqProf.dll' does not exist
LogWindows: Failed to load 'VSPerf140.dll' (GetLastError=126)
LogWindows: File 'VSPerf140.dll' does not exist
LogWindows: Failed to load 'VtuneApi.dll' (GetLastError=126)
LogWindows: File 'VtuneApi.dll' does not exist
LogWindows: Failed to load 'VtuneApi32e.dll' (GetLastError=126)
LogWindows: File 'VtuneApi32e.dll' does not exist
LogInit: Display: Running engine for game: Donjon
LogPlatformFile: Not using cached read wrapper
LogTaskGraph: Started task graph with 5 named threads and 23 total threads with 3 sets of task threads.
LogStats: Stats thread started at 0.275935
LogD3D11RHI: Loaded GFSDK_Aftermath_Lib.x64.dll
LogICUInternationalization: Display: ICU TimeZone Detection - Raw Offset: +1:00, Platform Override: ''
LogPluginManager: Mounting plugin Paper2D
LogPluginManager: Mounting plugin AISupport
LogPluginManager: Mounting plugin LightPropagationVolume
LogPluginManager: Mounting plugin CLionSourceCodeAccess
LogPluginManager: Mounting plugin CodeLiteSourceCodeAccess
LogPluginManager: Mounting plugin GitSourceControl
LogPluginManager: Mounting plugin KDevelopSourceCodeAccess
LogPluginManager: Mounting plugin NullSourceCodeAccess
LogPluginManager: Mounting plugin PerforceSourceControl
LogPluginManager: Mounting plugin SubversionSourceControl
LogPluginManager: Mounting plugin UObjectPlugin
LogPluginManager: Mounting plugin VisualStudioCodeSourceCodeAccess
LogPluginManager: Mounting plugin VisualStudioSourceCodeAccess
LogPluginManager: Mounting plugin XCodeSourceCodeAccess
LogPluginManager: Mounting plugin AssetManagerEditor
LogPluginManager: Mounting plugin CryptoKeys
LogPluginManager: Mounting plugin DataValidation
LogPluginManager: Mounting plugin EditorScriptingUtilities
LogPluginManager: Mounting plugin FacialAnimation
LogPluginManager: Mounting plugin GameplayTagsEditor
LogPluginManager: Mounting plugin MacGraphicsSwitching
LogPluginManager: Mounting plugin MeshEditor
LogPluginManager: Mounting plugin MobileLauncherProfileWizard
LogPluginManager: Mounting plugin PluginBrowser
LogPluginManager: Mounting plugin SpeedTreeImporter
LogPluginManager: Mounting plugin DatasmithContent
LogPluginManager: Mounting plugin AlembicImporter
LogPluginManager: Mounting plugin AppleImageUtils
LogPluginManager: Mounting plugin AppleVision
LogPluginManager: Mounting plugin BackChannel
LogPluginManager: Mounting plugin CharacterAI
LogPluginManager: Mounting plugin GeometryCache
LogPluginManager: Mounting plugin HTML5Networking
LogPluginManager: Mounting plugin ProxyLODPlugin
LogPluginManager: Mounting plugin MagicLeap
LogPluginManager: Mounting plugin MagicLeapEmulator
LogPluginManager: Mounting plugin MagicLeapMedia
LogPluginManager: Mounting plugin AndroidMedia
LogPluginManager: Mounting plugin AvfMedia
LogPluginManager: Mounting plugin ImgMedia
LogPluginManager: Mounting plugin LinearTimecode
LogPluginManager: Mounting plugin MediaCompositing
LogPluginManager: Mounting plugin MediaPlayerEditor
LogPluginManager: Mounting plugin WmfMedia
LogPluginManager: Mounting plugin TcpMessaging
LogPluginManager: Mounting plugin UdpMessaging
LogPluginManager: Mounting plugin ActorSequence
LogPluginManager: Mounting plugin LevelSequenceEditor
LogPluginManager: Mounting plugin MatineeToLevelSequence
LogPluginManager: Mounting plugin NetcodeUnitTest
LogPluginManager: Mounting plugin NUTUnrealEngine4
LogPluginManager: Mounting plugin OnlineSubsystemGooglePlay
LogPluginManager: Mounting plugin OnlineSubsystemIOS
LogPluginManager: Mounting plugin OnlineSubsystem
LogPluginManager: Mounting plugin OnlineSubsystemNull
LogPluginManager: Mounting plugin OnlineSubsystemUtils
LogPluginManager: Mounting plugin LauncherChunkInstaller
LogPluginManager: Mounting plugin AndroidDeviceProfileSelector
LogPluginManager: Mounting plugin AndroidMoviePlayer
LogPluginManager: Mounting plugin AndroidPermission
LogPluginManager: Mounting plugin AppleMoviePlayer
LogPluginManager: Mounting plugin ArchVisCharacter
LogPluginManager: Mounting plugin AudioCapture
LogPluginManager: Mounting plugin CableComponent
LogPluginManager: Mounting plugin CustomMeshComponent
LogPluginManager: Mounting plugin EditableMesh
LogPluginManager: Mounting plugin ExampleDeviceProfileSelector
LogPluginManager: Mounting plugin GoogleCloudMessaging
LogPluginManager: Mounting plugin ImmediatePhysics
LogPluginManager: Mounting plugin IOSDeviceProfileSelector
LogPluginManager: Mounting plugin LinuxDeviceProfileSelector
LogPluginManager: Mounting plugin LocationServicesBPLibrary
LogPluginManager: Mounting plugin MobilePatchingUtils
LogPluginManager: Mounting plugin OculusVR
LogPluginManager: Plugin shader directory ../../../Engine/Plugins/Runtime/Oculus/OculusVR/Shaders found
LogPluginManager: Mapping shader source directory ../../../Engine/Plugins/Runtime/Oculus/OculusVR/Shaders to virtual directory /Plugin/OculusVR
LogPluginManager: Mounting plugin PhysXVehicles
LogPluginManager: Mounting plugin ProceduralMeshComponent
LogPluginManager: Mounting plugin RuntimePhysXCooking
LogPluginManager: Mounting plugin SteamVR
LogPluginManager: Mounting plugin WindowsMoviePlayer
LogPluginManager: Mounting plugin DatasmithCADImporter
LogPluginManager: Mounting plugin DatasmithFBXImporter
LogPluginManager: Mounting plugin DatasmithImporter
LogPluginManager: Mounting plugin DatasmithMDLImporter
LogPluginManager: Mounting plugin StaticMeshEditorExtension
LogStreaming: Display: Took  0.249s to configure plugins.
LogInit: Using libcurl 7.55.1-DEV
LogInit:  - built for x86_64-pc-win32
LogInit:  - supports SSL with OpenSSL/1.0.2h
LogInit:  - supports HTTP deflate (compression) using libz 1.2.8
LogInit:  - other features:
LogInit:      CURL_VERSION_SSL
LogInit:      CURL_VERSION_LIBZ
LogInit:      CURL_VERSION_IPV6
LogInit:      CURL_VERSION_ASYNCHDNS
LogInit:      CURL_VERSION_LARGEFILE
LogInit:      CURL_VERSION_IDN
LogInit:  CurlRequestOptions (configurable via config and command line):
LogInit:  - bVerifyPeer = false  - Libcurl will NOT verify peer certificate
LogInit:  - bUseHttpProxy = false  - Libcurl will NOT use HTTP proxy
LogInit:  - bDontReuseConnections = false  - Libcurl will reuse connections
LogInit:  - CertBundlePath = nullptr  - Libcurl will use whatever was configured at build time.
LogInit:  - MaxHostConnections = 16  - Libcurl will limit the number of connections to a host
LogInit:  - LocalHostAddr = Default
LogInit:  - BufferSize = 65536
LogInit: WinSock: version 1.1 (2.2), MaxSocks=32767, MaxUdp=65467
LogInit: Build: ++UE4+Release-4.20-CL-4369336
LogInit: Engine Version: 4.20.3-4369336+++UE4+Release-4.20
LogInit: Compatible Engine Version: 4.20.0-4212847+++UE4+Release-4.20
LogInit: Net CL: 4212847
LogInit: OS: Windows 10 (), CPU: Intel(R) Core(TM) i7-7700HQ CPU @ 2.80GHz, GPU: Intel(R) HD Graphics 630
LogInit: Compiled (64-bit): Sep 17 2018 12:26:19
LogInit: Compiled with Visual C++: 19.13.26129.00
LogInit: Build Configuration: Development
LogInit: Branch Name: ++UE4+Release-4.20
LogInit: Command Line: 
LogInit: Base Directory: D:/Unreal Engine 4/UE_4.20/Engine/Binaries/Win64/
LogInit: Installed Engine Build: 1
LogDevObjectVersion: Number of dev versions registered: 20
LogDevObjectVersion:   Dev-Blueprints (B0D832E4-1F89-4F0D-ACCF-7EB736FD4AA2): 10
LogDevObjectVersion:   Dev-Build (E1C64328-A22C-4D53-A36C-8E866417BD8C): 0
LogDevObjectVersion:   Dev-Core (375EC13C-06E4-48FB-B500-84F0262A717E): 2
LogDevObjectVersion:   Dev-Editor (E4B068ED-F494-42E9-A231-DA0B2E46BB41): 24
LogDevObjectVersion:   Dev-Framework (CFFC743F-43B0-4480-9391-14DF171D2073): 34
LogDevObjectVersion:   Dev-Mobile (B02B49B5-BB20-44E9-A304-32B752E40360): 2
LogDevObjectVersion:   Dev-Networking (A4E4105C-59A1-49B5-A7C5-40C4547EDFEE): 0
LogDevObjectVersion:   Dev-Online (39C831C9-5AE6-47DC-9A44-9C173E1C8E7C): 0
LogDevObjectVersion:   Dev-Physics (78F01B33-EBEA-4F98-B9B4-84EACCB95AA2): 0
LogDevObjectVersion:   Dev-Platform (6631380F-2D4D-43E0-8009-CF276956A95A): 0
LogDevObjectVersion:   Dev-Rendering (12F88B9F-8875-4AFC-A67C-D90C383ABD29): 26
LogDevObjectVersion:   Dev-Sequencer (7B5AE74C-D270-4C10-A958-57980B212A5A): 9
LogDevObjectVersion:   Dev-VR (D7296918-1DD6-4BDD-9DE2-64A83CC13884): 2
LogDevObjectVersion:   Dev-LoadTimes (C2A15278-BFE7-4AFE-6C17-90FF531DF755): 1
LogDevObjectVersion:   Private-Geometry (6EACA3D4-40EC-4CC1-B786-8BED09428FC5): 3
LogDevObjectVersion:   Dev-AnimPhys (29E575DD-E0A3-4627-9D10-D276232CDCEA): 17
LogDevObjectVersion:   Dev-ReflectionCapture (6B266CEC-1EC7-4B8F-A30B-E4D90942FC07): 1
LogDevObjectVersion:   Dev-Automation (0DF73D61-A23F-47EA-B727-89E90C41499A): 1
LogDevObjectVersion:   FortniteMain (601D1886-AC64-4F84-AA16-D3DE0DEAC7D6): 12
LogDevObjectVersion:   Dev-Enterprise (9DFFBCD6-494F-0158-E221-12823C92A888): 1
LogStreaming: Display: Took  0.002s to delete old logs.
LogInit: Presizing for max 8388607 objects, including 0 objects not considered by GC, pre-allocating 0 bytes for permanent pool.
LogInit: Object subsystem initialized
[2018.11.16-13.44.16:095][  0]LogInit: Selected Device Profile: [Windows]
[2018.11.16-13.44.16:095][  0]LogInit: Applying CVar settings loaded from the selected device profile: [Windows]
[2018.11.16-13.44.16:132][  0]LogHAL: Display: Platform has ~ 16 GB [17059442688 / 17179869184 / 16], which maps to Larger [LargestMinGB=32, LargerMinGB=12, DefaultMinGB=8, SmallerMinGB=6, SmallestMinGB=0)
[2018.11.16-13.44.16:132][  0]LogInit: Setting Device Profile CVar: [[r.Vulkan.UseRealUBs:1]]
[2018.11.16-13.44.16:132][  0]LogInit: Going up to parent DeviceProfile []
[2018.11.16-13.44.16:132][  0]LogInit: Computer: MSI
[2018.11.16-13.44.16:132][  0]LogInit: User: Killian
[2018.11.16-13.44.16:132][  0]LogInit: CPU Page size=4096, Cores=4
[2018.11.16-13.44.16:132][  0]LogInit: High frequency timer resolution =2.742191 MHz
[2018.11.16-13.44.16:132][  0]LogMemory: Memory total: Physical=15.9GB (16GB approx)
[2018.11.16-13.44.16:132][  0]LogMemory: Platform Memory Stats for Windows
[2018.11.16-13.44.16:132][  0]LogMemory: Process Physical Memory: 100.26 MB used, 100.26 MB peak
[2018.11.16-13.44.16:132][  0]LogMemory: Process Virtual Memory: 91.05 MB used, 91.05 MB peak
[2018.11.16-13.44.16:132][  0]LogMemory: Physical Memory: 5691.54 MB used,  10577.61 MB free, 16269.15 MB total
[2018.11.16-13.44.16:132][  0]LogMemory: Virtual Memory: 4644.85 MB used,  10577.61 MB free, 134217728.00 MB total
[2018.11.16-13.44.16:152][  0]LogInit: Using OS detected language (fr-FR).
[2018.11.16-13.44.16:152][  0]LogInit: Using OS detected locale (fr-FR).
[2018.11.16-13.44.16:153][  0]LogTextLocalizationManager: No specific localization for 'fr-FR' exists, so the 'fr' localization will be used.
[2018.11.16-13.44.16:154][  0]LogStreaming: Display: Took  0.002s to InitEngineTextLocalization.
[2018.11.16-13.44.16:154][  0]LogInit: Setting process to per monitor DPI aware
[2018.11.16-13.44.16:227][  0]LogSlate: New Slate User Created.  User Index 0, Is Virtual User: 0
[2018.11.16-13.44.16:227][  0]LogSlate: Slate User Registered.  User Index 0, Is Virtual User: 0
[2018.11.16-13.44.16:420][  0]LogHMD: Failed to initialize OpenVR with code 126
[2018.11.16-13.44.16:420][  0]LogD3D11RHI: D3D11 adapters:
[2018.11.16-13.44.16:497][  0]LogD3D11RHI:    0. 'NVIDIA GeForce GTX 1060' (Feature Level 11_0)
[2018.11.16-13.44.16:497][  0]LogD3D11RHI:       2987/0/8134 MB DedicatedVideo/DedicatedSystem/SharedSystem, Outputs:1, VendorId:0x10de
[2018.11.16-13.44.16:507][  0]LogD3D11RHI:    1. 'Intel(R) HD Graphics 630' (Feature Level 11_0)
[2018.11.16-13.44.16:507][  0]LogD3D11RHI:       128/0/8134 MB DedicatedVideo/DedicatedSystem/SharedSystem, Outputs:0, VendorId:0x8086
[2018.11.16-13.44.16:509][  0]LogD3D11RHI:    2. 'Microsoft Basic Render Driver' (Feature Level 11_0)
[2018.11.16-13.44.16:509][  0]LogD3D11RHI:       0/0/8134 MB DedicatedVideo/DedicatedSystem/SharedSystem, Outputs:0, VendorId:0x1414
[2018.11.16-13.44.16:509][  0]LogD3D11RHI: Chosen D3D11 Adapter: 0
[2018.11.16-13.44.16:528][  0]LogD3D11RHI: Creating new Direct3DDevice
[2018.11.16-13.44.16:528][  0]LogD3D11RHI:     GPU DeviceId: 0x1c20 (for the marketing name, search the web for "GPU Device Id")
[2018.11.16-13.44.16:528][  0]LogWindows: EnumDisplayDevices:
[2018.11.16-13.44.16:528][  0]LogWindows:    0. 'Intel(R) HD Graphics 630' (P:1 D:1)
[2018.11.16-13.44.16:528][  0]LogWindows:    1. 'Intel(R) HD Graphics 630' (P:0 D:0)
[2018.11.16-13.44.16:529][  0]LogWindows:    2. 'Intel(R) HD Graphics 630' (P:0 D:0)
[2018.11.16-13.44.16:529][  0]LogWindows:    3. 'NVIDIA GeForce GTX 1060' (P:0 D:0)
[2018.11.16-13.44.16:529][  0]LogWindows:    4. 'NVIDIA GeForce GTX 1060' (P:0 D:0)
[2018.11.16-13.44.16:529][  0]LogWindows:    5. 'NVIDIA GeForce GTX 1060' (P:0 D:0)
[2018.11.16-13.44.16:529][  0]LogWindows:    6. 'NVIDIA GeForce GTX 1060' (P:0 D:0)
[2018.11.16-13.44.16:529][  0]LogWindows: DebugString: PrimaryIsNotTheChoosenAdapter PrimaryIsNotTheChoosenAdapter PrimaryIsNotTheChoosenAdapter FoundDriverCount:4 
[2018.11.16-13.44.16:529][  0]LogD3D11RHI:     Adapter Name: NVIDIA GeForce GTX 1060
[2018.11.16-13.44.16:529][  0]LogD3D11RHI:   Driver Version: 399.01 (internal:24.21.13.9901, unified:399.01)
[2018.11.16-13.44.16:529][  0]LogD3D11RHI:      Driver Date: 8-13-2018
[2018.11.16-13.44.16:529][  0]LogRHI: Texture pool is 2090 MB (70% of 2987 MB)
[2018.11.16-13.44.16:566][  0]LogD3D11RHI: Async texture creation enabled
[2018.11.16-13.44.16:583][  0]LogD3D11RHI: GPU Timing Frequency: 1000.000000 (Debug: 2 2)
[2018.11.16-13.44.16:584][  0]LogShaderCompilers: Guid format shader working directory is -20 characters bigger than the processId version (../../../../../E-artsup/B2/Unreal/PiscineUnreal/PiscnieUnreal/Donjon/Intermediate/Shaders/WorkingDirectory/4128/).
[2018.11.16-13.44.16:584][  0]LogShaderCompilers: Cleaned the shader compiler working directory 'C:/Users/Killian/AppData/Local/Temp/UnrealShaderWorkingDir/22535822490EDA419D8B429B3B2FAA0E/'.
[2018.11.16-13.44.16:824][  0]LogTemp: Display: Loaded TP AllDesktopTargetPlatform
[2018.11.16-13.44.16:837][  0]LogTemp: Display: Loaded TP MacClientTargetPlatform
[2018.11.16-13.44.16:849][  0]LogTemp: Display: Loaded TP MacNoEditorTargetPlatform
[2018.11.16-13.44.16:864][  0]LogTemp: Display: Loaded TP MacServerTargetPlatform
[2018.11.16-13.44.16:876][  0]LogTemp: Display: Loaded TP MacTargetPlatform
[2018.11.16-13.44.16:888][  0]LogTemp: Display: Loaded TP WindowsClientTargetPlatform
[2018.11.16-13.44.16:900][  0]LogTemp: Display: Loaded TP WindowsNoEditorTargetPlatform
[2018.11.16-13.44.16:912][  0]LogTemp: Display: Loaded TP WindowsServerTargetPlatform
[2018.11.16-13.44.16:918][  0]LogTemp: Display: Loaded TP WindowsTargetPlatform
[2018.11.16-13.44.17:001][  0]LogTemp: Display: Loaded TP AndroidTargetPlatform
[2018.11.16-13.44.17:001][  0]LogTemp: Display: Loaded TP AndroidTargetPlatform
[2018.11.16-13.44.17:001][  0]LogTemp: Display: Loaded TP AndroidTargetPlatform
[2018.11.16-13.44.17:001][  0]LogTemp: Display: Loaded TP AndroidTargetPlatform
[2018.11.16-13.44.17:001][  0]LogTemp: Display: Loaded TP AndroidTargetPlatform
[2018.11.16-13.44.17:001][  0]LogTemp: Display: Loaded TP AndroidTargetPlatform
[2018.11.16-13.44.17:001][  0]LogTemp: Display: Loaded TP AndroidTargetPlatform
[2018.11.16-13.44.17:001][  0]LogTemp: Display: Loaded TP AndroidTargetPlatform
[2018.11.16-13.44.17:001][  0]LogTemp: Display: Loaded TP AndroidTargetPlatform
[2018.11.16-13.44.17:001][  0]LogTemp: Display: Loaded TP AndroidTargetPlatform
[2018.11.16-13.44.17:001][  0]LogTemp: Display: Loaded TP AndroidTargetPlatform
[2018.11.16-13.44.17:001][  0]LogTemp: Display: Loaded TP AndroidTargetPlatform
[2018.11.16-13.44.17:001][  0]LogTemp: Display: Loaded TP AndroidTargetPlatform
[2018.11.16-13.44.17:001][  0]LogTemp: Display: Loaded TP AndroidTargetPlatform
[2018.11.16-13.44.17:001][  0]LogTemp: Display: Loaded TP AndroidTargetPlatform
[2018.11.16-13.44.17:001][  0]LogTemp: Display: Loaded TP AndroidTargetPlatform
[2018.11.16-13.44.17:001][  0]LogTemp: Display: Loaded TP AndroidTargetPlatform
[2018.11.16-13.44.17:001][  0]LogTemp: Display: Loaded TP AndroidTargetPlatform
[2018.11.16-13.44.17:002][  0]LogTemp: Display: Loaded TP HTML5TargetPlatform
[2018.11.16-13.44.17:061][  0]LogTemp: Display: Loaded TP IOSTargetPlatform
[2018.11.16-13.44.17:061][  0]LogTemp: Display: Loaded TP IOSTargetPlatform
[2018.11.16-13.44.17:082][  0]LogTemp: Display: Loaded TP TVOSTargetPlatform
[2018.11.16-13.44.17:082][  0]LogTemp: Display: Loaded TP TVOSTargetPlatform
[2018.11.16-13.44.17:094][  0]LogTemp: Display: Loaded TP LinuxClientTargetPlatform
[2018.11.16-13.44.17:109][  0]LogTemp: Display: Loaded TP LinuxNoEditorTargetPlatform
[2018.11.16-13.44.17:121][  0]LogTemp: Display: Loaded TP LinuxServerTargetPlatform
[2018.11.16-13.44.17:133][  0]LogTemp: Display: Loaded TP LinuxTargetPlatform
[2018.11.16-13.44.17:141][  0]LogTemp: Display: Loaded TP LuminTargetPlatform
[2018.11.16-13.44.17:141][  0]LogTargetPlatformManager: Display: Building Assets For Windows
[2018.11.16-13.44.17:183][  0]LogXGEController: Cannot use XGE Controller as Incredibuild is not installed on this machine.
[2018.11.16-13.44.17:183][  0]LogShaderCompilers: Cannot use XGE Shader Compiler as Incredibuild is not installed on this machine.
[2018.11.16-13.44.17:183][  0]LogShaderCompilers: Display: Using Local Shader Compiler.
[2018.11.16-13.44.17:818][  0]LogDerivedDataCache: Display: Max Cache Size: 512 MB
[2018.11.16-13.44.17:868][  0]LogDerivedDataCache: Loaded boot cache 0.05s 72MB C:/Users/Killian/AppData/Local/UnrealEngine/4.20/DerivedDataCache/Boot.ddc.
[2018.11.16-13.44.17:868][  0]LogDerivedDataCache: Display: Loaded Boot cache: C:/Users/Killian/AppData/Local/UnrealEngine/4.20/DerivedDataCache/Boot.ddc
[2018.11.16-13.44.17:868][  0]LogDerivedDataCache: FDerivedDataBackendGraph:  Pak pak cache file ../../../../../E-artsup/B2/Unreal/PiscineUnreal/PiscnieUnreal/Donjon/DerivedDataCache/DDC.ddp not found, will not use a pak cache.
[2018.11.16-13.44.17:869][  0]LogDerivedDataCache: Unable to find inner node Pak for hierarchical cache Hierarchy.
[2018.11.16-13.44.17:869][  0]LogDerivedDataCache: FDerivedDataBackendGraph:  CompressedPak pak cache file ../../../../../E-artsup/B2/Unreal/PiscineUnreal/PiscnieUnreal/Donjon/DerivedDataCache/Compressed.ddp not found, will not use a pak cache.
[2018.11.16-13.44.17:869][  0]LogDerivedDataCache: Unable to find inner node CompressedPak for hierarchical cache Hierarchy.
[2018.11.16-13.44.17:881][  0]LogDerivedDataCache: Display: Pak cache opened for reading ../../../Engine/DerivedDataCache/Compressed.ddp.
[2018.11.16-13.44.17:894][  0]LogDerivedDataCache: Using Local data cache path C:/Users/Killian/AppData/Local/UnrealEngine/Common/DerivedDataCache: Writable
[2018.11.16-13.44.17:894][  0]LogDerivedDataCache: Shared data cache path not found in *engine.ini, will not use an Shared cache.
[2018.11.16-13.44.17:894][  0]LogDerivedDataCache: Unable to find inner node Shared for hierarchical cache Hierarchy.
[2018.11.16-13.44.17:911][  0]LogMaterial: Verifying Global Shaders for PCD3D_SM5
[2018.11.16-13.44.17:912][  0]LogSlate: Using FreeType 2.6.0
[2018.11.16-13.44.17:912][  0]LogSlate: SlateFontServices - WITH_FREETYPE: 1, WITH_HARFBUZZ: 1
[2018.11.16-13.44.17:986][  0]LogAssetRegistry: FAssetRegistry took 0.0254 seconds to start up
[2018.11.16-13.44.18:269][  0]LogInit: Selected Device Profile: [Windows]
[2018.11.16-13.44.18:316][  0]LogSimplygon: Simplygon DLL not present - disabling.
[2018.11.16-13.44.18:319][  0]LogMeshReduction: Using SimplygonSwarm for distributed automatic mesh merging
[2018.11.16-13.44.18:320][  0]LogMeshReduction: Using ProxyLODMeshReduction for automatic mesh merging
[2018.11.16-13.44.18:320][  0]LogMeshReduction: Using QuadricMeshReduction for automatic static mesh reduction
[2018.11.16-13.44.18:320][  0]LogMeshReduction: No automatic skeletal mesh reduction module available
[2018.11.16-13.44.18:417][  0]LogNetVersion: Donjon 1.0.0, NetCL: 4212847, EngineNetVer: 5, GameNetVer: 0 (Checksum: 914305754)
[2018.11.16-13.44.19:041][  0]LogPackageLocalizationCache: Processed 13 localized package path(s) for 2 prioritized culture(s) in 0.168870 seconds
[2018.11.16-13.44.19:047][  0]LogUObjectArray: 38425 objects as part of root set at end of initial load.
[2018.11.16-13.44.19:047][  0]LogUObjectAllocator: 6690872 out of 0 bytes used by permanent object pool.
[2018.11.16-13.44.19:047][  0]LogUObjectArray: CloseDisregardForGC: 0/0 objects in disregard for GC pool
[2018.11.16-13.44.19:846][  0]LogTcpMessaging: Initializing TcpMessaging bridge
[2018.11.16-13.44.19:859][  0]LogUdpMessaging: Initializing bridge on interface 0.0.0.0:0 to multicast group 230.0.0.1:6666.
[2018.11.16-13.44.19:991][  0]SourceControl: Source control is disabled
[2018.11.16-13.44.19:991][  0]SourceControl: Source control is disabled
[2018.11.16-13.44.19:993][  0]SourceControl: Source control is disabled
[2018.11.16-13.44.19:993][  0]SourceControl: Source control is disabled
[2018.11.16-13.44.20:210][  0]LogAndroidPermission: UAndroidPermissionCallbackProxy::GetInstance
[2018.11.16-13.44.20:246][  0]LogOcInput: OculusInput pre-init called
[2018.11.16-13.44.25:509][  0]LogEngine: Initializing Engine...
[2018.11.16-13.44.25:535][  0]LogHMD: Failed to initialize OpenVR with code 126
[2018.11.16-13.44.25:536][  0]LogStats: UGameplayTagsManager::ConstructGameplayTagTree: ImportINI prefixes -  0.000 s
[2018.11.16-13.44.25:536][  0]LogStats: UGameplayTagsManager::ConstructGameplayTagTree: Construct from data asset -  0.000 s
[2018.11.16-13.44.25:536][  0]LogStats: UGameplayTagsManager::ConstructGameplayTagTree: ImportINI -  0.000 s
[2018.11.16-13.44.25:536][  0]LogStats: UGameplayTagsManager::ConstructGameplayTagTree: GameplayTagTreeChangedEvent.Broadcast -  0.000 s
[2018.11.16-13.44.25:748][  0]LogInit: Initializing FReadOnlyCVARCache
[2018.11.16-13.44.25:757][  0]LogAIModule: Creating AISystem for world Untitled
[2018.11.16-13.44.25:762][  0]LogInit: XAudio2 using 'Speakers (Realtek High Definition Audio)' : 2 channels at 48 kHz using 32 bits per sample (channel mask 0x3)
[2018.11.16-13.44.25:851][  0]LogInit: FAudioDevice initialized.
[2018.11.16-13.44.25:851][  0]LogNetVersion: Set ProjectVersion to 1.0.0.0. Version Checksum will be recalculated on next use.
[2018.11.16-13.44.25:951][  0]LogDerivedDataCache: Saved boot cache 0.10s 72MB C:/Users/Killian/AppData/Local/UnrealEngine/4.20/DerivedDataCache/Boot.ddc.
[2018.11.16-13.44.25:964][  0]LogInit: Texture streaming: Enabled
[2018.11.16-13.44.25:975][  0]LogEngineSessionManager: EngineSessionManager initialized
[2018.11.16-13.44.25:987][  0]LogInit: Transaction tracking system initialized
[2018.11.16-13.44.26:000][  0]BlueprintLog: New page: Editor Load
[2018.11.16-13.44.26:052][  0]LocalizationService: Localization service is disabled
[2018.11.16-13.44.26:103][  0]LogLinker: Warning: Can't find file '/Game/ThirdPersonBP/ThirdPersonOverview'
[2018.11.16-13.44.26:103][  0]LogLinker: Warning: Can't find file '/Game/ThirdPersonBP/ThirdPersonOverview'
[2018.11.16-13.44.26:103][  0]LogUObjectGlobals: Warning: Failed to find object 'Class /Game/ThirdPersonBP/ThirdPersonOverview.ThirdPersonOverview_C'
[2018.11.16-13.44.26:344][  0]LogCook: Display: Max memory allowance for cook 16384mb min free memory 0mb
[2018.11.16-13.44.26:344][  0]LogCook: Display: Mobile HDR setting 1
[2018.11.16-13.44.26:344][  0]LogGameplayTags: Display: UGameplayTagsManager::DoneAddingNativeTags. DelegateIsBound: 0
[2018.11.16-13.44.26:344][  0]LogStats: UGameplayTagsManager::ConstructGameplayTagTree: ImportINI prefixes -  0.000 s
[2018.11.16-13.44.26:344][  0]LogStats: UGameplayTagsManager::ConstructGameplayTagTree: Construct from data asset -  0.000 s
[2018.11.16-13.44.26:344][  0]LogStats: UGameplayTagsManager::ConstructGameplayTagTree: ImportINI -  0.000 s
[2018.11.16-13.44.26:344][  0]LogStats: UGameplayTagsManager::ConstructGameplayTagTree: GameplayTagTreeChangedEvent.Broadcast -  0.000 s
[2018.11.16-13.44.26:942][  0]LogFileCache: Scanning file cache for directory 'D:/E-artsup/B2/Unreal/PiscineUnreal/PiscnieUnreal/Donjon/Content/' took 0.03s
[2018.11.16-13.44.28:445][  0]SourceControl: Source control is disabled
[2018.11.16-13.44.28:445][  0]Cmd: MAP LOAD FILE="../../../../../E-artsup/B2/Unreal/PiscineUnreal/PiscnieUnreal/Donjon/Content/FirstPersonBP/Maps/FirstPersonExampleMap.umap" TEMPLATE=0 SHOWPROGRESS=1 FEATURELEVEL=3
[2018.11.16-13.44.28:508][  0]LightingResults: New page: Lighting Build
[2018.11.16-13.44.28:510][  0]MapCheck: New page: Map Check
[2018.11.16-13.44.28:510][  0]LightingResults: New page: Lighting Build
[2018.11.16-13.44.34:020][  0]LogAIModule: Creating AISystem for world FirstPersonExampleMap
[2018.11.16-13.44.34:056][  0]LogEditorServer: Finished looking for orphan Actors (0.000 secs)
[2018.11.16-13.44.34:081][  0]Cmd: MAP CHECKDEP NOCLEARLOG
[2018.11.16-13.44.34:143][  0]MapCheck: Map check complete: 0 Error(s), 0 Warning(s), took 61,66ms to complete.
[2018.11.16-13.44.34:143][  0]LogFileHelpers: Loading map 'FirstPersonExampleMap' took 5.698
[2018.11.16-13.44.34:365][  0]LogSlate: Updating window title bar state: overlay mode, drag disabled, window buttons hidden, title bar hidden
[2018.11.16-13.44.34:372][  0]LogSlate: Updating window title bar state: overlay mode, drag disabled, window buttons hidden, title bar hidden
[2018.11.16-13.44.34:379][  0]LogSlate: Updating window title bar state: overlay mode, drag disabled, window buttons hidden, title bar hidden
[2018.11.16-13.44.34:386][  0]LogSlate: Updating window title bar state: overlay mode, drag disabled, window buttons hidden, title bar hidden
[2018.11.16-13.44.34:403][  0]LogCollectionManager: Loaded 0 collections in 0.008160 seconds
[2018.11.16-13.44.34:444][  0]LogFileCache: Scanning file cache for directory 'D:/E-artsup/B2/Unreal/PiscineUnreal/PiscnieUnreal/Donjon/Saved/Collections/' took 0.01s
[2018.11.16-13.44.34:444][  0]LogFileCache: Scanning file cache for directory 'D:/E-artsup/B2/Unreal/PiscineUnreal/PiscnieUnreal/Donjon/Content/Developers/Killian/Collections/' took 0.01s
[2018.11.16-13.44.34:444][  0]LogFileCache: Scanning file cache for directory 'D:/E-artsup/B2/Unreal/PiscineUnreal/PiscnieUnreal/Donjon/Content/Collections/' took 0.01s
[2018.11.16-13.44.34:444][  0]LogCollectionManager: Rebuilt the GUID cache for 0 collections in 0.000000 seconds
[2018.11.16-13.44.34:454][  0]LogContentBrowser: Native class hierarchy populated in 0.0095 seconds. Added 2621 classes and 629 folders.
[2018.11.16-13.44.34:460][  0]LogContentBrowser: Native class hierarchy updated for 'WidgetCarousel' in 0.0002 seconds. Added 0 classes and 0 folders.
[2018.11.16-13.44.35:251][  0]LogContentBrowser: Native class hierarchy updated for 'AddContentDialog' in 0.0003 seconds. Added 0 classes and 0 folders.
[2018.11.16-13.44.35:297][  0]LogContentBrowser: Native class hierarchy updated for 'SceneOutliner' in 0.0003 seconds. Added 1 classes and 2 folders.
[2018.11.16-13.44.35:330][  0]LogSlate: Took 0.000210 seconds to synchronously load lazily loaded font '../../../Engine/Content/Slate/Fonts/Roboto-Regular.ttf' (155K)
[2018.11.16-13.44.35:332][  0]LogSlate: Took 0.000152 seconds to synchronously load lazily loaded font '../../../Engine/Content/Slate/Fonts/Roboto-Bold.ttf' (160K)
[2018.11.16-13.44.35:380][  0]LogSlate: Took 0.027906 seconds to synchronously load lazily loaded font '../../../Engine/Content/Editor/Slate/Fonts/FontAwesome.ttf' (139K)
[2018.11.16-13.44.35:631][  0]LogRenderer: Reallocating scene render targets to support 936x480 Format 10 NumSamples 1 (Frame:1).
[2018.11.16-13.44.35:773][  0]LogContentBrowser: Native class hierarchy updated for 'HierarchicalLODOutliner' in 0.0003 seconds. Added 0 classes and 0 folders.
[2018.11.16-13.44.35:773][  0]LogLoad: (Engine Initialization) Total time: 21.98 seconds
[2018.11.16-13.44.35:773][  0]LogLoad: (Engine Initialization) Total Blueprint compile time: 0.00 seconds
[2018.11.16-13.44.35:791][  0]LogWindowsTextInputMethodSystem: Display: IME system now deactivated.
[2018.11.16-13.44.35:811][  0]LogContentStreaming: Texture pool size now 1000 MB
[2018.11.16-13.44.35:932][  0]LogSlate: Took 0.019671 seconds to synchronously load lazily loaded font '../../../Engine/Content/Slate/Fonts/Roboto-Light.ttf' (167K)
[2018.11.16-13.44.35:972][  1]LogAssetRegistry: Asset discovery search completed in 18.0082 seconds
[2018.11.16-13.44.35:974][  1]LogCollectionManager: Rebuilt the object cache for 0 collections in 0.000000 seconds (found 0 objects)
[2018.11.16-13.44.35:974][  1]LogCollectionManager: Fixed up redirectors for 0 collections in 0.000040 seconds (updated 0 objects)
[2018.11.16-13.45.04:205][686]LogSlate: FSceneViewport::OnFocusLost() reason 0
[2018.11.16-13.46.03:912][851]LogSlate: Took 0.000249 seconds to synchronously load lazily loaded font '../../../Engine/Content/Slate/Fonts/Roboto-Light.ttf' (167K)
[2018.11.16-13.46.07:848][851]LogAIModule: Creating AISystem for world Collecting_Level
[2018.11.16-13.46.07:870][851]LogAssetEditorManager: Opening Asset editor for World /Game/FirstPersonBP/Maps/Collecting_Level.Collecting_Level
[2018.11.16-13.46.07:899][851]Cmd: MAP LOAD FILE="../../../../../E-artsup/B2/Unreal/PiscineUnreal/PiscnieUnreal/Donjon/Content/FirstPersonBP/Maps/Collecting_Level.umap" TEMPLATE=0 SHOWPROGRESS=1 FEATURELEVEL=3
[2018.11.16-13.46.07:899][851]LightingResults: New page: Lighting Build
[2018.11.16-13.46.07:899][851]LoadErrors: New page: Loading map: Collecting_Level.umap
[2018.11.16-13.46.07:900][851]MapCheck: New page: Map Check
[2018.11.16-13.46.07:900][851]LightingResults: New page: Lighting Build
[2018.11.16-13.46.07:977][851]LogEditorServer: Finished looking for orphan Actors (0.000 secs)
[2018.11.16-13.46.08:026][851]Cmd: MAP CHECKDEP NOCLEARLOG
[2018.11.16-13.46.08:085][851]MapCheck: Map check complete: 0 Error(s), 0 Warning(s), took 58,95ms to complete.
[2018.11.16-13.46.08:086][851]LogFileHelpers: Loading map 'Collecting_Level' took 0.189
[2018.11.16-13.46.10:922][ 12]LogTemp: Repeating last play command: Selected Viewport
[2018.11.16-13.46.10:939][ 12]LogBlueprintUserMessages: Early PlayInEditor Detection: Level '/Game/FirstPersonBP/Maps/Collecting_Level.Collecting_Level:PersistentLevel' has LevelScriptBlueprint '/Game/FirstPersonBP/Maps/Collecting_Level.Collecting_Level:PersistentLevel.Collecting_Level' with GeneratedClass '/Game/FirstPersonBP/Maps/Collecting_Level.Collecting_Level_C' with ClassGeneratedBy '/Game/FirstPersonBP/Maps/Collecting_Level.Collecting_Level:PersistentLevel.Collecting_Level'
[2018.11.16-13.46.10:939][ 12]LogPlayLevel: PlayLevel: No blueprints needed recompiling
[2018.11.16-13.46.10:951][ 12]PIE: New page: PIE session: Collecting_Level (16 nov. 2018 15:46:10)
[2018.11.16-13.46.10:951][ 12]LogPlayLevel: Creating play world package: /Game/FirstPersonBP/Maps/UEDPIE_0_Collecting_Level
[2018.11.16-13.46.10:981][ 12]LogPlayLevel: PIE: StaticDuplicateObject took: (0.029714s)
[2018.11.16-13.46.10:981][ 12]LogAIModule: Creating AISystem for world Collecting_Level
[2018.11.16-13.46.10:982][ 12]LogPlayLevel: PIE: World Init took: (0.000668s)
[2018.11.16-13.46.10:982][ 12]LogPlayLevel: PIE: Created PIE world by copying editor world from /Game/FirstPersonBP/Maps/Collecting_Level.Collecting_Level to /Game/FirstPersonBP/Maps/UEDPIE_0_Collecting_Level.Collecting_Level (0.030549s)
[2018.11.16-13.46.11:007][ 12]LogInit: XAudio2 using 'Speakers (Realtek High Definition Audio)' : 2 channels at 48 kHz using 32 bits per sample (channel mask 0x3)
[2018.11.16-13.46.11:042][ 12]LogInit: FAudioDevice initialized.
[2018.11.16-13.46.11:085][ 12]LogLoad: Game class is 'FirstPersonGameMode_C'
[2018.11.16-13.46.11:126][ 12]LogWorld: Bringing World /Game/FirstPersonBP/Maps/UEDPIE_0_Collecting_Level.Collecting_Level up for play (max tick rate 60) at 2018.11.16-14.46.11
[2018.11.16-13.46.11:160][ 12]LogWorld: Bringing up level for play took: 0.036896
[2018.11.16-13.46.11:176][ 12]LogContentBrowser: Native class hierarchy updated for 'MovieSceneCapture' in 0.0002 seconds. Added 10 classes and 0 folders.
[2018.11.16-13.46.11:177][ 12]PIE: Play in editor start time for /Game/FirstPersonBP/Maps/UEDPIE_0_Collecting_Level 1,16
[2018.11.16-13.46.11:177][ 12]LogBlueprintUserMessages: Late PlayInEditor Detection: Level '/Game/FirstPersonBP/Maps/Collecting_Level.Collecting_Level:PersistentLevel' has LevelScriptBlueprint '/Game/FirstPersonBP/Maps/Collecting_Level.Collecting_Level:PersistentLevel.Collecting_Level' with GeneratedClass '/Game/FirstPersonBP/Maps/Collecting_Level.Collecting_Level_C' with ClassGeneratedBy '/Game/FirstPersonBP/Maps/Collecting_Level.Collecting_Level:PersistentLevel.Collecting_Level'
[2018.11.16-13.48.09:290][ 73]LogBlueprintUserMessages: Early EndPlayMap Detection: Level '/Game/FirstPersonBP/Maps/Collecting_Level.Collecting_Level:PersistentLevel' has LevelScriptBlueprint '/Game/FirstPersonBP/Maps/Collecting_Level.Collecting_Level:PersistentLevel.Collecting_Level' with GeneratedClass '/Game/FirstPersonBP/Maps/Collecting_Level.Collecting_Level_C' with ClassGeneratedBy '/Game/FirstPersonBP/Maps/Collecting_Level.Collecting_Level:PersistentLevel.Collecting_Level'
[2018.11.16-13.48.09:290][ 73]LogSlate: Updating window title bar state: overlay mode, drag disabled, window buttons hidden, title bar hidden
[2018.11.16-13.48.09:327][ 73]LogPlayLevel: Display: Shutting down PIE online subsystems
[2018.11.16-13.48.09:327][ 73]LogBlueprintUserMessages: Late EndPlayMap Detection: Level '/Game/FirstPersonBP/Maps/Collecting_Level.Collecting_Level:PersistentLevel' has LevelScriptBlueprint '/Game/FirstPersonBP/Maps/Collecting_Level.Collecting_Level:PersistentLevel.Collecting_Level' with GeneratedClass '/Game/FirstPersonBP/Maps/Collecting_Level.Collecting_Level_C' with ClassGeneratedBy '/Game/FirstPersonBP/Maps/Collecting_Level.Collecting_Level:PersistentLevel.Collecting_Level'
[2018.11.16-13.48.09:352][ 73]LogSlate: Updating window title bar state: overlay mode, drag disabled, window buttons hidden, title bar hidden
[2018.11.16-13.48.09:400][ 75]LogPlayLevel: Display: Destroying online subsystem :Context_3
[2018.11.16-13.49.26:307][723]LogSlate: FSceneViewport::OnFocusLost() reason 0
[2018.11.16-13.49.31:889][ 57]LogAssetEditorManager: Opening Asset editor for Blueprint /Game/FirstPersonBP/Blueprints/FirstPersonCharacter.FirstPersonCharacter
[2018.11.16-13.49.32:944][ 57]LogContentBrowser: Native class hierarchy updated for 'BlueprintGraph' in 0.0005 seconds. Added 116 classes and 0 folders.
[2018.11.16-13.49.34:123][ 57]LogSlate: Took 0.017322 seconds to synchronously load lazily loaded font '../../../Engine/Content/Slate/Fonts/Roboto-BoldCondensed.ttf' (158K)
[2018.11.16-13.49.34:565][ 58]LogSlate: Took 0.007344 seconds to synchronously load lazily loaded font '../../../Engine/Content/Slate/Fonts/Roboto-Italic.ttf' (157K)
[2018.11.16-13.50.41:389][  0]LogSlate: Window 'FirstPersonCharacter' being destroyed
[2018.11.16-13.50.41:396][  0]LogSlate: Window 'FirstPersonCharacter' being destroyed
[2018.11.16-13.50.44:337][171]LogAssetEditorManager: Opening Asset editor for Blueprint /Game/FirstPersonBP/Blueprints/Interaction_BP.Interaction_BP
[2018.11.16-13.58.02:462][403]LogFileHelpers: Editor autosave (incl. sublevels) for '/Game/FirstPersonBP/Maps/Collecting_Level' took 0.037
[2018.11.16-13.58.02:747][403]OBJ SavePackage: Generating thumbnails for [1] asset(s) in package [/Game/FirstPersonBP/Blueprints/Interaction_BP] ([1] browsable assets)...
[2018.11.16-13.58.02:770][403]OBJ SavePackage:     Rendered thumbnail for [Blueprint /Game/FirstPersonBP/Blueprints/Interaction_BP.Interaction_BP]
[2018.11.16-13.58.02:770][403]OBJ SavePackage: Finished generating thumbnails for package [/Game/FirstPersonBP/Blueprints/Interaction_BP]
[2018.11.16-13.58.03:020][403]LogSavePackage: Moving '../../../../../E-artsup/B2/Unreal/PiscineUnreal/PiscnieUnreal/Donjon/Saved/Interaction_BP_Auto1ED2884CF429863FFF25C309F6B0FB12F.tmp' to '../../../../../E-artsup/B2/Unreal/PiscineUnreal/PiscnieUnreal/Donjon/Saved/Autosaves/Game/FirstPersonBP/Blueprints/Interaction_BP_Auto1.uasset'
[2018.11.16-13.58.03:030][403]LogFileHelpers: Auto-saving content packages took 0.567
[2018.11.16-14.00.52:812][130]LogAssetEditorManager: Opening Asset editor for Blueprint /Game/FirstPersonBP/Blueprints/FirstPersonCharacter.FirstPersonCharacter
[2018.11.16-14.06.06:157][654]LogSlate: Took 0.279431 seconds to synchronously load lazily loaded font '../../../Engine/Content/Slate/Fonts/Roboto-BoldCondensedItalic.ttf' (160K)
[2018.11.16-14.08.09:130][999]BlueprintLog: New page: Compile FirstPersonCharacter
[2018.11.16-14.08.10:506][ 31]LogSavePackage: Moving '../../../../../E-artsup/B2/Unreal/PiscineUnreal/PiscnieUnreal/Donjon/Saved/FirstPersonCharacter353EF7904ED360D0CAD17EB6B985063E.tmp' to '../../../../../E-artsup/B2/Unreal/PiscineUnreal/PiscnieUnreal/Donjon/Content/FirstPersonBP/Blueprints/FirstPersonCharacter.uasset'
[2018.11.16-14.08.35:867][195]LogSavePackage: Moving '../../../../../E-artsup/B2/Unreal/PiscineUnreal/PiscnieUnreal/Donjon/Saved/Collecting_Level_Auto23EBBC74245D8507C60068D82930E1935.tmp' to '../../../../../E-artsup/B2/Unreal/PiscineUnreal/PiscnieUnreal/Donjon/Saved/Autosaves/Game/FirstPersonBP/Maps/Collecting_Level_Auto2.umap'
[2018.11.16-14.08.35:873][195]LogFileHelpers: Editor autosave (incl. sublevels) for '/Game/FirstPersonBP/Maps/Collecting_Level' took 0.506
[2018.11.16-14.08.35:874][195]LogFileHelpers: Editor autosave (incl. sublevels) for all levels took 0.506
[2018.11.16-14.08.35:877][195]OBJ SavePackage: Generating thumbnails for [1] asset(s) in package [/Game/FirstPersonBP/Blueprints/Interaction_BP] ([1] browsable assets)...
[2018.11.16-14.08.35:896][195]OBJ SavePackage:     Rendered thumbnail for [Blueprint /Game/FirstPersonBP/Blueprints/Interaction_BP.Interaction_BP]
[2018.11.16-14.08.35:896][195]OBJ SavePackage: Finished generating thumbnails for package [/Game/FirstPersonBP/Blueprints/Interaction_BP]
[2018.11.16-14.08.35:959][195]LogSavePackage: Moving '../../../../../E-artsup/B2/Unreal/PiscineUnreal/PiscnieUnreal/Donjon/Saved/Interaction_BP_Auto2D2842B8D41D6CC4D8C5CA18870482927.tmp' to '../../../../../E-artsup/B2/Unreal/PiscineUnreal/PiscnieUnreal/Donjon/Saved/Autosaves/Game/FirstPersonBP/Blueprints/Interaction_BP_Auto2.uasset'
[2018.11.16-14.08.35:960][195]LogFileHelpers: Auto-saving content packages took 0.084
[2018.11.16-14.10.15:933][172]BlueprintLog: New page: Compile FirstPersonCharacter
[2018.11.16-14.10.16:024][172]LogBlueprint: Error: [Compiler FirstPersonCharacter] The type of  Target Array  is undetermined.  Connect something to  Add Unique  to imply a specific type.
[2018.11.16-14.10.16:024][172]LogBlueprint: Error: [Compiler FirstPersonCharacter] The type of  New Item  is undetermined.  Connect something to  Add Unique  to imply a specific type.
[2018.11.16-14.10.16:024][172]LogBlueprint: Error: [Compiler FirstPersonCharacter] The type of  Variable  is undetermined.  Connect something to  Add Unique  to imply a specific type.
[2018.11.16-14.10.16:027][172]LogBlueprint: Error: [Compiler FirstPersonCharacter] The current value of the ' Target Array ' pin is invalid: Array inputs (like 'Target Array') must have an input wired into them (try connecting a MakeArray node).
[2018.11.16-14.10.16:214][172]LogBlueprint: Warning: [Compiler FirstPersonCharacter] [1562,42] Compile of FirstPersonCharacter failed. 4 Fatal Issue(s) 0 Warning(s) [in 281 ms] (/Game/FirstPersonBP/Blueprints/FirstPersonCharacter.FirstPersonCharacter)
[2018.11.16-14.18.40:171][767]LogSavePackage: Moving '../../../../../E-artsup/B2/Unreal/PiscineUnreal/PiscnieUnreal/Donjon/Saved/Collecting_Level_Auto375013BA2430BC6317EC841918D224C81.tmp' to '../../../../../E-artsup/B2/Unreal/PiscineUnreal/PiscnieUnreal/Donjon/Saved/Autosaves/Game/FirstPersonBP/Maps/Collecting_Level_Auto3.umap'
[2018.11.16-14.18.40:180][767]LogFileHelpers: Editor autosave (incl. sublevels) for '/Game/FirstPersonBP/Maps/Collecting_Level' took 0.712
[2018.11.16-14.18.40:180][767]LogFileHelpers: Editor autosave (incl. sublevels) for all levels took 0.712
[2018.11.16-14.18.40:184][767]OBJ SavePackage: Generating thumbnails for [1] asset(s) in package [/Game/FirstPersonBP/Blueprints/FirstPersonCharacter] ([1] browsable assets)...
[2018.11.16-14.18.40:201][767]OBJ SavePackage:     Rendered thumbnail for [Blueprint /Game/FirstPersonBP/Blueprints/FirstPersonCharacter.FirstPersonCharacter]
[2018.11.16-14.18.40:201][767]OBJ SavePackage: Finished generating thumbnails for package [/Game/FirstPersonBP/Blueprints/FirstPersonCharacter]
[2018.11.16-14.18.40:379][767]LogSavePackage: Moving '../../../../../E-artsup/B2/Unreal/PiscineUnreal/PiscnieUnreal/Donjon/Saved/FirstPersonCharacter_Auto3AE1FB29F4A2E05F780E6DBA2A655BCEF.tmp' to '../../../../../E-artsup/B2/Unreal/PiscineUnreal/PiscnieUnreal/Donjon/Saved/Autosaves/Game/FirstPersonBP/Blueprints/FirstPersonCharacter_Auto3.uasset'
[2018.11.16-14.18.40:393][767]OBJ SavePackage: Generating thumbnails for [1] asset(s) in package [/Game/FirstPersonBP/Blueprints/Interaction_BP] ([1] browsable assets)...
[2018.11.16-14.18.40:415][767]OBJ SavePackage:     Rendered thumbnail for [Blueprint /Game/FirstPersonBP/Blueprints/Interaction_BP.Interaction_BP]
[2018.11.16-14.18.40:416][767]OBJ SavePackage: Finished generating thumbnails for package [/Game/FirstPersonBP/Blueprints/Interaction_BP]
[2018.11.16-14.18.40:481][767]LogSavePackage: Moving '../../../../../E-artsup/B2/Unreal/PiscineUnreal/PiscnieUnreal/Donjon/Saved/Interaction_BP_Auto3B9B0A1FA4A8E38FFC968F8BCB63F050E.tmp' to '../../../../../E-artsup/B2/Unreal/PiscineUnreal/PiscnieUnreal/Donjon/Saved/Autosaves/Game/FirstPersonBP/Blueprints/Interaction_BP_Auto3.uasset'
[2018.11.16-14.18.40:482][767]LogFileHelpers: Auto-saving content packages took 0.299
[2018.11.16-14.21.19:386][968]BlueprintLog: New page: Compile Interaction_BP
[2018.11.16-14.21.19:412][968]LogBlueprint: Error: [Compiler Interaction_BP] Pin  New Param  named NewParam doesn't match any parameters of function RemoveInteraction
[2018.11.16-14.21.19:919][968]LogBlueprint: Warning: [Compiler Interaction_BP] [2226,13] Compile of Interaction_BP failed. 1 Fatal Issue(s) 0 Warning(s) [in 533 ms] (/Game/FirstPersonBP/Blueprints/Interaction_BP.Interaction_BP)
[2018.11.16-14.21.35:207][653]BlueprintLog: New page: Compile FirstPersonCharacter
[2018.11.16-14.21.35:341][653]LogBlueprint: Error: [Compiler Interaction_BP] In use pin  New Param  no longer exists on node  Remove Interaction . Please refresh node or break links to remove pin.
[2018.11.16-14.21.35:371][653]LogBlueprint: Warning: [Compiler Interaction_BP] [2241,58] Compile of Interaction_BP failed. 1 Fatal Issue(s) 0 Warning(s) [in 107 ms] (/Game/FirstPersonBP/Blueprints/Interaction_BP.Interaction_BP)
[2018.11.16-14.21.36:301][681]LogSavePackage: Moving '../../../../../E-artsup/B2/Unreal/PiscineUnreal/PiscnieUnreal/Donjon/Saved/FirstPersonCharacter60F4951B4A84B7E05A9391BCEF40C1A9.tmp' to '../../../../../E-artsup/B2/Unreal/PiscineUnreal/PiscnieUnreal/Donjon/Content/FirstPersonBP/Blueprints/FirstPersonCharacter.uasset'
[2018.11.16-14.21.40:628][939]BlueprintLog: New page: Compile Interaction_BP
[2018.11.16-14.21.40:655][939]LogBlueprint: Error: [Compiler Interaction_BP] In use pin  New Param  no longer exists on node  Remove Interaction . Please refresh node or break links to remove pin.
[2018.11.16-14.21.40:902][939]LogBlueprint: Warning: [Compiler Interaction_BP] [2247,11] Compile of Interaction_BP failed. 1 Fatal Issue(s) 0 Warning(s) [in 274 ms] (/Game/FirstPersonBP/Blueprints/Interaction_BP.Interaction_BP)
[2018.11.16-14.22.02:401][220]BlueprintLog: New page: Compile Interaction_BP
[2018.11.16-14.22.04:095][301]LogSavePackage: Moving '../../../../../E-artsup/B2/Unreal/PiscineUnreal/PiscnieUnreal/Donjon/Saved/Interaction_BPB39A1FF440F03D6162CB9D8222F0C4B1.tmp' to '../../../../../E-artsup/B2/Unreal/PiscineUnreal/PiscnieUnreal/Donjon/Content/FirstPersonBP/Blueprints/Interaction_BP.uasset'
[2018.11.16-14.28.59:964][ 75]LogSlate: FSceneViewport::OnFocusLost() reason 2
[2018.11.16-14.29.00:361][ 75]LogSavePackage: Moving '../../../../../E-artsup/B2/Unreal/PiscineUnreal/PiscnieUnreal/Donjon/Saved/Collecting_Level_Auto4561C288A4C16F1B5124950A0EB4BBAC4.tmp' to '../../../../../E-artsup/B2/Unreal/PiscineUnreal/PiscnieUnreal/Donjon/Saved/Autosaves/Game/FirstPersonBP/Maps/Collecting_Level_Auto4.umap'
[2018.11.16-14.29.00:639][ 75]LogFileHelpers: Editor autosave (incl. sublevels) for '/Game/FirstPersonBP/Maps/Collecting_Level' took 0.644
[2018.11.16-14.29.00:639][ 75]LogFileHelpers: Editor autosave (incl. sublevels) for all levels took 0.644
[2018.11.16-14.31.40:855][687]LogSlate: FSceneViewport::OnFocusLost() reason 0
[2018.11.16-14.31.40:922][691]LogTemp: Repeating last play command: Selected Viewport
[2018.11.16-14.31.40:950][691]LogBlueprintUserMessages: Early PlayInEditor Detection: Level '/Game/FirstPersonBP/Maps/Collecting_Level.Collecting_Level:PersistentLevel' has LevelScriptBlueprint '/Game/FirstPersonBP/Maps/Collecting_Level.Collecting_Level:PersistentLevel.Collecting_Level' with GeneratedClass '/Game/FirstPersonBP/Maps/Collecting_Level.Collecting_Level_C' with ClassGeneratedBy '/Game/FirstPersonBP/Maps/Collecting_Level.Collecting_Level:PersistentLevel.Collecting_Level'
[2018.11.16-14.31.40:951][691]LogPlayLevel: PlayLevel: No blueprints needed recompiling
[2018.11.16-14.31.40:951][691]PIE: New page: PIE session: Collecting_Level (16 nov. 2018 16:31:40)
[2018.11.16-14.31.40:951][691]LogPlayLevel: Creating play world package: /Game/FirstPersonBP/Maps/UEDPIE_0_Collecting_Level
[2018.11.16-14.31.40:977][691]LogPlayLevel: PIE: StaticDuplicateObject took: (0.026733s)
[2018.11.16-14.31.40:978][691]LogAIModule: Creating AISystem for world Collecting_Level
[2018.11.16-14.31.40:978][691]LogPlayLevel: PIE: World Init took: (0.001310s)
[2018.11.16-14.31.40:978][691]LogPlayLevel: PIE: Created PIE world by copying editor world from /Game/FirstPersonBP/Maps/Collecting_Level.Collecting_Level to /Game/FirstPersonBP/Maps/UEDPIE_0_Collecting_Level.Collecting_Level (0.028243s)
[2018.11.16-14.31.41:012][691]LogInit: XAudio2 using 'Speakers (Realtek High Definition Audio)' : 2 channels at 48 kHz using 32 bits per sample (channel mask 0x3)
[2018.11.16-14.31.41:049][691]LogInit: FAudioDevice initialized.
[2018.11.16-14.31.41:082][691]LogLoad: Game class is 'FirstPersonGameMode_C'
[2018.11.16-14.31.41:087][691]LogWorld: Bringing World /Game/FirstPersonBP/Maps/UEDPIE_0_Collecting_Level.Collecting_Level up for play (max tick rate 60) at 2018.11.16-15.31.41
[2018.11.16-14.31.41:087][691]LogWorld: Bringing up level for play took: 0.004101
[2018.11.16-14.31.41:100][691]PIE: Play in editor start time for /Game/FirstPersonBP/Maps/UEDPIE_0_Collecting_Level 1,083
[2018.11.16-14.31.41:100][691]LogBlueprintUserMessages: Late PlayInEditor Detection: Level '/Game/FirstPersonBP/Maps/Collecting_Level.Collecting_Level:PersistentLevel' has LevelScriptBlueprint '/Game/FirstPersonBP/Maps/Collecting_Level.Collecting_Level:PersistentLevel.Collecting_Level' with GeneratedClass '/Game/FirstPersonBP/Maps/Collecting_Level.Collecting_Level_C' with ClassGeneratedBy '/Game/FirstPersonBP/Maps/Collecting_Level.Collecting_Level:PersistentLevel.Collecting_Level'
[2018.11.16-14.33.41:648][919]LogBlueprintUserMessages: Early EndPlayMap Detection: Level '/Game/FirstPersonBP/Maps/Collecting_Level.Collecting_Level:PersistentLevel' has LevelScriptBlueprint '/Game/FirstPersonBP/Maps/Collecting_Level.Collecting_Level:PersistentLevel.Collecting_Level' with GeneratedClass '/Game/FirstPersonBP/Maps/Collecting_Level.Collecting_Level_C' with ClassGeneratedBy '/Game/FirstPersonBP/Maps/Collecting_Level.Collecting_Level:PersistentLevel.Collecting_Level'
[2018.11.16-14.33.41:648][919]LogSlate: Updating window title bar state: overlay mode, drag disabled, window buttons hidden, title bar hidden
[2018.11.16-14.33.41:688][919]LogPlayLevel: Display: Shutting down PIE online subsystems
[2018.11.16-14.33.41:688][919]LogBlueprintUserMessages: Late EndPlayMap Detection: Level '/Game/FirstPersonBP/Maps/Collecting_Level.Collecting_Level:PersistentLevel' has LevelScriptBlueprint '/Game/FirstPersonBP/Maps/Collecting_Level.Collecting_Level:PersistentLevel.Collecting_Level' with GeneratedClass '/Game/FirstPersonBP/Maps/Collecting_Level.Collecting_Level_C' with ClassGeneratedBy '/Game/FirstPersonBP/Maps/Collecting_Level.Collecting_Level:PersistentLevel.Collecting_Level'
[2018.11.16-14.33.41:720][919]LogSlate: Updating window title bar state: overlay mode, drag disabled, window buttons hidden, title bar hidden
[2018.11.16-14.33.41:759][920]LogPlayLevel: Display: Destroying online subsystem :Context_10
[2018.11.16-14.35.01:003][678]LogSlate: FSceneViewport::OnFocusLost() reason 0
[2018.11.16-14.35.01:713][720]LogAssetEditorManager: Opening Asset editor for WidgetBlueprint /Game/FirstPersonBP/Blueprints/InteractionUI_WBP.InteractionUI_WBP
[2018.11.16-14.37.38:556][848]BlueprintLog: New page: Compile InteractionUI_WBP
[2018.11.16-14.37.39:539][888]LogSavePackage: Moving '../../../../../E-artsup/B2/Unreal/PiscineUnreal/PiscnieUnreal/Donjon/Saved/InteractionUI_WBP759767874187479221ADA2BA25AD805C.tmp' to '../../../../../E-artsup/B2/Unreal/PiscineUnreal/PiscnieUnreal/Donjon/Content/FirstPersonBP/Blueprints/InteractionUI_WBP.uasset'
[2018.11.16-14.37.46:965][317]LogRenderer: Reallocating scene render targets to support 940x528 Format 10 NumSamples 1 (Frame:1).
[2018.11.16-14.37.49:690][480]LogClass: Warning: In asset 'None', there is an enum property of type 'EWidgetSpace' with an invalid value of ''
[2018.11.16-14.37.49:690][480]LogClass: Warning: In asset 'None', there is an enum property of type 'EWidgetSpace' with an invalid value of ''
[2018.11.16-14.37.49:690][480]LogClass: Warning: In asset 'None', there is an enum property of type 'EWidgetSpace' with an invalid value of ''
[2018.11.16-14.40.08:273][663]LogSlate: FSceneViewport::OnFocusLost() reason 0
[2018.11.16-14.40.54:160][108]LogClass: Warning: In asset 'None', there is an enum property of type 'EWidgetSpace' with an invalid value of ''
[2018.11.16-14.40.54:160][108]LogClass: Warning: In asset 'None', there is an enum property of type 'EWidgetSpace' with an invalid value of ''
[2018.11.16-14.40.54:160][108]LogClass: Warning: In asset 'None', there is an enum property of type 'EWidgetSpace' with an invalid value of ''
[2018.11.16-14.40.57:541][310]BlueprintLog: New page: Compile Interaction_BP
[2018.11.16-14.40.58:278][333]LogSavePackage: Moving '../../../../../E-artsup/B2/Unreal/PiscineUnreal/PiscnieUnreal/Donjon/Saved/Interaction_BP916E6683496D5DD24921EA819AEA3E55.tmp' to '../../../../../E-artsup/B2/Unreal/PiscineUnreal/PiscnieUnreal/Donjon/Content/FirstPersonBP/Blueprints/Interaction_BP.uasset'
[2018.11.16-14.41.25:797][867]LogSavePackage: Moving '../../../../../E-artsup/B2/Unreal/PiscineUnreal/PiscnieUnreal/Donjon/Saved/Collecting_Level_Auto569BAA6E740CDA017905701A39F24352B.tmp' to '../../../../../E-artsup/B2/Unreal/PiscineUnreal/PiscnieUnreal/Donjon/Saved/Autosaves/Game/FirstPersonBP/Maps/Collecting_Level_Auto5.umap'
[2018.11.16-14.41.25:846][867]LogFileHelpers: Editor autosave (incl. sublevels) for '/Game/FirstPersonBP/Maps/Collecting_Level' took 0.678
[2018.11.16-14.41.25:846][867]LogFileHelpers: Editor autosave (incl. sublevels) for all levels took 0.678
[2018.11.16-14.43.31:768][768]BlueprintLog: New page: Compile Interaction_BP
[2018.11.16-14.43.33:247][837]LogSavePackage: Moving '../../../../../E-artsup/B2/Unreal/PiscineUnreal/PiscnieUnreal/Donjon/Saved/Interaction_BP5C214CB8464888869AE965818AA5A828.tmp' to '../../../../../E-artsup/B2/Unreal/PiscineUnreal/PiscnieUnreal/Donjon/Content/FirstPersonBP/Blueprints/Interaction_BP.uasset'
[2018.11.16-14.43.57:229][275]LogSlate: FSceneViewport::OnFocusLost() reason 0
[2018.11.16-14.49.38:323][557]BlueprintLog: New page: Compile Interaction_BP
[2018.11.16-14.49.39:026][579]LogSavePackage: Moving '../../../../../E-artsup/B2/Unreal/PiscineUnreal/PiscnieUnreal/Donjon/Saved/Interaction_BP700044F0411DD786318DDD854FC1255E.tmp' to '../../../../../E-artsup/B2/Unreal/PiscineUnreal/PiscnieUnreal/Donjon/Content/FirstPersonBP/Blueprints/Interaction_BP.uasset'
[2018.11.16-14.51.26:819][963]LogSavePackage: Moving '../../../../../E-artsup/B2/Unreal/PiscineUnreal/PiscnieUnreal/Donjon/Saved/Collecting_Level_Auto68F2180904ABE00CF686CD798CEC1258C.tmp' to '../../../../../E-artsup/B2/Unreal/PiscineUnreal/PiscnieUnreal/Donjon/Saved/Autosaves/Game/FirstPersonBP/Maps/Collecting_Level_Auto6.umap'
[2018.11.16-14.51.26:880][963]LogFileHelpers: Editor autosave (incl. sublevels) for '/Game/FirstPersonBP/Maps/Collecting_Level' took 0.671
[2018.11.16-14.51.26:880][963]LogFileHelpers: Editor autosave (incl. sublevels) for all levels took 0.671
[2018.11.16-14.51.26:884][963]OBJ SavePackage: Generating thumbnails for [1] asset(s) in package [/Game/FirstPersonBP/Blueprints/Interaction_BP] ([1] browsable assets)...
[2018.11.16-14.51.26:902][963]OBJ SavePackage:     Rendered thumbnail for [Blueprint /Game/FirstPersonBP/Blueprints/Interaction_BP.Interaction_BP]
[2018.11.16-14.51.26:902][963]OBJ SavePackage: Finished generating thumbnails for package [/Game/FirstPersonBP/Blueprints/Interaction_BP]
[2018.11.16-14.51.26:949][963]LogSavePackage: Moving '../../../../../E-artsup/B2/Unreal/PiscineUnreal/PiscnieUnreal/Donjon/Saved/Interaction_BP_Auto658016F684EFAAE7BA504BD90995C9663.tmp' to '../../../../../E-artsup/B2/Unreal/PiscineUnreal/PiscnieUnreal/Donjon/Saved/Autosaves/Game/FirstPersonBP/Blueprints/Interaction_BP_Auto6.uasset'
[2018.11.16-14.51.26:951][963]LogFileHelpers: Auto-saving content packages took 0.068
[2018.11.16-14.51.29:052][ 89]BlueprintLog: New page: Compile Interaction_BP
[2018.11.16-14.51.30:323][148]LogSavePackage: Moving '../../../../../E-artsup/B2/Unreal/PiscineUnreal/PiscnieUnreal/Donjon/Saved/Interaction_BPA937B37E4815B3D86A1F2080DC861931.tmp' to '../../../../../E-artsup/B2/Unreal/PiscineUnreal/PiscnieUnreal/Donjon/Content/FirstPersonBP/Blueprints/Interaction_BP.uasset'
[2018.11.16-15.01.26:511][542]BlueprintLog: New page: Compile Interaction_BP
[2018.11.16-15.01.27:448][579]LogSavePackage: Moving '../../../../../E-artsup/B2/Unreal/PiscineUnreal/PiscnieUnreal/Donjon/Saved/Interaction_BP2EDF215247E88A9171473FA27CA1D6A4.tmp' to '../../../../../E-artsup/B2/Unreal/PiscineUnreal/PiscnieUnreal/Donjon/Content/FirstPersonBP/Blueprints/Interaction_BP.uasset'
[2018.11.16-15.02.22:692][ 30]LogSavePackage: Moving '../../../../../E-artsup/B2/Unreal/PiscineUnreal/PiscnieUnreal/Donjon/Saved/Collecting_Level_Auto72A5D6C574EF4BEC71C717886C6085240.tmp' to '../../../../../E-artsup/B2/Unreal/PiscineUnreal/PiscnieUnreal/Donjon/Saved/Autosaves/Game/FirstPersonBP/Maps/Collecting_Level_Auto7.umap'
[2018.11.16-15.02.22:720][ 30]LogFileHelpers: Editor autosave (incl. sublevels) for '/Game/FirstPersonBP/Maps/Collecting_Level' took 0.607
[2018.11.16-15.02.22:720][ 30]LogFileHelpers: Editor autosave (incl. sublevels) for all levels took 0.607
[2018.11.16-15.02.22:724][ 30]OBJ SavePackage: Generating thumbnails for [1] asset(s) in package [/Game/FirstPersonBP/Blueprints/Interaction_BP] ([1] browsable assets)...
[2018.11.16-15.02.22:742][ 30]OBJ SavePackage:     Rendered thumbnail for [Blueprint /Game/FirstPersonBP/Blueprints/Interaction_BP.Interaction_BP]
[2018.11.16-15.02.22:742][ 30]OBJ SavePackage: Finished generating thumbnails for package [/Game/FirstPersonBP/Blueprints/Interaction_BP]
[2018.11.16-15.02.22:787][ 30]LogSavePackage: Moving '../../../../../E-artsup/B2/Unreal/PiscineUnreal/PiscnieUnreal/Donjon/Saved/Interaction_BP_Auto7EDD982334A8366562272DCB252045825.tmp' to '../../../../../E-artsup/B2/Unreal/PiscineUnreal/PiscnieUnreal/Donjon/Saved/Autosaves/Game/FirstPersonBP/Blueprints/Interaction_BP_Auto7.uasset'
[2018.11.16-15.02.22:807][ 30]LogFileHelpers: Auto-saving content packages took 0.084
[2018.11.16-15.08.03:669][336]BlueprintLog: New page: Compile Interaction_BP
[2018.11.16-15.08.05:075][401]LogSavePackage: Moving '../../../../../E-artsup/B2/Unreal/PiscineUnreal/PiscnieUnreal/Donjon/Saved/Interaction_BP64ED94934F3611676922A98541D4D6F5.tmp' to '../../../../../E-artsup/B2/Unreal/PiscineUnreal/PiscnieUnreal/Donjon/Content/FirstPersonBP/Blueprints/Interaction_BP.uasset'
[2018.11.16-15.18.49:913][480]LogSavePackage: Moving '../../../../../E-artsup/B2/Unreal/PiscineUnreal/PiscnieUnreal/Donjon/Saved/Collecting_Level_Auto8D761FE504143F3218C44C3BB59F62CEE.tmp' to '../../../../../E-artsup/B2/Unreal/PiscineUnreal/PiscnieUnreal/Donjon/Saved/Autosaves/Game/FirstPersonBP/Maps/Collecting_Level_Auto8.umap'
[2018.11.16-15.18.49:916][480]LogFileHelpers: Editor autosave (incl. sublevels) for '/Game/FirstPersonBP/Maps/Collecting_Level' took 0.436
[2018.11.16-15.18.49:916][480]LogFileHelpers: Editor autosave (incl. sublevels) for all levels took 0.436
[2018.11.16-15.18.49:922][480]OBJ SavePackage: Generating thumbnails for [1] asset(s) in package [/Game/FirstPersonBP/Blueprints/FirstPersonCharacter] ([1] browsable assets)...
[2018.11.16-15.18.49:944][480]OBJ SavePackage:     Rendered thumbnail for [Blueprint /Game/FirstPersonBP/Blueprints/FirstPersonCharacter.FirstPersonCharacter]
[2018.11.16-15.18.49:944][480]OBJ SavePackage: Finished generating thumbnails for package [/Game/FirstPersonBP/Blueprints/FirstPersonCharacter]
[2018.11.16-15.18.50:119][480]LogSavePackage: Moving '../../../../../E-artsup/B2/Unreal/PiscineUnreal/PiscnieUnreal/Donjon/Saved/FirstPersonCharacter_Auto8852A40794B4070F25EAA34A3547274DA.tmp' to '../../../../../E-artsup/B2/Unreal/PiscineUnreal/PiscnieUnreal/Donjon/Saved/Autosaves/Game/FirstPersonBP/Blueprints/FirstPersonCharacter_Auto8.uasset'
[2018.11.16-15.18.50:145][480]LogFileHelpers: Auto-saving content packages took 0.226
[2018.11.16-15.22.45:109][686]LogBlueprint: Warning: [Compiler ] Pasted node  CustomEvent   conflicted with  Event Tick  and was replaced as a Custom Event!
[2018.11.16-15.26.19:273][332]BlueprintLog: New page: Compile FirstPersonCharacter
[2018.11.16-15.26.20:501][367]LogSavePackage: Moving '../../../../../E-artsup/B2/Unreal/PiscineUnreal/PiscnieUnreal/Donjon/Saved/FirstPersonCharacter3E3BE3E248B787B80FC2EFB39744E2AD.tmp' to '../../../../../E-artsup/B2/Unreal/PiscineUnreal/PiscnieUnreal/Donjon/Content/FirstPersonBP/Blueprints/FirstPersonCharacter.uasset'
[2018.11.16-15.27.23:688][802]BlueprintLog: New page: Compile FirstPersonCharacter
[2018.11.16-15.27.24:627][825]LogSavePackage: Moving '../../../../../E-artsup/B2/Unreal/PiscineUnreal/PiscnieUnreal/Donjon/Saved/FirstPersonCharacter0427BF5740DFB5CFFB3D2D9DA5D88416.tmp' to '../../../../../E-artsup/B2/Unreal/PiscineUnreal/PiscnieUnreal/Donjon/Content/FirstPersonBP/Blueprints/FirstPersonCharacter.uasset'
[2018.11.16-15.28.50:681][631]LogSavePackage: Moving '../../../../../E-artsup/B2/Unreal/PiscineUnreal/PiscnieUnreal/Donjon/Saved/Collecting_Level_Auto9137C9A3A4718169DF3A5D182F7251363.tmp' to '../../../../../E-artsup/B2/Unreal/PiscineUnreal/PiscnieUnreal/Donjon/Saved/Autosaves/Game/FirstPersonBP/Maps/Collecting_Level_Auto9.umap'
[2018.11.16-15.28.50:685][631]LogFileHelpers: Editor autosave (incl. sublevels) for '/Game/FirstPersonBP/Maps/Collecting_Level' took 0.348
[2018.11.16-15.28.50:685][631]LogFileHelpers: Editor autosave (incl. sublevels) for all levels took 0.348
[2018.11.16-15.41.10:813][193]LogFileHelpers: Editor autosave (incl. sublevels) for '/Game/FirstPersonBP/Maps/Collecting_Level' took 0.026
[2018.11.16-15.41.10:815][193]OBJ SavePackage: Generating thumbnails for [1] asset(s) in package [/Game/FirstPersonBP/Blueprints/FirstPersonCharacter] ([1] browsable assets)...
[2018.11.16-15.41.10:834][193]OBJ SavePackage:     Rendered thumbnail for [Blueprint /Game/FirstPersonBP/Blueprints/FirstPersonCharacter.FirstPersonCharacter]
[2018.11.16-15.41.10:834][193]OBJ SavePackage: Finished generating thumbnails for package [/Game/FirstPersonBP/Blueprints/FirstPersonCharacter]
[2018.11.16-15.41.10:970][193]LogSavePackage: Moving '../../../../../E-artsup/B2/Unreal/PiscineUnreal/PiscnieUnreal/Donjon/Saved/FirstPersonCharacter_Auto0A43240414BA45BCEF66BCEB06B5340D2.tmp' to '../../../../../E-artsup/B2/Unreal/PiscineUnreal/PiscnieUnreal/Donjon/Saved/Autosaves/Game/FirstPersonBP/Blueprints/FirstPersonCharacter_Auto0.uasset'
[2018.11.16-15.41.11:271][193]LogFileHelpers: Auto-saving content packages took 0.458
[2018.11.16-15.46.03:350][626]BlueprintLog: New page: Compile FirstPersonCharacter
[2018.11.16-15.46.04:234][650]LogSavePackage: Moving '../../../../../E-artsup/B2/Unreal/PiscineUnreal/PiscnieUnreal/Donjon/Saved/FirstPersonCharacter191D187A47EC008C352CCEBF2ACD2327.tmp' to '../../../../../E-artsup/B2/Unreal/PiscineUnreal/PiscnieUnreal/Donjon/Content/FirstPersonBP/Blueprints/FirstPersonCharacter.uasset'
[2018.11.16-15.46.46:390][511]BlueprintLog: New page: Compile FirstPersonCharacter
[2018.11.16-15.46.47:426][545]LogSavePackage: Moving '../../../../../E-artsup/B2/Unreal/PiscineUnreal/PiscnieUnreal/Donjon/Saved/FirstPersonCharacter4CF481424044E4429919699176A9BA64.tmp' to '../../../../../E-artsup/B2/Unreal/PiscineUnreal/PiscnieUnreal/Donjon/Content/FirstPersonBP/Blueprints/FirstPersonCharacter.uasset'
[2018.11.16-15.51.12:006][414]LogSavePackage: Moving '../../../../../E-artsup/B2/Unreal/PiscineUnreal/PiscnieUnreal/Donjon/Saved/Collecting_Level_Auto142845CC84F8EF031FCC176BD41313AF7.tmp' to '../../../../../E-artsup/B2/Unreal/PiscineUnreal/PiscnieUnreal/Donjon/Saved/Autosaves/Game/FirstPersonBP/Maps/Collecting_Level_Auto1.umap'
[2018.11.16-15.51.12:015][414]LogFileHelpers: Editor autosave (incl. sublevels) for '/Game/FirstPersonBP/Maps/Collecting_Level' took 0.378
[2018.11.16-15.51.12:015][414]LogFileHelpers: Editor autosave (incl. sublevels) for all levels took 0.378
[2018.11.16-15.51.12:019][414]OBJ SavePackage: Generating thumbnails for [1] asset(s) in package [/Game/FirstPersonBP/Blueprints/FirstPersonCharacter] ([1] browsable assets)...
[2018.11.16-15.51.12:038][414]OBJ SavePackage:     Rendered thumbnail for [Blueprint /Game/FirstPersonBP/Blueprints/FirstPersonCharacter.FirstPersonCharacter]
[2018.11.16-15.51.12:038][414]OBJ SavePackage: Finished generating thumbnails for package [/Game/FirstPersonBP/Blueprints/FirstPersonCharacter]
[2018.11.16-15.51.12:188][414]LogSavePackage: Moving '../../../../../E-artsup/B2/Unreal/PiscineUnreal/PiscnieUnreal/Donjon/Saved/FirstPersonCharacter_Auto1AEADCD204430781B58A2B59D987B0D88.tmp' to '../../../../../E-artsup/B2/Unreal/PiscineUnreal/PiscnieUnreal/Donjon/Saved/Autosaves/Game/FirstPersonBP/Blueprints/FirstPersonCharacter_Auto1.uasset'
[2018.11.16-15.51.12:190][414]LogFileHelpers: Auto-saving content packages took 0.171
[2018.11.16-15.51.49:487][631]BlueprintLog: New page: Compile FirstPersonCharacter
[2018.11.16-15.51.50:682][673]LogSavePackage: Moving '../../../../../E-artsup/B2/Unreal/PiscineUnreal/PiscnieUnreal/Donjon/Saved/FirstPersonCharacter1F66235B47095B3397035E8ADC50030E.tmp' to '../../../../../E-artsup/B2/Unreal/PiscineUnreal/PiscnieUnreal/Donjon/Content/FirstPersonBP/Blueprints/FirstPersonCharacter.uasset'
[2018.11.16-15.52.53:914][597]BlueprintLog: New page: Compile FirstPersonCharacter
[2018.11.16-15.52.55:080][637]LogSavePackage: Moving '../../../../../E-artsup/B2/Unreal/PiscineUnreal/PiscnieUnreal/Donjon/Saved/FirstPersonCharacter1150D3FD4842EC27A69121BF2FA5A2AD.tmp' to '../../../../../E-artsup/B2/Unreal/PiscineUnreal/PiscnieUnreal/Donjon/Content/FirstPersonBP/Blueprints/FirstPersonCharacter.uasset'
[2018.11.16-15.55.32:594][627]BlueprintLog: New page: Compile FirstPersonCharacter
[2018.11.16-15.55.33:491][651]LogSavePackage: Moving '../../../../../E-artsup/B2/Unreal/PiscineUnreal/PiscnieUnreal/Donjon/Saved/FirstPersonCharacter4C7693494604601ED14F25B89E93EF9D.tmp' to '../../../../../E-artsup/B2/Unreal/PiscineUnreal/PiscnieUnreal/Donjon/Content/FirstPersonBP/Blueprints/FirstPersonCharacter.uasset'
[2018.11.16-15.59.38:992][351]LogSavePackage: Moving '../../../../../E-artsup/B2/Unreal/PiscineUnreal/PiscnieUnreal/Donjon/Saved/Collecting_Level5AD3F2B44359506E2A7EFC837C407A97.tmp' to '../../../../../E-artsup/B2/Unreal/PiscineUnreal/PiscnieUnreal/Donjon/Content/FirstPersonBP/Maps/Collecting_Level.umap'
[2018.11.16-15.59.39:315][351]LogFileHelpers: Saving map 'Collecting_Level' took 0.728
[2018.11.16-15.59.42:649][551]LogSlate: Window 'FirstPersonCharacter' being destroyed
[2018.11.16-15.59.42:654][551]LogSlate: Window 'FirstPersonCharacter' being destroyed
[2018.11.16-15.59.42:746][551]LogActorComponent: UnregisterComponent: (/Engine/Transient.EditorFloorComp) Not registered. Aborting.
[2018.11.16-15.59.43:969][612]LogSlate: Window 'Donjon - Unreal Editor' being destroyed
[2018.11.16-15.59.43:970][612]LogWindowsTextInputMethodSystem: Display: IME system now deactivated.
[2018.11.16-15.59.44:159][613]Cmd: QUIT_EDITOR
[2018.11.16-15.59.44:545][613]LogExit: Preparing to exit.
[2018.11.16-15.59.45:075][613]LogExit: Editor shut down
[2018.11.16-15.59.45:075][613]LogExit: Transaction tracking system shut down
[2018.11.16-15.59.45:847][613]LogExit: Object subsystem successfully closed.
[2018.11.16-15.59.45:867][613]LogShaderCompilers: Display: Shaders left to compile 0
[2018.11.16-15.59.45:872][613]LogD3D11RHI: Shutdown
[2018.11.16-15.59.45:872][613]LogD3D11RHI: CleanupD3DDevice
[2018.11.16-15.59.45:875][613]LogD3D11RHI: ~FD3D11DynamicRHI
[2018.11.16-15.59.45:899][613]LogModuleManager: Shutting down and abandoning module SequencerWidgets (636)
[2018.11.16-15.59.45:899][613]LogModuleManager: Shutting down and abandoning module BlueprintGraph (634)
[2018.11.16-15.59.45:899][613]LogModuleManager: Shutting down and abandoning module MovieSceneCapture (632)
[2018.11.16-15.59.45:899][613]LogModuleManager: Shutting down and abandoning module Voice (630)
[2018.11.16-15.59.45:899][613]LogModuleManager: Shutting down and abandoning module HierarchicalLODOutliner (628)
[2018.11.16-15.59.45:899][613]LogModuleManager: Shutting down and abandoning module SceneOutliner (626)
[2018.11.16-15.59.45:899][613]LogModuleManager: Shutting down and abandoning module AddContentDialog (624)
[2018.11.16-15.59.45:899][613]LogModuleManager: Shutting down and abandoning module WidgetCarousel (623)
[2018.11.16-15.59.45:899][613]LogModuleManager: Shutting down and abandoning module EditorWidgets (620)
[2018.11.16-15.59.45:900][613]LogModuleManager: Shutting down and abandoning module CollectionManager (618)
[2018.11.16-15.59.45:900][613]LogModuleManager: Shutting down and abandoning module StatsViewer (616)
[2018.11.16-15.59.45:900][613]LogModuleManager: Shutting down and abandoning module FoliageEdit (614)
[2018.11.16-15.59.45:900][613]LogModuleManager: Shutting down and abandoning module LandscapeEditor (612)
[2018.11.16-15.59.45:900][613]LogModuleManager: Shutting down and abandoning module MeshPaintMode (610)
[2018.11.16-15.59.45:900][613]LogModuleManager: Shutting down and abandoning module SceneDepthPickerMode (608)
[2018.11.16-15.59.45:900][613]LogModuleManager: Shutting down and abandoning module ActorPickerMode (606)
[2018.11.16-15.59.45:900][613]LogModuleManager: Shutting down and abandoning module GeometryMode (604)
[2018.11.16-15.59.45:900][613]LogModuleManager: Shutting down and abandoning module TextureAlignMode (602)
[2018.11.16-15.59.45:900][613]LogModuleManager: Shutting down and abandoning module BspMode (600)
[2018.11.16-15.59.45:900][613]LogModuleManager: Shutting down and abandoning module PIEPreviewDeviceProfileSelector (598)
[2018.11.16-15.59.45:900][613]LogModuleManager: Shutting down and abandoning module SequenceRecorderSections (596)
[2018.11.16-15.59.45:900][613]LogModuleManager: Shutting down and abandoning module AutomationWorker (594)
[2018.11.16-15.59.45:900][613]LogModuleManager: Shutting down and abandoning module DatasmithFBXImporter (592)
[2018.11.16-15.59.45:909][613]LogModuleManager: Shutting down and abandoning module DatasmithDeltaGenImporter (590)
[2018.11.16-15.59.45:909][613]LogModuleManager: Shutting down and abandoning module DatasmithVREDImporter (588)
[2018.11.16-15.59.45:909][613]LogModuleManager: Shutting down and abandoning module AudioCaptureEditor (586)
[2018.11.16-15.59.45:909][613]LogModuleManager: Shutting down and abandoning module SequenceRecorder (585)
[2018.11.16-15.59.45:909][613]LogModuleManager: Shutting down and abandoning module MatineeToLevelSequence (582)
[2018.11.16-15.59.45:909][613]LogModuleManager: Shutting down and abandoning module LevelSequenceEditor (580)
[2018.11.16-15.59.45:909][613]LogModuleManager: Shutting down and abandoning module PlacementMode (579)
[2018.11.16-15.59.45:909][613]LogModuleManager: Shutting down and abandoning module MaterialEditor (578)
[2018.11.16-15.59.45:909][613]LogModuleManager: Shutting down and abandoning module WmfMediaFactory (574)
[2018.11.16-15.59.45:909][613]LogModuleManager: Shutting down and abandoning module WmfMediaEditor (572)
[2018.11.16-15.59.45:909][613]LogModuleManager: Shutting down and abandoning module MediaPlayerEditor (570)
[2018.11.16-15.59.45:909][613]LogModuleManager: Shutting down and abandoning module OpenExrWrapper (568)
[2018.11.16-15.59.45:909][613]LogModuleManager: Shutting down and abandoning module ImgMediaFactory (566)
[2018.11.16-15.59.45:909][613]LogModuleManager: Shutting down and abandoning module ImgMediaEditor (564)
[2018.11.16-15.59.45:909][613]LogModuleManager: Shutting down and abandoning module AvfMediaFactory (562)
[2018.11.16-15.59.45:909][613]LogModuleManager: Shutting down and abandoning module AvfMediaEditor (560)
[2018.11.16-15.59.45:909][613]LogModuleManager: Shutting down and abandoning module AndroidMediaFactory (558)
[2018.11.16-15.59.45:909][613]LogModuleManager: Shutting down and abandoning module AndroidMediaEditor (556)
[2018.11.16-15.59.45:909][613]LogModuleManager: Shutting down and abandoning module MagicLeapCameraPreviewFactory (554)
[2018.11.16-15.59.45:909][613]LogModuleManager: Shutting down and abandoning module MagicLeapMediaFactory (552)
[2018.11.16-15.59.45:909][613]LogModuleManager: Shutting down and abandoning module MagicLeapMediaEditor (550)
[2018.11.16-15.59.45:909][613]LogModuleManager: Shutting down and abandoning module CharacterAI (548)
[2018.11.16-15.59.45:909][613]LogModuleManager: Shutting down and abandoning module SmartSnapping (546)
[2018.11.16-15.59.45:909][613]LogModuleManager: Shutting down and abandoning module SessionServices (544)
[2018.11.16-15.59.45:909][613]LogModuleManager: Shutting down and abandoning module ViewportSnapping (542)
[2018.11.16-15.59.45:909][613]LogModuleManager: Shutting down and abandoning module ViewportInteraction (540)
[2018.11.16-15.59.45:909][613]LogModuleManager: Shutting down and abandoning module ClothPainter (538)
[2018.11.16-15.59.45:909][613]LogModuleManager: Shutting down and abandoning module SkeletalMeshEditor (537)
[2018.11.16-15.59.45:909][613]LogModuleManager: Shutting down and abandoning module LogVisualizer (534)
[2018.11.16-15.59.45:910][613]LogModuleManager: Shutting down and abandoning module IntroTutorials (532)
[2018.11.16-15.59.45:910][613]LogModuleManager: Shutting down and abandoning module GameProjectGeneration (531)
[2018.11.16-15.59.45:910][613]LogModuleManager: Shutting down and abandoning module LuminPlatformEditor (528)
[2018.11.16-15.59.45:910][613]LogModuleManager: Shutting down and abandoning module IOSPlatformEditor (526)
[2018.11.16-15.59.45:910][613]LogModuleManager: Shutting down and abandoning module HTML5PlatformEditor (524)
[2018.11.16-15.59.45:910][613]LogModuleManager: Shutting down and abandoning module AndroidPlatformEditor (522)
[2018.11.16-15.59.45:910][613]LogModuleManager: Shutting down and abandoning module AndroidDeviceDetection (521)
[2018.11.16-15.59.47:503][613]LogModuleManager: Shutting down and abandoning module WindowsPlatformEditor (518)
[2018.11.16-15.59.47:503][613]LogModuleManager: Shutting down and abandoning module LuminRuntimeSettings (516)
[2018.11.16-15.59.47:503][613]LogModuleManager: Shutting down and abandoning module IOSRuntimeSettings (514)
[2018.11.16-15.59.47:503][613]LogModuleManager: Shutting down and abandoning module AndroidRuntimeSettings (512)
[2018.11.16-15.59.47:503][613]LogModuleManager: Shutting down and abandoning module InputBindingEditor (510)
[2018.11.16-15.59.47:503][613]LogModuleManager: Shutting down and abandoning module MergeActors (508)
[2018.11.16-15.59.47:503][613]LogModuleManager: Shutting down and abandoning module LocalizationDashboard (506)
[2018.11.16-15.59.47:503][613]LogModuleManager: Shutting down and abandoning module LocalizationService (505)
[2018.11.16-15.59.47:504][613]LogModuleManager: Shutting down and abandoning module HardwareTargeting (502)
[2018.11.16-15.59.47:504][613]LogModuleManager: Shutting down and abandoning module DeviceProfileEditor (500)
[2018.11.16-15.59.47:504][613]LogModuleManager: Shutting down and abandoning module UndoHistory (498)
[2018.11.16-15.59.47:504][613]LogModuleManager: Shutting down and abandoning module XmlParser (496)
[2018.11.16-15.59.47:504][613]LogModuleManager: Shutting down and abandoning module Blutility (494)
[2018.11.16-15.59.47:504][613]LogModuleManager: Shutting down and abandoning module ProjectSettingsViewer (492)
[2018.11.16-15.59.47:504][613]LogModuleManager: Shutting down and abandoning module ProjectTargetPlatformEditor (491)
[2018.11.16-15.59.47:504][613]LogModuleManager: Shutting down and abandoning module EditorSettingsViewer (488)
[2018.11.16-15.59.47:504][613]LogModuleManager: Shutting down and abandoning module SettingsEditor (486)
[2018.11.16-15.59.47:504][613]LogModuleManager: Shutting down and abandoning module ProjectLauncher (484)
[2018.11.16-15.59.47:504][613]LogModuleManager: Shutting down and abandoning module SessionFrontend (482)
[2018.11.16-15.59.47:504][613]LogModuleManager: Shutting down and abandoning module ProfilerClient (480)
[2018.11.16-15.59.47:504][613]LogModuleManager: Shutting down and abandoning module DeviceManager (478)
[2018.11.16-15.59.47:504][613]LogModuleManager: Shutting down and abandoning module TargetDeviceServices (477)
[2018.11.16-15.59.47:548][613]LogModuleManager: Shutting down and abandoning module AutomationController (474)
[2018.11.16-15.59.47:548][613]LogModuleManager: Shutting down and abandoning module AutomationWindow (472)
[2018.11.16-15.59.47:548][613]LogModuleManager: Shutting down and abandoning module Layers (470)
[2018.11.16-15.59.47:548][613]LogModuleManager: Shutting down and abandoning module ComponentVisualizers (468)
[2018.11.16-15.59.47:548][613]LogModuleManager: Shutting down and abandoning module DetailCustomizations (466)
[2018.11.16-15.59.47:548][613]LogModuleManager: Shutting down and abandoning module PackagesDialog (464)
[2018.11.16-15.59.47:548][613]LogModuleManager: Shutting down and abandoning module Persona (462)
[2018.11.16-15.59.47:548][613]LogModuleManager: Shutting down and abandoning module AnimGraph (461)
[2018.11.16-15.59.47:548][613]LogModuleManager: Shutting down and abandoning module Kismet (458)
[2018.11.16-15.59.47:553][613]LogModuleManager: Shutting down and abandoning module GraphEditor (456)
[2018.11.16-15.59.47:553][613]LogModuleManager: Shutting down and abandoning module ClassViewer (454)
[2018.11.16-15.59.47:553][613]LogModuleManager: Shutting down and abandoning module Toolbox (452)
[2018.11.16-15.59.47:553][613]LogModuleManager: Shutting down and abandoning module ModuleUI (450)
[2018.11.16-15.59.47:553][613]LogModuleManager: Shutting down and abandoning module MovieSceneTools (448)
[2018.11.16-15.59.47:553][613]LogModuleManager: Shutting down and abandoning module OutputLog (446)
[2018.11.16-15.59.47:553][613]LogModuleManager: Shutting down and abandoning module GammaUI (444)
[2018.11.16-15.59.47:553][613]LogModuleManager: Shutting down and abandoning module Documentation (442)
[2018.11.16-15.59.47:553][613]LogModuleManager: Shutting down and abandoning module MovieSceneTracks (440)
[2018.11.16-15.59.47:553][613]LogModuleManager: Shutting down and abandoning module MovieScene (438)
[2018.11.16-15.59.47:553][613]LogModuleManager: Shutting down and abandoning module StreamingPauseRendering (436)
[2018.11.16-15.59.47:553][613]LogModuleManager: Shutting down and abandoning module LauncherPlatform (434)
[2018.11.16-15.59.47:553][613]LogModuleManager: Shutting down and abandoning module AnalyticsET (432)
[2018.11.16-15.59.47:553][613]LogModuleManager: Shutting down and abandoning module PortalServices (430)
[2018.11.16-15.59.47:553][613]LogModuleManager: Shutting down and abandoning module PortalRpc (428)
[2018.11.16-15.59.47:553][613]LogModuleManager: Shutting down and abandoning module MessagingRpc (426)
[2018.11.16-15.59.47:554][613]LogModuleManager: Shutting down and abandoning module AIModule (424)
[2018.11.16-15.59.47:554][613]LogModuleManager: Shutting down and abandoning module GameplayDebugger (423)
[2018.11.16-15.59.47:554][613]LogModuleManager: Shutting down and abandoning module AITestSuite (421)
[2018.11.16-15.59.47:554][613]LogModuleManager: Shutting down and abandoning module NavigationSystem (419)
[2018.11.16-15.59.47:554][613]LogModuleManager: Shutting down and abandoning module DesktopPlatform (416)
[2018.11.16-15.59.47:554][613]LogModuleManager: Shutting down and abandoning module ProfilerService (414)
[2018.11.16-15.59.47:773][613]LogModuleManager: Shutting down and abandoning module TaskGraph (412)
[2018.11.16-15.59.47:773][613]LogModuleManager: Shutting down and abandoning module DatasmithCADImporter (410)
[2018.11.16-15.59.47:774][613]LogModuleManager: Shutting down and abandoning module StaticMeshEditorExtension (408)
[2018.11.16-15.59.47:774][613]LogModuleManager: Shutting down and abandoning module StaticMeshEditor (407)
[2018.11.16-15.59.47:774][613]LogModuleManager: Shutting down and abandoning module AdvancedPreviewScene (406)
[2018.11.16-15.59.47:774][613]LogModuleManager: Shutting down and abandoning module DatasmithMDLImporter (402)
[2018.11.16-15.59.47:775][613]LogModuleManager: Shutting down and abandoning module DatasmithImporter (400)
[2018.11.16-15.59.47:791][613]LogModuleManager: Shutting down and abandoning module SteamVRController (398)
[2018.11.16-15.59.47:791][613]LogModuleManager: Shutting down and abandoning module ProceduralMeshComponentEditor (396)
[2018.11.16-15.59.47:791][613]LogModuleManager: Shutting down and abandoning module ProceduralMeshComponent (394)
[2018.11.16-15.59.47:791][613]LogModuleManager: Shutting down and abandoning module OculusInput (392)
[2018.11.16-15.59.47:791][613]LogModuleManager: Shutting down and abandoning module MobilePatchingUtils (390)
[2018.11.16-15.59.47:791][613]LogModuleManager: Shutting down and abandoning module EditableMesh (388)
[2018.11.16-15.59.47:791][613]LogModuleManager: Shutting down and abandoning module CustomMeshComponent (386)
[2018.11.16-15.59.47:791][613]LogModuleManager: Shutting down and abandoning module CableComponent (384)
[2018.11.16-15.59.47:791][613]LogModuleManager: Shutting down and abandoning module AudioCapture (382)
[2018.11.16-15.59.47:791][613]LogModuleManager: Shutting down and abandoning module ArchVisCharacter (380)
[2018.11.16-15.59.47:791][613]LogModuleManager: Shutting down and abandoning module AndroidPermission (378)
[2018.11.16-15.59.47:791][613]LogModuleManager: Shutting down and abandoning module NUTUnrealEngine4 (376)
[2018.11.16-15.59.47:791][613]LogModuleManager: Shutting down and abandoning module NetcodeUnitTest (374)
[2018.11.16-15.59.47:791][613]LogModuleManager: Shutting down and abandoning module MediaCompositingEditor (372)
[2018.11.16-15.59.47:792][613]LogModuleManager: Shutting down and abandoning module MediaCompositing (370)
[2018.11.16-15.59.47:792][613]LogModuleManager: Shutting down and abandoning module LinearTimecode (368)
[2018.11.16-15.59.47:792][613]LogModuleManager: Shutting down and abandoning module ImgMedia (366)
[2018.11.16-15.59.47:795][613]LogModuleManager: Shutting down and abandoning module HTML5Networking (364)
[2018.11.16-15.59.47:795][613]LogModuleManager: Shutting down and abandoning module GeometryCacheTracks (362)
[2018.11.16-15.59.47:795][613]LogModuleManager: Shutting down and abandoning module GeometryCacheSequencer (360)
[2018.11.16-15.59.47:796][613]LogModuleManager: Shutting down and abandoning module BackChannel (358)
[2018.11.16-15.59.47:796][613]LogModuleManager: Shutting down and abandoning module AppleVision (356)
[2018.11.16-15.59.47:796][613]LogModuleManager: Shutting down and abandoning module AppleImageUtils (354)
[2018.11.16-15.59.47:796][613]LogModuleManager: Shutting down and abandoning module AlembicImporter (352)
[2018.11.16-15.59.47:796][613]LogModuleManager: Shutting down and abandoning module AlembicLibrary (351)
[2018.11.16-15.59.47:796][613]LogModuleManager: Shutting down and abandoning module GeometryCache (350)
[2018.11.16-15.59.47:796][613]LogModuleManager: Shutting down and abandoning module GeometryCacheEd (349)
[2018.11.16-15.59.47:796][613]LogModuleManager: Shutting down and abandoning module DatasmithContentEditor (344)
[2018.11.16-15.59.47:796][613]LogModuleManager: Shutting down and abandoning module DatasmithContent (342)
[2018.11.16-15.59.47:796][613]LogModuleManager: Shutting down and abandoning module SpeedTreeImporter (340)
[2018.11.16-15.59.47:796][613]LogModuleManager: Shutting down and abandoning module PluginBrowser (338)
[2018.11.16-15.59.47:796][613]LogModuleManager: Shutting down and abandoning module MobileLauncherProfileWizard (336)
[2018.11.16-15.59.47:796][613]LogModuleManager: Shutting down and abandoning module PolygonModeling (334)
[2018.11.16-15.59.47:796][613]LogModuleManager: Shutting down and abandoning module MeshEditor (332)
[2018.11.16-15.59.47:796][613]LogModuleManager: Shutting down and abandoning module EditorScriptingUtilities (330)
[2018.11.16-15.59.47:796][613]LogModuleManager: Shutting down and abandoning module CryptoKeysOpenSSL (328)
[2018.11.16-15.59.47:796][613]LogModuleManager: Shutting down and abandoning module CryptoKeys (326)
[2018.11.16-15.59.47:796][613]LogModuleManager: Shutting down and abandoning module VisualStudioSourceCodeAccess (324)
[2018.11.16-15.59.47:796][613]LogModuleManager: Shutting down and abandoning module VisualStudioCodeSourceCodeAccess (322)
[2018.11.16-15.59.47:796][613]LogModuleManager: Shutting down and abandoning module UObjectPlugin (320)
[2018.11.16-15.59.47:796][613]LogModuleManager: Shutting down and abandoning module SubversionSourceControl (318)
[2018.11.16-15.59.47:796][613]LogModuleManager: Shutting down and abandoning module PerforceSourceControl (316)
[2018.11.16-15.59.47:796][613]LogModuleManager: Shutting down and abandoning module GitSourceControl (314)
[2018.11.16-15.59.47:796][613]LogModuleManager: Shutting down and abandoning module SourceControl (313)
[2018.11.16-15.59.47:796][613]LogModuleManager: Shutting down and abandoning module CLionSourceCodeAccess (310)
[2018.11.16-15.59.47:796][613]LogModuleManager: Shutting down and abandoning module LightPropagationVolumeEditor (308)
[2018.11.16-15.59.47:796][613]LogModuleManager: Shutting down and abandoning module PaperTiledImporter (306)
[2018.11.16-15.59.47:796][613]LogModuleManager: Shutting down and abandoning module PaperSpriteSheetImporter (304)
[2018.11.16-15.59.47:796][613]LogModuleManager: Shutting down and abandoning module Paper2DEditor (302)
[2018.11.16-15.59.47:796][613]LogModuleManager: Shutting down and abandoning module MeshPaint (301)
[2018.11.16-15.59.47:796][613]LogModuleManager: Shutting down and abandoning module RuntimePhysXCooking (298)
[2018.11.16-15.59.47:797][613]LogModuleManager: Shutting down and abandoning module PhysXVehiclesEditor (296)
[2018.11.16-15.59.47:797][613]LogModuleManager: Shutting down and abandoning module PhysXVehicles (294)
[2018.11.16-15.59.47:797][613]LogModuleManager: Shutting down and abandoning module OculusEditor (292)
[2018.11.16-15.59.47:797][613]LogModuleManager: Shutting down and abandoning module LocationServicesBPLibrary (290)
[2018.11.16-15.59.47:797][613]LogModuleManager: Shutting down and abandoning module ImmediatePhysicsEditor (288)
[2018.11.16-15.59.47:797][613]LogModuleManager: Shutting down and abandoning module ImmediatePhysics (286)
[2018.11.16-15.59.47:797][613]LogModuleManager: Shutting down and abandoning module ActorSequence (284)
[2018.11.16-15.59.47:797][613]LogModuleManager: Shutting down and abandoning module UdpMessaging (282)
[2018.11.16-15.59.47:897][613]LogModuleManager: Shutting down and abandoning module TcpMessaging (280)
[2018.11.16-15.59.47:998][613]LogModuleManager: Shutting down and abandoning module MagicLeapAudio (278)
[2018.11.16-15.59.47:998][613]LogModuleManager: Shutting down and abandoning module GameplayTagsEditor (276)
[2018.11.16-15.59.47:998][613]LogModuleManager: Shutting down and abandoning module FacialAnimationEditor (274)
[2018.11.16-15.59.47:998][613]LogModuleManager: Shutting down and abandoning module FacialAnimation (272)
[2018.11.16-15.59.47:998][613]LogModuleManager: Shutting down and abandoning module DataValidation (270)
[2018.11.16-15.59.47:998][613]LogModuleManager: Shutting down and abandoning module AssetManagerEditor (268)
[2018.11.16-15.59.47:998][613]LogModuleManager: Shutting down and abandoning module LevelEditor (267)
[2018.11.16-15.59.47:999][613]LogModuleManager: Shutting down and abandoning module PixelInspectorModule (266)
[2018.11.16-15.59.47:999][613]LogModuleManager: Shutting down and abandoning module CommonMenuExtensions (264)
[2018.11.16-15.59.48:000][613]LogModuleManager: Shutting down and abandoning module MainFrame (262)
[2018.11.16-15.59.48:000][613]LogModuleManager: Shutting down and abandoning module HotReload (261)
[2018.11.16-15.59.48:000][613]LogModuleManager: Shutting down and abandoning module ContentBrowser (257)
[2018.11.16-15.59.48:001][613]LogModuleManager: Shutting down and abandoning module TreeMap (255)
[2018.11.16-15.59.48:001][613]LogModuleManager: Shutting down and abandoning module LightPropagationVolumeRuntime (252)
[2018.11.16-15.59.48:001][613]LogModuleManager: Shutting down and abandoning module AISupportModule (250)
[2018.11.16-15.59.48:001][613]LogModuleManager: Shutting down and abandoning module Paper2D (248)
[2018.11.16-15.59.48:001][613]LogModuleManager: Shutting down and abandoning module WindowsMoviePlayer (246)
[2018.11.16-15.59.48:001][613]LogModuleManager: Shutting down and abandoning module WmfMedia (244)
[2018.11.16-15.59.48:003][613]LogModuleManager: Shutting down and abandoning module Media (243)
[2018.11.16-15.59.48:009][613]LogModuleManager: Shutting down and abandoning module PacketHandler (240)
[2018.11.16-15.59.48:009][613]LogModuleManager: Shutting down and abandoning module ClothingSystemEditor (238)
[2018.11.16-15.59.48:009][613]LogModuleManager: Shutting down and abandoning module ClothingSystemRuntime (236)
[2018.11.16-15.59.48:010][613]LogModuleManager: Shutting down and abandoning module MediaAssets (234)
[2018.11.16-15.59.48:010][613]LogModuleManager: Shutting down and abandoning module Overlay (232)
[2018.11.16-15.59.48:010][613]LogModuleManager: Shutting down and abandoning module OverlayEditor (231)
[2018.11.16-15.59.48:010][613]LogModuleManager: Shutting down and abandoning module VREditor (228)
[2018.11.16-15.59.48:010][613]LogModuleManager: Shutting down and abandoning module StringTableEditor (226)
[2018.11.16-15.59.48:010][613]LogModuleManager: Shutting down and abandoning module GameplayTasksEditor (224)
[2018.11.16-15.59.48:010][613]LogModuleManager: Shutting down and abandoning module BehaviorTreeEditor (222)
[2018.11.16-15.59.48:010][613]LogModuleManager: Shutting down and abandoning module FunctionalTesting (220)
[2018.11.16-15.59.48:010][613]LogModuleManager: Shutting down and abandoning module CollisionAnalyzer (218)
[2018.11.16-15.59.48:010][613]LogModuleManager: Shutting down and abandoning module WorkspaceMenuStructure (217)
[2018.11.16-15.59.48:010][613]LogModuleManager: Shutting down and abandoning module UMG (214)
[2018.11.16-15.59.48:010][613]LogModuleManager: Shutting down and abandoning module UMGEditor (213)
[2018.11.16-15.59.48:010][613]LogModuleManager: Shutting down and abandoning module Sequencer (212)
[2018.11.16-15.59.48:010][613]LogModuleManager: Shutting down and abandoning module MessageLog (209)
[2018.11.16-15.59.48:010][613]LogModuleManager: Shutting down and abandoning module SlateReflector (204)
[2018.11.16-15.59.48:010][613]LogModuleManager: Shutting down and abandoning module Slate (202)
[2018.11.16-15.59.48:010][613]LogModuleManager: Shutting down and abandoning module EditorStyle (200)
[2018.11.16-15.59.48:012][613]LogModuleManager: Shutting down and abandoning module MRMesh (198)
[2018.11.16-15.59.48:012][613]LogModuleManager: Shutting down and abandoning module SourceCodeAccess (196)
[2018.11.16-15.59.48:012][613]LogModuleManager: Shutting down and abandoning module HeadMountedDisplay (194)
[2018.11.16-15.59.48:013][613]LogModuleManager: Shutting down and abandoning module XAudio2 (192)
[2018.11.16-15.59.48:013][613]LogModuleManager: Shutting down and abandoning module Networking (190)
[2018.11.16-15.59.48:013][613]LogModuleManager: Shutting down and abandoning module Core (188)
[2018.11.16-15.59.48:013][613]LogModuleManager: Shutting down and abandoning module LevelSequence (186)
[2018.11.16-15.59.48:013][613]LogModuleManager: Shutting down and abandoning module KismetCompiler (184)
[2018.11.16-15.59.48:013][613]LogModuleManager: Shutting down and abandoning module MeshUtilities (182)
[2018.11.16-15.59.48:013][613]LogModuleManager: Shutting down and abandoning module MeshMergeUtilities (181)
[2018.11.16-15.59.48:013][613]LogModuleManager: Shutting down and abandoning module MeshReductionInterface (180)
[2018.11.16-15.59.48:013][613]LogModuleManager: Shutting down and abandoning module SimplygonSwarm (179)
[2018.11.16-15.59.48:013][613]LogModuleManager: Shutting down and abandoning module ProxyLODMeshReduction (177)
[2018.11.16-15.59.48:013][613]LogModuleManager: Shutting down and abandoning module SimplygonMeshReduction (175)
[2018.11.16-15.59.48:013][613]LogModuleManager: Shutting down and abandoning module QuadricMeshReduction (173)
[2018.11.16-15.59.48:013][613]LogModuleManager: Shutting down and abandoning module MaterialBaking (169)
[2018.11.16-15.59.48:013][613]LogModuleManager: Shutting down and abandoning module DirectoryWatcher (165)
[2018.11.16-15.59.48:013][613]LogModuleManager: Shutting down and abandoning module DerivedDataCache (162)
[2018.11.16-15.59.48:069][613]LogDerivedDataCache: Shutdown
[2018.11.16-15.59.48:069][613]LogModuleManager: Shutting down and abandoning module XGEController (160)
[2018.11.16-15.59.48:069][613]LogModuleManager: Shutting down and abandoning module TargetPlatform (158)
[2018.11.16-15.59.48:069][613]LogModuleManager: Shutting down and abandoning module VulkanShaderFormat (157)
[2018.11.16-15.59.48:069][613]LogModuleManager: Shutting down and abandoning module ShaderFormatVectorVM (155)
[2018.11.16-15.59.48:069][613]LogModuleManager: Shutting down and abandoning module ShaderFormatOpenGL (153)
[2018.11.16-15.59.48:069][613]LogModuleManager: Shutting down and abandoning module ShaderFormatD3D (151)
[2018.11.16-15.59.48:069][613]LogModuleManager: Shutting down and abandoning module MetalShaderFormat (149)
[2018.11.16-15.59.48:069][613]LogModuleManager: Shutting down and abandoning module TextureFormatUncompressed (147)
[2018.11.16-15.59.48:069][613]LogModuleManager: Shutting down and abandoning module TextureFormatPVR (145)
[2018.11.16-15.59.48:069][613]LogModuleManager: Shutting down and abandoning module TextureFormatDXT (143)
[2018.11.16-15.59.48:070][613]LogModuleManager: Shutting down and abandoning module TextureFormatIntelISPCTexComp (141)
[2018.11.16-15.59.48:070][613]LogModuleManager: Shutting down and abandoning module TextureFormatASTC (139)
[2018.11.16-15.59.48:070][613]LogModuleManager: Shutting down and abandoning module ImageWrapper (138)
[2018.11.16-15.59.48:070][613]LogModuleManager: Shutting down and abandoning module TextureFormatAndroid (135)
[2018.11.16-15.59.48:070][613]LogModuleManager: Shutting down and abandoning module AudioFormatOpus (133)
[2018.11.16-15.59.48:070][613]LogModuleManager: Shutting down and abandoning module AudioFormatOgg (131)
[2018.11.16-15.59.48:070][613]LogModuleManager: Shutting down and abandoning module AudioFormatADPCM (129)
[2018.11.16-15.59.48:070][613]LogModuleManager: Shutting down and abandoning module LuminTargetPlatform (127)
[2018.11.16-15.59.48:070][613]LogModuleManager: Shutting down and abandoning module LinuxTargetPlatform (125)
[2018.11.16-15.59.48:070][613]LogModuleManager: Shutting down and abandoning module LinuxServerTargetPlatform (123)
[2018.11.16-15.59.48:070][613]LogModuleManager: Shutting down and abandoning module LinuxNoEditorTargetPlatform (121)
[2018.11.16-15.59.48:070][613]LogModuleManager: Shutting down and abandoning module LinuxClientTargetPlatform (119)
[2018.11.16-15.59.48:070][613]LogModuleManager: Shutting down and abandoning module TVOSTargetPlatform (117)
[2018.11.16-15.59.48:071][613]LogModuleManager: Shutting down and abandoning module Messaging (115)
[2018.11.16-15.59.48:072][613]LogModuleManager: Shutting down and abandoning module IOSTargetPlatform (113)
[2018.11.16-15.59.48:073][613]LogModuleManager: Shutting down and abandoning module HTML5TargetPlatform (111)
[2018.11.16-15.59.48:073][613]LogModuleManager: Shutting down and abandoning module AndroidTargetPlatform (109)
[2018.11.16-15.59.48:089][613]LogModuleManager: Shutting down and abandoning module WindowsTargetPlatform (107)
[2018.11.16-15.59.48:089][613]LogModuleManager: Shutting down and abandoning module WindowsServerTargetPlatform (105)
[2018.11.16-15.59.48:089][613]LogModuleManager: Shutting down and abandoning module WindowsNoEditorTargetPlatform (103)
[2018.11.16-15.59.48:089][613]LogModuleManager: Shutting down and abandoning module WindowsClientTargetPlatform (101)
[2018.11.16-15.59.48:089][613]LogModuleManager: Shutting down and abandoning module MacTargetPlatform (99)
[2018.11.16-15.59.48:090][613]LogModuleManager: Shutting down and abandoning module MacServerTargetPlatform (97)
[2018.11.16-15.59.48:090][613]LogModuleManager: Shutting down and abandoning module MacNoEditorTargetPlatform (95)
[2018.11.16-15.59.48:090][613]LogModuleManager: Shutting down and abandoning module MacClientTargetPlatform (93)
[2018.11.16-15.59.48:090][613]LogModuleManager: Shutting down and abandoning module AllDesktopTargetPlatform (91)
[2018.11.16-15.59.48:090][613]LogModuleManager: Shutting down and abandoning module InputCore (88)
[2018.11.16-15.59.48:090][613]LogModuleManager: Shutting down and abandoning module Settings (86)
[2018.11.16-15.59.48:090][613]LogModuleManager: Shutting down and abandoning module PhysXCooking (84)
[2018.11.16-15.59.48:090][613]LogModuleManager: Shutting down and abandoning module SteamVR (82)
[2018.11.16-15.59.48:090][613]LogModuleManager: Shutting down and abandoning module OculusHMD (80)
[2018.11.16-15.59.48:090][613]LogModuleManager: Shutting down and abandoning module ExampleDeviceProfileSelector (78)
[2018.11.16-15.59.48:090][613]LogModuleManager: Shutting down and abandoning module LauncherChunkInstaller (76)
[2018.11.16-15.59.48:090][613]LogModuleManager: Shutting down and abandoning module OnlineBlueprintSupport (74)
[2018.11.16-15.59.48:090][613]LogModuleManager: Shutting down and abandoning module OnlineSubsystem (70)
[2018.11.16-15.59.48:091][613]LogModuleManager: Shutting down and abandoning module XMPP (65)
[2018.11.16-15.59.48:091][613]LogModuleManager: Shutting down and abandoning module WebSockets (64)
[2018.11.16-15.59.48:114][613]LogModuleManager: Shutting down and abandoning module HTTP (61)
[2018.11.16-15.59.48:114][613]LogHttp: Display: Http module shutting down, but needs to wait on 1 outstanding Http requests:
[2018.11.16-15.59.48:114][613]LogHttp: Display: 	verb=[POST] url=[https://datarouter.ol.epicgames.com/datarouter/api/v1/public/data?SessionID=%7B0726B4A6-455F-0666-1425-1DADFF2DD87E%7D&AppID=UEEditor.Rocket.Release&AppVersion=4.20.3-4369336%2B%2B%2BUE4%2BRelease-4.20&UserID=a9864b524110b699e83b6cbeac3ff3af%7Cb4319a6f64ce4bab81b4c77a6912fec3%7Cd000874f-971c-48bf-9fff-1882a27a711e&AppEnvironment=datacollector-binary&UploadType=eteventstream] status=Processing
[2018.11.16-15.59.48:125][613]LogModuleManager: Shutting down and abandoning module SSL (60)
[2018.11.16-15.59.48:127][613]LogModuleManager: Shutting down and abandoning module MagicLeapEmulator (56)
[2018.11.16-15.59.48:127][613]LogModuleManager: Shutting down and abandoning module MagicLeapPrivileges (54)
[2018.11.16-15.59.48:127][613]LogModuleManager: Shutting down and abandoning module MagicLeapIdentity (52)
[2018.11.16-15.59.48:127][613]LogModuleManager: Shutting down and abandoning module MagicLeapHelperVulkan (50)
[2018.11.16-15.59.48:127][613]LogModuleManager: Shutting down and abandoning module MagicLeapHelperOpenGL (48)
[2018.11.16-15.59.48:127][613]LogModuleManager: Shutting down and abandoning module MagicLeapSecureStorage (46)
[2018.11.16-15.59.48:127][613]LogModuleManager: Shutting down and abandoning module MagicLeapGestures (44)
[2018.11.16-15.59.48:127][613]LogModuleManager: Shutting down and abandoning module MagicLeapEyeTracker (42)
[2018.11.16-15.59.48:127][613]LogModuleManager: Shutting down and abandoning module MagicLeapController (40)
[2018.11.16-15.59.48:127][613]LogSlate: Slate User Destroyed.  User Index 0, Is Virtual User: 0
[2018.11.16-15.59.48:127][613]LogModuleManager: Shutting down and abandoning module MagicLeap (38)
[2018.11.16-15.59.48:128][613]LogModuleManager: Shutting down and abandoning module AnimationModifiers (36)
[2018.11.16-15.59.48:128][613]LogModuleManager: Shutting down and abandoning module PropertyEditor (35)
[2018.11.16-15.59.48:128][613]LogModuleManager: Shutting down and abandoning module AudioEditor (32)
[2018.11.16-15.59.48:128][613]LogModuleManager: Shutting down and abandoning module TextureCompressor (30)
[2018.11.16-15.59.48:128][613]LogModuleManager: Shutting down and abandoning module ShaderCore (28)
[2018.11.16-15.59.48:128][613]LogModuleManager: Shutting down and abandoning module Landscape (26)
[2018.11.16-15.59.48:128][613]LogModuleManager: Shutting down and abandoning module SlateRHIRenderer (24)
[2018.11.16-15.59.48:130][613]LogModuleManager: Shutting down and abandoning module OpenGLDrv (22)
[2018.11.16-15.59.48:130][613]LogModuleManager: Shutting down and abandoning module D3D11RHI (20)
[2018.11.16-15.59.48:130][613]LogModuleManager: Shutting down and abandoning module AnimGraphRuntime (18)
[2018.11.16-15.59.48:130][613]LogModuleManager: Shutting down and abandoning module Renderer (16)
[2018.11.16-15.59.48:130][613]LogModuleManager: Shutting down and abandoning module Engine (14)
[2018.11.16-15.59.48:131][613]LogModuleManager: Shutting down and abandoning module CoreUObject (12)
[2018.11.16-15.59.48:131][613]LogModuleManager: Shutting down and abandoning module NetworkFile (10)
[2018.11.16-15.59.48:131][613]LogModuleManager: Shutting down and abandoning module CookedIterativeFile (8)
[2018.11.16-15.59.48:131][613]LogModuleManager: Shutting down and abandoning module StreamingFile (6)
[2018.11.16-15.59.48:131][613]LogModuleManager: Shutting down and abandoning module SandboxFile (4)
[2018.11.16-15.59.48:131][613]LogModuleManager: Shutting down and abandoning module PakFile (2)
[2018.11.16-15.59.48:146][613]LogExit: Exiting.
[2018.11.16-15.59.48:181][613]Log file closed, 11/16/18 16:59:48
