Log file open, 11/14/18 21:01:13
LogWindows: Failed to load 'aqProf.dll' (GetLastError=126)
LogWindows: File 'aqProf.dll' does not exist
LogWindows: Failed to load 'VSPerf140.dll' (GetLastError=126)
LogWindows: File 'VSPerf140.dll' does not exist
LogWindows: Failed to load 'VtuneApi.dll' (GetLastError=126)
LogWindows: File 'VtuneApi.dll' does not exist
LogWindows: Failed to load 'VtuneApi32e.dll' (GetLastError=126)
LogWindows: File 'VtuneApi32e.dll' does not exist
LogInit: Display: Running engine for game: Donjon
LogPlatformFile: Not using cached read wrapper
LogTaskGraph: Started task graph with 5 named threads and 23 total threads with 3 sets of task threads.
LogStats: Stats thread started at 0.339126
LogD3D11RHI: Loaded GFSDK_Aftermath_Lib.x64.dll
LogICUInternationalization: Display: ICU TimeZone Detection - Raw Offset: +1:00, Platform Override: ''
LogPluginManager: Mounting plugin Paper2D
LogPluginManager: Mounting plugin AISupport
LogPluginManager: Mounting plugin LightPropagationVolume
LogPluginManager: Mounting plugin CLionSourceCodeAccess
LogPluginManager: Mounting plugin CodeLiteSourceCodeAccess
LogPluginManager: Mounting plugin GitSourceControl
LogPluginManager: Mounting plugin KDevelopSourceCodeAccess
LogPluginManager: Mounting plugin NullSourceCodeAccess
LogPluginManager: Mounting plugin PerforceSourceControl
LogPluginManager: Mounting plugin SubversionSourceControl
LogPluginManager: Mounting plugin UObjectPlugin
LogPluginManager: Mounting plugin VisualStudioCodeSourceCodeAccess
LogPluginManager: Mounting plugin VisualStudioSourceCodeAccess
LogPluginManager: Mounting plugin XCodeSourceCodeAccess
LogPluginManager: Mounting plugin AssetManagerEditor
LogPluginManager: Mounting plugin CryptoKeys
LogPluginManager: Mounting plugin DataValidation
LogPluginManager: Mounting plugin EditorScriptingUtilities
LogPluginManager: Mounting plugin FacialAnimation
LogPluginManager: Mounting plugin GameplayTagsEditor
LogPluginManager: Mounting plugin MacGraphicsSwitching
LogPluginManager: Mounting plugin MeshEditor
LogPluginManager: Mounting plugin MobileLauncherProfileWizard
LogPluginManager: Mounting plugin PluginBrowser
LogPluginManager: Mounting plugin SpeedTreeImporter
LogPluginManager: Mounting plugin DatasmithContent
LogPluginManager: Mounting plugin AlembicImporter
LogPluginManager: Mounting plugin AppleImageUtils
LogPluginManager: Mounting plugin AppleVision
LogPluginManager: Mounting plugin BackChannel
LogPluginManager: Mounting plugin CharacterAI
LogPluginManager: Mounting plugin GeometryCache
LogPluginManager: Mounting plugin HTML5Networking
LogPluginManager: Mounting plugin ProxyLODPlugin
LogPluginManager: Mounting plugin MagicLeap
LogPluginManager: Mounting plugin MagicLeapEmulator
LogPluginManager: Mounting plugin MagicLeapMedia
LogPluginManager: Mounting plugin AndroidMedia
LogPluginManager: Mounting plugin AvfMedia
LogPluginManager: Mounting plugin ImgMedia
LogPluginManager: Mounting plugin LinearTimecode
LogPluginManager: Mounting plugin MediaCompositing
LogPluginManager: Mounting plugin MediaPlayerEditor
LogPluginManager: Mounting plugin WmfMedia
LogPluginManager: Mounting plugin TcpMessaging
LogPluginManager: Mounting plugin UdpMessaging
LogPluginManager: Mounting plugin ActorSequence
LogPluginManager: Mounting plugin LevelSequenceEditor
LogPluginManager: Mounting plugin MatineeToLevelSequence
LogPluginManager: Mounting plugin NetcodeUnitTest
LogPluginManager: Mounting plugin NUTUnrealEngine4
LogPluginManager: Mounting plugin OnlineSubsystemGooglePlay
LogPluginManager: Mounting plugin OnlineSubsystemIOS
LogPluginManager: Mounting plugin OnlineSubsystem
LogPluginManager: Mounting plugin OnlineSubsystemNull
LogPluginManager: Mounting plugin OnlineSubsystemUtils
LogPluginManager: Mounting plugin LauncherChunkInstaller
LogPluginManager: Mounting plugin AndroidDeviceProfileSelector
LogPluginManager: Mounting plugin AndroidMoviePlayer
LogPluginManager: Mounting plugin AndroidPermission
LogPluginManager: Mounting plugin AppleMoviePlayer
LogPluginManager: Mounting plugin ArchVisCharacter
LogPluginManager: Mounting plugin AudioCapture
LogPluginManager: Mounting plugin CableComponent
LogPluginManager: Mounting plugin CustomMeshComponent
LogPluginManager: Mounting plugin EditableMesh
LogPluginManager: Mounting plugin ExampleDeviceProfileSelector
LogPluginManager: Mounting plugin GoogleCloudMessaging
LogPluginManager: Mounting plugin ImmediatePhysics
LogPluginManager: Mounting plugin IOSDeviceProfileSelector
LogPluginManager: Mounting plugin LinuxDeviceProfileSelector
LogPluginManager: Mounting plugin LocationServicesBPLibrary
LogPluginManager: Mounting plugin MobilePatchingUtils
LogPluginManager: Mounting plugin OculusVR
LogPluginManager: Plugin shader directory ../../../Engine/Plugins/Runtime/Oculus/OculusVR/Shaders found
LogPluginManager: Mapping shader source directory ../../../Engine/Plugins/Runtime/Oculus/OculusVR/Shaders to virtual directory /Plugin/OculusVR
LogPluginManager: Mounting plugin PhysXVehicles
LogPluginManager: Mounting plugin ProceduralMeshComponent
LogPluginManager: Mounting plugin RuntimePhysXCooking
LogPluginManager: Mounting plugin SteamVR
LogPluginManager: Mounting plugin WindowsMoviePlayer
LogPluginManager: Mounting plugin DatasmithCADImporter
LogPluginManager: Mounting plugin DatasmithFBXImporter
LogPluginManager: Mounting plugin DatasmithImporter
LogPluginManager: Mounting plugin DatasmithMDLImporter
LogPluginManager: Mounting plugin StaticMeshEditorExtension
LogStreaming: Display: Took  0.327s to configure plugins.
LogInit: Using libcurl 7.55.1-DEV
LogInit:  - built for x86_64-pc-win32
LogInit:  - supports SSL with OpenSSL/1.0.2h
LogInit:  - supports HTTP deflate (compression) using libz 1.2.8
LogInit:  - other features:
LogInit:      CURL_VERSION_SSL
LogInit:      CURL_VERSION_LIBZ
LogInit:      CURL_VERSION_IPV6
LogInit:      CURL_VERSION_ASYNCHDNS
LogInit:      CURL_VERSION_LARGEFILE
LogInit:      CURL_VERSION_IDN
LogInit:  CurlRequestOptions (configurable via config and command line):
LogInit:  - bVerifyPeer = false  - Libcurl will NOT verify peer certificate
LogInit:  - bUseHttpProxy = false  - Libcurl will NOT use HTTP proxy
LogInit:  - bDontReuseConnections = false  - Libcurl will reuse connections
LogInit:  - CertBundlePath = nullptr  - Libcurl will use whatever was configured at build time.
LogInit:  - MaxHostConnections = 16  - Libcurl will limit the number of connections to a host
LogInit:  - LocalHostAddr = Default
LogInit:  - BufferSize = 65536
LogInit: WinSock: version 1.1 (2.2), MaxSocks=32767, MaxUdp=65467
LogInit: Build: ++UE4+Release-4.20-CL-4369336
LogInit: Engine Version: 4.20.3-4369336+++UE4+Release-4.20
LogInit: Compatible Engine Version: 4.20.0-4212847+++UE4+Release-4.20
LogInit: Net CL: 4212847
LogInit: OS: Windows 10 (), CPU: Intel(R) Core(TM) i7-7700HQ CPU @ 2.80GHz, GPU: Intel(R) HD Graphics 630
LogInit: Compiled (64-bit): Sep 17 2018 12:26:19
LogInit: Compiled with Visual C++: 19.13.26129.00
LogInit: Build Configuration: Development
LogInit: Branch Name: ++UE4+Release-4.20
LogInit: Command Line: 
LogInit: Base Directory: D:/Unreal Engine 4/UE_4.20/Engine/Binaries/Win64/
LogInit: Installed Engine Build: 1
LogDevObjectVersion: Number of dev versions registered: 20
LogDevObjectVersion:   Dev-Blueprints (B0D832E4-1F89-4F0D-ACCF-7EB736FD4AA2): 10
LogDevObjectVersion:   Dev-Build (E1C64328-A22C-4D53-A36C-8E866417BD8C): 0
LogDevObjectVersion:   Dev-Core (375EC13C-06E4-48FB-B500-84F0262A717E): 2
LogDevObjectVersion:   Dev-Editor (E4B068ED-F494-42E9-A231-DA0B2E46BB41): 24
LogDevObjectVersion:   Dev-Framework (CFFC743F-43B0-4480-9391-14DF171D2073): 34
LogDevObjectVersion:   Dev-Mobile (B02B49B5-BB20-44E9-A304-32B752E40360): 2
LogDevObjectVersion:   Dev-Networking (A4E4105C-59A1-49B5-A7C5-40C4547EDFEE): 0
LogDevObjectVersion:   Dev-Online (39C831C9-5AE6-47DC-9A44-9C173E1C8E7C): 0
LogDevObjectVersion:   Dev-Physics (78F01B33-EBEA-4F98-B9B4-84EACCB95AA2): 0
LogDevObjectVersion:   Dev-Platform (6631380F-2D4D-43E0-8009-CF276956A95A): 0
LogDevObjectVersion:   Dev-Rendering (12F88B9F-8875-4AFC-A67C-D90C383ABD29): 26
LogDevObjectVersion:   Dev-Sequencer (7B5AE74C-D270-4C10-A958-57980B212A5A): 9
LogDevObjectVersion:   Dev-VR (D7296918-1DD6-4BDD-9DE2-64A83CC13884): 2
LogDevObjectVersion:   Dev-LoadTimes (C2A15278-BFE7-4AFE-6C17-90FF531DF755): 1
LogDevObjectVersion:   Private-Geometry (6EACA3D4-40EC-4CC1-B786-8BED09428FC5): 3
LogDevObjectVersion:   Dev-AnimPhys (29E575DD-E0A3-4627-9D10-D276232CDCEA): 17
LogDevObjectVersion:   Dev-ReflectionCapture (6B266CEC-1EC7-4B8F-A30B-E4D90942FC07): 1
LogDevObjectVersion:   Dev-Automation (0DF73D61-A23F-47EA-B727-89E90C41499A): 1
LogDevObjectVersion:   FortniteMain (601D1886-AC64-4F84-AA16-D3DE0DEAC7D6): 12
LogDevObjectVersion:   Dev-Enterprise (9DFFBCD6-494F-0158-E221-12823C92A888): 1
LogStreaming: Display: Took  0.032s to delete old logs.
LogInit: Presizing for max 8388607 objects, including 0 objects not considered by GC, pre-allocating 0 bytes for permanent pool.
LogInit: Object subsystem initialized
[2018.11.14-20.01.14:519][  0]LogInit: Selected Device Profile: [Windows]
[2018.11.14-20.01.14:519][  0]LogInit: Applying CVar settings loaded from the selected device profile: [Windows]
[2018.11.14-20.01.14:557][  0]LogHAL: Display: Platform has ~ 16 GB [17059442688 / 17179869184 / 16], which maps to Larger [LargestMinGB=32, LargerMinGB=12, DefaultMinGB=8, SmallerMinGB=6, SmallestMinGB=0)
[2018.11.14-20.01.14:557][  0]LogInit: Setting Device Profile CVar: [[r.Vulkan.UseRealUBs:1]]
[2018.11.14-20.01.14:557][  0]LogInit: Going up to parent DeviceProfile []
[2018.11.14-20.01.14:558][  0]LogInit: Computer: MSI
[2018.11.14-20.01.14:558][  0]LogInit: User: Killian
[2018.11.14-20.01.14:558][  0]LogInit: CPU Page size=4096, Cores=4
[2018.11.14-20.01.14:558][  0]LogInit: High frequency timer resolution =2.742191 MHz
[2018.11.14-20.01.14:558][  0]LogMemory: Memory total: Physical=15.9GB (16GB approx)
[2018.11.14-20.01.14:558][  0]LogMemory: Platform Memory Stats for Windows
[2018.11.14-20.01.14:558][  0]LogMemory: Process Physical Memory: 99.75 MB used, 99.75 MB peak
[2018.11.14-20.01.14:558][  0]LogMemory: Process Virtual Memory: 90.82 MB used, 90.82 MB peak
[2018.11.14-20.01.14:558][  0]LogMemory: Physical Memory: 6723.95 MB used,  9545.20 MB free, 16269.15 MB total
[2018.11.14-20.01.14:558][  0]LogMemory: Virtual Memory: 4644.85 MB used,  9545.20 MB free, 134217728.00 MB total
[2018.11.14-20.01.14:576][  0]LogInit: Using OS detected language (fr-FR).
[2018.11.14-20.01.14:576][  0]LogInit: Using OS detected locale (fr-FR).
[2018.11.14-20.01.14:576][  0]LogTextLocalizationManager: No specific localization for 'fr-FR' exists, so the 'fr' localization will be used.
[2018.11.14-20.01.14:578][  0]LogStreaming: Display: Took  0.002s to InitEngineTextLocalization.
[2018.11.14-20.01.14:578][  0]LogInit: Setting process to per monitor DPI aware
[2018.11.14-20.01.14:654][  0]LogSlate: New Slate User Created.  User Index 0, Is Virtual User: 0
[2018.11.14-20.01.14:654][  0]LogSlate: Slate User Registered.  User Index 0, Is Virtual User: 0
[2018.11.14-20.01.14:953][  0]LogHMD: Failed to initialize OpenVR with code 126
[2018.11.14-20.01.14:953][  0]LogD3D11RHI: D3D11 adapters:
[2018.11.14-20.01.15:032][  0]LogD3D11RHI:    0. 'NVIDIA GeForce GTX 1060' (Feature Level 11_0)
[2018.11.14-20.01.15:032][  0]LogD3D11RHI:       2987/0/8134 MB DedicatedVideo/DedicatedSystem/SharedSystem, Outputs:1, VendorId:0x10de
[2018.11.14-20.01.15:040][  0]LogD3D11RHI:    1. 'Intel(R) HD Graphics 630' (Feature Level 11_0)
[2018.11.14-20.01.15:040][  0]LogD3D11RHI:       128/0/8134 MB DedicatedVideo/DedicatedSystem/SharedSystem, Outputs:0, VendorId:0x8086
[2018.11.14-20.01.15:042][  0]LogD3D11RHI:    2. 'Microsoft Basic Render Driver' (Feature Level 11_0)
[2018.11.14-20.01.15:042][  0]LogD3D11RHI:       0/0/8134 MB DedicatedVideo/DedicatedSystem/SharedSystem, Outputs:0, VendorId:0x1414
[2018.11.14-20.01.15:042][  0]LogD3D11RHI: Chosen D3D11 Adapter: 0
[2018.11.14-20.01.15:060][  0]LogD3D11RHI: Creating new Direct3DDevice
[2018.11.14-20.01.15:060][  0]LogD3D11RHI:     GPU DeviceId: 0x1c20 (for the marketing name, search the web for "GPU Device Id")
[2018.11.14-20.01.15:060][  0]LogWindows: EnumDisplayDevices:
[2018.11.14-20.01.15:061][  0]LogWindows:    0. 'Intel(R) HD Graphics 630' (P:1 D:1)
[2018.11.14-20.01.15:061][  0]LogWindows:    1. 'Intel(R) HD Graphics 630' (P:0 D:0)
[2018.11.14-20.01.15:061][  0]LogWindows:    2. 'Intel(R) HD Graphics 630' (P:0 D:0)
[2018.11.14-20.01.15:062][  0]LogWindows:    3. 'NVIDIA GeForce GTX 1060' (P:0 D:0)
[2018.11.14-20.01.15:062][  0]LogWindows:    4. 'NVIDIA GeForce GTX 1060' (P:0 D:0)
[2018.11.14-20.01.15:062][  0]LogWindows:    5. 'NVIDIA GeForce GTX 1060' (P:0 D:0)
[2018.11.14-20.01.15:062][  0]LogWindows:    6. 'NVIDIA GeForce GTX 1060' (P:0 D:0)
[2018.11.14-20.01.15:063][  0]LogWindows: DebugString: PrimaryIsNotTheChoosenAdapter PrimaryIsNotTheChoosenAdapter PrimaryIsNotTheChoosenAdapter FoundDriverCount:4 
[2018.11.14-20.01.15:063][  0]LogD3D11RHI:     Adapter Name: NVIDIA GeForce GTX 1060
[2018.11.14-20.01.15:063][  0]LogD3D11RHI:   Driver Version: 399.01 (internal:24.21.13.9901, unified:399.01)
[2018.11.14-20.01.15:063][  0]LogD3D11RHI:      Driver Date: 8-13-2018
[2018.11.14-20.01.15:063][  0]LogRHI: Texture pool is 2090 MB (70% of 2987 MB)
[2018.11.14-20.01.15:107][  0]LogD3D11RHI: Async texture creation enabled
[2018.11.14-20.01.15:124][  0]LogD3D11RHI: GPU Timing Frequency: 1000.000000 (Debug: 2 2)
[2018.11.14-20.01.15:125][  0]LogShaderCompilers: Guid format shader working directory is -20 characters bigger than the processId version (../../../../../E-artsup/B2/Unreal/PiscineUnreal/PiscnieUnreal/Donjon/Intermediate/Shaders/WorkingDirectory/6264/).
[2018.11.14-20.01.15:125][  0]LogShaderCompilers: Cleaned the shader compiler working directory 'C:/Users/Killian/AppData/Local/Temp/UnrealShaderWorkingDir/71B37D8A495898E18032FC987D79DA4C/'.
[2018.11.14-20.01.15:421][  0]LogTemp: Display: Loaded TP AllDesktopTargetPlatform
[2018.11.14-20.01.15:438][  0]LogTemp: Display: Loaded TP MacClientTargetPlatform
[2018.11.14-20.01.15:449][  0]LogTemp: Display: Loaded TP MacNoEditorTargetPlatform
[2018.11.14-20.01.15:462][  0]LogTemp: Display: Loaded TP MacServerTargetPlatform
[2018.11.14-20.01.15:476][  0]LogTemp: Display: Loaded TP MacTargetPlatform
[2018.11.14-20.01.15:491][  0]LogTemp: Display: Loaded TP WindowsClientTargetPlatform
[2018.11.14-20.01.15:504][  0]LogTemp: Display: Loaded TP WindowsNoEditorTargetPlatform
[2018.11.14-20.01.15:516][  0]LogTemp: Display: Loaded TP WindowsServerTargetPlatform
[2018.11.14-20.01.15:524][  0]LogTemp: Display: Loaded TP WindowsTargetPlatform
[2018.11.14-20.01.15:620][  0]LogTemp: Display: Loaded TP AndroidTargetPlatform
[2018.11.14-20.01.15:620][  0]LogTemp: Display: Loaded TP AndroidTargetPlatform
[2018.11.14-20.01.15:620][  0]LogTemp: Display: Loaded TP AndroidTargetPlatform
[2018.11.14-20.01.15:620][  0]LogTemp: Display: Loaded TP AndroidTargetPlatform
[2018.11.14-20.01.15:620][  0]LogTemp: Display: Loaded TP AndroidTargetPlatform
[2018.11.14-20.01.15:620][  0]LogTemp: Display: Loaded TP AndroidTargetPlatform
[2018.11.14-20.01.15:620][  0]LogTemp: Display: Loaded TP AndroidTargetPlatform
[2018.11.14-20.01.15:620][  0]LogTemp: Display: Loaded TP AndroidTargetPlatform
[2018.11.14-20.01.15:620][  0]LogTemp: Display: Loaded TP AndroidTargetPlatform
[2018.11.14-20.01.15:620][  0]LogTemp: Display: Loaded TP AndroidTargetPlatform
[2018.11.14-20.01.15:620][  0]LogTemp: Display: Loaded TP AndroidTargetPlatform
[2018.11.14-20.01.15:620][  0]LogTemp: Display: Loaded TP AndroidTargetPlatform
[2018.11.14-20.01.15:620][  0]LogTemp: Display: Loaded TP AndroidTargetPlatform
[2018.11.14-20.01.15:620][  0]LogTemp: Display: Loaded TP AndroidTargetPlatform
[2018.11.14-20.01.15:620][  0]LogTemp: Display: Loaded TP AndroidTargetPlatform
[2018.11.14-20.01.15:620][  0]LogTemp: Display: Loaded TP AndroidTargetPlatform
[2018.11.14-20.01.15:620][  0]LogTemp: Display: Loaded TP AndroidTargetPlatform
[2018.11.14-20.01.15:620][  0]LogTemp: Display: Loaded TP AndroidTargetPlatform
[2018.11.14-20.01.15:622][  0]LogTemp: Display: Loaded TP HTML5TargetPlatform
[2018.11.14-20.01.15:683][  0]LogTemp: Display: Loaded TP IOSTargetPlatform
[2018.11.14-20.01.15:683][  0]LogTemp: Display: Loaded TP IOSTargetPlatform
[2018.11.14-20.01.15:708][  0]LogTemp: Display: Loaded TP TVOSTargetPlatform
[2018.11.14-20.01.15:708][  0]LogTemp: Display: Loaded TP TVOSTargetPlatform
[2018.11.14-20.01.15:720][  0]LogTemp: Display: Loaded TP LinuxClientTargetPlatform
[2018.11.14-20.01.15:732][  0]LogTemp: Display: Loaded TP LinuxNoEditorTargetPlatform
[2018.11.14-20.01.15:747][  0]LogTemp: Display: Loaded TP LinuxServerTargetPlatform
[2018.11.14-20.01.15:759][  0]LogTemp: Display: Loaded TP LinuxTargetPlatform
[2018.11.14-20.01.15:772][  0]LogTemp: Display: Loaded TP LuminTargetPlatform
[2018.11.14-20.01.15:772][  0]LogTargetPlatformManager: Display: Building Assets For Windows
[2018.11.14-20.01.15:815][  0]LogXGEController: Cannot use XGE Controller as Incredibuild is not installed on this machine.
[2018.11.14-20.01.15:815][  0]LogShaderCompilers: Cannot use XGE Shader Compiler as Incredibuild is not installed on this machine.
[2018.11.14-20.01.15:815][  0]LogShaderCompilers: Display: Using Local Shader Compiler.
[2018.11.14-20.01.16:556][  0]LogDerivedDataCache: Display: Max Cache Size: 512 MB
[2018.11.14-20.01.16:615][  0]LogDerivedDataCache: Loaded boot cache 0.06s 72MB C:/Users/Killian/AppData/Local/UnrealEngine/4.20/DerivedDataCache/Boot.ddc.
[2018.11.14-20.01.16:616][  0]LogDerivedDataCache: Display: Loaded Boot cache: C:/Users/Killian/AppData/Local/UnrealEngine/4.20/DerivedDataCache/Boot.ddc
[2018.11.14-20.01.16:616][  0]LogDerivedDataCache: FDerivedDataBackendGraph:  Pak pak cache file ../../../../../E-artsup/B2/Unreal/PiscineUnreal/PiscnieUnreal/Donjon/DerivedDataCache/DDC.ddp not found, will not use a pak cache.
[2018.11.14-20.01.16:616][  0]LogDerivedDataCache: Unable to find inner node Pak for hierarchical cache Hierarchy.
[2018.11.14-20.01.16:616][  0]LogDerivedDataCache: FDerivedDataBackendGraph:  CompressedPak pak cache file ../../../../../E-artsup/B2/Unreal/PiscineUnreal/PiscnieUnreal/Donjon/DerivedDataCache/Compressed.ddp not found, will not use a pak cache.
[2018.11.14-20.01.16:616][  0]LogDerivedDataCache: Unable to find inner node CompressedPak for hierarchical cache Hierarchy.
[2018.11.14-20.01.16:633][  0]LogDerivedDataCache: Display: Pak cache opened for reading ../../../Engine/DerivedDataCache/Compressed.ddp.
[2018.11.14-20.01.16:645][  0]LogDerivedDataCache: Using Local data cache path C:/Users/Killian/AppData/Local/UnrealEngine/Common/DerivedDataCache: Writable
[2018.11.14-20.01.16:645][  0]LogDerivedDataCache: Shared data cache path not found in *engine.ini, will not use an Shared cache.
[2018.11.14-20.01.16:645][  0]LogDerivedDataCache: Unable to find inner node Shared for hierarchical cache Hierarchy.
[2018.11.14-20.01.16:675][  0]LogMaterial: Verifying Global Shaders for PCD3D_SM5
[2018.11.14-20.01.16:677][  0]LogSlate: Using FreeType 2.6.0
[2018.11.14-20.01.16:677][  0]LogSlate: SlateFontServices - WITH_FREETYPE: 1, WITH_HARFBUZZ: 1
[2018.11.14-20.01.16:773][  0]LogAssetRegistry: FAssetRegistry took 0.0276 seconds to start up
[2018.11.14-20.01.17:205][  0]LogInit: Selected Device Profile: [Windows]
[2018.11.14-20.01.17:277][  0]LogSimplygon: Simplygon DLL not present - disabling.
[2018.11.14-20.01.17:281][  0]LogMeshReduction: Using SimplygonSwarm for distributed automatic mesh merging
[2018.11.14-20.01.17:281][  0]LogMeshReduction: Using ProxyLODMeshReduction for automatic mesh merging
[2018.11.14-20.01.17:281][  0]LogMeshReduction: Using QuadricMeshReduction for automatic static mesh reduction
[2018.11.14-20.01.17:281][  0]LogMeshReduction: No automatic skeletal mesh reduction module available
[2018.11.14-20.01.17:403][  0]LogNetVersion: Donjon 1.0.0, NetCL: 4212847, EngineNetVer: 5, GameNetVer: 0 (Checksum: 914305754)
[2018.11.14-20.01.18:017][  0]LogPackageLocalizationCache: Processed 13 localized package path(s) for 2 prioritized culture(s) in 0.159413 seconds
[2018.11.14-20.01.18:023][  0]LogUObjectArray: 38425 objects as part of root set at end of initial load.
[2018.11.14-20.01.18:023][  0]LogUObjectAllocator: 6690872 out of 0 bytes used by permanent object pool.
[2018.11.14-20.01.18:023][  0]LogUObjectArray: CloseDisregardForGC: 0/0 objects in disregard for GC pool
[2018.11.14-20.01.18:897][  0]LogTcpMessaging: Initializing TcpMessaging bridge
[2018.11.14-20.01.18:910][  0]LogUdpMessaging: Initializing bridge on interface 0.0.0.0:0 to multicast group 230.0.0.1:6666.
[2018.11.14-20.01.19:062][  0]SourceControl: Source control is disabled
[2018.11.14-20.01.19:062][  0]SourceControl: Source control is disabled
[2018.11.14-20.01.19:064][  0]SourceControl: Source control is disabled
[2018.11.14-20.01.19:065][  0]SourceControl: Source control is disabled
[2018.11.14-20.01.19:290][  0]LogAndroidPermission: UAndroidPermissionCallbackProxy::GetInstance
[2018.11.14-20.01.19:327][  0]LogOcInput: OculusInput pre-init called
[2018.11.14-20.01.24:514][  0]LogEngine: Initializing Engine...
[2018.11.14-20.01.24:598][  0]LogHMD: Failed to initialize OpenVR with code 126
[2018.11.14-20.01.24:601][  0]LogStats: UGameplayTagsManager::ConstructGameplayTagTree: ImportINI prefixes -  0.000 s
[2018.11.14-20.01.24:601][  0]LogStats: UGameplayTagsManager::ConstructGameplayTagTree: Construct from data asset -  0.000 s
[2018.11.14-20.01.24:601][  0]LogStats: UGameplayTagsManager::ConstructGameplayTagTree: ImportINI -  0.000 s
[2018.11.14-20.01.24:601][  0]LogStats: UGameplayTagsManager::ConstructGameplayTagTree: GameplayTagTreeChangedEvent.Broadcast -  0.000 s
[2018.11.14-20.01.24:834][  0]LogInit: Initializing FReadOnlyCVARCache
[2018.11.14-20.01.24:845][  0]LogAIModule: Creating AISystem for world Untitled
[2018.11.14-20.01.24:851][  0]LogInit: XAudio2 using 'Speakers (Realtek High Definition Audio)' : 2 channels at 48 kHz using 32 bits per sample (channel mask 0x3)
[2018.11.14-20.01.24:969][  0]LogInit: FAudioDevice initialized.
[2018.11.14-20.01.24:969][  0]LogNetVersion: Set ProjectVersion to 1.0.0.0. Version Checksum will be recalculated on next use.
[2018.11.14-20.01.25:047][  0]LogDerivedDataCache: Saved boot cache 0.08s 72MB C:/Users/Killian/AppData/Local/UnrealEngine/4.20/DerivedDataCache/Boot.ddc.
[2018.11.14-20.01.25:061][  0]LogInit: Texture streaming: Enabled
[2018.11.14-20.01.25:075][  0]LogEngineSessionManager: EngineSessionManager initialized
[2018.11.14-20.01.25:092][  0]LogInit: Transaction tracking system initialized
[2018.11.14-20.01.25:109][  0]BlueprintLog: New page: Editor Load
[2018.11.14-20.01.25:161][  0]LocalizationService: Localization service is disabled
[2018.11.14-20.01.25:215][  0]LogLinker: Warning: Can't find file '/Game/ThirdPersonBP/ThirdPersonOverview'
[2018.11.14-20.01.25:215][  0]LogLinker: Warning: Can't find file '/Game/ThirdPersonBP/ThirdPersonOverview'
[2018.11.14-20.01.25:215][  0]LogUObjectGlobals: Warning: Failed to find object 'Class /Game/ThirdPersonBP/ThirdPersonOverview.ThirdPersonOverview_C'
[2018.11.14-20.01.25:507][  0]LogCook: Display: Max memory allowance for cook 16384mb min free memory 0mb
[2018.11.14-20.01.25:507][  0]LogCook: Display: Mobile HDR setting 1
[2018.11.14-20.01.25:507][  0]LogGameplayTags: Display: UGameplayTagsManager::DoneAddingNativeTags. DelegateIsBound: 0
[2018.11.14-20.01.25:507][  0]LogStats: UGameplayTagsManager::ConstructGameplayTagTree: ImportINI prefixes -  0.000 s
[2018.11.14-20.01.25:507][  0]LogStats: UGameplayTagsManager::ConstructGameplayTagTree: Construct from data asset -  0.000 s
[2018.11.14-20.01.25:507][  0]LogStats: UGameplayTagsManager::ConstructGameplayTagTree: ImportINI -  0.000 s
[2018.11.14-20.01.25:507][  0]LogStats: UGameplayTagsManager::ConstructGameplayTagTree: GameplayTagTreeChangedEvent.Broadcast -  0.000 s
[2018.11.14-20.01.25:758][  0]LogFileCache: Scanning file cache for directory 'D:/E-artsup/B2/Unreal/PiscineUnreal/PiscnieUnreal/Donjon/Content/' took 0.03s
[2018.11.14-20.01.27:562][  0]SourceControl: Source control is disabled
[2018.11.14-20.01.27:562][  0]Cmd: MAP LOAD FILE="../../../../../E-artsup/B2/Unreal/PiscineUnreal/PiscnieUnreal/Donjon/Content/FirstPersonBP/Maps/FirstPersonExampleMap.umap" TEMPLATE=0 SHOWPROGRESS=1 FEATURELEVEL=3
[2018.11.14-20.01.27:654][  0]LightingResults: New page: Lighting Build
[2018.11.14-20.01.27:656][  0]MapCheck: New page: Map Check
[2018.11.14-20.01.27:656][  0]LightingResults: New page: Lighting Build
[2018.11.14-20.01.30:236][  0]LogAIModule: Creating AISystem for world FirstPersonExampleMap
[2018.11.14-20.01.30:252][  0]LogEditorServer: Finished looking for orphan Actors (0.000 secs)
[2018.11.14-20.01.30:278][  0]Cmd: MAP CHECKDEP NOCLEARLOG
[2018.11.14-20.01.30:336][  0]MapCheck: Map check complete: 0 Error(s), 0 Warning(s), took 57,299ms to complete.
[2018.11.14-20.01.30:336][  0]LogFileHelpers: Loading map 'FirstPersonExampleMap' took 2.773
[2018.11.14-20.01.30:628][  0]LogSlate: Updating window title bar state: overlay mode, drag disabled, window buttons hidden, title bar hidden
[2018.11.14-20.01.30:640][  0]LogSlate: Updating window title bar state: overlay mode, drag disabled, window buttons hidden, title bar hidden
[2018.11.14-20.01.30:649][  0]LogSlate: Updating window title bar state: overlay mode, drag disabled, window buttons hidden, title bar hidden
[2018.11.14-20.01.30:657][  0]LogSlate: Updating window title bar state: overlay mode, drag disabled, window buttons hidden, title bar hidden
[2018.11.14-20.01.30:667][  0]LogCollectionManager: Loaded 0 collections in 0.001462 seconds
[2018.11.14-20.01.30:708][  0]LogFileCache: Scanning file cache for directory 'D:/E-artsup/B2/Unreal/PiscineUnreal/PiscnieUnreal/Donjon/Saved/Collections/' took 0.01s
[2018.11.14-20.01.30:708][  0]LogFileCache: Scanning file cache for directory 'D:/E-artsup/B2/Unreal/PiscineUnreal/PiscnieUnreal/Donjon/Content/Developers/Killian/Collections/' took 0.01s
[2018.11.14-20.01.30:708][  0]LogFileCache: Scanning file cache for directory 'D:/E-artsup/B2/Unreal/PiscineUnreal/PiscnieUnreal/Donjon/Content/Collections/' took 0.01s
[2018.11.14-20.01.30:708][  0]LogCollectionManager: Rebuilt the GUID cache for 0 collections in 0.000000 seconds
[2018.11.14-20.01.30:718][  0]LogContentBrowser: Native class hierarchy populated in 0.0096 seconds. Added 2621 classes and 629 folders.
[2018.11.14-20.01.30:724][  0]LogContentBrowser: Native class hierarchy updated for 'WidgetCarousel' in 0.0002 seconds. Added 0 classes and 0 folders.
[2018.11.14-20.01.32:754][  0]LogContentBrowser: Native class hierarchy updated for 'AddContentDialog' in 0.0003 seconds. Added 0 classes and 0 folders.
[2018.11.14-20.01.32:813][  0]LogContentBrowser: Native class hierarchy updated for 'SceneOutliner' in 0.0003 seconds. Added 1 classes and 2 folders.
[2018.11.14-20.01.32:844][  0]LogSlate: Took 0.000201 seconds to synchronously load lazily loaded font '../../../Engine/Content/Slate/Fonts/Roboto-Regular.ttf' (155K)
[2018.11.14-20.01.32:846][  0]LogSlate: Took 0.000250 seconds to synchronously load lazily loaded font '../../../Engine/Content/Slate/Fonts/Roboto-Bold.ttf' (160K)
[2018.11.14-20.01.32:898][  0]LogSlate: Took 0.025663 seconds to synchronously load lazily loaded font '../../../Engine/Content/Editor/Slate/Fonts/FontAwesome.ttf' (139K)
[2018.11.14-20.01.33:153][  0]LogRenderer: Reallocating scene render targets to support 904x444 Format 10 NumSamples 1 (Frame:1).
[2018.11.14-20.01.33:285][  0]LogContentBrowser: Native class hierarchy updated for 'HierarchicalLODOutliner' in 0.0003 seconds. Added 0 classes and 0 folders.
[2018.11.14-20.01.33:285][  0]LogLoad: (Engine Initialization) Total time: 21.20 seconds
[2018.11.14-20.01.33:285][  0]LogLoad: (Engine Initialization) Total Blueprint compile time: 0.00 seconds
[2018.11.14-20.01.33:304][  0]LogWindowsTextInputMethodSystem: Display: IME system now deactivated.
[2018.11.14-20.01.33:324][  0]LogContentStreaming: Texture pool size now 1000 MB
[2018.11.14-20.01.33:483][  0]LogSlate: Took 0.018955 seconds to synchronously load lazily loaded font '../../../Engine/Content/Slate/Fonts/Roboto-Light.ttf' (167K)
[2018.11.14-20.01.33:627][  1]LogAssetRegistry: Asset discovery search completed in 16.8762 seconds
[2018.11.14-20.01.33:629][  1]LogCollectionManager: Rebuilt the object cache for 0 collections in 0.000000 seconds (found 0 objects)
[2018.11.14-20.01.33:629][  1]LogCollectionManager: Fixed up redirectors for 0 collections in 0.000060 seconds (updated 0 objects)
[2018.11.14-20.01.49:193][930]LogSlate: FSceneViewport::OnFocusLost() reason 0
[2018.11.14-20.01.54:482][242]LogSlate: Took 0.000206 seconds to synchronously load lazily loaded font '../../../Engine/Content/Slate/Fonts/Roboto-Light.ttf' (167K)
[2018.11.14-20.01.57:746][242]LogAIModule: Creating AISystem for world Collecting_Level
[2018.11.14-20.01.57:762][242]LogAssetEditorManager: Opening Asset editor for World /Game/FirstPersonBP/Maps/Collecting_Level.Collecting_Level
[2018.11.14-20.01.57:786][242]Cmd: MAP LOAD FILE="../../../../../E-artsup/B2/Unreal/PiscineUnreal/PiscnieUnreal/Donjon/Content/FirstPersonBP/Maps/Collecting_Level.umap" TEMPLATE=0 SHOWPROGRESS=1 FEATURELEVEL=3
[2018.11.14-20.01.57:787][242]LightingResults: New page: Lighting Build
[2018.11.14-20.01.57:787][242]LoadErrors: New page: Loading map: Collecting_Level.umap
[2018.11.14-20.01.57:788][242]MapCheck: New page: Map Check
[2018.11.14-20.01.57:788][242]LightingResults: New page: Lighting Build
[2018.11.14-20.01.57:827][242]LogEditorServer: Finished looking for orphan Actors (0.000 secs)
[2018.11.14-20.01.57:879][242]Cmd: MAP CHECKDEP NOCLEARLOG
[2018.11.14-20.01.57:943][242]MapCheck: Map check complete: 0 Error(s), 0 Warning(s), took 64,248ms to complete.
[2018.11.14-20.01.57:943][242]LogFileHelpers: Loading map 'Collecting_Level' took 0.157
[2018.11.14-20.02.05:151][671]LogSlate: FSceneViewport::OnFocusLost() reason 0
[2018.11.14-20.02.05:201][674]LogTemp: Repeating last play command: Selected Viewport
[2018.11.14-20.02.05:216][674]LogBlueprintUserMessages: Early PlayInEditor Detection: Level '/Game/FirstPersonBP/Maps/Collecting_Level.Collecting_Level:PersistentLevel' has LevelScriptBlueprint '/Game/FirstPersonBP/Maps/Collecting_Level.Collecting_Level:PersistentLevel.Collecting_Level' with GeneratedClass '/Game/FirstPersonBP/Maps/Collecting_Level.Collecting_Level_C' with ClassGeneratedBy '/Game/FirstPersonBP/Maps/Collecting_Level.Collecting_Level:PersistentLevel.Collecting_Level'
[2018.11.14-20.02.05:216][674]LogPlayLevel: PlayLevel: No blueprints needed recompiling
[2018.11.14-20.02.05:228][674]PIE: New page: PIE session: Collecting_Level (14 nov. 2018 22:02:05)
[2018.11.14-20.02.05:228][674]LogPlayLevel: Creating play world package: /Game/FirstPersonBP/Maps/UEDPIE_0_Collecting_Level
[2018.11.14-20.02.05:257][674]LogPlayLevel: PIE: StaticDuplicateObject took: (0.028297s)
[2018.11.14-20.02.05:257][674]LogAIModule: Creating AISystem for world Collecting_Level
[2018.11.14-20.02.05:257][674]LogPlayLevel: PIE: World Init took: (0.000678s)
[2018.11.14-20.02.05:257][674]LogPlayLevel: PIE: Created PIE world by copying editor world from /Game/FirstPersonBP/Maps/Collecting_Level.Collecting_Level to /Game/FirstPersonBP/Maps/UEDPIE_0_Collecting_Level.Collecting_Level (0.029159s)
[2018.11.14-20.02.05:283][674]LogInit: XAudio2 using 'Speakers (Realtek High Definition Audio)' : 2 channels at 48 kHz using 32 bits per sample (channel mask 0x3)
[2018.11.14-20.02.05:327][674]LogInit: FAudioDevice initialized.
[2018.11.14-20.02.05:372][674]LogLoad: Game class is 'FirstPersonGameMode_C'
[2018.11.14-20.02.05:387][674]LogWorld: Bringing World /Game/FirstPersonBP/Maps/UEDPIE_0_Collecting_Level.Collecting_Level up for play (max tick rate 60) at 2018.11.14-21.02.05
[2018.11.14-20.02.05:411][674]LogWorld: Bringing up level for play took: 0.027782
[2018.11.14-20.02.05:428][674]LogContentBrowser: Native class hierarchy updated for 'MovieSceneCapture' in 0.0003 seconds. Added 10 classes and 0 folders.
[2018.11.14-20.02.05:429][674]PIE: Play in editor start time for /Game/FirstPersonBP/Maps/UEDPIE_0_Collecting_Level -0,62
[2018.11.14-20.02.05:429][674]LogBlueprintUserMessages: Late PlayInEditor Detection: Level '/Game/FirstPersonBP/Maps/Collecting_Level.Collecting_Level:PersistentLevel' has LevelScriptBlueprint '/Game/FirstPersonBP/Maps/Collecting_Level.Collecting_Level:PersistentLevel.Collecting_Level' with GeneratedClass '/Game/FirstPersonBP/Maps/Collecting_Level.Collecting_Level_C' with ClassGeneratedBy '/Game/FirstPersonBP/Maps/Collecting_Level.Collecting_Level:PersistentLevel.Collecting_Level'
[2018.11.14-20.03.22:243][273]LogBlueprintUserMessages: Early EndPlayMap Detection: Level '/Game/FirstPersonBP/Maps/Collecting_Level.Collecting_Level:PersistentLevel' has LevelScriptBlueprint '/Game/FirstPersonBP/Maps/Collecting_Level.Collecting_Level:PersistentLevel.Collecting_Level' with GeneratedClass '/Game/FirstPersonBP/Maps/Collecting_Level.Collecting_Level_C' with ClassGeneratedBy '/Game/FirstPersonBP/Maps/Collecting_Level.Collecting_Level:PersistentLevel.Collecting_Level'
[2018.11.14-20.03.22:244][273]LogSlate: Updating window title bar state: overlay mode, drag disabled, window buttons hidden, title bar hidden
[2018.11.14-20.03.22:277][273]LogPlayLevel: Display: Shutting down PIE online subsystems
[2018.11.14-20.03.22:277][273]LogBlueprintUserMessages: Late EndPlayMap Detection: Level '/Game/FirstPersonBP/Maps/Collecting_Level.Collecting_Level:PersistentLevel' has LevelScriptBlueprint '/Game/FirstPersonBP/Maps/Collecting_Level.Collecting_Level:PersistentLevel.Collecting_Level' with GeneratedClass '/Game/FirstPersonBP/Maps/Collecting_Level.Collecting_Level_C' with ClassGeneratedBy '/Game/FirstPersonBP/Maps/Collecting_Level.Collecting_Level:PersistentLevel.Collecting_Level'
[2018.11.14-20.03.22:303][273]LogSlate: Updating window title bar state: overlay mode, drag disabled, window buttons hidden, title bar hidden
[2018.11.14-20.03.22:342][275]LogPlayLevel: Display: Destroying online subsystem :Context_3
[2018.11.14-20.03.51:985][ 53]LogSlate: FSceneViewport::OnFocusLost() reason 0
[2018.11.14-20.04.02:807][700]LogSlate: FSceneViewport::OnFocusLost() reason 0
[2018.11.14-20.04.04:307][789]Cmd: BRUSH ADD SELECTNEWBRUSH
[2018.11.14-20.04.30:048][305]LogSlate: FSceneViewport::OnFocusLost() reason 0
[2018.11.14-20.05.30:972][882]LogSlate: FSceneViewport::OnFocusLost() reason 0
[2018.11.14-20.06.13:940][419]LogSlate: FSceneViewport::OnFocusLost() reason 0
[2018.11.14-20.06.45:147][251]LogGeometryMode: Warning: Unable to find BoxBrush16 Brush(s) in new BSP
[2018.11.14-20.06.45:147][251]LogGeometryMode: Warning: Unable to find all previously selected geometry data, resetting selection
[2018.11.14-20.06.50:231][548]Cmd: TRANSACTION UNDO
[2018.11.14-20.06.50:231][548]LogEditorTransaction: Undo Move Actors
[2018.11.14-20.06.50:245][548]LogActorComponent: ~FComponentReregisterContext: (/Game/FirstPersonBP/Maps/Collecting_Level.Collecting_Level:PersistentLevel.BoxBrush5.BrushComponent0) Component already registered.
[2018.11.14-20.06.50:249][548]LogActorComponent: ~FComponentReregisterContext: (/Game/FirstPersonBP/Maps/Collecting_Level.Collecting_Level:PersistentLevel.BoxBrush2.BrushComponent0) Component already registered.
[2018.11.14-20.07.19:573][267]LogGeometryMode: Warning: Unable to find BoxBrush18 Brush(s) in new BSP
[2018.11.14-20.07.19:573][267]LogGeometryMode: Warning: Unable to find all previously selected geometry data, resetting selection
[2018.11.14-20.07.32:922][ 51]LogGeometryMode: Warning: Unable to find BoxBrush17 Brush(s) in new BSP
[2018.11.14-20.07.32:922][ 51]LogGeometryMode: Warning: Unable to find all previously selected geometry data, resetting selection
[2018.11.14-20.07.33:345][ 74]LogEditorViewport: Clicking on Actor (double click): Brush (Box Brush17)
[2018.11.14-20.07.47:864][925]LogGeometryMode: Warning: Unable to find BoxBrush18 Brush(s) in new BSP
[2018.11.14-20.07.47:864][925]LogGeometryMode: Warning: Unable to find all previously selected geometry data, resetting selection
[2018.11.14-20.08.09:830][210]LogEditorViewport: Clicking on Actor (LMB): BP_Sky_Sphere_C (SkySphereBlueprint)
[2018.11.14-20.08.40:296][ 32]LogSlate: FSceneViewport::OnFocusLost() reason 0
[2018.11.14-20.08.40:387][ 35]LogRenderer: Reallocating scene render targets to support 904x448 Format 10 NumSamples 1 (Frame:21013).
[2018.11.14-20.08.40:429][ 36]LogRenderer: Reallocating scene render targets to support 904x456 Format 10 NumSamples 1 (Frame:21015).
[2018.11.14-20.08.40:474][ 37]LogRenderer: Reallocating scene render targets to support 904x464 Format 10 NumSamples 1 (Frame:21017).
[2018.11.14-20.08.40:518][ 38]LogRenderer: Reallocating scene render targets to support 904x468 Format 10 NumSamples 1 (Frame:21019).
[2018.11.14-20.08.40:562][ 39]LogRenderer: Reallocating scene render targets to support 904x472 Format 10 NumSamples 1 (Frame:21021).
[2018.11.14-20.08.40:675][ 42]LogRenderer: Reallocating scene render targets to support 904x476 Format 10 NumSamples 1 (Frame:21027).
[2018.11.14-20.08.40:755][ 44]LogRenderer: Reallocating scene render targets to support 904x480 Format 10 NumSamples 1 (Frame:21031).
[2018.11.14-20.08.44:080][240]LogRenderer: Reallocating scene render targets to support 908x480 Format 10 NumSamples 1 (Frame:21231).
[2018.11.14-20.08.44:125][241]LogRenderer: Reallocating scene render targets to support 912x480 Format 10 NumSamples 1 (Frame:21233).
[2018.11.14-20.08.44:170][242]LogRenderer: Reallocating scene render targets to support 916x480 Format 10 NumSamples 1 (Frame:21235).
[2018.11.14-20.08.44:214][243]LogRenderer: Reallocating scene render targets to support 920x480 Format 10 NumSamples 1 (Frame:21237).
[2018.11.14-20.08.44:326][246]LogRenderer: Reallocating scene render targets to support 924x480 Format 10 NumSamples 1 (Frame:21243).
[2018.11.14-20.08.44:476][250]LogRenderer: Reallocating scene render targets to support 928x480 Format 10 NumSamples 1 (Frame:21251).
[2018.11.14-20.08.48:670][496]LogSlate: FSceneViewport::OnFocusLost() reason 0
[2018.11.14-20.08.48:913][507]LogRenderer: Reallocating scene render targets to support 932x480 Format 10 NumSamples 1 (Frame:21543).
[2018.11.14-20.08.48:991][509]LogRenderer: Reallocating scene render targets to support 936x480 Format 10 NumSamples 1 (Frame:21547).
[2018.11.14-20.08.49:035][510]LogRenderer: Reallocating scene render targets to support 940x480 Format 10 NumSamples 1 (Frame:21549).
[2018.11.14-20.08.49:114][512]LogRenderer: Reallocating scene render targets to support 944x480 Format 10 NumSamples 1 (Frame:21553).
[2018.11.14-20.08.49:187][514]LogRenderer: Reallocating scene render targets to support 948x480 Format 10 NumSamples 1 (Frame:21557).
[2018.11.14-20.08.56:839][220]LogSlate: FSceneViewport::OnFocusLost() reason 0
[2018.11.14-20.09.08:800][178]Cmd: BRUSH ADD SELECTNEWBRUSH
[2018.11.14-20.09.17:994][988]Cmd: DELETE
[2018.11.14-20.09.17:994][988]Cmd: ACTOR DELETE
[2018.11.14-20.09.18:030][988]LogEditorActor: Deleted Actor: Brush
[2018.11.14-20.09.18:185][988]LogEditorActor: Deleted 1 Actors (0.189 secs)
[2018.11.14-20.09.27:376][808]LogSlate: FSceneViewport::OnFocusLost() reason 0
[2018.11.14-20.09.44:517][136]LogSlate: FSceneViewport::OnFocusLost() reason 0
[2018.11.14-20.09.58:486][264]LogSlate: FSceneViewport::OnFocusLost() reason 0
[2018.11.14-20.10.03:833][687]Cmd: CAMERA ALIGN ACTIVEVIEWPORTONLY
[2018.11.14-20.10.11:520][323]LogSlate: FSceneViewport::OnFocusLost() reason 0
[2018.11.14-20.10.13:226][471]Cmd: CAMERA ALIGN ACTIVEVIEWPORTONLY
[2018.11.14-20.10.22:171][216]LogSlate: FSceneViewport::OnFocusLost() reason 0
[2018.11.14-20.10.27:862][640]LogSlate: FSceneViewport::OnFocusLost() reason 0
[2018.11.14-20.10.29:922][779]LogSlate: FSceneViewport::OnFocusLost() reason 0
[2018.11.14-20.10.33:444][ 72]LogSlate: FSceneViewport::OnFocusLost() reason 0
[2018.11.14-20.10.35:995][272]LogSlate: FSceneViewport::OnFocusLost() reason 0
[2018.11.14-20.10.39:418][547]LogSlate: FSceneViewport::OnFocusLost() reason 0
[2018.11.14-20.10.43:590][858]LogSlate: FSceneViewport::OnFocusLost() reason 0
[2018.11.14-20.11.21:568][ 58]LogSlate: FSceneViewport::OnFocusLost() reason 0
[2018.11.14-20.11.27:450][507]LogSlate: FSceneViewport::OnFocusLost() reason 0
[2018.11.14-20.11.39:236][381]LogSlate: FSceneViewport::OnFocusLost() reason 0
[2018.11.14-20.11.45:261][840]LogSlate: FSceneViewport::OnFocusLost() reason 0
[2018.11.14-20.11.48:444][ 84]LogSlate: FSceneViewport::OnFocusLost() reason 0
[2018.11.14-20.11.56:218][734]LogSlate: FSceneViewport::OnFocusLost() reason 2
[2018.11.14-20.12.08:544][681]LogSlate: FSceneViewport::OnFocusLost() reason 2
[2018.11.14-20.12.48:980][787]LogSlate: FSceneViewport::OnFocusLost() reason 0
[2018.11.14-20.13.00:177][627]LogSlate: FSceneViewport::OnFocusLost() reason 0
[2018.11.14-20.13.02:300][722]LogSlate: FSceneViewport::OnFocusLost() reason 0
[2018.11.14-20.13.20:682][103]LogSlate: FSceneViewport::OnFocusLost() reason 0
[2018.11.14-20.13.31:096][896]LogSlate: FSceneViewport::OnFocusLost() reason 2
[2018.11.14-20.13.38:067][396]LogSlate: FSceneViewport::OnFocusLost() reason 2
[2018.11.14-20.13.41:350][651]LogSlate: FSceneViewport::OnFocusLost() reason 0
[2018.11.14-20.15.02:270][520]LogSlate: FSceneViewport::OnFocusLost() reason 0
[2018.11.14-20.15.13:825][411]LogSlate: FSceneViewport::OnFocusLost() reason 2
[2018.11.14-20.15.22:482][ 41]LogSlate: FSceneViewport::OnFocusLost() reason 2
[2018.11.14-20.16.00:238][773]LogSlate: FSceneViewport::OnFocusLost() reason 0
[2018.11.14-20.16.09:243][467]LogSlate: FSceneViewport::OnFocusLost() reason 0
[2018.11.14-20.16.16:590][ 27]LogSlate: FSceneViewport::OnFocusLost() reason 0
[2018.11.14-20.17.35:634][867]LogSlate: FSceneViewport::OnFocusLost() reason 0
[2018.11.14-20.17.37:928][ 17]LogSlate: FSceneViewport::OnFocusLost() reason 0
[2018.11.14-20.17.48:723][773]LogSlate: FSceneViewport::OnFocusLost() reason 0
[2018.11.14-20.18.00:621][624]LogSlate: FSceneViewport::OnFocusLost() reason 0
[2018.11.14-20.18.51:982][ 24]LogSlate: FSceneViewport::OnFocusLost() reason 0
[2018.11.14-20.19.12:637][485]LogSlate: FSceneViewport::OnFocusLost() reason 0
[2018.11.14-20.20.46:480][ 92]LogSlate: FSceneViewport::OnFocusLost() reason 0
[2018.11.14-20.21.41:862][ 45]LogSlate: FSceneViewport::OnFocusLost() reason 0
[2018.11.14-20.22.01:318][409]LogSlate: FSceneViewport::OnFocusLost() reason 0
[2018.11.14-20.22.20:329][781]LogSlate: FSceneViewport::OnFocusLost() reason 0
[2018.11.14-20.22.20:410][786]LogTemp: Repeating last play command: Selected Viewport
[2018.11.14-20.22.20:450][786]LogBlueprintUserMessages: Early PlayInEditor Detection: Level '/Game/FirstPersonBP/Maps/Collecting_Level.Collecting_Level:PersistentLevel' has LevelScriptBlueprint '/Game/FirstPersonBP/Maps/Collecting_Level.Collecting_Level:PersistentLevel.Collecting_Level' with GeneratedClass '/Game/FirstPersonBP/Maps/Collecting_Level.Collecting_Level_C' with ClassGeneratedBy '/Game/FirstPersonBP/Maps/Collecting_Level.Collecting_Level:PersistentLevel.Collecting_Level'
[2018.11.14-20.22.20:450][786]LogPlayLevel: PlayLevel: No blueprints needed recompiling
[2018.11.14-20.22.20:451][786]PIE: New page: PIE session: Collecting_Level (14 nov. 2018 22:22:20)
[2018.11.14-20.22.20:451][786]LogPlayLevel: Creating play world package: /Game/FirstPersonBP/Maps/UEDPIE_0_Collecting_Level
[2018.11.14-20.22.20:508][786]LogPlayLevel: PIE: StaticDuplicateObject took: (0.056847s)
[2018.11.14-20.22.20:510][786]LogAIModule: Creating AISystem for world Collecting_Level
[2018.11.14-20.22.20:511][786]LogPlayLevel: PIE: World Init took: (0.002503s)
[2018.11.14-20.22.20:511][786]LogPlayLevel: PIE: Created PIE world by copying editor world from /Game/FirstPersonBP/Maps/Collecting_Level.Collecting_Level to /Game/FirstPersonBP/Maps/UEDPIE_0_Collecting_Level.Collecting_Level (0.059763s)
[2018.11.14-20.22.20:582][786]LogInit: XAudio2 using 'Speakers (Realtek High Definition Audio)' : 2 channels at 48 kHz using 32 bits per sample (channel mask 0x3)
[2018.11.14-20.22.20:721][786]LogInit: FAudioDevice initialized.
[2018.11.14-20.22.20:765][786]LogLoad: Game class is 'FirstPersonGameMode_C'
[2018.11.14-20.22.20:773][786]LogWorld: Bringing World /Game/FirstPersonBP/Maps/UEDPIE_0_Collecting_Level.Collecting_Level up for play (max tick rate 0) at 2018.11.14-21.22.20
[2018.11.14-20.22.20:773][786]LogWorld: Bringing up level for play took: 0.006703
[2018.11.14-20.22.20:787][786]PIE: Play in editor start time for /Game/FirstPersonBP/Maps/UEDPIE_0_Collecting_Level 0,738
[2018.11.14-20.22.20:788][786]LogBlueprintUserMessages: Late PlayInEditor Detection: Level '/Game/FirstPersonBP/Maps/Collecting_Level.Collecting_Level:PersistentLevel' has LevelScriptBlueprint '/Game/FirstPersonBP/Maps/Collecting_Level.Collecting_Level:PersistentLevel.Collecting_Level' with GeneratedClass '/Game/FirstPersonBP/Maps/Collecting_Level.Collecting_Level_C' with ClassGeneratedBy '/Game/FirstPersonBP/Maps/Collecting_Level.Collecting_Level:PersistentLevel.Collecting_Level'
[2018.11.14-20.24.35:961][ 43]LogBlueprintUserMessages: Early EndPlayMap Detection: Level '/Game/FirstPersonBP/Maps/Collecting_Level.Collecting_Level:PersistentLevel' has LevelScriptBlueprint '/Game/FirstPersonBP/Maps/Collecting_Level.Collecting_Level:PersistentLevel.Collecting_Level' with GeneratedClass '/Game/FirstPersonBP/Maps/Collecting_Level.Collecting_Level_C' with ClassGeneratedBy '/Game/FirstPersonBP/Maps/Collecting_Level.Collecting_Level:PersistentLevel.Collecting_Level'
[2018.11.14-20.24.35:961][ 43]LogSlate: Updating window title bar state: overlay mode, drag disabled, window buttons hidden, title bar hidden
[2018.11.14-20.24.36:001][ 43]LogPlayLevel: Display: Shutting down PIE online subsystems
[2018.11.14-20.24.36:001][ 43]LogBlueprintUserMessages: Late EndPlayMap Detection: Level '/Game/FirstPersonBP/Maps/Collecting_Level.Collecting_Level:PersistentLevel' has LevelScriptBlueprint '/Game/FirstPersonBP/Maps/Collecting_Level.Collecting_Level:PersistentLevel.Collecting_Level' with GeneratedClass '/Game/FirstPersonBP/Maps/Collecting_Level.Collecting_Level_C' with ClassGeneratedBy '/Game/FirstPersonBP/Maps/Collecting_Level.Collecting_Level:PersistentLevel.Collecting_Level'
[2018.11.14-20.24.36:026][ 43]LogSlate: Updating window title bar state: overlay mode, drag disabled, window buttons hidden, title bar hidden
[2018.11.14-20.24.36:065][ 45]LogPlayLevel: Display: Destroying online subsystem :Context_6
[2018.11.14-20.25.11:374][163]LogSlate: FSceneViewport::OnFocusLost() reason 2
[2018.11.14-20.25.11:876][163]LogSavePackage: Moving '../../../../../E-artsup/B2/Unreal/PiscineUnreal/PiscnieUnreal/Donjon/Saved/Collecting_Level_Auto17268350B4F15B89DFD47E38DC69F4B5F.tmp' to '../../../../../E-artsup/B2/Unreal/PiscineUnreal/PiscnieUnreal/Donjon/Saved/Autosaves/Game/FirstPersonBP/Maps/Collecting_Level_Auto1.umap'
[2018.11.14-20.25.11:881][163]LogFileHelpers: Editor autosave (incl. sublevels) for '/Game/FirstPersonBP/Maps/Collecting_Level' took 0.490
[2018.11.14-20.25.11:882][163]LogFileHelpers: Editor autosave (incl. sublevels) for all levels took 0.490
[2018.11.14-20.27.19:802][985]LogSlate: FSceneViewport::OnFocusLost() reason 0
[2018.11.14-20.35.12:062][908]LogSlate: FSceneViewport::OnFocusLost() reason 2
[2018.11.14-20.35.12:431][908]LogSavePackage: Moving '../../../../../E-artsup/B2/Unreal/PiscineUnreal/PiscnieUnreal/Donjon/Saved/Collecting_Level_Auto2FEF02A6D41BEABA31AFFBAB95867DFB8.tmp' to '../../../../../E-artsup/B2/Unreal/PiscineUnreal/PiscnieUnreal/Donjon/Saved/Autosaves/Game/FirstPersonBP/Maps/Collecting_Level_Auto2.umap'
[2018.11.14-20.35.12:435][908]LogFileHelpers: Editor autosave (incl. sublevels) for '/Game/FirstPersonBP/Maps/Collecting_Level' took 0.359
[2018.11.14-20.35.12:435][908]LogFileHelpers: Editor autosave (incl. sublevels) for all levels took 0.359
[2018.11.14-21.00.58:030][635]LogSlate: FSceneViewport::OnFocusLost() reason 0
[2018.11.14-21.00.59:630][640]LogSlate: Window 'Save Content' being destroyed
[2018.11.14-21.01.02:446][640]LogSavePackage: Moving '../../../../../E-artsup/B2/Unreal/PiscineUnreal/PiscnieUnreal/Donjon/Saved/Collecting_LevelD01E9DBE446A13216817DD976F36E14D.tmp' to '../../../../../E-artsup/B2/Unreal/PiscineUnreal/PiscnieUnreal/Donjon/Content/FirstPersonBP/Maps/Collecting_Level.umap'
[2018.11.14-21.01.02:486][640]LogFileHelpers: Saving map 'Collecting_Level' took 2.832
[2018.11.14-21.01.02:559][640]LogSlate: Window 'Donjon - Unreal Editor' being destroyed
[2018.11.14-21.01.02:757][641]Cmd: QUIT_EDITOR
[2018.11.14-21.01.02:831][641]LogWindowsTextInputMethodSystem: Display: IME system now deactivated.
[2018.11.14-21.01.02:845][641]LogExit: Preparing to exit.
[2018.11.14-21.01.03:731][641]LogExit: Editor shut down
[2018.11.14-21.01.03:731][641]LogExit: Transaction tracking system shut down
[2018.11.14-21.01.04:120][641]LogExit: Object subsystem successfully closed.
[2018.11.14-21.01.04:133][641]LogShaderCompilers: Display: Shaders left to compile 0
[2018.11.14-21.01.04:136][641]LogD3D11RHI: Shutdown
[2018.11.14-21.01.04:136][641]LogD3D11RHI: CleanupD3DDevice
[2018.11.14-21.01.04:138][641]LogD3D11RHI: ~FD3D11DynamicRHI
[2018.11.14-21.01.04:165][641]LogModuleManager: Shutting down and abandoning module MovieSceneCapture (632)
[2018.11.14-21.01.04:165][641]LogModuleManager: Shutting down and abandoning module Voice (630)
[2018.11.14-21.01.04:165][641]LogModuleManager: Shutting down and abandoning module HierarchicalLODOutliner (628)
[2018.11.14-21.01.04:165][641]LogModuleManager: Shutting down and abandoning module SceneOutliner (626)
[2018.11.14-21.01.04:165][641]LogModuleManager: Shutting down and abandoning module AddContentDialog (624)
[2018.11.14-21.01.04:166][641]LogModuleManager: Shutting down and abandoning module WidgetCarousel (623)
[2018.11.14-21.01.04:166][641]LogModuleManager: Shutting down and abandoning module EditorWidgets (620)
[2018.11.14-21.01.04:166][641]LogModuleManager: Shutting down and abandoning module CollectionManager (618)
[2018.11.14-21.01.04:166][641]LogModuleManager: Shutting down and abandoning module StatsViewer (616)
[2018.11.14-21.01.04:166][641]LogModuleManager: Shutting down and abandoning module FoliageEdit (614)
[2018.11.14-21.01.04:166][641]LogModuleManager: Shutting down and abandoning module LandscapeEditor (612)
[2018.11.14-21.01.04:166][641]LogModuleManager: Shutting down and abandoning module MeshPaintMode (610)
[2018.11.14-21.01.04:166][641]LogModuleManager: Shutting down and abandoning module SceneDepthPickerMode (608)
[2018.11.14-21.01.04:166][641]LogModuleManager: Shutting down and abandoning module ActorPickerMode (606)
[2018.11.14-21.01.04:166][641]LogModuleManager: Shutting down and abandoning module GeometryMode (604)
[2018.11.14-21.01.04:166][641]LogModuleManager: Shutting down and abandoning module TextureAlignMode (602)
[2018.11.14-21.01.04:166][641]LogModuleManager: Shutting down and abandoning module BspMode (600)
[2018.11.14-21.01.04:166][641]LogModuleManager: Shutting down and abandoning module PIEPreviewDeviceProfileSelector (598)
[2018.11.14-21.01.04:166][641]LogModuleManager: Shutting down and abandoning module SequenceRecorderSections (596)
[2018.11.14-21.01.04:166][641]LogModuleManager: Shutting down and abandoning module AutomationWorker (594)
[2018.11.14-21.01.04:166][641]LogModuleManager: Shutting down and abandoning module DatasmithFBXImporter (592)
[2018.11.14-21.01.04:175][641]LogModuleManager: Shutting down and abandoning module DatasmithDeltaGenImporter (590)
[2018.11.14-21.01.04:175][641]LogModuleManager: Shutting down and abandoning module DatasmithVREDImporter (588)
[2018.11.14-21.01.04:175][641]LogModuleManager: Shutting down and abandoning module AudioCaptureEditor (586)
[2018.11.14-21.01.04:175][641]LogModuleManager: Shutting down and abandoning module SequenceRecorder (585)
[2018.11.14-21.01.04:175][641]LogModuleManager: Shutting down and abandoning module MatineeToLevelSequence (582)
[2018.11.14-21.01.04:175][641]LogModuleManager: Shutting down and abandoning module LevelSequenceEditor (580)
[2018.11.14-21.01.04:175][641]LogModuleManager: Shutting down and abandoning module PlacementMode (579)
[2018.11.14-21.01.04:176][641]LogModuleManager: Shutting down and abandoning module MaterialEditor (578)
[2018.11.14-21.01.04:176][641]LogModuleManager: Shutting down and abandoning module WmfMediaFactory (574)
[2018.11.14-21.01.04:176][641]LogModuleManager: Shutting down and abandoning module WmfMediaEditor (572)
[2018.11.14-21.01.04:176][641]LogModuleManager: Shutting down and abandoning module MediaPlayerEditor (570)
[2018.11.14-21.01.04:176][641]LogModuleManager: Shutting down and abandoning module OpenExrWrapper (568)
[2018.11.14-21.01.04:176][641]LogModuleManager: Shutting down and abandoning module ImgMediaFactory (566)
[2018.11.14-21.01.04:176][641]LogModuleManager: Shutting down and abandoning module ImgMediaEditor (564)
[2018.11.14-21.01.04:176][641]LogModuleManager: Shutting down and abandoning module AvfMediaFactory (562)
[2018.11.14-21.01.04:176][641]LogModuleManager: Shutting down and abandoning module AvfMediaEditor (560)
[2018.11.14-21.01.04:176][641]LogModuleManager: Shutting down and abandoning module AndroidMediaFactory (558)
[2018.11.14-21.01.04:176][641]LogModuleManager: Shutting down and abandoning module AndroidMediaEditor (556)
[2018.11.14-21.01.04:176][641]LogModuleManager: Shutting down and abandoning module MagicLeapCameraPreviewFactory (554)
[2018.11.14-21.01.04:176][641]LogModuleManager: Shutting down and abandoning module MagicLeapMediaFactory (552)
[2018.11.14-21.01.04:176][641]LogModuleManager: Shutting down and abandoning module MagicLeapMediaEditor (550)
[2018.11.14-21.01.04:176][641]LogModuleManager: Shutting down and abandoning module CharacterAI (548)
[2018.11.14-21.01.04:176][641]LogModuleManager: Shutting down and abandoning module SmartSnapping (546)
[2018.11.14-21.01.04:176][641]LogModuleManager: Shutting down and abandoning module SessionServices (544)
[2018.11.14-21.01.04:176][641]LogModuleManager: Shutting down and abandoning module ViewportSnapping (542)
[2018.11.14-21.01.04:176][641]LogModuleManager: Shutting down and abandoning module ViewportInteraction (540)
[2018.11.14-21.01.04:176][641]LogModuleManager: Shutting down and abandoning module ClothPainter (538)
[2018.11.14-21.01.04:176][641]LogModuleManager: Shutting down and abandoning module SkeletalMeshEditor (537)
[2018.11.14-21.01.04:176][641]LogModuleManager: Shutting down and abandoning module LogVisualizer (534)
[2018.11.14-21.01.04:176][641]LogModuleManager: Shutting down and abandoning module IntroTutorials (532)
[2018.11.14-21.01.04:176][641]LogModuleManager: Shutting down and abandoning module GameProjectGeneration (531)
[2018.11.14-21.01.04:176][641]LogModuleManager: Shutting down and abandoning module LuminPlatformEditor (528)
[2018.11.14-21.01.04:176][641]LogModuleManager: Shutting down and abandoning module IOSPlatformEditor (526)
[2018.11.14-21.01.04:176][641]LogModuleManager: Shutting down and abandoning module HTML5PlatformEditor (524)
[2018.11.14-21.01.04:176][641]LogModuleManager: Shutting down and abandoning module AndroidPlatformEditor (522)
[2018.11.14-21.01.04:176][641]LogModuleManager: Shutting down and abandoning module AndroidDeviceDetection (521)
[2018.11.14-21.01.05:144][641]LogModuleManager: Shutting down and abandoning module WindowsPlatformEditor (518)
[2018.11.14-21.01.05:144][641]LogModuleManager: Shutting down and abandoning module LuminRuntimeSettings (516)
[2018.11.14-21.01.05:144][641]LogModuleManager: Shutting down and abandoning module IOSRuntimeSettings (514)
[2018.11.14-21.01.05:144][641]LogModuleManager: Shutting down and abandoning module AndroidRuntimeSettings (512)
[2018.11.14-21.01.05:144][641]LogModuleManager: Shutting down and abandoning module InputBindingEditor (510)
[2018.11.14-21.01.05:144][641]LogModuleManager: Shutting down and abandoning module MergeActors (508)
[2018.11.14-21.01.05:144][641]LogModuleManager: Shutting down and abandoning module LocalizationDashboard (506)
[2018.11.14-21.01.05:144][641]LogModuleManager: Shutting down and abandoning module LocalizationService (505)
[2018.11.14-21.01.05:144][641]LogModuleManager: Shutting down and abandoning module HardwareTargeting (502)
[2018.11.14-21.01.05:144][641]LogModuleManager: Shutting down and abandoning module DeviceProfileEditor (500)
[2018.11.14-21.01.05:144][641]LogModuleManager: Shutting down and abandoning module UndoHistory (498)
[2018.11.14-21.01.05:144][641]LogModuleManager: Shutting down and abandoning module XmlParser (496)
[2018.11.14-21.01.05:144][641]LogModuleManager: Shutting down and abandoning module Blutility (494)
[2018.11.14-21.01.05:144][641]LogModuleManager: Shutting down and abandoning module ProjectSettingsViewer (492)
[2018.11.14-21.01.05:145][641]LogModuleManager: Shutting down and abandoning module ProjectTargetPlatformEditor (491)
[2018.11.14-21.01.05:145][641]LogModuleManager: Shutting down and abandoning module EditorSettingsViewer (488)
[2018.11.14-21.01.05:145][641]LogModuleManager: Shutting down and abandoning module SettingsEditor (486)
[2018.11.14-21.01.05:145][641]LogModuleManager: Shutting down and abandoning module ProjectLauncher (484)
[2018.11.14-21.01.05:145][641]LogModuleManager: Shutting down and abandoning module SessionFrontend (482)
[2018.11.14-21.01.05:145][641]LogModuleManager: Shutting down and abandoning module ProfilerClient (480)
[2018.11.14-21.01.05:145][641]LogModuleManager: Shutting down and abandoning module DeviceManager (478)
[2018.11.14-21.01.05:145][641]LogModuleManager: Shutting down and abandoning module TargetDeviceServices (477)
[2018.11.14-21.01.05:189][641]LogModuleManager: Shutting down and abandoning module AutomationController (474)
[2018.11.14-21.01.05:189][641]LogModuleManager: Shutting down and abandoning module AutomationWindow (472)
[2018.11.14-21.01.05:189][641]LogModuleManager: Shutting down and abandoning module Layers (470)
[2018.11.14-21.01.05:189][641]LogModuleManager: Shutting down and abandoning module ComponentVisualizers (468)
[2018.11.14-21.01.05:189][641]LogModuleManager: Shutting down and abandoning module DetailCustomizations (466)
[2018.11.14-21.01.05:189][641]LogModuleManager: Shutting down and abandoning module PackagesDialog (464)
[2018.11.14-21.01.05:189][641]LogModuleManager: Shutting down and abandoning module Persona (462)
[2018.11.14-21.01.05:190][641]LogModuleManager: Shutting down and abandoning module AnimGraph (461)
[2018.11.14-21.01.05:190][641]LogModuleManager: Shutting down and abandoning module Kismet (458)
[2018.11.14-21.01.05:190][641]LogModuleManager: Shutting down and abandoning module GraphEditor (456)
[2018.11.14-21.01.05:190][641]LogModuleManager: Shutting down and abandoning module ClassViewer (454)
[2018.11.14-21.01.05:190][641]LogModuleManager: Shutting down and abandoning module Toolbox (452)
[2018.11.14-21.01.05:190][641]LogModuleManager: Shutting down and abandoning module ModuleUI (450)
[2018.11.14-21.01.05:190][641]LogModuleManager: Shutting down and abandoning module MovieSceneTools (448)
[2018.11.14-21.01.05:190][641]LogModuleManager: Shutting down and abandoning module OutputLog (446)
[2018.11.14-21.01.05:190][641]LogModuleManager: Shutting down and abandoning module GammaUI (444)
[2018.11.14-21.01.05:190][641]LogModuleManager: Shutting down and abandoning module Documentation (442)
[2018.11.14-21.01.05:190][641]LogModuleManager: Shutting down and abandoning module MovieSceneTracks (440)
[2018.11.14-21.01.05:190][641]LogModuleManager: Shutting down and abandoning module MovieScene (438)
[2018.11.14-21.01.05:190][641]LogModuleManager: Shutting down and abandoning module StreamingPauseRendering (436)
[2018.11.14-21.01.05:190][641]LogModuleManager: Shutting down and abandoning module LauncherPlatform (434)
[2018.11.14-21.01.05:190][641]LogModuleManager: Shutting down and abandoning module AnalyticsET (432)
[2018.11.14-21.01.05:190][641]LogModuleManager: Shutting down and abandoning module PortalServices (430)
[2018.11.14-21.01.05:190][641]LogModuleManager: Shutting down and abandoning module PortalRpc (428)
[2018.11.14-21.01.05:191][641]LogModuleManager: Shutting down and abandoning module MessagingRpc (426)
[2018.11.14-21.01.05:191][641]LogModuleManager: Shutting down and abandoning module AIModule (424)
[2018.11.14-21.01.05:191][641]LogModuleManager: Shutting down and abandoning module GameplayDebugger (423)
[2018.11.14-21.01.05:191][641]LogModuleManager: Shutting down and abandoning module AITestSuite (421)
[2018.11.14-21.01.05:191][641]LogModuleManager: Shutting down and abandoning module NavigationSystem (419)
[2018.11.14-21.01.05:191][641]LogModuleManager: Shutting down and abandoning module DesktopPlatform (416)
[2018.11.14-21.01.05:191][641]LogModuleManager: Shutting down and abandoning module ProfilerService (414)
[2018.11.14-21.01.05:401][641]LogModuleManager: Shutting down and abandoning module TaskGraph (412)
[2018.11.14-21.01.05:401][641]LogModuleManager: Shutting down and abandoning module DatasmithCADImporter (410)
[2018.11.14-21.01.05:402][641]LogModuleManager: Shutting down and abandoning module StaticMeshEditorExtension (408)
[2018.11.14-21.01.05:402][641]LogModuleManager: Shutting down and abandoning module StaticMeshEditor (407)
[2018.11.14-21.01.05:402][641]LogModuleManager: Shutting down and abandoning module AdvancedPreviewScene (406)
[2018.11.14-21.01.05:402][641]LogModuleManager: Shutting down and abandoning module DatasmithMDLImporter (402)
[2018.11.14-21.01.05:403][641]LogModuleManager: Shutting down and abandoning module DatasmithImporter (400)
[2018.11.14-21.01.05:423][641]LogModuleManager: Shutting down and abandoning module SteamVRController (398)
[2018.11.14-21.01.05:423][641]LogModuleManager: Shutting down and abandoning module ProceduralMeshComponentEditor (396)
[2018.11.14-21.01.05:423][641]LogModuleManager: Shutting down and abandoning module ProceduralMeshComponent (394)
[2018.11.14-21.01.05:423][641]LogModuleManager: Shutting down and abandoning module OculusInput (392)
[2018.11.14-21.01.05:423][641]LogModuleManager: Shutting down and abandoning module MobilePatchingUtils (390)
[2018.11.14-21.01.05:423][641]LogModuleManager: Shutting down and abandoning module EditableMesh (388)
[2018.11.14-21.01.05:423][641]LogModuleManager: Shutting down and abandoning module CustomMeshComponent (386)
[2018.11.14-21.01.05:423][641]LogModuleManager: Shutting down and abandoning module CableComponent (384)
[2018.11.14-21.01.05:423][641]LogModuleManager: Shutting down and abandoning module AudioCapture (382)
[2018.11.14-21.01.05:423][641]LogModuleManager: Shutting down and abandoning module ArchVisCharacter (380)
[2018.11.14-21.01.05:423][641]LogModuleManager: Shutting down and abandoning module AndroidPermission (378)
[2018.11.14-21.01.05:423][641]LogModuleManager: Shutting down and abandoning module NUTUnrealEngine4 (376)
[2018.11.14-21.01.05:423][641]LogModuleManager: Shutting down and abandoning module NetcodeUnitTest (374)
[2018.11.14-21.01.05:423][641]LogModuleManager: Shutting down and abandoning module MediaCompositingEditor (372)
[2018.11.14-21.01.05:423][641]LogModuleManager: Shutting down and abandoning module MediaCompositing (370)
[2018.11.14-21.01.05:423][641]LogModuleManager: Shutting down and abandoning module LinearTimecode (368)
[2018.11.14-21.01.05:423][641]LogModuleManager: Shutting down and abandoning module ImgMedia (366)
[2018.11.14-21.01.05:428][641]LogModuleManager: Shutting down and abandoning module HTML5Networking (364)
[2018.11.14-21.01.05:428][641]LogModuleManager: Shutting down and abandoning module GeometryCacheTracks (362)
[2018.11.14-21.01.05:428][641]LogModuleManager: Shutting down and abandoning module GeometryCacheSequencer (360)
[2018.11.14-21.01.05:428][641]LogModuleManager: Shutting down and abandoning module BackChannel (358)
[2018.11.14-21.01.05:428][641]LogModuleManager: Shutting down and abandoning module AppleVision (356)
[2018.11.14-21.01.05:428][641]LogModuleManager: Shutting down and abandoning module AppleImageUtils (354)
[2018.11.14-21.01.05:428][641]LogModuleManager: Shutting down and abandoning module AlembicImporter (352)
[2018.11.14-21.01.05:428][641]LogModuleManager: Shutting down and abandoning module AlembicLibrary (351)
[2018.11.14-21.01.05:428][641]LogModuleManager: Shutting down and abandoning module GeometryCache (350)
[2018.11.14-21.01.05:428][641]LogModuleManager: Shutting down and abandoning module GeometryCacheEd (349)
[2018.11.14-21.01.05:428][641]LogModuleManager: Shutting down and abandoning module DatasmithContentEditor (344)
[2018.11.14-21.01.05:428][641]LogModuleManager: Shutting down and abandoning module DatasmithContent (342)
[2018.11.14-21.01.05:428][641]LogModuleManager: Shutting down and abandoning module SpeedTreeImporter (340)
[2018.11.14-21.01.05:428][641]LogModuleManager: Shutting down and abandoning module PluginBrowser (338)
[2018.11.14-21.01.05:428][641]LogModuleManager: Shutting down and abandoning module MobileLauncherProfileWizard (336)
[2018.11.14-21.01.05:428][641]LogModuleManager: Shutting down and abandoning module PolygonModeling (334)
[2018.11.14-21.01.05:428][641]LogModuleManager: Shutting down and abandoning module MeshEditor (332)
[2018.11.14-21.01.05:429][641]LogModuleManager: Shutting down and abandoning module EditorScriptingUtilities (330)
[2018.11.14-21.01.05:429][641]LogModuleManager: Shutting down and abandoning module CryptoKeysOpenSSL (328)
[2018.11.14-21.01.05:429][641]LogModuleManager: Shutting down and abandoning module CryptoKeys (326)
[2018.11.14-21.01.05:429][641]LogModuleManager: Shutting down and abandoning module VisualStudioSourceCodeAccess (324)
[2018.11.14-21.01.05:429][641]LogModuleManager: Shutting down and abandoning module VisualStudioCodeSourceCodeAccess (322)
[2018.11.14-21.01.05:429][641]LogModuleManager: Shutting down and abandoning module UObjectPlugin (320)
[2018.11.14-21.01.05:429][641]LogModuleManager: Shutting down and abandoning module SubversionSourceControl (318)
[2018.11.14-21.01.05:429][641]LogModuleManager: Shutting down and abandoning module PerforceSourceControl (316)
[2018.11.14-21.01.05:429][641]LogModuleManager: Shutting down and abandoning module GitSourceControl (314)
[2018.11.14-21.01.05:429][641]LogModuleManager: Shutting down and abandoning module SourceControl (313)
[2018.11.14-21.01.05:429][641]LogModuleManager: Shutting down and abandoning module CLionSourceCodeAccess (310)
[2018.11.14-21.01.05:429][641]LogModuleManager: Shutting down and abandoning module LightPropagationVolumeEditor (308)
[2018.11.14-21.01.05:429][641]LogModuleManager: Shutting down and abandoning module PaperTiledImporter (306)
[2018.11.14-21.01.05:429][641]LogModuleManager: Shutting down and abandoning module PaperSpriteSheetImporter (304)
[2018.11.14-21.01.05:429][641]LogModuleManager: Shutting down and abandoning module Paper2DEditor (302)
[2018.11.14-21.01.05:429][641]LogModuleManager: Shutting down and abandoning module MeshPaint (301)
[2018.11.14-21.01.05:429][641]LogModuleManager: Shutting down and abandoning module RuntimePhysXCooking (298)
[2018.11.14-21.01.05:429][641]LogModuleManager: Shutting down and abandoning module PhysXVehiclesEditor (296)
[2018.11.14-21.01.05:429][641]LogModuleManager: Shutting down and abandoning module PhysXVehicles (294)
[2018.11.14-21.01.05:429][641]LogModuleManager: Shutting down and abandoning module OculusEditor (292)
[2018.11.14-21.01.05:429][641]LogModuleManager: Shutting down and abandoning module LocationServicesBPLibrary (290)
[2018.11.14-21.01.05:429][641]LogModuleManager: Shutting down and abandoning module ImmediatePhysicsEditor (288)
[2018.11.14-21.01.05:429][641]LogModuleManager: Shutting down and abandoning module ImmediatePhysics (286)
[2018.11.14-21.01.05:429][641]LogModuleManager: Shutting down and abandoning module ActorSequence (284)
[2018.11.14-21.01.05:429][641]LogModuleManager: Shutting down and abandoning module UdpMessaging (282)
[2018.11.14-21.01.05:531][641]LogModuleManager: Shutting down and abandoning module TcpMessaging (280)
[2018.11.14-21.01.05:631][641]LogModuleManager: Shutting down and abandoning module MagicLeapAudio (278)
[2018.11.14-21.01.05:631][641]LogModuleManager: Shutting down and abandoning module GameplayTagsEditor (276)
[2018.11.14-21.01.05:631][641]LogModuleManager: Shutting down and abandoning module FacialAnimationEditor (274)
[2018.11.14-21.01.05:631][641]LogModuleManager: Shutting down and abandoning module FacialAnimation (272)
[2018.11.14-21.01.05:631][641]LogModuleManager: Shutting down and abandoning module DataValidation (270)
[2018.11.14-21.01.05:631][641]LogModuleManager: Shutting down and abandoning module AssetManagerEditor (268)
[2018.11.14-21.01.05:631][641]LogModuleManager: Shutting down and abandoning module LevelEditor (267)
[2018.11.14-21.01.05:631][641]LogModuleManager: Shutting down and abandoning module PixelInspectorModule (266)
[2018.11.14-21.01.05:631][641]LogModuleManager: Shutting down and abandoning module CommonMenuExtensions (264)
[2018.11.14-21.01.05:632][641]LogModuleManager: Shutting down and abandoning module MainFrame (262)
[2018.11.14-21.01.05:632][641]LogModuleManager: Shutting down and abandoning module HotReload (261)
[2018.11.14-21.01.05:632][641]LogModuleManager: Shutting down and abandoning module ContentBrowser (257)
[2018.11.14-21.01.05:633][641]LogModuleManager: Shutting down and abandoning module TreeMap (255)
[2018.11.14-21.01.05:633][641]LogModuleManager: Shutting down and abandoning module LightPropagationVolumeRuntime (252)
[2018.11.14-21.01.05:633][641]LogModuleManager: Shutting down and abandoning module AISupportModule (250)
[2018.11.14-21.01.05:633][641]LogModuleManager: Shutting down and abandoning module Paper2D (248)
[2018.11.14-21.01.05:633][641]LogModuleManager: Shutting down and abandoning module WindowsMoviePlayer (246)
[2018.11.14-21.01.05:633][641]LogModuleManager: Shutting down and abandoning module WmfMedia (244)
[2018.11.14-21.01.05:634][641]LogModuleManager: Shutting down and abandoning module Media (243)
[2018.11.14-21.01.05:640][641]LogModuleManager: Shutting down and abandoning module PacketHandler (240)
[2018.11.14-21.01.05:640][641]LogModuleManager: Shutting down and abandoning module ClothingSystemEditor (238)
[2018.11.14-21.01.05:640][641]LogModuleManager: Shutting down and abandoning module ClothingSystemRuntime (236)
[2018.11.14-21.01.05:640][641]LogModuleManager: Shutting down and abandoning module MediaAssets (234)
[2018.11.14-21.01.05:640][641]LogModuleManager: Shutting down and abandoning module Overlay (232)
[2018.11.14-21.01.05:640][641]LogModuleManager: Shutting down and abandoning module OverlayEditor (231)
[2018.11.14-21.01.05:640][641]LogModuleManager: Shutting down and abandoning module VREditor (228)
[2018.11.14-21.01.05:640][641]LogModuleManager: Shutting down and abandoning module StringTableEditor (226)
[2018.11.14-21.01.05:640][641]LogModuleManager: Shutting down and abandoning module GameplayTasksEditor (224)
[2018.11.14-21.01.05:640][641]LogModuleManager: Shutting down and abandoning module BehaviorTreeEditor (222)
[2018.11.14-21.01.05:640][641]LogModuleManager: Shutting down and abandoning module FunctionalTesting (220)
[2018.11.14-21.01.05:640][641]LogModuleManager: Shutting down and abandoning module CollisionAnalyzer (218)
[2018.11.14-21.01.05:640][641]LogModuleManager: Shutting down and abandoning module WorkspaceMenuStructure (217)
[2018.11.14-21.01.05:640][641]LogModuleManager: Shutting down and abandoning module UMG (214)
[2018.11.14-21.01.05:640][641]LogModuleManager: Shutting down and abandoning module UMGEditor (213)
[2018.11.14-21.01.05:640][641]LogModuleManager: Shutting down and abandoning module Sequencer (212)
[2018.11.14-21.01.05:640][641]LogModuleManager: Shutting down and abandoning module MessageLog (209)
[2018.11.14-21.01.05:640][641]LogModuleManager: Shutting down and abandoning module SlateReflector (204)
[2018.11.14-21.01.05:640][641]LogModuleManager: Shutting down and abandoning module Slate (202)
[2018.11.14-21.01.05:641][641]LogModuleManager: Shutting down and abandoning module EditorStyle (200)
[2018.11.14-21.01.05:642][641]LogModuleManager: Shutting down and abandoning module MRMesh (198)
[2018.11.14-21.01.05:642][641]LogModuleManager: Shutting down and abandoning module SourceCodeAccess (196)
[2018.11.14-21.01.05:642][641]LogModuleManager: Shutting down and abandoning module HeadMountedDisplay (194)
[2018.11.14-21.01.05:642][641]LogModuleManager: Shutting down and abandoning module XAudio2 (192)
[2018.11.14-21.01.05:642][641]LogModuleManager: Shutting down and abandoning module Networking (190)
[2018.11.14-21.01.05:642][641]LogModuleManager: Shutting down and abandoning module Core (188)
[2018.11.14-21.01.05:642][641]LogModuleManager: Shutting down and abandoning module LevelSequence (186)
[2018.11.14-21.01.05:642][641]LogModuleManager: Shutting down and abandoning module KismetCompiler (184)
[2018.11.14-21.01.05:642][641]LogModuleManager: Shutting down and abandoning module MeshUtilities (182)
[2018.11.14-21.01.05:642][641]LogModuleManager: Shutting down and abandoning module MeshMergeUtilities (181)
[2018.11.14-21.01.05:642][641]LogModuleManager: Shutting down and abandoning module MeshReductionInterface (180)
[2018.11.14-21.01.05:642][641]LogModuleManager: Shutting down and abandoning module SimplygonSwarm (179)
[2018.11.14-21.01.05:642][641]LogModuleManager: Shutting down and abandoning module ProxyLODMeshReduction (177)
[2018.11.14-21.01.05:642][641]LogModuleManager: Shutting down and abandoning module SimplygonMeshReduction (175)
[2018.11.14-21.01.05:642][641]LogModuleManager: Shutting down and abandoning module QuadricMeshReduction (173)
[2018.11.14-21.01.05:642][641]LogModuleManager: Shutting down and abandoning module MaterialBaking (169)
[2018.11.14-21.01.05:642][641]LogModuleManager: Shutting down and abandoning module DirectoryWatcher (165)
[2018.11.14-21.01.05:642][641]LogModuleManager: Shutting down and abandoning module DerivedDataCache (162)
[2018.11.14-21.01.05:703][641]LogDerivedDataCache: Shutdown
[2018.11.14-21.01.05:703][641]LogModuleManager: Shutting down and abandoning module XGEController (160)
[2018.11.14-21.01.05:703][641]LogModuleManager: Shutting down and abandoning module TargetPlatform (158)
[2018.11.14-21.01.05:703][641]LogModuleManager: Shutting down and abandoning module VulkanShaderFormat (157)
[2018.11.14-21.01.05:703][641]LogModuleManager: Shutting down and abandoning module ShaderFormatVectorVM (155)
[2018.11.14-21.01.05:703][641]LogModuleManager: Shutting down and abandoning module ShaderFormatOpenGL (153)
[2018.11.14-21.01.05:703][641]LogModuleManager: Shutting down and abandoning module ShaderFormatD3D (151)
[2018.11.14-21.01.05:703][641]LogModuleManager: Shutting down and abandoning module MetalShaderFormat (149)
[2018.11.14-21.01.05:703][641]LogModuleManager: Shutting down and abandoning module TextureFormatUncompressed (147)
[2018.11.14-21.01.05:703][641]LogModuleManager: Shutting down and abandoning module TextureFormatPVR (145)
[2018.11.14-21.01.05:703][641]LogModuleManager: Shutting down and abandoning module TextureFormatDXT (143)
[2018.11.14-21.01.05:703][641]LogModuleManager: Shutting down and abandoning module TextureFormatIntelISPCTexComp (141)
[2018.11.14-21.01.05:704][641]LogModuleManager: Shutting down and abandoning module TextureFormatASTC (139)
[2018.11.14-21.01.05:704][641]LogModuleManager: Shutting down and abandoning module ImageWrapper (138)
[2018.11.14-21.01.05:704][641]LogModuleManager: Shutting down and abandoning module TextureFormatAndroid (135)
[2018.11.14-21.01.05:704][641]LogModuleManager: Shutting down and abandoning module AudioFormatOpus (133)
[2018.11.14-21.01.05:704][641]LogModuleManager: Shutting down and abandoning module AudioFormatOgg (131)
[2018.11.14-21.01.05:704][641]LogModuleManager: Shutting down and abandoning module AudioFormatADPCM (129)
[2018.11.14-21.01.05:704][641]LogModuleManager: Shutting down and abandoning module LuminTargetPlatform (127)
[2018.11.14-21.01.05:704][641]LogModuleManager: Shutting down and abandoning module LinuxTargetPlatform (125)
[2018.11.14-21.01.05:704][641]LogModuleManager: Shutting down and abandoning module LinuxServerTargetPlatform (123)
[2018.11.14-21.01.05:704][641]LogModuleManager: Shutting down and abandoning module LinuxNoEditorTargetPlatform (121)
[2018.11.14-21.01.05:704][641]LogModuleManager: Shutting down and abandoning module LinuxClientTargetPlatform (119)
[2018.11.14-21.01.05:704][641]LogModuleManager: Shutting down and abandoning module TVOSTargetPlatform (117)
[2018.11.14-21.01.05:704][641]LogModuleManager: Shutting down and abandoning module Messaging (115)
[2018.11.14-21.01.05:704][641]LogModuleManager: Shutting down and abandoning module IOSTargetPlatform (113)
[2018.11.14-21.01.05:705][641]LogModuleManager: Shutting down and abandoning module HTML5TargetPlatform (111)
[2018.11.14-21.01.05:705][641]LogModuleManager: Shutting down and abandoning module AndroidTargetPlatform (109)
[2018.11.14-21.01.05:710][641]LogModuleManager: Shutting down and abandoning module WindowsTargetPlatform (107)
[2018.11.14-21.01.05:710][641]LogModuleManager: Shutting down and abandoning module WindowsServerTargetPlatform (105)
[2018.11.14-21.01.05:710][641]LogModuleManager: Shutting down and abandoning module WindowsNoEditorTargetPlatform (103)
[2018.11.14-21.01.05:710][641]LogModuleManager: Shutting down and abandoning module WindowsClientTargetPlatform (101)
[2018.11.14-21.01.05:710][641]LogModuleManager: Shutting down and abandoning module MacTargetPlatform (99)
[2018.11.14-21.01.05:710][641]LogModuleManager: Shutting down and abandoning module MacServerTargetPlatform (97)
[2018.11.14-21.01.05:710][641]LogModuleManager: Shutting down and abandoning module MacNoEditorTargetPlatform (95)
[2018.11.14-21.01.05:710][641]LogModuleManager: Shutting down and abandoning module MacClientTargetPlatform (93)
[2018.11.14-21.01.05:711][641]LogModuleManager: Shutting down and abandoning module AllDesktopTargetPlatform (91)
[2018.11.14-21.01.05:711][641]LogModuleManager: Shutting down and abandoning module InputCore (88)
[2018.11.14-21.01.05:711][641]LogModuleManager: Shutting down and abandoning module Settings (86)
[2018.11.14-21.01.05:711][641]LogModuleManager: Shutting down and abandoning module PhysXCooking (84)
[2018.11.14-21.01.05:711][641]LogModuleManager: Shutting down and abandoning module SteamVR (82)
[2018.11.14-21.01.05:711][641]LogModuleManager: Shutting down and abandoning module OculusHMD (80)
[2018.11.14-21.01.05:711][641]LogModuleManager: Shutting down and abandoning module ExampleDeviceProfileSelector (78)
[2018.11.14-21.01.05:711][641]LogModuleManager: Shutting down and abandoning module LauncherChunkInstaller (76)
[2018.11.14-21.01.05:711][641]LogModuleManager: Shutting down and abandoning module OnlineBlueprintSupport (74)
[2018.11.14-21.01.05:711][641]LogModuleManager: Shutting down and abandoning module OnlineSubsystem (70)
[2018.11.14-21.01.05:712][641]LogModuleManager: Shutting down and abandoning module XMPP (65)
[2018.11.14-21.01.05:712][641]LogModuleManager: Shutting down and abandoning module WebSockets (64)
[2018.11.14-21.01.05:743][641]LogModuleManager: Shutting down and abandoning module HTTP (61)
[2018.11.14-21.01.05:743][641]LogHttp: Display: Http module shutting down, but needs to wait on 1 outstanding Http requests:
[2018.11.14-21.01.05:743][641]LogHttp: Display: 	verb=[POST] url=[https://datarouter.ol.epicgames.com/datarouter/api/v1/public/data?SessionID=%7B80E16A69-4497-ABD6-7255-1888D566AF61%7D&AppID=UEEditor.Rocket.Release&AppVersion=4.20.3-4369336%2B%2B%2BUE4%2BRelease-4.20&UserID=a9864b524110b699e83b6cbeac3ff3af%7Cb4319a6f64ce4bab81b4c77a6912fec3%7Cd000874f-971c-48bf-9fff-1882a27a711e&AppEnvironment=datacollector-binary&UploadType=eteventstream] status=Processing
[2018.11.14-21.01.05:745][641]LogModuleManager: Shutting down and abandoning module SSL (60)
[2018.11.14-21.01.05:746][641]LogModuleManager: Shutting down and abandoning module MagicLeapEmulator (56)
[2018.11.14-21.01.05:746][641]LogModuleManager: Shutting down and abandoning module MagicLeapPrivileges (54)
[2018.11.14-21.01.05:746][641]LogModuleManager: Shutting down and abandoning module MagicLeapIdentity (52)
[2018.11.14-21.01.05:746][641]LogModuleManager: Shutting down and abandoning module MagicLeapHelperVulkan (50)
[2018.11.14-21.01.05:746][641]LogModuleManager: Shutting down and abandoning module MagicLeapHelperOpenGL (48)
[2018.11.14-21.01.05:746][641]LogModuleManager: Shutting down and abandoning module MagicLeapSecureStorage (46)
[2018.11.14-21.01.05:746][641]LogModuleManager: Shutting down and abandoning module MagicLeapGestures (44)
[2018.11.14-21.01.05:746][641]LogModuleManager: Shutting down and abandoning module MagicLeapEyeTracker (42)
[2018.11.14-21.01.05:746][641]LogModuleManager: Shutting down and abandoning module MagicLeapController (40)
[2018.11.14-21.01.05:746][641]LogSlate: Slate User Destroyed.  User Index 0, Is Virtual User: 0
[2018.11.14-21.01.05:746][641]LogModuleManager: Shutting down and abandoning module MagicLeap (38)
[2018.11.14-21.01.05:746][641]LogModuleManager: Shutting down and abandoning module AnimationModifiers (36)
[2018.11.14-21.01.05:746][641]LogModuleManager: Shutting down and abandoning module PropertyEditor (35)
[2018.11.14-21.01.05:746][641]LogModuleManager: Shutting down and abandoning module AudioEditor (32)
[2018.11.14-21.01.05:746][641]LogModuleManager: Shutting down and abandoning module TextureCompressor (30)
[2018.11.14-21.01.05:746][641]LogModuleManager: Shutting down and abandoning module ShaderCore (28)
[2018.11.14-21.01.05:746][641]LogModuleManager: Shutting down and abandoning module Landscape (26)
[2018.11.14-21.01.05:746][641]LogModuleManager: Shutting down and abandoning module SlateRHIRenderer (24)
[2018.11.14-21.01.05:746][641]LogModuleManager: Shutting down and abandoning module OpenGLDrv (22)
[2018.11.14-21.01.05:746][641]LogModuleManager: Shutting down and abandoning module D3D11RHI (20)
[2018.11.14-21.01.05:746][641]LogModuleManager: Shutting down and abandoning module AnimGraphRuntime (18)
[2018.11.14-21.01.05:747][641]LogModuleManager: Shutting down and abandoning module Renderer (16)
[2018.11.14-21.01.05:747][641]LogModuleManager: Shutting down and abandoning module Engine (14)
[2018.11.14-21.01.05:747][641]LogModuleManager: Shutting down and abandoning module CoreUObject (12)
[2018.11.14-21.01.05:747][641]LogModuleManager: Shutting down and abandoning module NetworkFile (10)
[2018.11.14-21.01.05:747][641]LogModuleManager: Shutting down and abandoning module CookedIterativeFile (8)
[2018.11.14-21.01.05:747][641]LogModuleManager: Shutting down and abandoning module StreamingFile (6)
[2018.11.14-21.01.05:747][641]LogModuleManager: Shutting down and abandoning module SandboxFile (4)
[2018.11.14-21.01.05:747][641]LogModuleManager: Shutting down and abandoning module PakFile (2)
[2018.11.14-21.01.05:755][641]LogExit: Exiting.
[2018.11.14-21.01.05:767][641]Log file closed, 11/14/18 22:01:05
